#######################
INFO [2020-08-21 12:40:19] [Auto.Cal] 40458D, sensor OPCN3PM10 fitting Linear.Robust models.
-----------------------
INFO [2020-08-21 12:40:21] [Auto.Cal] Comparing Linear.Robust models:
INFO [2020-08-21 12:40:21] Model : 40458D__OPCN3PM10__ug.m-3__Linear.Robust__20200117__20200120____.rdata
WARN [2020-08-21 12:40:21] [Compare_Models] General.csv for 40458D not loaded.
INFO [2020-08-21 12:40:21] Model : 40458D__OPCN3PM10__ug.m-3__Linear.Robust__20200118__20200121____.rdata
WARN [2020-08-21 12:40:21] [Compare_Models] General.csv for 40458D not loaded.
INFO [2020-08-21 12:40:21] Model : 40458D__OPCN3PM10__ug.m-3__Linear.Robust__20200119__20200122____.rdata
WARN [2020-08-21 12:40:21] [Compare_Models] General.csv for 40458D not loaded.
INFO [2020-08-21 12:40:22] Model : 40458D__OPCN3PM10__ug.m-3__Linear.Robust__20200120__20200123____.rdata
WARN [2020-08-21 12:40:22] [Compare_Models] General.csv for 40458D not loaded.
INFO [2020-08-21 12:40:22] Model : 40458D__OPCN3PM10__ug.m-3__Linear.Robust__20200121__20200124____.rdata
WARN [2020-08-21 12:40:22] [Compare_Models] General.csv for 40458D not loaded.
INFO [2020-08-21 12:40:22] Model : 40458D__OPCN3PM10__ug.m-3__Linear.Robust__20200122__20200125____.rdata
WARN [2020-08-21 12:40:22] [Compare_Models] General.csv for 40458D not loaded.
INFO [2020-08-21 12:40:23] Model : 40458D__OPCN3PM10__ug.m-3__Linear.Robust__20200123__20200126____.rdata
WARN [2020-08-21 12:40:23] [Compare_Models] General.csv for 40458D not loaded.
INFO [2020-08-21 12:40:23] Model : 40458D__OPCN3PM10__ug.m-3__Linear.Robust__20200124__20200127____.rdata
WARN [2020-08-21 12:40:23] [Compare_Models] General.csv for 40458D not loaded.
INFO [2020-08-21 12:40:23] Model : 40458D__OPCN3PM10__ug.m-3__Linear.Robust__20200125__20200128____.rdata
WARN [2020-08-21 12:40:23] [Compare_Models] General.csv for 40458D not loaded.
INFO [2020-08-21 12:40:24] Model : 40458D__OPCN3PM10__ug.m-3__Linear.Robust__20200126__20200129____.rdata
WARN [2020-08-21 12:40:24] [Compare_Models] General.csv for 40458D not loaded.
INFO [2020-08-21 12:40:24] Model : 40458D__OPCN3PM10__ug.m-3__Linear.Robust__20200127__20200130____.rdata
WARN [2020-08-21 12:40:24] [Compare_Models] General.csv for 40458D not loaded.
INFO [2020-08-21 12:40:24] Model : 40458D__OPCN3PM10__ug.m-3__Linear.Robust__20200128__20200131____.rdata
WARN [2020-08-21 12:40:24] [Compare_Models] General.csv for 40458D not loaded.
-----------------------
INFO [2020-08-21 12:40:25] [Auto.Cal] Creating calibration Median Model with the median of coefficients of the rolling Linear.Robust models.
INFO [2020-08-21 12:40:25] [Median_Model] ASE box 40458D, sensor   OPCN3PM10, creating rolling Linear.Robust models between 2020-01-17
and 2020-01-31 with median of coefficients of models.
# A tibble: 2 x 11
  term        estimate std.error statistic p.value tau                                                                            MAD conf.low conf.high `t value` `Pr(>|t|)`
  <chr>          <dbl>     <dbl>     <dbl>   <dbl> <chr>                                                                        <dbl>    <dbl>     <dbl>     <dbl>      <dbl>
1 (Intercept)   -5.07     17.9       -23.5       0 Median of coefficients of rolling calibration models with interval of 3 days 8.67   -17.9        7.77    -0.283      0.783
2 x              0.676     0.470     126.        0 Median of coefficients of rolling calibration models with interval of 3 days 0.355    0.150      1.20     1.44       0.181
# A tibble: 1 x 7
  tau                                            logLik     AIC     BIC r.squared adj.r.squared  RMSE
  <chr>                                           <dbl>   <dbl>   <dbl>     <dbl>         <dbl> <dbl>
1 Median of coefficients of rolling calibration -51251. 102508. 102530.     0.367         0.367  23.1
-----------------------
INFO [2020-08-21 12:40:25] [Auto.Cal] Looking for significant covariates that could be added to the Linear.Robust calibration model:
INFO [2020-08-21 12:40:27] [List_Covariates] ASE box 40458D, sensor   OPCN3PM10, matrix of correlation between 2020-01-17 and 2020-01-30
[1] "Number of sink channels opened: 1. Closing opened channels"
