#######################
INFO [2020-08-21 12:46:29] [Auto.Cal] 40458D, sensor NO_B4_P1 fitting exp_kT_NoC models.
-----------------------
INFO [2020-08-21 12:46:31] [Auto.Cal] Comparing Linear.Robust models:
INFO [2020-08-21 12:46:32] Model : 40458D__NO_B4_P1__nA__exp_kT_NoC__20200119__20200122__Temperature-1__.rdata
WARN [2020-08-21 12:46:32] [Compare_Models] General.csv for 40458D not loaded.
INFO [2020-08-21 12:46:32] Model : 40458D__NO_B4_P1__nA__exp_kT_NoC__20200120__20200123__Temperature-1__.rdata
WARN [2020-08-21 12:46:32] [Compare_Models] General.csv for 40458D not loaded.
INFO [2020-08-21 12:46:33] Model : 40458D__NO_B4_P1__nA__exp_kT_NoC__20200121__20200124__Temperature-1__.rdata
WARN [2020-08-21 12:46:33] [Compare_Models] General.csv for 40458D not loaded.
INFO [2020-08-21 12:46:34] Model : 40458D__NO_B4_P1__nA__exp_kT_NoC__20200122__20200125__Temperature-1__.rdata
WARN [2020-08-21 12:46:34] [Compare_Models] General.csv for 40458D not loaded.
INFO [2020-08-21 12:46:34] Model : 40458D__NO_B4_P1__nA__exp_kT_NoC__20200123__20200126__Temperature-1__.rdata
WARN [2020-08-21 12:46:34] [Compare_Models] General.csv for 40458D not loaded.
INFO [2020-08-21 12:46:35] Model : 40458D__NO_B4_P1__nA__exp_kT_NoC__20200124__20200127__Temperature-1__.rdata
WARN [2020-08-21 12:46:35] [Compare_Models] General.csv for 40458D not loaded.
INFO [2020-08-21 12:46:35] Model : 40458D__NO_B4_P1__nA__exp_kT_NoC__20200125__20200128__Temperature-1__.rdata
WARN [2020-08-21 12:46:35] [Compare_Models] General.csv for 40458D not loaded.
INFO [2020-08-21 12:46:36] Model : 40458D__NO_B4_P1__nA__exp_kT_NoC__20200126__20200129__Temperature-1__.rdata
WARN [2020-08-21 12:46:36] [Compare_Models] General.csv for 40458D not loaded.
INFO [2020-08-21 12:46:36] Model : 40458D__NO_B4_P1__nA__exp_kT_NoC__20200127__20200130__Temperature-1__.rdata
WARN [2020-08-21 12:46:36] [Compare_Models] General.csv for 40458D not loaded.
INFO [2020-08-21 12:46:37] Model : 40458D__NO_B4_P1__nA__exp_kT_NoC__20200128__20200131__Temperature-1__.rdata
WARN [2020-08-21 12:46:37] [Compare_Models] General.csv for 40458D not loaded.
-----------------------
INFO [2020-08-21 12:46:37] [Auto.Cal] Creating calibration Median Model with the median of coefficients of the rolling Linear.Robust models.
INFO [2020-08-21 12:46:38] [Median_Model] ASE box 40458D, sensor    NO_B4_P1, creating rolling exp_kT_NoC models between 2020-01-19
and 2020-01-31 with median of coefficients of models.
# A tibble: 3 x 11
  term                   estimate std.error statistic p.value     MAD conf.low conf.high `t value` `Pr(>|t|)` tau                                                                  
  <chr>                     <dbl>     <dbl>     <dbl>   <dbl>   <dbl>    <dbl>     <dbl>     <dbl>      <dbl> <chr>                                                                
1 a0.(Intercept)          11.1      2.22         284.       0 1.62      8.73     13.5         5.02 0.00103    Median of coefficients of rolling calibration models with interval o~
2 a1.x                     0.580    0.0442       299.       0 0.0463    0.512     0.649      13.1  0.00000108 Median of coefficients of rolling calibration models with interval o~
3 k.get(name.Temperatur~   0.0808   0.00902      232.       0 0.00900   0.0675    0.0942      8.96 0.0000191  Median of coefficients of rolling calibration models with interval o~
# A tibble: 1 x 9
  isConv       finTol  logLik    AIC    BIC  nobs r.squared adj.r.squared  RMSE
  <lgl>         <dbl>   <dbl>  <dbl>  <dbl> <int>     <dbl>         <dbl> <dbl>
1 TRUE   0.0000000149 -42199. 84406. 84437. 16067     0.856         0.856  3.35
-----------------------
INFO [2020-08-21 12:46:38] [Auto.Cal] Looking for significant covariates that could be added to the Linear.Robust calibration model:
INFO [2020-08-21 12:46:44] [List_Covariates] ASE box 40458D, sensor    NO_B4_P1, matrix of correlation between 2020-01-21 and 2020-01-30
INFO [2020-08-21 12:46:44] [Auto.Cal] there are no covariates to add to the calibration mode for sensor NO_B4_P1.
INFO [2020-08-21 12:46:44] [Auto.Cal] It is not necessary or not requested to add other covariates to the calibration model.
