#######################
INFO [2020-08-21 11:53:01] [Auto.Cal] 4065E3, sensor D300 fitting Linear.Robust models.
-----------------------
INFO [2020-08-21 11:53:02] [Auto.Cal] Comparing Linear.Robust models:
INFO [2020-08-21 11:53:02] Model : 4065E3__D300__ppm__Linear.Robust__20200117__20200120____.rdata
WARN [2020-08-21 11:53:02] [Compare_Models] General.csv for 4065E3 not loaded.
INFO [2020-08-21 11:53:03] Model : 4065E3__D300__ppm__Linear.Robust__20200118__20200121____.rdata
WARN [2020-08-21 11:53:03] [Compare_Models] General.csv for 4065E3 not loaded.
INFO [2020-08-21 11:53:03] Model : 4065E3__D300__ppm__Linear.Robust__20200119__20200122____.rdata
WARN [2020-08-21 11:53:03] [Compare_Models] General.csv for 4065E3 not loaded.
INFO [2020-08-21 11:53:03] Model : 4065E3__D300__ppm__Linear.Robust__20200120__20200123____.rdata
WARN [2020-08-21 11:53:03] [Compare_Models] General.csv for 4065E3 not loaded.
INFO [2020-08-21 11:53:04] Model : 4065E3__D300__ppm__Linear.Robust__20200121__20200124____.rdata
WARN [2020-08-21 11:53:04] [Compare_Models] General.csv for 4065E3 not loaded.
INFO [2020-08-21 11:53:04] Model : 4065E3__D300__ppm__Linear.Robust__20200122__20200125____.rdata
WARN [2020-08-21 11:53:04] [Compare_Models] General.csv for 4065E3 not loaded.
INFO [2020-08-21 11:53:04] Model : 4065E3__D300__ppm__Linear.Robust__20200123__20200126____.rdata
WARN [2020-08-21 11:53:04] [Compare_Models] General.csv for 4065E3 not loaded.
INFO [2020-08-21 11:53:05] Model : 4065E3__D300__ppm__Linear.Robust__20200124__20200127____.rdata
WARN [2020-08-21 11:53:05] [Compare_Models] General.csv for 4065E3 not loaded.
INFO [2020-08-21 11:53:05] Model : 4065E3__D300__ppm__Linear.Robust__20200125__20200128____.rdata
WARN [2020-08-21 11:53:05] [Compare_Models] General.csv for 4065E3 not loaded.
INFO [2020-08-21 11:53:05] Model : 4065E3__D300__ppm__Linear.Robust__20200126__20200129____.rdata
WARN [2020-08-21 11:53:05] [Compare_Models] General.csv for 4065E3 not loaded.
INFO [2020-08-21 11:53:06] Model : 4065E3__D300__ppm__Linear.Robust__20200127__20200130____.rdata
WARN [2020-08-21 11:53:06] [Compare_Models] General.csv for 4065E3 not loaded.
INFO [2020-08-21 11:53:06] Model : 4065E3__D300__ppm__Linear.Robust__20200128__20200131____.rdata
WARN [2020-08-21 11:53:06] [Compare_Models] General.csv for 4065E3 not loaded.
-----------------------
INFO [2020-08-21 11:53:06] [Auto.Cal] Creating calibration Median Model with the median of coefficients of the rolling Linear.Robust models.
INFO [2020-08-21 11:53:06] [Median_Model] ASE box 4065E3, sensor        D300, creating rolling Linear.Robust models between 2020-01-17
and 2020-01-31 with median of coefficients of models.
# A tibble: 2 x 11
  term        estimate std.error statistic p.value tau                                                                              MAD  conf.low conf.high `t value` `Pr(>|t|)`
  <chr>          <dbl>     <dbl>     <dbl>   <dbl> <chr>                                                                          <dbl>     <dbl>     <dbl>     <dbl>      <dbl>
1 (Intercept) -186.      348.        -16.9       0 Median of coefficients of rolling calibration models with interval of 3 days 332.    -678.        306.      -0.535      0.604
2 x              0.954     0.752      35.0       0 Median of coefficients of rolling calibration models with interval of 3 days   0.702   -0.0862      1.99     1.27       0.233
# A tibble: 1 x 7
  tau                                            logLik    AIC    BIC r.squared adj.r.squared  RMSE
  <chr>                                           <dbl>  <dbl>  <dbl>     <dbl>         <dbl> <dbl>
1 Median of coefficients of rolling calibration -13497. 27000. 27018.     0.106         0.106  32.6
-----------------------
INFO [2020-08-21 11:53:07] [Auto.Cal] Looking for significant covariates that could be added to the Linear.Robust calibration model:
INFO [2020-08-21 11:53:09] [List_Covariates] ASE box 4065E3, sensor        D300, matrix of correlation between 2020-01-17 and 2020-01-30
INFO [2020-08-21 11:53:09] [Auto.Cal] the list of significant covariates that could be added to the Linear.Robust calibration model of D300 is:
              row.names   D300_volt Carbon_dioxide_modelled  Out.Ref.CO2  Residuals
1: Atmospheric_pressure 0.478683373             0.478683373 0.0007151069 0.49901310
2:    Absolute_humidity 0.284120104             0.284120104 0.0028103012 0.33412167
3:       OPCN3PM10_volt 0.008074712             0.008074712 0.0241538319 0.08547899
4:        NO_B4_P1_volt 0.116934549             0.116934549 0.0470448053 0.10232765
-----------------------
INFO [2020-08-21 11:53:09] [Auto.Cal] Looking for covariate 1 to be added to the calibration function.
INFO [2020-08-21 11:53:09] [Auto.Cal] setting new First.covariates using the covariates correlated with residuals of the previous calibration model.
INFO [2020-08-21 11:53:09] [Auto.Cal] request to drop parameters 5310CAT_volt, OPCN3PM10_volt, NO_B4_P1, NO2_B43F_P1_volt, OX_A431_P1_volt from possible significant covariates
INFO [2020-08-21 11:53:09] [Auto.Cal] Possible ordered covariates: Atmospheric_pressure, Absolute_humidity
-----------------------
INFO [2020-08-21 11:53:09] [Auto.Cal] Covariate "Atmospheric_pressure" has a Variance Inflation factor of 1.00113332185962, lower than threshold: 10,
"Atmospheric_pressure" does not show multicolinearity with other independent variables. It can be included into the calibration model.
-----------------------
-----------------------
INFO [2020-08-21 11:53:09] [Auto.Cal] Fitting calibration model with 1 covariate(s): Atmospheric_pressure
-----------------------
INFO [2020-08-21 11:53:10] [Auto.Cal] Comparing rolling models.
INFO [2020-08-21 11:53:10] Model : 4065E3__D300__ppm__MultiLinear__20200117__20200120__Atmospheric_pressure-1__.rdata
WARN [2020-08-21 11:53:10] [Compare_Models] General.csv for 4065E3 not loaded.
INFO [2020-08-21 11:53:11] Model : 4065E3__D300__ppm__MultiLinear__20200118__20200121__Atmospheric_pressure-1__.rdata
WARN [2020-08-21 11:53:11] [Compare_Models] General.csv for 4065E3 not loaded.
INFO [2020-08-21 11:53:11] Model : 4065E3__D300__ppm__MultiLinear__20200119__20200122__Atmospheric_pressure-1__.rdata
WARN [2020-08-21 11:53:11] [Compare_Models] General.csv for 4065E3 not loaded.
INFO [2020-08-21 11:53:12] Model : 4065E3__D300__ppm__MultiLinear__20200120__20200123__Atmospheric_pressure-1__.rdata
WARN [2020-08-21 11:53:12] [Compare_Models] General.csv for 4065E3 not loaded.
INFO [2020-08-21 11:53:12] Model : 4065E3__D300__ppm__MultiLinear__20200121__20200124__Atmospheric_pressure-1__.rdata
WARN [2020-08-21 11:53:12] [Compare_Models] General.csv for 4065E3 not loaded.
INFO [2020-08-21 11:53:13] Model : 4065E3__D300__ppm__MultiLinear__20200122__20200125__Atmospheric_pressure-1__.rdata
WARN [2020-08-21 11:53:13] [Compare_Models] General.csv for 4065E3 not loaded.
INFO [2020-08-21 11:53:13] Model : 4065E3__D300__ppm__MultiLinear__20200123__20200126__Atmospheric_pressure-1__.rdata
WARN [2020-08-21 11:53:13] [Compare_Models] General.csv for 4065E3 not loaded.
INFO [2020-08-21 11:53:14] Model : 4065E3__D300__ppm__MultiLinear__20200124__20200127__Atmospheric_pressure-1__.rdata
WARN [2020-08-21 11:53:14] [Compare_Models] General.csv for 4065E3 not loaded.
INFO [2020-08-21 11:53:14] Model : 4065E3__D300__ppm__MultiLinear__20200125__20200128__Atmospheric_pressure-1__.rdata
WARN [2020-08-21 11:53:14] [Compare_Models] General.csv for 4065E3 not loaded.
INFO [2020-08-21 11:53:15] Model : 4065E3__D300__ppm__MultiLinear__20200126__20200129__Atmospheric_pressure-1__.rdata
WARN [2020-08-21 11:53:15] [Compare_Models] General.csv for 4065E3 not loaded.
INFO [2020-08-21 11:53:15] Model : 4065E3__D300__ppm__MultiLinear__20200127__20200130__Atmospheric_pressure-1__.rdata
WARN [2020-08-21 11:53:15] [Compare_Models] General.csv for 4065E3 not loaded.
INFO [2020-08-21 11:53:16] Model : 4065E3__D300__ppm__MultiLinear__20200128__20200131__Atmospheric_pressure-1__.rdata
WARN [2020-08-21 11:53:16] [Compare_Models] General.csv for 4065E3 not loaded.
-----------------------
INFO [2020-08-21 11:53:17] [Auto.Cal] Creating Median Model with the median of coefficents of rolling models.
-----------------------
INFO [2020-08-21 11:53:17] [Median_Model] ASE box 4065E3, sensor        D300, creating rolling MultiLinear models between 2020-01-17
and 2020-01-31 with median of coefficients of models.
# A tibble: 3 x 11
  term                 estimate std.error statistic   p.value      MAD conf.low conf.high `t value` `Pr(>|t|)` tau                                                                 
  <chr>                   <dbl>     <dbl>     <dbl>     <dbl>    <dbl>    <dbl>     <dbl>     <dbl>      <dbl> <chr>                                                               
1 (Intercept)         -2995.     1797.        -54.3 0.        2586.    -6.83e+3   839.        -1.67     0.127  Median of coefficients of rolling calibration models with interval ~
2 x                       0.568     0.181      39.8 8.30e-272    0.165  3.24e-1     0.813      3.15     0.0104 Median of coefficients of rolling calibration models with interval ~
3 Atmospheric_pressu~     3.00      1.78       51.4 0.           2.63  -8.92e-1     6.90       1.68     0.123  Median of coefficients of rolling calibration models with interval ~
# A tibble: 1 x 7
  r.squared adj.r.squared  logLik    AIC    BIC  nobs  RMSE
      <dbl>         <dbl>   <dbl>  <dbl>  <dbl> <int> <dbl>
1    -0.825        -0.827 -13867. 27741. 27765.  2632  47.0
WARN [2020-08-21 11:53:17] [Auto.Cal] The Akaike information criterion (AIC) of the current model 27741.4743808311 is not lower that the AIC of the precedent model 26999.8929467135.
WARN [2020-08-21 11:53:17] [Auto.Cal] Adding of covariate Atmospheric_pressure does not improve the fitting of calibration model. Looking for other covariates.
WARN [2020-08-21 11:53:17] [Auto.Cal] Atmospheric_pressure is discarded from the list of possible covariates because AIC is not improved using it or coefficients of model shows rolling variability.
-----------------------
INFO [2020-08-21 11:53:17] [Auto.Cal] Looking for covariate 1 to be added to the calibration function.
INFO [2020-08-21 11:53:17] [Auto.Cal] Possible ordered covariates: Absolute_humidity
-----------------------
INFO [2020-08-21 11:53:17] [Auto.Cal] Covariate "Absolute_humidity" has a Variance Inflation factor of 1.00147201520271, lower than threshold: 10,
"Absolute_humidity" does not show multicolinearity with other independent variables. It can be included into the calibration model.
-----------------------
-----------------------
INFO [2020-08-21 11:53:17] [Auto.Cal] Fitting calibration model with 1 covariate(s): Absolute_humidity
-----------------------
INFO [2020-08-21 11:53:18] [Auto.Cal] Comparing rolling models.
INFO [2020-08-21 11:53:18] Model : 4065E3__D300__ppm__MultiLinear__20200117__20200120__Absolute_humidity-1__.rdata
WARN [2020-08-21 11:53:18] [Compare_Models] General.csv for 4065E3 not loaded.
INFO [2020-08-21 11:53:18] Model : 4065E3__D300__ppm__MultiLinear__20200118__20200121__Absolute_humidity-1__.rdata
WARN [2020-08-21 11:53:18] [Compare_Models] General.csv for 4065E3 not loaded.
INFO [2020-08-21 11:53:19] Model : 4065E3__D300__ppm__MultiLinear__20200119__20200122__Absolute_humidity-1__.rdata
WARN [2020-08-21 11:53:19] [Compare_Models] General.csv for 4065E3 not loaded.
INFO [2020-08-21 11:53:19] Model : 4065E3__D300__ppm__MultiLinear__20200120__20200123__Absolute_humidity-1__.rdata
WARN [2020-08-21 11:53:19] [Compare_Models] General.csv for 4065E3 not loaded.
INFO [2020-08-21 11:53:20] Model : 4065E3__D300__ppm__MultiLinear__20200121__20200124__Absolute_humidity-1__.rdata
WARN [2020-08-21 11:53:20] [Compare_Models] General.csv for 4065E3 not loaded.
INFO [2020-08-21 11:53:21] Model : 4065E3__D300__ppm__MultiLinear__20200122__20200125__Absolute_humidity-1__.rdata
WARN [2020-08-21 11:53:21] [Compare_Models] General.csv for 4065E3 not loaded.
INFO [2020-08-21 11:53:21] Model : 4065E3__D300__ppm__MultiLinear__20200123__20200126__Absolute_humidity-1__.rdata
WARN [2020-08-21 11:53:21] [Compare_Models] General.csv for 4065E3 not loaded.
INFO [2020-08-21 11:53:22] Model : 4065E3__D300__ppm__MultiLinear__20200124__20200127__Absolute_humidity-1__.rdata
WARN [2020-08-21 11:53:22] [Compare_Models] General.csv for 4065E3 not loaded.
INFO [2020-08-21 11:53:22] Model : 4065E3__D300__ppm__MultiLinear__20200125__20200128__Absolute_humidity-1__.rdata
WARN [2020-08-21 11:53:22] [Compare_Models] General.csv for 4065E3 not loaded.
INFO [2020-08-21 11:53:23] Model : 4065E3__D300__ppm__MultiLinear__20200126__20200129__Absolute_humidity-1__.rdata
WARN [2020-08-21 11:53:23] [Compare_Models] General.csv for 4065E3 not loaded.
INFO [2020-08-21 11:53:23] Model : 4065E3__D300__ppm__MultiLinear__20200127__20200130__Absolute_humidity-1__.rdata
WARN [2020-08-21 11:53:23] [Compare_Models] General.csv for 4065E3 not loaded.
INFO [2020-08-21 11:53:24] Model : 4065E3__D300__ppm__MultiLinear__20200128__20200131__Absolute_humidity-1__.rdata
WARN [2020-08-21 11:53:24] [Compare_Models] General.csv for 4065E3 not loaded.
-----------------------
INFO [2020-08-21 11:53:24] [Auto.Cal] Creating Median Model with the median of coefficents of rolling models.
-----------------------
INFO [2020-08-21 11:53:24] [Median_Model] ASE box 4065E3, sensor        D300, creating rolling MultiLinear models between 2020-01-17
and 2020-01-31 with median of coefficients of models.
# A tibble: 3 x 11
  term              estimate std.error statistic   p.value     MAD  conf.low conf.high `t value` `Pr(>|t|)` tau                                                                    
  <chr>                <dbl>     <dbl>     <dbl>     <dbl>   <dbl>     <dbl>     <dbl>     <dbl>      <dbl> <chr>                                                                  
1 (Intercept)          4.36    309.        -9.06 2.54e- 19 146.    -212.       221.       0.0141      0.989 Median of coefficients of rolling calibration models with interval of ~
2 x                    0.611     0.732     31.6  8.39e-186   0.345    0.0994     1.12     0.835       0.423 Median of coefficients of rolling calibration models with interval of ~
3 Absolute_humidity  -12.6       8.53     -36.3  3.88e-234   8.74   -25.6        0.317   -1.48        0.169 Median of coefficients of rolling calibration models with interval of ~
# A tibble: 1 x 7
  r.squared adj.r.squared  logLik    AIC    BIC  nobs  RMSE
      <dbl>         <dbl>   <dbl>  <dbl>  <dbl> <int> <dbl>
1     0.398         0.397 -12407. 24823. 24846.  2632  27.0
-----------------------
INFO [2020-08-21 11:53:25] [Auto.Cal] The Akaike Information Criterion (AIC) of the current model is 24822.7840299005. It is lower than the AIC of the precedent model 26999.8929467135.
INFO [2020-08-21 11:53:25] [Auto.Cal] Adding of covariate Absolute_humidity improves the fit of the calibration model.
-----------------------
INFO [2020-08-21 11:53:25] [Auto.Cal] Checking if any coefficient of model is not significant, except for the intercept
WARN [2020-08-21 11:53:25] [Auto.Cal] The coefficient of parameter(s) (Intercept) and x and Absolute_humidity of the current model is(are) not significantly different from 0.
WARN [2020-08-21 11:53:25] [Auto.Cal] The calibration model resulting from adding covariate Absolute_humidity is not valid.
WARN [2020-08-21 11:53:25] [Auto.Cal] Either parameters are unstable when rolling the calibration models or it/they does not influence significantly the sensor responses. Looking for other covariates.

WARN [2020-08-21 11:53:25] [Auto.Cal] Absolute_humidity is discarded from the list of possible covariates because AIC is not improved using it or coefficients of model shows rolling variability.
-----------------------
INFO [2020-08-21 11:53:25] [Auto.Cal] Looking for covariate 1 to be added to the calibration function.
INFO [2020-08-21 11:53:25] [Auto.Cal] Possible ordered covariates: 
INFO [2020-08-21 11:53:25] [Auto.Cal] There are no more covariates to be added to the calibration model.
