#######################
INFO [2020-08-18 13:10:39] [Auto.Cal] 4065E3, sensor BMP280 fitting Linear.Robust models.
-----------------------
INFO [2020-08-18 13:10:41] [Auto.Cal] Comparing Linear.Robust models:
INFO [2020-08-18 13:10:41] Model : 4065E3__BMP280__hPa__Linear.Robust__20200117__20200120____.rdata
WARN [2020-08-18 13:10:41] [Compare_Models] General.csv for 4065E3 not loaded.
INFO [2020-08-18 13:10:41] Model : 4065E3__BMP280__hPa__Linear.Robust__20200118__20200121____.rdata
WARN [2020-08-18 13:10:41] [Compare_Models] General.csv for 4065E3 not loaded.
INFO [2020-08-18 13:10:41] Model : 4065E3__BMP280__hPa__Linear.Robust__20200119__20200122____.rdata
WARN [2020-08-18 13:10:41] [Compare_Models] General.csv for 4065E3 not loaded.
INFO [2020-08-18 13:10:42] Model : 4065E3__BMP280__hPa__Linear.Robust__20200120__20200123____.rdata
WARN [2020-08-18 13:10:42] [Compare_Models] General.csv for 4065E3 not loaded.
INFO [2020-08-18 13:10:42] Model : 4065E3__BMP280__hPa__Linear.Robust__20200121__20200124____.rdata
WARN [2020-08-18 13:10:42] [Compare_Models] General.csv for 4065E3 not loaded.
INFO [2020-08-18 13:10:43] Model : 4065E3__BMP280__hPa__Linear.Robust__20200122__20200125____.rdata
WARN [2020-08-18 13:10:43] [Compare_Models] General.csv for 4065E3 not loaded.
INFO [2020-08-18 13:10:43] Model : 4065E3__BMP280__hPa__Linear.Robust__20200123__20200126____.rdata
WARN [2020-08-18 13:10:43] [Compare_Models] General.csv for 4065E3 not loaded.
INFO [2020-08-18 13:10:43] Model : 4065E3__BMP280__hPa__Linear.Robust__20200124__20200127____.rdata
WARN [2020-08-18 13:10:43] [Compare_Models] General.csv for 4065E3 not loaded.
INFO [2020-08-18 13:10:44] Model : 4065E3__BMP280__hPa__Linear.Robust__20200125__20200128____.rdata
WARN [2020-08-18 13:10:44] [Compare_Models] General.csv for 4065E3 not loaded.
INFO [2020-08-18 13:10:44] Model : 4065E3__BMP280__hPa__Linear.Robust__20200126__20200129____.rdata
WARN [2020-08-18 13:10:44] [Compare_Models] General.csv for 4065E3 not loaded.
INFO [2020-08-18 13:10:44] Model : 4065E3__BMP280__hPa__Linear.Robust__20200127__20200130____.rdata
WARN [2020-08-18 13:10:45] [Compare_Models] General.csv for 4065E3 not loaded.
INFO [2020-08-18 13:10:45] Model : 4065E3__BMP280__hPa__Linear.Robust__20200128__20200131____.rdata
WARN [2020-08-18 13:10:45] [Compare_Models] General.csv for 4065E3 not loaded.
-----------------------
INFO [2020-08-18 13:10:45] [Auto.Cal] Creating calibration Median Model with the median of coefficients of the rolling Linear.Robust models.
INFO [2020-08-18 13:10:45] [Median_Model] ASE box 4065E3, sensor      BMP280, creating rolling Linear.Robust models between 2020-01-17
and 2020-01-31 with median of coefficients of models.
# A tibble: 2 x 11
  term       estimate std.error statistic   p.value tau                                                          MAD conf.low conf.high `t value` `Pr(>|t|)`
  <chr>         <dbl>     <dbl>     <dbl>     <dbl> <chr>                                                      <dbl>    <dbl>     <dbl>     <dbl>      <dbl>
1 (Intercep~    -4.40   11.9        -4.78   1.78e-6 Median of coefficients of rolling calibration models wi~ 13.7     -24.8       16.0     -0.369   7.20e- 1
2 x              1.01    0.0119   3908.     0.      Median of coefficients of rolling calibration models wi~  0.0137    0.985      1.03    84.2     1.36e-15
# A tibble: 1 x 7
  tau                                           logLik   AIC   BIC r.squared adj.r.squared  RMSE
  <chr>                                          <dbl> <dbl> <dbl>     <dbl>         <dbl> <dbl>
1 Median of coefficients of rolling calibration  -179.  364.  387.     0.999         0.999 0.156
-----------------------
INFO [2020-08-18 13:10:46] [Auto.Cal] Looking for significant covariates that could be added to the Linear.Robust calibration model:
INFO [2020-08-18 13:10:48] [List_Covariates] ASE box 4065E3, sensor      BMP280, matrix of correlation between 2020-01-17 and 2020-01-30
INFO [2020-08-18 13:10:49] [Auto.Cal] the list of significant covariates that could be added to the Linear.Robust calibration model of BMP280 is:
                row.names  BMP280_volt Atmospheric_pressure_modelled Out.Ref.Press  Residuals
 1:     Relative_humidity 0.0805675423                  0.0805675423  8.926103e-02 0.77442446
 2:            Td_deficit 0.0614915711                  0.0614915711  6.949318e-02 0.74396129
 3: Relative_humidity_int 0.1058355787                  0.1058355787  1.156880e-01 0.78611488
 4:          5310CAT_volt 0.0003411266                  0.0003411266  5.620419e-06 0.38943984
 5:       OX_A431_P1_volt 0.0396302429                  0.0396302429  3.286827e-02 0.41330851
 6:         CO_A4_P1_volt 0.0197562576                  0.0197562576  1.518512e-02 0.36387039
 7:       Temperature_int 0.1481497772                  0.1481497772  1.355597e-01 0.42842554
 8:           Temperature 0.1430415334                  0.1430415334  1.311051e-01 0.40308419
 9:        OPCN3PM10_volt 0.0122550638                  0.0122550638  1.356766e-02 0.09672992
10:      NO2_B43F_P1_volt 0.0002465564                  0.0002465564  1.081030e-04 0.06742096
11:         NO_B4_P1_volt 0.0023495779                  0.0023495779  2.723735e-03 0.02605659
-----------------------
INFO [2020-08-18 13:10:49] [Auto.Cal] Looking for covariate 1 to be added to the calibration function.
INFO [2020-08-18 13:10:49] [Auto.Cal] request to drop parameter "DRIFT" from significant covariates
INFO [2020-08-18 13:10:49] [Auto.Cal] request to drop parameters ending with "_modelled" from significant covariates
INFO [2020-08-18 13:10:49] [Auto.Cal] request to drop parameters NO2_B43F_P1_volt, OX_A431_P1_volt, OPCN3PM10, 5310CAT, NO_B4_P1, D300, CO_A4_P1 from significant covariates
-----------------------
INFO [2020-08-18 13:10:49] [Auto.Cal] Covariate "Relative_humidity" has a Variance Inflation factor of 1.10072827306905, lower than threshold: 10,
"Relative_humidity" does not show multicolinearity with other dependent variables. It can be included into the MultiLinear calibration model.
-----------------------
-----------------------
INFO [2020-08-18 13:10:49] [Auto.Cal] Fitting calibration model with 1 covariate(s): Relative_humidity
-----------------------
INFO [2020-08-18 13:10:50] [Auto.Cal] Comparing rolling models.
INFO [2020-08-18 13:10:50] Model : 4065E3__BMP280__hPa__MultiLinear__20200117__20200120__Relative_humidity-1__.rdata
WARN [2020-08-18 13:10:50] [Compare_Models] General.csv for 4065E3 not loaded.
INFO [2020-08-18 13:10:51] Model : 4065E3__BMP280__hPa__MultiLinear__20200118__20200121__Relative_humidity-1__.rdata
WARN [2020-08-18 13:10:51] [Compare_Models] General.csv for 4065E3 not loaded.
INFO [2020-08-18 13:10:52] Model : 4065E3__BMP280__hPa__MultiLinear__20200119__20200122__Relative_humidity-1__.rdata
WARN [2020-08-18 13:10:52] [Compare_Models] General.csv for 4065E3 not loaded.
INFO [2020-08-18 13:10:53] Model : 4065E3__BMP280__hPa__MultiLinear__20200120__20200123__Relative_humidity-1__.rdata
WARN [2020-08-18 13:10:53] [Compare_Models] General.csv for 4065E3 not loaded.
INFO [2020-08-18 13:10:53] Model : 4065E3__BMP280__hPa__MultiLinear__20200121__20200124__Relative_humidity-1__.rdata
WARN [2020-08-18 13:10:53] [Compare_Models] General.csv for 4065E3 not loaded.
INFO [2020-08-18 13:10:54] Model : 4065E3__BMP280__hPa__MultiLinear__20200122__20200125__Relative_humidity-1__.rdata
WARN [2020-08-18 13:10:54] [Compare_Models] General.csv for 4065E3 not loaded.
INFO [2020-08-18 13:10:54] Model : 4065E3__BMP280__hPa__MultiLinear__20200123__20200126__Relative_humidity-1__.rdata
WARN [2020-08-18 13:10:54] [Compare_Models] General.csv for 4065E3 not loaded.
INFO [2020-08-18 13:10:55] Model : 4065E3__BMP280__hPa__MultiLinear__20200124__20200127__Relative_humidity-1__.rdata
WARN [2020-08-18 13:10:55] [Compare_Models] General.csv for 4065E3 not loaded.
INFO [2020-08-18 13:10:55] Model : 4065E3__BMP280__hPa__MultiLinear__20200125__20200128__Relative_humidity-1__.rdata
WARN [2020-08-18 13:10:55] [Compare_Models] General.csv for 4065E3 not loaded.
INFO [2020-08-18 13:10:56] Model : 4065E3__BMP280__hPa__MultiLinear__20200126__20200129__Relative_humidity-1__.rdata
WARN [2020-08-18 13:10:56] [Compare_Models] General.csv for 4065E3 not loaded.
INFO [2020-08-18 13:10:57] Model : 4065E3__BMP280__hPa__MultiLinear__20200127__20200130__Relative_humidity-1__.rdata
WARN [2020-08-18 13:10:57] [Compare_Models] General.csv for 4065E3 not loaded.
INFO [2020-08-18 13:10:57] Model : 4065E3__BMP280__hPa__MultiLinear__20200128__20200131__Relative_humidity-1__.rdata
WARN [2020-08-18 13:10:57] [Compare_Models] General.csv for 4065E3 not loaded.
-----------------------
INFO [2020-08-18 13:10:58] [Auto.Cal] Creating Median Model with the median of coefficents of rolling models.
-----------------------
INFO [2020-08-18 13:10:58] [Median_Model] ASE box 4065E3, sensor      BMP280, creating rolling MultiLinear models between 2020-01-17
and 2020-01-31 with median of coefficients of models.
# A tibble: 3 x 11
  term           estimate std.error statistic p.value     MAD conf.low conf.high `t value` `Pr(>|t|)` tau                                                   
  <chr>             <dbl>     <dbl>     <dbl>   <dbl>   <dbl>    <dbl>     <dbl>     <dbl>      <dbl> <chr>                                                 
1 (Intercept)     -7.69    2.56         -88.4       0 1.99e+0 -10.6      -4.74       -3.00   1.34e- 2 Median of coefficients of rolling calibration models ~
2 x                1.01    0.00256    13017.        0 2.00e-3   1.01      1.01      394.     2.72e-22 Median of coefficients of rolling calibration models ~
3 Relative_humi~   0.0134  0.000536     246.        0 3.17e-4   0.0129    0.0139     25.0    2.37e-10 Median of coefficients of rolling calibration models ~
# A tibble: 1 x 7
  r.squared adj.r.squared logLik     AIC     BIC  nobs   RMSE
      <dbl>         <dbl>  <dbl>   <dbl>   <dbl> <int>  <dbl>
1      1.00          1.00 17366. -34723. -34692. 17934 0.0612
-----------------------
INFO [2020-08-18 13:10:58] [Auto.Cal] The Akaike Information Criterion (AIC) of the current model is -34723.2329005919. It is lower than the AIC of the precedent model 363.647867380331.
INFO [2020-08-18 13:10:58] [Auto.Cal] Adding of covariate Relative_humidity improves the fit of the calibration model.
-----------------------
INFO [2020-08-18 13:10:58] [Auto.Cal] Checking if any parameter of model is not significant, except for the intercept
INFO [2020-08-18 13:10:58] [Auto.Cal] All parameters of the calibration model with covariate(s) Relative_humidity are significantly different from 0
INFO [2020-08-18 13:11:03] [List_Covariates] ASE box 4065E3, sensor      BMP280, matrix of correlation between 2020-01-17 and 2020-01-30
INFO [2020-08-18 13:11:04] [Auto.Cal] the list of significant covariates that could be added to the Linear.Robust calibration model of BMP280 is:
          row.names  BMP280_volt Atmospheric_pressure_modelled Out.Ref.Press   Residuals
1: NO2_B43F_P1_volt 0.0002465564                  5.527020e-05  1.081030e-04 0.077479454
2:    NO_B4_P1_volt 0.0023495779                  2.808623e-03  2.723735e-03 0.018845903
3:     5310CAT_volt 0.0003411266                  3.885362e-05  5.620419e-06 0.008785909
4:  OX_A431_P1_volt 0.0396302429                  3.491082e-02  3.286827e-02 0.036451371
-----------------------
INFO [2020-08-18 13:11:04] [Auto.Cal] Looking for covariate 2 to be added to the calibration function.
INFO [2020-08-18 13:11:04] [Auto.Cal] request to drop parameter "DRIFT" from significant covariates
INFO [2020-08-18 13:11:04] [Auto.Cal] request to drop parameters ending with "_modelled" from significant covariates
INFO [2020-08-18 13:11:04] [Auto.Cal] request to drop parameters NO2_B43F_P1_volt, OX_A431_P1_volt, OPCN3PM10, 5310CAT, NO_B4_P1, D300, CO_A4_P1 from significant covariates
INFO [2020-08-18 13:11:04] [Auto.Cal] There are no more covariates to be added to the calibration model.
