#######################
INFO [2020-08-17 16:57:51] [Auto.Cal] 4065E3, sensor OPCN3PM10 fitting Linear.Robust models.
-----------------------
INFO [2020-08-17 16:57:53] [Auto.Cal] Comparing Linear.Robust models:
INFO [2020-08-17 16:57:53] Model : 4065E3__OPCN3PM10__ug.m-3__Linear.Robust__20200117__20200120____.rdata
WARN [2020-08-17 16:57:53] [Compare_Models] General.csv for 4065E3 not loaded.
INFO [2020-08-17 16:57:53] Model : 4065E3__OPCN3PM10__ug.m-3__Linear.Robust__20200118__20200121____.rdata
WARN [2020-08-17 16:57:53] [Compare_Models] General.csv for 4065E3 not loaded.
INFO [2020-08-17 16:57:54] Model : 4065E3__OPCN3PM10__ug.m-3__Linear.Robust__20200119__20200122____.rdata
WARN [2020-08-17 16:57:54] [Compare_Models] General.csv for 4065E3 not loaded.
INFO [2020-08-17 16:57:54] Model : 4065E3__OPCN3PM10__ug.m-3__Linear.Robust__20200120__20200123____.rdata
WARN [2020-08-17 16:57:54] [Compare_Models] General.csv for 4065E3 not loaded.
INFO [2020-08-17 16:57:54] Model : 4065E3__OPCN3PM10__ug.m-3__Linear.Robust__20200121__20200124____.rdata
WARN [2020-08-17 16:57:54] [Compare_Models] General.csv for 4065E3 not loaded.
INFO [2020-08-17 16:57:55] Model : 4065E3__OPCN3PM10__ug.m-3__Linear.Robust__20200122__20200125____.rdata
WARN [2020-08-17 16:57:55] [Compare_Models] General.csv for 4065E3 not loaded.
INFO [2020-08-17 16:57:55] Model : 4065E3__OPCN3PM10__ug.m-3__Linear.Robust__20200123__20200126____.rdata
WARN [2020-08-17 16:57:55] [Compare_Models] General.csv for 4065E3 not loaded.
INFO [2020-08-17 16:57:56] Model : 4065E3__OPCN3PM10__ug.m-3__Linear.Robust__20200124__20200127____.rdata
WARN [2020-08-17 16:57:56] [Compare_Models] General.csv for 4065E3 not loaded.
INFO [2020-08-17 16:57:56] Model : 4065E3__OPCN3PM10__ug.m-3__Linear.Robust__20200125__20200128____.rdata
WARN [2020-08-17 16:57:56] [Compare_Models] General.csv for 4065E3 not loaded.
INFO [2020-08-17 16:57:56] Model : 4065E3__OPCN3PM10__ug.m-3__Linear.Robust__20200126__20200129____.rdata
WARN [2020-08-17 16:57:56] [Compare_Models] General.csv for 4065E3 not loaded.
INFO [2020-08-17 16:57:57] Model : 4065E3__OPCN3PM10__ug.m-3__Linear.Robust__20200127__20200130____.rdata
WARN [2020-08-17 16:57:57] [Compare_Models] General.csv for 4065E3 not loaded.
INFO [2020-08-17 16:57:57] Model : 4065E3__OPCN3PM10__ug.m-3__Linear.Robust__20200128__20200131____.rdata
WARN [2020-08-17 16:57:57] [Compare_Models] General.csv for 4065E3 not loaded.
-----------------------
INFO [2020-08-17 16:57:57] [Auto.Cal] Creating calibration Median Model with the median of coefficients of the rolling Linear.Robust models.
INFO [2020-08-17 16:57:57] [Median_Model] ASE box 4065E3, sensor   OPCN3PM10, creating rolling Linear.Robust models between 2020-01-17
and 2020-01-31 with median of coefficients of models.
# A tibble: 2 x 11
  term        estimate std.error statistic p.value tau                                                                   MAD conf.low conf.high `t value` `Pr(>|t|)`
  <chr>          <dbl>     <dbl>     <dbl>   <dbl> <chr>                                                               <dbl>    <dbl>     <dbl>     <dbl>      <dbl>
1 (Intercept)   -26.3     25.0       -51.9       0 Median of coefficients of rolling calibration models with interval~ 38.5   -83.4       30.9      -1.05      0.318
2 x               1.56     0.897      81.8       0 Median of coefficients of rolling calibration models with interval~  1.20   -0.221      3.33      1.73      0.114
# A tibble: 1 x 7
  tau                                             logLik     AIC     BIC r.squared adj.r.squared  RMSE
  <chr>                                            <dbl>   <dbl>   <dbl>     <dbl>         <dbl> <dbl>
1 Median of coefficients of rolling calibration -101808. 203622. 203645.   0.00186       0.00179  144.
-----------------------
INFO [2020-08-17 16:57:58] [Auto.Cal] Looking for significant covariates that could be added to the Linear.Robust calibration model:
INFO [2020-08-17 16:58:04] [List_Covariates] ASE box 4065E3, sensor   OPCN3PM10, matrix of correlation between 2020-01-17 and 2020-01-30
INFO [2020-08-17 16:58:04] [Auto.Cal] the list of significant covariates that could be added to the Linear.Robust calibration model of OPCN3PM10 is:
       row.names OPCN3PM10_volt Particulate_Matter_10_modelled Out.Ref.PM10  Residuals
1: NO_B4_P1_volt     0.02894568                     0.02894568   0.02305234 0.05360234
-----------------------
INFO [2020-08-17 16:58:04] [Auto.Cal] Looking for covariate 1 to be added to the calibration function.
INFO [2020-08-17 16:58:04] [Auto.Cal] request to drop parameter "DRIFT" from significant covariates
INFO [2020-08-17 16:58:04] [Auto.Cal] request to drop parameters ending with "_modelled" from significant covariates
INFO [2020-08-17 16:58:04] [Auto.Cal] request to drop parameters NO2_B43F_P1_volt, OX_A431_P1_volt from significant covariates
-----------------------
INFO [2020-08-17 16:58:05] [Auto.Cal] Covariate "NO_B4_P1_volt" has a Variance Inflation factor of 1.02360675511566, lower than threshold: 10,
"NO_B4_P1_volt" does not show multicolinearity with other dependent variables. It can be included into the MultiLinear calibration model.
-----------------------
-----------------------
INFO [2020-08-17 16:58:05] [Auto.Cal] Fitting calibration model with 1 covariate(s): NO_B4_P1_volt
-----------------------
INFO [2020-08-17 16:58:06] [Auto.Cal] Comparing rolling models.
INFO [2020-08-17 16:58:06] Model : 4065E3__OPCN3PM10__ug.m-3__MultiLinear__20200117__20200120__NO_B4_P1_volt-1__.rdata
WARN [2020-08-17 16:58:06] [Compare_Models] General.csv for 4065E3 not loaded.
INFO [2020-08-17 16:58:07] Model : 4065E3__OPCN3PM10__ug.m-3__MultiLinear__20200118__20200121__NO_B4_P1_volt-1__.rdata
WARN [2020-08-17 16:58:07] [Compare_Models] General.csv for 4065E3 not loaded.
INFO [2020-08-17 16:58:07] Model : 4065E3__OPCN3PM10__ug.m-3__MultiLinear__20200119__20200122__NO_B4_P1_volt-1__.rdata
WARN [2020-08-17 16:58:07] [Compare_Models] General.csv for 4065E3 not loaded.
INFO [2020-08-17 16:58:08] Model : 4065E3__OPCN3PM10__ug.m-3__MultiLinear__20200120__20200123__NO_B4_P1_volt-1__.rdata
WARN [2020-08-17 16:58:08] [Compare_Models] General.csv for 4065E3 not loaded.
INFO [2020-08-17 16:58:08] Model : 4065E3__OPCN3PM10__ug.m-3__MultiLinear__20200121__20200124__NO_B4_P1_volt-1__.rdata
WARN [2020-08-17 16:58:08] [Compare_Models] General.csv for 4065E3 not loaded.
INFO [2020-08-17 16:58:09] Model : 4065E3__OPCN3PM10__ug.m-3__MultiLinear__20200122__20200125__NO_B4_P1_volt-1__.rdata
WARN [2020-08-17 16:58:09] [Compare_Models] General.csv for 4065E3 not loaded.
INFO [2020-08-17 16:58:10] Model : 4065E3__OPCN3PM10__ug.m-3__MultiLinear__20200123__20200126__NO_B4_P1_volt-1__.rdata
WARN [2020-08-17 16:58:10] [Compare_Models] General.csv for 4065E3 not loaded.
INFO [2020-08-17 16:58:10] Model : 4065E3__OPCN3PM10__ug.m-3__MultiLinear__20200124__20200127__NO_B4_P1_volt-1__.rdata
WARN [2020-08-17 16:58:10] [Compare_Models] General.csv for 4065E3 not loaded.
INFO [2020-08-17 16:58:11] Model : 4065E3__OPCN3PM10__ug.m-3__MultiLinear__20200125__20200128__NO_B4_P1_volt-1__.rdata
WARN [2020-08-17 16:58:11] [Compare_Models] General.csv for 4065E3 not loaded.
INFO [2020-08-17 16:58:11] Model : 4065E3__OPCN3PM10__ug.m-3__MultiLinear__20200126__20200129__NO_B4_P1_volt-1__.rdata
WARN [2020-08-17 16:58:11] [Compare_Models] General.csv for 4065E3 not loaded.
INFO [2020-08-17 16:58:12] Model : 4065E3__OPCN3PM10__ug.m-3__MultiLinear__20200127__20200130__NO_B4_P1_volt-1__.rdata
WARN [2020-08-17 16:58:12] [Compare_Models] General.csv for 4065E3 not loaded.
INFO [2020-08-17 16:58:13] Model : 4065E3__OPCN3PM10__ug.m-3__MultiLinear__20200128__20200131__NO_B4_P1_volt-1__.rdata
WARN [2020-08-17 16:58:13] [Compare_Models] General.csv for 4065E3 not loaded.
-----------------------
INFO [2020-08-17 16:58:13] [Auto.Cal] Creating Median Model with the median of coefficents of rolling models.
-----------------------
INFO [2020-08-17 16:58:13] [Median_Model] ASE box 4065E3, sensor   OPCN3PM10, creating rolling MultiLinear models between 2020-01-17
and 2020-01-31 with median of coefficients of models.
# A tibble: 3 x 11
  term         estimate std.error statistic   p.value   MAD conf.low conf.high `t value` `Pr(>|t|)` tau                                                             
  <chr>           <dbl>     <dbl>     <dbl>     <dbl> <dbl>    <dbl>     <dbl>     <dbl>      <dbl> <chr>                                                           
1 (Intercept)     38.9      55.1       23.6 2.02e-120 71.5   -67.1      145.       0.706      0.497 Median of coefficients of rolling calibration models with inter~
2 x                2.65      1.97      30.9 3.78e-203  1.64    0.210      5.09     1.34       0.209 Median of coefficients of rolling calibration models with inter~
3 NO_B4_P1_vo~    -3.67      3.19     -29.0 3.40e-180  4.46  -10.3        2.95    -1.15       0.277 Median of coefficients of rolling calibration models with inter~
# A tibble: 1 x 7
  r.squared adj.r.squared  logLik     AIC     BIC  nobs  RMSE
      <dbl>         <dbl>   <dbl>   <dbl>   <dbl> <int> <dbl>
1    0.0804        0.0803 -92126. 184260. 184290. 14408  145.
-----------------------
INFO [2020-08-17 16:58:13] [Auto.Cal] The Akaike Information Criterion (AIC) of the current model is 184259.875696232. It is lower than the AIC of the precedent model 203621.721677768.
INFO [2020-08-17 16:58:13] [Auto.Cal] Adding of covariate NO_B4_P1_volt improves the fit of the calibration model.
-----------------------
INFO [2020-08-17 16:58:13] [Auto.Cal] Checking if any parameter of model is not significant, except for the intercept
WARN [2020-08-17 16:58:14] [Auto.Cal] The coefficient of parameter(s) (Intercept) and x and NO_B4_P1_volt of the current model is(are) not significantly different from 0.
WARN [2020-08-17 16:58:14] [Auto.Cal] The calibration model resulting from adding covariate NO_B4_P1_volt is not valid.
WARN [2020-08-17 16:58:14] [Auto.Cal] Either parameters are unstable when rolling the calibration models or it/they does not influence significantly the sensor responses. Looking for other covariates.

WARN [2020-08-17 16:58:14] [Auto.Cal] NO_B4_P1_volt is discarded from the significant covariates because AIC is not improved using it or coefficients of model shows rolling variability.
-----------------------
INFO [2020-08-17 16:58:14] [Auto.Cal] Looking for covariate 1 to be added to the calibration function.
INFO [2020-08-17 16:58:14] [Auto.Cal] request to drop parameter "DRIFT" from significant covariates
INFO [2020-08-17 16:58:14] [Auto.Cal] request to drop parameters ending with "_modelled" from significant covariates
INFO [2020-08-17 16:58:14] [Auto.Cal] request to drop parameters NO2_B43F_P1_volt, OX_A431_P1_volt from significant covariates
INFO [2020-08-17 16:58:14] [Auto.Cal] There are no more covariates to be added to the calibration model.
