#######################
INFO [2020-08-18 13:12:38] [Auto.Cal] 4047D0, sensor SHT31HE fitting Linear.Robust models.
-----------------------
INFO [2020-08-18 13:12:39] [Auto.Cal] Comparing Linear.Robust models:
INFO [2020-08-18 13:12:39] Model : 4047D0__SHT31HE__percent__Linear.Robust__20200117__20200120____.rdata
WARN [2020-08-18 13:12:39] [Compare_Models] General.csv for 4047D0 not loaded.
INFO [2020-08-18 13:12:40] Model : 4047D0__SHT31HE__percent__Linear.Robust__20200118__20200121____.rdata
WARN [2020-08-18 13:12:40] [Compare_Models] General.csv for 4047D0 not loaded.
INFO [2020-08-18 13:12:40] Model : 4047D0__SHT31HE__percent__Linear.Robust__20200119__20200122____.rdata
WARN [2020-08-18 13:12:40] [Compare_Models] General.csv for 4047D0 not loaded.
INFO [2020-08-18 13:12:40] Model : 4047D0__SHT31HE__percent__Linear.Robust__20200120__20200123____.rdata
WARN [2020-08-18 13:12:40] [Compare_Models] General.csv for 4047D0 not loaded.
INFO [2020-08-18 13:12:41] Model : 4047D0__SHT31HE__percent__Linear.Robust__20200121__20200124____.rdata
WARN [2020-08-18 13:12:41] [Compare_Models] General.csv for 4047D0 not loaded.
INFO [2020-08-18 13:12:41] Model : 4047D0__SHT31HE__percent__Linear.Robust__20200122__20200125____.rdata
WARN [2020-08-18 13:12:41] [Compare_Models] General.csv for 4047D0 not loaded.
INFO [2020-08-18 13:12:41] Model : 4047D0__SHT31HE__percent__Linear.Robust__20200123__20200126____.rdata
WARN [2020-08-18 13:12:41] [Compare_Models] General.csv for 4047D0 not loaded.
INFO [2020-08-18 13:12:42] Model : 4047D0__SHT31HE__percent__Linear.Robust__20200124__20200127____.rdata
WARN [2020-08-18 13:12:42] [Compare_Models] General.csv for 4047D0 not loaded.
INFO [2020-08-18 13:12:42] Model : 4047D0__SHT31HE__percent__Linear.Robust__20200125__20200128____.rdata
WARN [2020-08-18 13:12:42] [Compare_Models] General.csv for 4047D0 not loaded.
INFO [2020-08-18 13:12:42] Model : 4047D0__SHT31HE__percent__Linear.Robust__20200126__20200129____.rdata
WARN [2020-08-18 13:12:42] [Compare_Models] General.csv for 4047D0 not loaded.
INFO [2020-08-18 13:12:43] Model : 4047D0__SHT31HE__percent__Linear.Robust__20200127__20200130____.rdata
WARN [2020-08-18 13:12:43] [Compare_Models] General.csv for 4047D0 not loaded.
INFO [2020-08-18 13:12:43] Model : 4047D0__SHT31HE__percent__Linear.Robust__20200128__20200131____.rdata
WARN [2020-08-18 13:12:43] [Compare_Models] General.csv for 4047D0 not loaded.
-----------------------
INFO [2020-08-18 13:12:43] [Auto.Cal] Creating calibration Median Model with the median of coefficients of the rolling Linear.Robust models.
INFO [2020-08-18 13:12:43] [Median_Model] ASE box 4047D0, sensor     SHT31HE, creating rolling Linear.Robust models between 2020-01-17
and 2020-01-31 with median of coefficients of models.
# A tibble: 2 x 11
  term       estimate std.error statistic p.value tau                                                            MAD conf.low conf.high `t value` `Pr(>|t|)`
  <chr>         <dbl>     <dbl>     <dbl>   <dbl> <chr>                                                        <dbl>    <dbl>     <dbl>     <dbl>      <dbl>
1 (Intercep~    3.20     4.77        21.7       0 Median of coefficients of rolling calibration models with ~ 3.21     -1.55      7.96      0.672    5.17e-1
2 x             0.792    0.0700     486.        0 Median of coefficients of rolling calibration models with ~ 0.0327    0.744     0.841    11.3      5.05e-7
# A tibble: 1 x 7
  tau                                            logLik    AIC    BIC r.squared adj.r.squared  RMSE
  <chr>                                           <dbl>  <dbl>  <dbl>     <dbl>         <dbl> <dbl>
1 Median of coefficients of rolling calibration -43973. 87952. 87975.     0.934         0.934  3.93
-----------------------
INFO [2020-08-18 13:12:44] [Auto.Cal] Looking for significant covariates that could be added to the Linear.Robust calibration model:
INFO [2020-08-18 13:12:45] [List_Covariates] ASE box 4047D0, sensor     SHT31HE, matrix of correlation between 2020-01-17 and 2020-01-29
INFO [2020-08-18 13:12:46] [Auto.Cal] there are no covariates to add to the calibration mode for sensor SHT31HE.
INFO [2020-08-18 13:12:46] [Auto.Cal] It is not necessary or not requested to add other covariates to the calibration model.
