#######################
INFO [2020-08-21 14:49:38] [Auto.Cal] 4047D0, sensor SHT31TE fitting Linear.Robust models.
-----------------------
INFO [2020-08-21 14:49:40] [Auto.Cal] Comparing Linear.Robust models:
INFO [2020-08-21 14:49:40] Model : 4047D0__SHT31TE__Celsius__Linear.Robust__20200117__20200120____.rdata
WARN [2020-08-21 14:49:40] [Compare_Models] General.csv for 4047D0 not loaded.
INFO [2020-08-21 14:49:41] Model : 4047D0__SHT31TE__Celsius__Linear.Robust__20200118__20200121____.rdata
WARN [2020-08-21 14:49:41] [Compare_Models] General.csv for 4047D0 not loaded.
INFO [2020-08-21 14:49:41] Model : 4047D0__SHT31TE__Celsius__Linear.Robust__20200119__20200122____.rdata
WARN [2020-08-21 14:49:42] [Compare_Models] General.csv for 4047D0 not loaded.
INFO [2020-08-21 14:49:42] Model : 4047D0__SHT31TE__Celsius__Linear.Robust__20200120__20200123____.rdata
WARN [2020-08-21 14:49:42] [Compare_Models] General.csv for 4047D0 not loaded.
INFO [2020-08-21 14:49:43] Model : 4047D0__SHT31TE__Celsius__Linear.Robust__20200121__20200124____.rdata
WARN [2020-08-21 14:49:43] [Compare_Models] General.csv for 4047D0 not loaded.
INFO [2020-08-21 14:49:43] Model : 4047D0__SHT31TE__Celsius__Linear.Robust__20200122__20200125____.rdata
WARN [2020-08-21 14:49:43] [Compare_Models] General.csv for 4047D0 not loaded.
INFO [2020-08-21 14:49:44] Model : 4047D0__SHT31TE__Celsius__Linear.Robust__20200123__20200126____.rdata
WARN [2020-08-21 14:49:44] [Compare_Models] General.csv for 4047D0 not loaded.
INFO [2020-08-21 14:49:45] Model : 4047D0__SHT31TE__Celsius__Linear.Robust__20200124__20200127____.rdata
WARN [2020-08-21 14:49:45] [Compare_Models] General.csv for 4047D0 not loaded.
INFO [2020-08-21 14:49:45] Model : 4047D0__SHT31TE__Celsius__Linear.Robust__20200125__20200128____.rdata
WARN [2020-08-21 14:49:45] [Compare_Models] General.csv for 4047D0 not loaded.
INFO [2020-08-21 14:49:46] Model : 4047D0__SHT31TE__Celsius__Linear.Robust__20200126__20200129____.rdata
WARN [2020-08-21 14:49:46] [Compare_Models] General.csv for 4047D0 not loaded.
INFO [2020-08-21 14:49:46] Model : 4047D0__SHT31TE__Celsius__Linear.Robust__20200127__20200130____.rdata
WARN [2020-08-21 14:49:46] [Compare_Models] General.csv for 4047D0 not loaded.
INFO [2020-08-21 14:49:47] Model : 4047D0__SHT31TE__Celsius__Linear.Robust__20200128__20200131____.rdata
WARN [2020-08-21 14:49:47] [Compare_Models] General.csv for 4047D0 not loaded.
-----------------------
INFO [2020-08-21 14:49:48] [Auto.Cal] Creating calibration Median Model with the median of coefficients of the rolling Linear.Robust models.
INFO [2020-08-21 14:49:48] [Median_Model] ASE box 4047D0, sensor     SHT31TE, creating rolling Linear.Robust models between 2020-01-17
and 2020-01-31 with median of coefficients of models.
# A tibble: 2 x 11
  term        estimate std.error statistic p.value tau                                                                             MAD conf.low conf.high `t value` `Pr(>|t|)`
  <chr>          <dbl>     <dbl>     <dbl>   <dbl> <chr>                                                                         <dbl>    <dbl>     <dbl>     <dbl>      <dbl>
1 (Intercept)     3.06     0.659      623.       0 Median of coefficients of rolling calibration models with interval of 3 days 0.0848     2.93      3.19      4.65 0.000913  
2 x               1.07     0.103      733.       0 Median of coefficients of rolling calibration models with interval of 3 days 0.0142     1.05      1.09     10.4  0.00000110
# A tibble: 1 x 7
  tau                                            logLik    AIC    BIC r.squared adj.r.squared  RMSE
  <chr>                                           <dbl>  <dbl>  <dbl>     <dbl>         <dbl> <dbl>
1 Median of coefficients of rolling calibration -24927. 49860. 49883.     0.942         0.942  1.18
-----------------------
INFO [2020-08-21 14:49:48] [Auto.Cal] Looking for significant covariates that could be added to the Linear.Robust calibration model:
INFO [2020-08-21 14:49:52] [List_Covariates] ASE box 4047D0, sensor     SHT31TE, matrix of correlation between 2020-01-17 and 2020-01-29
INFO [2020-08-21 14:49:53] [Auto.Cal] there are no covariates to add to the calibration mode for sensor SHT31TE.
INFO [2020-08-21 14:49:53] [Auto.Cal] It is not necessary or not requested to add other covariates to the calibration model.
