#######################
INFO [2020-08-21 12:40:06] [Auto.Cal] 4047D0, sensor 5310CAT fitting Linear.Robust models.
-----------------------
INFO [2020-08-21 12:40:07] [Auto.Cal] Comparing Linear.Robust models:
INFO [2020-08-21 12:40:07] Model : 4047D0__5310CAT__ug.m-3__Linear.Robust__20200117__20200120____.rdata
WARN [2020-08-21 12:40:07] [Compare_Models] General.csv for 4047D0 not loaded.
INFO [2020-08-21 12:40:07] Model : 4047D0__5310CAT__ug.m-3__Linear.Robust__20200118__20200121____.rdata
WARN [2020-08-21 12:40:07] [Compare_Models] General.csv for 4047D0 not loaded.
INFO [2020-08-21 12:40:08] Model : 4047D0__5310CAT__ug.m-3__Linear.Robust__20200119__20200122____.rdata
WARN [2020-08-21 12:40:08] [Compare_Models] General.csv for 4047D0 not loaded.
INFO [2020-08-21 12:40:08] Model : 4047D0__5310CAT__ug.m-3__Linear.Robust__20200120__20200123____.rdata
WARN [2020-08-21 12:40:08] [Compare_Models] General.csv for 4047D0 not loaded.
INFO [2020-08-21 12:40:08] Model : 4047D0__5310CAT__ug.m-3__Linear.Robust__20200121__20200124____.rdata
WARN [2020-08-21 12:40:08] [Compare_Models] General.csv for 4047D0 not loaded.
INFO [2020-08-21 12:40:09] Model : 4047D0__5310CAT__ug.m-3__Linear.Robust__20200122__20200125____.rdata
WARN [2020-08-21 12:40:09] [Compare_Models] General.csv for 4047D0 not loaded.
INFO [2020-08-21 12:40:09] Model : 4047D0__5310CAT__ug.m-3__Linear.Robust__20200123__20200126____.rdata
WARN [2020-08-21 12:40:09] [Compare_Models] General.csv for 4047D0 not loaded.
INFO [2020-08-21 12:40:09] Model : 4047D0__5310CAT__ug.m-3__Linear.Robust__20200124__20200127____.rdata
WARN [2020-08-21 12:40:09] [Compare_Models] General.csv for 4047D0 not loaded.
INFO [2020-08-21 12:40:10] Model : 4047D0__5310CAT__ug.m-3__Linear.Robust__20200125__20200128____.rdata
WARN [2020-08-21 12:40:10] [Compare_Models] General.csv for 4047D0 not loaded.
INFO [2020-08-21 12:40:10] Model : 4047D0__5310CAT__ug.m-3__Linear.Robust__20200126__20200129____.rdata
WARN [2020-08-21 12:40:10] [Compare_Models] General.csv for 4047D0 not loaded.
INFO [2020-08-21 12:40:10] Model : 4047D0__5310CAT__ug.m-3__Linear.Robust__20200127__20200130____.rdata
WARN [2020-08-21 12:40:10] [Compare_Models] General.csv for 4047D0 not loaded.
INFO [2020-08-21 12:40:11] Model : 4047D0__5310CAT__ug.m-3__Linear.Robust__20200128__20200131____.rdata
WARN [2020-08-21 12:40:11] [Compare_Models] General.csv for 4047D0 not loaded.
-----------------------
INFO [2020-08-21 12:40:11] [Auto.Cal] Creating calibration Median Model with the median of coefficients of the rolling Linear.Robust models.
INFO [2020-08-21 12:40:11] [Median_Model] ASE box 4047D0, sensor     5310CAT, creating rolling Linear.Robust models between 2020-01-17
and 2020-01-31 with median of coefficients of models.
# A tibble: 2 x 11
  term        estimate std.error statistic p.value tau                                                                            MAD conf.low conf.high `t value` `Pr(>|t|)`
  <chr>          <dbl>     <dbl>     <dbl>   <dbl> <chr>                                                                        <dbl>    <dbl>     <dbl>     <dbl>      <dbl>
1 (Intercept)    -1.66     6.88       2.81 0.00496 Median of coefficients of rolling calibration models with interval of 3 days 5.33     -9.56      6.24    -0.241 0.814     
2 x               1.69     0.179    279.   0       Median of coefficients of rolling calibration models with interval of 3 days 0.142     1.48      1.90     9.43  0.00000271
# A tibble: 1 x 7
  tau                                            logLik     AIC     BIC r.squared adj.r.squared  RMSE
  <chr>                                           <dbl>   <dbl>   <dbl>     <dbl>         <dbl> <dbl>
1 Median of coefficients of rolling calibration -56999. 114004. 114027.     0.877         0.877  11.2
-----------------------
INFO [2020-08-21 12:40:11] [Auto.Cal] Looking for significant covariates that could be added to the Linear.Robust calibration model:
INFO [2020-08-21 12:40:13] [List_Covariates] ASE box 4047D0, sensor     5310CAT, matrix of correlation between 2020-01-17 and 2020-01-29
[1] "Number of sink channels opened: 1. Closing opened channels"
