#######################
INFO [2020-08-18 13:07:34] [Auto.Cal] 4047D0, sensor BMP280 fitting Linear.Robust models.
-----------------------
INFO [2020-08-18 13:07:35] [Auto.Cal] Comparing Linear.Robust models:
INFO [2020-08-18 13:07:35] Model : 4047D0__BMP280__hPa__Linear.Robust__20200117__20200120____.rdata
WARN [2020-08-18 13:07:35] [Compare_Models] General.csv for 4047D0 not loaded.
INFO [2020-08-18 13:07:35] Model : 4047D0__BMP280__hPa__Linear.Robust__20200118__20200121____.rdata
WARN [2020-08-18 13:07:35] [Compare_Models] General.csv for 4047D0 not loaded.
INFO [2020-08-18 13:07:36] Model : 4047D0__BMP280__hPa__Linear.Robust__20200119__20200122____.rdata
WARN [2020-08-18 13:07:36] [Compare_Models] General.csv for 4047D0 not loaded.
INFO [2020-08-18 13:07:36] Model : 4047D0__BMP280__hPa__Linear.Robust__20200120__20200123____.rdata
WARN [2020-08-18 13:07:36] [Compare_Models] General.csv for 4047D0 not loaded.
INFO [2020-08-18 13:07:36] Model : 4047D0__BMP280__hPa__Linear.Robust__20200121__20200124____.rdata
WARN [2020-08-18 13:07:36] [Compare_Models] General.csv for 4047D0 not loaded.
INFO [2020-08-18 13:07:37] Model : 4047D0__BMP280__hPa__Linear.Robust__20200122__20200125____.rdata
WARN [2020-08-18 13:07:37] [Compare_Models] General.csv for 4047D0 not loaded.
INFO [2020-08-18 13:07:37] Model : 4047D0__BMP280__hPa__Linear.Robust__20200123__20200126____.rdata
WARN [2020-08-18 13:07:37] [Compare_Models] General.csv for 4047D0 not loaded.
INFO [2020-08-18 13:07:37] Model : 4047D0__BMP280__hPa__Linear.Robust__20200124__20200127____.rdata
WARN [2020-08-18 13:07:37] [Compare_Models] General.csv for 4047D0 not loaded.
INFO [2020-08-18 13:07:38] Model : 4047D0__BMP280__hPa__Linear.Robust__20200125__20200128____.rdata
WARN [2020-08-18 13:07:38] [Compare_Models] General.csv for 4047D0 not loaded.
INFO [2020-08-18 13:07:38] Model : 4047D0__BMP280__hPa__Linear.Robust__20200126__20200129____.rdata
WARN [2020-08-18 13:07:38] [Compare_Models] General.csv for 4047D0 not loaded.
INFO [2020-08-18 13:07:38] Model : 4047D0__BMP280__hPa__Linear.Robust__20200127__20200130____.rdata
WARN [2020-08-18 13:07:38] [Compare_Models] General.csv for 4047D0 not loaded.
INFO [2020-08-18 13:07:39] Model : 4047D0__BMP280__hPa__Linear.Robust__20200128__20200131____.rdata
WARN [2020-08-18 13:07:39] [Compare_Models] General.csv for 4047D0 not loaded.
-----------------------
INFO [2020-08-18 13:07:39] [Auto.Cal] Creating calibration Median Model with the median of coefficients of the rolling Linear.Robust models.
INFO [2020-08-18 13:07:39] [Median_Model] ASE box 4047D0, sensor      BMP280, creating rolling Linear.Robust models between 2020-01-17
and 2020-01-31 with median of coefficients of models.
# A tibble: 2 x 11
  term       estimate std.error statistic p.value tau                                                            MAD conf.low conf.high `t value` `Pr(>|t|)`
  <chr>         <dbl>     <dbl>     <dbl>   <dbl> <chr>                                                        <dbl>    <dbl>     <dbl>     <dbl>      <dbl>
1 (Intercep~    -2.81   11.9         16.9       0 Median of coefficients of rolling calibration models with~ 13.1     -22.2       16.5     -0.237   8.18e- 1
2 x              1.00    0.0119    4120.        0 Median of coefficients of rolling calibration models with~  0.0131    0.985      1.02    84.3     1.36e-15
# A tibble: 1 x 7
  tau                                           logLik    AIC    BIC r.squared adj.r.squared  RMSE
  <chr>                                          <dbl>  <dbl>  <dbl>     <dbl>         <dbl> <dbl>
1 Median of coefficients of rolling calibration  1996. -3987. -3964.     0.999         0.999 0.213
-----------------------
INFO [2020-08-18 13:07:39] [Auto.Cal] Looking for significant covariates that could be added to the Linear.Robust calibration model:
INFO [2020-08-18 13:07:42] [List_Covariates] ASE box 4047D0, sensor      BMP280, matrix of correlation between 2020-01-17 and 2020-01-29
INFO [2020-08-18 13:07:42] [Auto.Cal] the list of significant covariates that could be added to the Linear.Robust calibration model of BMP280 is:
                row.names BMP280_volt Atmospheric_pressure_modelled Out.Ref.Press  Residuals
 1:     Relative_humidity 0.120876583                   0.120876583   0.119692009 0.77564560
 2: Relative_humidity_int 0.142205949                   0.142205949   0.142102373 0.79596703
 3:            Td_deficit 0.097452443                   0.097452443   0.095144570 0.73936847
 4:       OX_A431_P1_volt 0.016735484                   0.016735484   0.012677032 0.52218757
 5:             D300_volt 0.047078605                   0.047078605   0.040478764 0.42805136
 6:         CO_A4_P1_volt 0.006307544                   0.006307544   0.008569117 0.37989843
 7:       Temperature_int 0.080488551                   0.080488552   0.078528831 0.44663795
 8:           Temperature 0.077473629                   0.077473629   0.076021184 0.41647165
 9:          5310CAT_volt 0.156520430                   0.156520430   0.167231358 0.45910827
10:      NO2_B43F_P1_volt 0.121796376                   0.121796376   0.112608231 0.25860955
11:         NO_B4_P1_volt 0.001061118                   0.001061118   0.001229681 0.01555302
-----------------------
INFO [2020-08-18 13:07:42] [Auto.Cal] Looking for covariate 1 to be added to the calibration function.
INFO [2020-08-18 13:07:42] [Auto.Cal] request to drop parameter "DRIFT" from significant covariates
INFO [2020-08-18 13:07:42] [Auto.Cal] request to drop parameters ending with "_modelled" from significant covariates
INFO [2020-08-18 13:07:42] [Auto.Cal] request to drop parameters NO2_B43F_P1_volt, OX_A431_P1_volt, OPCN3PM10, 5310CAT, NO_B4_P1, D300, CO_A4_P1 from significant covariates
-----------------------
INFO [2020-08-18 13:07:42] [Auto.Cal] Covariate "Relative_humidity" has a Variance Inflation factor of 1.15376312824726, lower than threshold: 10,
"Relative_humidity" does not show multicolinearity with other dependent variables. It can be included into the MultiLinear calibration model.
-----------------------
-----------------------
INFO [2020-08-18 13:07:42] [Auto.Cal] Fitting calibration model with 1 covariate(s): Relative_humidity
ASE box 4047D0, sensor      BMP280, S:\Box Sync\AirSensEUR\Fieldtests\Shiny/ASE_Boxes/4047D0/Models/4047D0__BMP280__hPa__MultiLinear__20200117__20200120__Relative_humidity-1__.rdata exists
ASE box 4047D0, sensor      BMP280, S:\Box Sync\AirSensEUR\Fieldtests\Shiny/ASE_Boxes/4047D0/Models/4047D0__BMP280__hPa__MultiLinear__20200118__20200121__Relative_humidity-1__.rdata exists
ASE box 4047D0, sensor      BMP280, S:\Box Sync\AirSensEUR\Fieldtests\Shiny/ASE_Boxes/4047D0/Models/4047D0__BMP280__hPa__MultiLinear__20200119__20200122__Relative_humidity-1__.rdata exists
ASE box 4047D0, sensor      BMP280, S:\Box Sync\AirSensEUR\Fieldtests\Shiny/ASE_Boxes/4047D0/Models/4047D0__BMP280__hPa__MultiLinear__20200120__20200123__Relative_humidity-1__.rdata exists
ASE box 4047D0, sensor      BMP280, S:\Box Sync\AirSensEUR\Fieldtests\Shiny/ASE_Boxes/4047D0/Models/4047D0__BMP280__hPa__MultiLinear__20200121__20200124__Relative_humidity-1__.rdata exists
ASE box 4047D0, sensor      BMP280, S:\Box Sync\AirSensEUR\Fieldtests\Shiny/ASE_Boxes/4047D0/Models/4047D0__BMP280__hPa__MultiLinear__20200122__20200125__Relative_humidity-1__.rdata exists
ASE box 4047D0, sensor      BMP280, S:\Box Sync\AirSensEUR\Fieldtests\Shiny/ASE_Boxes/4047D0/Models/4047D0__BMP280__hPa__MultiLinear__20200123__20200126__Relative_humidity-1__.rdata exists
ASE box 4047D0, sensor      BMP280, S:\Box Sync\AirSensEUR\Fieldtests\Shiny/ASE_Boxes/4047D0/Models/4047D0__BMP280__hPa__MultiLinear__20200124__20200127__Relative_humidity-1__.rdata exists
ASE box 4047D0, sensor      BMP280, S:\Box Sync\AirSensEUR\Fieldtests\Shiny/ASE_Boxes/4047D0/Models/4047D0__BMP280__hPa__MultiLinear__20200125__20200128__Relative_humidity-1__.rdata exists
ASE box 4047D0, sensor      BMP280, S:\Box Sync\AirSensEUR\Fieldtests\Shiny/ASE_Boxes/4047D0/Models/4047D0__BMP280__hPa__MultiLinear__20200126__20200129__Relative_humidity-1__.rdata exists
ASE box 4047D0, sensor      BMP280, S:\Box Sync\AirSensEUR\Fieldtests\Shiny/ASE_Boxes/4047D0/Models/4047D0__BMP280__hPa__MultiLinear__20200127__20200130__Relative_humidity-1__.rdata exists
ASE box 4047D0, sensor      BMP280, S:\Box Sync\AirSensEUR\Fieldtests\Shiny/ASE_Boxes/4047D0/Models/4047D0__BMP280__hPa__MultiLinear__20200128__20200131__Relative_humidity-1__.rdata exists
-----------------------
INFO [2020-08-18 13:07:42] [Auto.Cal] Comparing rolling models.
INFO [2020-08-18 13:07:42] Model : 4047D0__BMP280__hPa__MultiLinear__20200117__20200120__Relative_humidity-1__.rdata
WARN [2020-08-18 13:07:42] [Compare_Models] General.csv for 4047D0 not loaded.
INFO [2020-08-18 13:07:43] Model : 4047D0__BMP280__hPa__MultiLinear__20200118__20200121__Relative_humidity-1__.rdata
WARN [2020-08-18 13:07:43] [Compare_Models] General.csv for 4047D0 not loaded.
INFO [2020-08-18 13:07:44] Model : 4047D0__BMP280__hPa__MultiLinear__20200119__20200122__Relative_humidity-1__.rdata
WARN [2020-08-18 13:07:44] [Compare_Models] General.csv for 4047D0 not loaded.
INFO [2020-08-18 13:07:45] Model : 4047D0__BMP280__hPa__MultiLinear__20200120__20200123__Relative_humidity-1__.rdata
WARN [2020-08-18 13:07:45] [Compare_Models] General.csv for 4047D0 not loaded.
INFO [2020-08-18 13:07:45] Model : 4047D0__BMP280__hPa__MultiLinear__20200121__20200124__Relative_humidity-1__.rdata
WARN [2020-08-18 13:07:45] [Compare_Models] General.csv for 4047D0 not loaded.
INFO [2020-08-18 13:07:46] Model : 4047D0__BMP280__hPa__MultiLinear__20200122__20200125__Relative_humidity-1__.rdata
WARN [2020-08-18 13:07:46] [Compare_Models] General.csv for 4047D0 not loaded.
INFO [2020-08-18 13:07:46] Model : 4047D0__BMP280__hPa__MultiLinear__20200123__20200126__Relative_humidity-1__.rdata
WARN [2020-08-18 13:07:46] [Compare_Models] General.csv for 4047D0 not loaded.
INFO [2020-08-18 13:07:47] Model : 4047D0__BMP280__hPa__MultiLinear__20200124__20200127__Relative_humidity-1__.rdata
WARN [2020-08-18 13:07:47] [Compare_Models] General.csv for 4047D0 not loaded.
INFO [2020-08-18 13:07:47] Model : 4047D0__BMP280__hPa__MultiLinear__20200125__20200128__Relative_humidity-1__.rdata
WARN [2020-08-18 13:07:47] [Compare_Models] General.csv for 4047D0 not loaded.
INFO [2020-08-18 13:07:48] Model : 4047D0__BMP280__hPa__MultiLinear__20200126__20200129__Relative_humidity-1__.rdata
WARN [2020-08-18 13:07:48] [Compare_Models] General.csv for 4047D0 not loaded.
INFO [2020-08-18 13:07:48] Model : 4047D0__BMP280__hPa__MultiLinear__20200127__20200130__Relative_humidity-1__.rdata
WARN [2020-08-18 13:07:48] [Compare_Models] General.csv for 4047D0 not loaded.
INFO [2020-08-18 13:07:49] Model : 4047D0__BMP280__hPa__MultiLinear__20200128__20200131__Relative_humidity-1__.rdata
WARN [2020-08-18 13:07:49] [Compare_Models] General.csv for 4047D0 not loaded.
-----------------------
INFO [2020-08-18 13:07:49] [Auto.Cal] Creating Median Model with the median of coefficents of rolling models.
-----------------------
INFO [2020-08-18 13:07:49] [Median_Model] ASE box 4047D0, sensor      BMP280, creating rolling MultiLinear models between 2020-01-17
and 2020-01-31 with median of coefficients of models.
# A tibble: 3 x 11
  term           estimate std.error statistic p.value     MAD conf.low conf.high `t value` `Pr(>|t|)` tau                                                   
  <chr>             <dbl>     <dbl>     <dbl>   <dbl>   <dbl>    <dbl>     <dbl>     <dbl>      <dbl> <chr>                                                 
1 (Intercept)     -5.44     3.65        -49.7       0 1.79e+0  -8.10     -2.78       -1.49   1.67e- 1 Median of coefficients of rolling calibration models ~
2 x                1.01     0.00378   11108.        0 1.84e-3   1.00      1.01      266.     1.38e-20 Median of coefficients of rolling calibration models ~
3 Relative_humi~   0.0110   0.00126     222.        0 2.22e-4   0.0107    0.0113      8.76   5.28e- 6 Median of coefficients of rolling calibration models ~
# A tibble: 1 x 7
  r.squared adj.r.squared logLik     AIC     BIC  nobs   RMSE
      <dbl>         <dbl>  <dbl>   <dbl>   <dbl> <int>  <dbl>
1      1.00          1.00 14934. -29860. -29830. 15769 0.0939
-----------------------
INFO [2020-08-18 13:07:49] [Auto.Cal] The Akaike Information Criterion (AIC) of the current model is -29860.4624799478. It is lower than the AIC of the precedent model -3986.73664730096.
INFO [2020-08-18 13:07:49] [Auto.Cal] Adding of covariate Relative_humidity improves the fit of the calibration model.
-----------------------
INFO [2020-08-18 13:07:49] [Auto.Cal] Checking if any parameter of model is not significant, except for the intercept
INFO [2020-08-18 13:07:49] [Auto.Cal] All parameters of the calibration model with covariate(s) Relative_humidity are significantly different from 0
INFO [2020-08-18 13:07:51] [List_Covariates] ASE box 4047D0, sensor      BMP280, matrix of correlation between 2020-01-17 and 2020-01-29
INFO [2020-08-18 13:07:52] [Auto.Cal] the list of significant covariates that could be added to the Linear.Robust calibration model of BMP280 is:
         row.names BMP280_volt Atmospheric_pressure_modelled Out.Ref.Press  Residuals
1:   NO_B4_P1_volt 0.001061118                   0.001334062   0.001229681 0.01731008
2: OX_A431_P1_volt 0.016735484                   0.013048598   0.012677032 0.02483865
-----------------------
INFO [2020-08-18 13:07:52] [Auto.Cal] Looking for covariate 2 to be added to the calibration function.
INFO [2020-08-18 13:07:52] [Auto.Cal] request to drop parameter "DRIFT" from significant covariates
INFO [2020-08-18 13:07:52] [Auto.Cal] request to drop parameters ending with "_modelled" from significant covariates
INFO [2020-08-18 13:07:52] [Auto.Cal] request to drop parameters NO2_B43F_P1_volt, OX_A431_P1_volt, OPCN3PM10, 5310CAT, NO_B4_P1, D300, CO_A4_P1 from significant covariates
INFO [2020-08-18 13:07:52] [Auto.Cal] There are no more covariates to be added to the calibration model.
