-----------------------------------------------------------------------------------
[shiny, Selected] INFO Starting log file S:/Box Sync/AirSensEUR/Fieldtests/Shiny/40458D/scriptsLog/console_2020-01-08.log
-----------------------------------------------------------------------------------
[ASEConfig.R] INFO 2017-12-07 Functions Config() and SETTIME transfered to Function4ASE.R to simplify maintenance
[ASEConfig.R] INFO 2017-12-07 SUGGESTION to manage the directories of ASE box instaed of file ASECOnfigxxxx.R
-----------------------------------------------------------------------------------
-----------------------------------------------------------------------------------
[shiny, ASE.names.Influx()] INFO, Influx server is up; connected to server. Message : "Success: (204) No Content".
 [1] "40458D"    "4047D0"    "406414"    "40641B"    "40642E"    "4065D0"    "4065E0"    "4065E3"    "40816F"    "ASE40458D" "ASE4047D0" "ASE40641B" "ASE4065D0" "ASE4065E0" "ASE4065E3" "ASE4065ED"
-----------------------------------------------------------------------------------
[INFLUXDB] INFO: Downloading InfluxDB data

-----------------------------------------------------------------------------------
[Down_Influx] INFO; ping to influxdb1.liberaintentio.com Ok
-----------------------------------------------------------------------------------
-----------------------------------------------------------------------------------
[Down_Influx] INFO, Package 52North/sensorweb4R already installed
[Down_Influx] INFO, Package 52North/sensorweb4R loaded
[Down_Influx] INFO, Package rundel/timezone already installed
[Down_Influx] INFO, Package rundel/timezone loaded
[Down_Influx] Influx server is up; connected to server
[Down_Influx] INFO, S:/Box Sync/AirSensEUR/Fieldtests/Shiny/40458D/General_data/airsenseur.db already exists.
[Down_Influx] INFO, the table 40458D already exists in airsenseur.db
[Down_Influx] Warning,  Downloading is up to date. No need for data download.
    key        name channel                     time
4  name    L2942CUR      57 2020-01-05T17:00:56.849Z
5  name    L2942VOL      58 2020-01-05T17:00:56.849Z
6  name    L4156STA      56 2020-01-05T17:00:56.849Z
2  name    CO_A4_P1       1 2020-01-05T17:01:00.398Z
7  name NO2_B43F_P1       0 2020-01-05T17:01:00.398Z
8  name    NO_B4_P1       3 2020-01-05T17:01:00.398Z
39 name  OX_A431_P1       2 2020-01-05T17:01:00.398Z
1  name      BMP280       4 2020-01-05T17:01:00.819Z
40 name     SHT31HE       6 2020-01-05T17:01:00.819Z
41 name     SHT31HI       8 2020-01-05T17:01:00.819Z
42 name     SHT31TE       5 2020-01-05T17:01:00.819Z
43 name     SHT31TI       7 2020-01-05T17:01:00.819Z
9  name   OPCN3Bin0      23 2020-01-05T17:01:06.097Z
10 name   OPCN3Bin1      24 2020-01-05T17:01:06.097Z
11 name  OPCN3Bin10      33 2020-01-05T17:01:06.097Z
12 name  OPCN3Bin11      34 2020-01-05T17:01:06.097Z
13 name  OPCN3Bin12      35 2020-01-05T17:01:06.097Z
14 name  OPCN3Bin13      36 2020-01-05T17:01:06.097Z
15 name  OPCN3Bin14      37 2020-01-05T17:01:06.097Z
16 name  OPCN3Bin15      38 2020-01-05T17:01:06.097Z
17 name  OPCN3Bin16      39 2020-01-05T17:01:06.097Z
18 name  OPCN3Bin17      40 2020-01-05T17:01:06.097Z
19 name  OPCN3Bin18      41 2020-01-05T17:01:06.097Z
20 name  OPCN3Bin19      42 2020-01-05T17:01:06.097Z
21 name   OPCN3Bin2      25 2020-01-05T17:01:06.097Z
22 name  OPCN3Bin20      43 2020-01-05T17:01:06.097Z
23 name  OPCN3Bin21      44 2020-01-05T17:01:06.097Z
24 name  OPCN3Bin22      45 2020-01-05T17:01:06.097Z
25 name  OPCN3Bin23      46 2020-01-05T17:01:06.097Z
26 name   OPCN3Bin3      26 2020-01-05T17:01:06.097Z
27 name   OPCN3Bin4      27 2020-01-05T17:01:06.097Z
28 name   OPCN3Bin5      28 2020-01-05T17:01:06.097Z
29 name   OPCN3Bin6      29 2020-01-05T17:01:06.097Z
30 name   OPCN3Bin7      30 2020-01-05T17:01:06.097Z
31 name   OPCN3Bin8      31 2020-01-05T17:01:06.097Z
32 name   OPCN3Bin9      32 2020-01-05T17:01:06.097Z
33 name    OPCN3Hum      51 2020-01-05T17:01:06.097Z
34 name    OPCN3PM1      47 2020-01-05T17:01:06.097Z
35 name   OPCN3PM10      49 2020-01-05T17:01:06.097Z
36 name   OPCN3PM25      48 2020-01-05T17:01:06.097Z
37 name   OPCN3Temp      50 2020-01-05T17:01:06.097Z
38 name    OPCN3Vol      52 2020-01-05T17:01:06.097Z
3  name        D300      10 2020-01-05T17:01:15.681Z
[Down_Influx] INFO, the downloading of sensor data from the Influx server is finished.
[Down_Influx] INFO, the airsenseur.db goes until 2020-01-06 18:03, with 60446 records for the table 40458D
-----------------------------------------------------------------------------------


-----------------------------------------------------------------------------------
-----------------------------------------------------------------------------------
-----------------------------------------------------------------------------------
[Sqlite2df] INFO, S:/Box Sync/AirSensEUR/Fieldtests/Shiny/40458D/General_data/airsenseur.db exists.
[Sqlite2df] INFO, The database S:/Box Sync/AirSensEUR/Fieldtests/Shiny/40458D/General_data/airsenseur.db includes the table 40458D with the columns: time, altitude, boardTimeStamp, gpsTimestamp, latitude, longitude, sampleEvaluatedVal, sampleRawVal, channel, name
[SQLite2df] INFO, reading table 40458D
[SQLite2df] INFO, InfluxData already exists.
[SQLite2df] INFO, looking for the first data in airsenseur.db to add to InfluxData.Rdata. This can be very long with large datasets ... TZ must be set
[SQLite2df] ERROR, there are no new data in airSenseur.db to add to InfluxData.Rdata and InfluxData.csv. The script is stopped[INFLUXDB] INFO: Sensor variables existing in airsenseur.db: Atmospheric_pressure, Batt_Charge_Status, Batt_Cumulated_Charge, Batt_Voltage, Bin0, Bin1, Bin10, Bin11, Bin12, Bin13, Bin14, Bin15, Bin16, Bin17, Bin18, Bin19, Bin2, Bin20, Bin21, Bin22, Bin23, Bin3, Bin4, Bin5, Bin6, Bin7, Bin8, Bin9, Carbon_dioxide, Carbon_monoxide, Nitric_oxide, Nitrogen_dioxide, OPCHum, OPCTemp, OPCVol, Ozone, Particulate_Matter_1, Particulate_Matter_10, Particulate_Matter_25, Relative_humidity, Relative_humidity_int, Temperature, Temperature_int, with date timestamp and coordinates.
[INFLUXDB] INFO INFLUXDB returning list with InfluxData, var.names.meteo, var.name.GasSensors and var.names.sens
-----------------------------------------------------------------------------------
-----------------------------------------------------------------------------------
-----------------------------------------------------------------------------------
-----------------------------------------------------------------------------------
[Check_Download] INFO, Checking 
S:/Box Sync/AirSensEUR/Fieldtests/Shiny/40458D/General_data/airsenseur.db
S:/Box Sync/AirSensEUR/Fieldtests/Shiny/40458D/General_data/General.csv
S:/Box Sync/AirSensEUR/Fieldtests/Shiny/40458D/General_data/RefData.csv
S:/Box Sync/AirSensEUR/Fieldtests/Shiny/40458D/General_data/SOSData.csv 
S:/Box Sync/AirSensEUR/Fieldtests/Shiny/40458D/General_data/InfluxData.csv
 in S:/Box Sync/AirSensEUR/Fieldtests/Shiny/40458D/General_data
[Check_Download] INFO, sensor data are going to be retrieved. Start date for data download: 2020-01-06 18:04:00
[Check_Download] INFO, S:/Box Sync/AirSensEUR/Fieldtests/Shiny/40458D/General_data/RefData.csv does not exist. It is going to be created, data will be retrieved.
[Check_Download] INFO, sensor data are going to be retrieved. Start date for data download: 2020-01-06 18:03:00
[Check_Download] INFO, S:/Box Sync/AirSensEUR/Fieldtests/Shiny/40458D/General_data/SOSData.csv does not exist. It should be created, SOS sensor data should be retrieved.
[Check_Download] INFO, S:/Box Sync/AirSensEUR/Fieldtests/Shiny/40458D/General_data/airsenseur.db exists.
[Check_Download] INFO, The database S:/Box Sync/AirSensEUR/Fieldtests/Shiny/40458D/General_data/airsenseur.db includes the table 40458D with the columns: time, altitude, boardTimeStamp, gpsTimestamp, latitude, longitude, sampleEvaluatedVal, sampleRawVal, channel, name
[Check_Download] INFO, SOS sensor data are going to be retrieved. Start date for data download: 2020-01-06 18:03:00
$Ref.Rdata.file
[1] "S:/Box Sync/AirSensEUR/Fieldtests/Shiny/40458D/General_data/RefData.csv"

$Influx.Rdata.file
[1] "S:/Box Sync/AirSensEUR/Fieldtests/Shiny/40458D/General_data/InfluxData.csv"

$SOS.file
[1] "S:/Box Sync/AirSensEUR/Fieldtests/Shiny/40458D/General_data/SOSData.csv"

$General.Rdata.file
[1] "S:/Box Sync/AirSensEUR/Fieldtests/Shiny/40458D/General_data/General.csv"

$airsenseur.db.file
[1] "S:/Box Sync/AirSensEUR/Fieldtests/Shiny/40458D/General_data/airsenseur.db"

$WDinput
[1] "S:/Box Sync/AirSensEUR/Fieldtests/Shiny/40458D/General_data"

$ExistFil.data.db
[1] TRUE

$Retrieve.data.db
[1] TRUE

$DateIN.db.prev
[1] "2020-01-05T17:00:00Z"

$DateEND.db.prev
[1] "2020-01-06T18:03:00Z"

$ExistFil.data.Ref
[1] FALSE

$Retrieve.data.Ref
[1] TRUE

$DateIN.Ref.prev
NULL

$DateEND.Ref.prev
NULL

$Var.Ref.prev
NULL

$ExistFil.data.Influx
[1] TRUE

$Retrieve.data.Influx
[1] TRUE

$DateIN.Influx.prev
[1] "2020-01-05 17:00:00 UTC"

$DateEND.Influx.prev
[1] "2020-01-06 18:03:00 UTC"

$ExistFil.data.SOS
[1] FALSE

$Retrieve.data.SOS
[1] TRUE

$DateIN.SOS.prev
NULL

$DateEND.SOS.prev
NULL

$ExistFil.data.General
[1] TRUE

$Retrieve.data.General
[1] TRUE

$DateIN.General.prev
[1] "2020-01-05 17:01:00 UTC"

$DateEND.General.prev
[1] "2020-01-06 18:04:00 UTC"

-----------------------------------------------------------------------------------
List of 4
 $ :Classes ‘data.table’ and 'data.frame':	1504 obs. of  49 variables:
  ..$ date                 : POSIXct[1:1504], format: "2020-01-05 17:00:00" "2020-01-05 17:01:00" "2020-01-05 17:02:00" "2020-01-05 17:03:00" ...
  ..$ boardTimeStamp       : num [1:1504] 1.58e+09 9.20e+03 1.60e+04 2.17e+04 2.81e+04 ...
  ..$ gpsTimestamp         : num [1:1504] 3.16e+08 3.16e+08 3.16e+08 3.16e+08 3.16e+08 ...
  ..$ altitude             : logi [1:1504] NA NA NA NA NA NA ...
  ..$ latitude             : logi [1:1504] NA NA NA NA NA NA ...
  ..$ longitude            : logi [1:1504] NA NA NA NA NA NA ...
  ..$ Atmospheric_pressure : num [1:1504] NA 988 988 988 988 ...
  ..$ Batt_Charge_Status   : int [1:1504] 2 NA NA NA NA NA NA NA NA NA ...
  ..$ Batt_Cumulated_Charge: int [1:1504] -332915 NA NA NA NA NA NA NA NA NA ...
  ..$ Batt_Voltage         : int [1:1504] 3156 NA NA NA NA NA NA NA NA NA ...
  ..$ Bin0                 : num [1:1504] NA 17 16.4 16.7 16.1 ...
  ..$ Bin1                 : num [1:1504] NA 1.58 1.34 1.53 1.38 ...
  ..$ Bin10                : num [1:1504] NA 0 0 0.0312 0 ...
  ..$ Bin11                : num [1:1504] NA 0.00694 0 0.03125 0 ...
  ..$ Bin12                : num [1:1504] NA 0 0 0 0 0 0 0 0 0 ...
  ..$ Bin13                : num [1:1504] NA 0 0.0312 0 0 ...
  ..$ Bin14                : num [1:1504] NA 0 0 0 0 ...
  ..$ Bin15                : num [1:1504] NA 0 0 0 0 0 0 0 0 0 ...
  ..$ Bin16                : num [1:1504] NA 0 0 0.0312 0 ...
  ..$ Bin17                : num [1:1504] NA 0 0 0 0 0 0 0 0 0 ...
  ..$ Bin18                : num [1:1504] NA 0 0 0 0 0 0 0 0 0 ...
  ..$ Bin19                : num [1:1504] NA 0.00391 0 0 0 ...
  ..$ Bin2                 : num [1:1504] NA 0.434 0.375 0.312 0.344 ...
  ..$ Bin20                : num [1:1504] NA 0 0 0 0 0 0 0 0 0 ...
  ..$ Bin21                : num [1:1504] NA 0 0 0 0 0 0 0 0 0 ...
  ..$ Bin22                : num [1:1504] NA 0 0.0312 0 0 ...
  ..$ Bin23                : num [1:1504] NA 0 0 0 0 0 0 0 0 0 ...
  ..$ Bin3                 : num [1:1504] NA 0.0556 0.0625 0.0938 0.0938 ...
  ..$ Bin4                 : num [1:1504] NA 0.1562 0.0938 0.125 0.0625 ...
  ..$ Bin5                 : num [1:1504] NA 0.1007 0.125 0.0625 0.0938 ...
  ..$ Bin6                 : num [1:1504] NA 0.0556 0.0625 0.0312 0.0625 ...
  ..$ Bin7                 : num [1:1504] NA 0.0174 0.0312 0 0.0312 ...
  ..$ Bin8                 : num [1:1504] NA 0.0104 0.0312 0 0 ...
  ..$ Bin9                 : num [1:1504] NA 0 0.0312 0 0.0312 ...
  ..$ Carbon_dioxide       : num [1:1504] NA 2089 1980 1525 1125 ...
  ..$ Carbon_monoxide      : num [1:1504] NA 13423 13123 12867 12713 ...
  ..$ Nitric_oxide         : num [1:1504] NA 65192 65535 65535 65535 ...
  ..$ Nitrogen_dioxide     : num [1:1504] NA 65006 65033 64768 64554 ...
  ..$ OPCHum               : num [1:1504] NA 37.2 32.1 30.5 29.9 ...
  ..$ OPCTemp              : num [1:1504] NA 23.3 24 24.4 24.7 ...
  ..$ OPCVol               : num [1:1504] NA 194 170 176 176 ...
  ..$ Ozone                : num [1:1504] NA 62203 62288 62247 62199 ...
  ..$ Particulate_Matter_1 : num [1:1504] NA 1.44 1.34 1.38 1.34 ...
  ..$ Particulate_Matter_10: num [1:1504] NA 11.1 27.3 22.1 10.9 ...
  ..$ Particulate_Matter_25: num [1:1504] NA 3.08 3.28 2.69 2.88 ...
  ..$ Relative_humidity    : num [1:1504] NA 48.3 44.6 44 43.8 ...
  ..$ Relative_humidity_int: num [1:1504] NA 55.1 51.1 48 45.8 ...
  ..$ Temperature          : num [1:1504] NA 20.4 19.8 19.6 19.5 ...
  ..$ Temperature_int      : num [1:1504] NA 21.9 21.1 21.1 21.1 ...
  ..- attr(*, ".internal.selfref")=<externalptr> 
 $ : chr [1:3] "Temperature" "Relative_humidity" "Atmospheric_pressure"
 $ : chr [1:40] "Batt_Charge_Status" "Batt_Cumulated_Charge" "Batt_Voltage" "Bin0" ...
 $ : chr [1:43] "Atmospheric_pressure" "Batt_Charge_Status" "Batt_Cumulated_Charge" "Batt_Voltage" ...
[shiny, ind.warm()]  INFO, Setting index of sensor data during warming period
[shiny, ind.TRh()] INFO, Setting index of sensor data outside temperature and RH validity ranges
-----------------------------------------------------------------------------------
[INFLUXDB] INFO: Downloading InfluxDB data

-----------------------------------------------------------------------------------
[Down_Influx] INFO; ping to influxdb1.liberaintentio.com Ok
-----------------------------------------------------------------------------------
-----------------------------------------------------------------------------------
[Down_Influx] INFO, Package 52North/sensorweb4R already installed
[Down_Influx] INFO, Package 52North/sensorweb4R loaded
[Down_Influx] INFO, Package rundel/timezone already installed
[Down_Influx] INFO, Package rundel/timezone loaded
[Down_Influx] Influx server is up; connected to server
[Down_Influx] INFO, S:/Box Sync/AirSensEUR/Fieldtests/Shiny/40458D/General_data/airsenseur.db already exists.
[Down_Influx] INFO, the table 40458D already exists in airsenseur.db
[Down_Influx] Warning,  Downloading is up to date. No need for data download.
    key        name channel                     time
4  name    L2942CUR      57 2020-01-05T17:00:56.849Z
5  name    L2942VOL      58 2020-01-05T17:00:56.849Z
6  name    L4156STA      56 2020-01-05T17:00:56.849Z
2  name    CO_A4_P1       1 2020-01-05T17:01:00.398Z
7  name NO2_B43F_P1       0 2020-01-05T17:01:00.398Z
8  name    NO_B4_P1       3 2020-01-05T17:01:00.398Z
39 name  OX_A431_P1       2 2020-01-05T17:01:00.398Z
1  name      BMP280       4 2020-01-05T17:01:00.819Z
40 name     SHT31HE       6 2020-01-05T17:01:00.819Z
41 name     SHT31HI       8 2020-01-05T17:01:00.819Z
42 name     SHT31TE       5 2020-01-05T17:01:00.819Z
43 name     SHT31TI       7 2020-01-05T17:01:00.819Z
9  name   OPCN3Bin0      23 2020-01-05T17:01:06.097Z
10 name   OPCN3Bin1      24 2020-01-05T17:01:06.097Z
11 name  OPCN3Bin10      33 2020-01-05T17:01:06.097Z
12 name  OPCN3Bin11      34 2020-01-05T17:01:06.097Z
13 name  OPCN3Bin12      35 2020-01-05T17:01:06.097Z
14 name  OPCN3Bin13      36 2020-01-05T17:01:06.097Z
15 name  OPCN3Bin14      37 2020-01-05T17:01:06.097Z
16 name  OPCN3Bin15      38 2020-01-05T17:01:06.097Z
17 name  OPCN3Bin16      39 2020-01-05T17:01:06.097Z
18 name  OPCN3Bin17      40 2020-01-05T17:01:06.097Z
19 name  OPCN3Bin18      41 2020-01-05T17:01:06.097Z
20 name  OPCN3Bin19      42 2020-01-05T17:01:06.097Z
21 name   OPCN3Bin2      25 2020-01-05T17:01:06.097Z
22 name  OPCN3Bin20      43 2020-01-05T17:01:06.097Z
23 name  OPCN3Bin21      44 2020-01-05T17:01:06.097Z
24 name  OPCN3Bin22      45 2020-01-05T17:01:06.097Z
25 name  OPCN3Bin23      46 2020-01-05T17:01:06.097Z
26 name   OPCN3Bin3      26 2020-01-05T17:01:06.097Z
27 name   OPCN3Bin4      27 2020-01-05T17:01:06.097Z
28 name   OPCN3Bin5      28 2020-01-05T17:01:06.097Z
29 name   OPCN3Bin6      29 2020-01-05T17:01:06.097Z
30 name   OPCN3Bin7      30 2020-01-05T17:01:06.097Z
31 name   OPCN3Bin8      31 2020-01-05T17:01:06.097Z
32 name   OPCN3Bin9      32 2020-01-05T17:01:06.097Z
33 name    OPCN3Hum      51 2020-01-05T17:01:06.097Z
34 name    OPCN3PM1      47 2020-01-05T17:01:06.097Z
35 name   OPCN3PM10      49 2020-01-05T17:01:06.097Z
36 name   OPCN3PM25      48 2020-01-05T17:01:06.097Z
37 name   OPCN3Temp      50 2020-01-05T17:01:06.097Z
38 name    OPCN3Vol      52 2020-01-05T17:01:06.097Z
3  name        D300      10 2020-01-05T17:01:15.681Z
[Down_Influx] INFO, the downloading of sensor data from the Influx server is finished.
[Down_Influx] INFO, the airsenseur.db goes until 2020-01-06 18:03, with 60446 records for the table 40458D
-----------------------------------------------------------------------------------


-----------------------------------------------------------------------------------
-----------------------------------------------------------------------------------
-----------------------------------------------------------------------------------
[Sqlite2df] INFO, S:/Box Sync/AirSensEUR/Fieldtests/Shiny/40458D/General_data/airsenseur.db exists.
[Sqlite2df] INFO, The database S:/Box Sync/AirSensEUR/Fieldtests/Shiny/40458D/General_data/airsenseur.db includes the table 40458D with the columns: time, altitude, boardTimeStamp, gpsTimestamp, latitude, longitude, sampleEvaluatedVal, sampleRawVal, channel, name
[SQLite2df] INFO, reading table 40458D
[SQLite2df] INFO, InfluxData already exists.
[SQLite2df] INFO, looking for the first data in airsenseur.db to add to InfluxData.Rdata. This can be very long with large datasets ... TZ must be set
[SQLite2df] ERROR, there are no new data in airSenseur.db to add to InfluxData.Rdata and InfluxData.csv. The script is stopped[INFLUXDB] INFO: Sensor variables existing in airsenseur.db: Atmospheric_pressure, Batt_Charge_Status, Batt_Cumulated_Charge, Batt_Voltage, Bin0, Bin1, Bin10, Bin11, Bin12, Bin13, Bin14, Bin15, Bin16, Bin17, Bin18, Bin19, Bin2, Bin20, Bin21, Bin22, Bin23, Bin3, Bin4, Bin5, Bin6, Bin7, Bin8, Bin9, Carbon_dioxide, Carbon_monoxide, Nitric_oxide, Nitrogen_dioxide, OPCHum, OPCTemp, OPCVol, Ozone, Particulate_Matter_1, Particulate_Matter_10, Particulate_Matter_25, Relative_humidity, Relative_humidity_int, Temperature, Temperature_int, with date timestamp and coordinates.
[INFLUXDB] INFO INFLUXDB returning list with InfluxData, var.names.meteo, var.name.GasSensors and var.names.sens
-----------------------------------------------------------------------------------
-----------------------------------------------------------------------------------
[shiny, Outliers.Sens$Forced] INFO, purging for Warming, temperature/humidity tolerance and invalid
[shiny, Outliers.Sens$Forced] INFO, detecting row indexes of outliers in sensor data
[shiny, Outliers.Sens$Forced] INFO, Initialising filtered data columns for  Carbon_monoxide 
[shiny, Outliers.Sens$Forced] INFO, Discarding sensor data for Warming for  Carbon_monoxide 
[shiny, Outliers.Sens$Forced] INFO, Excluding sensor data outside temperature and RH validity ranges for  Carbon_monoxide 
[shiny, Outliers.Sens$Forced] INFO, Excluding invalid sensor data for  Carbon_monoxide 
[shiny, Outliers.Sens$Forced] INFO, initialising outlier sensor data for  Carbon_monoxide 
[shiny, Outliers.Sens$Forced] INFO, sensor: Carbon_monoxide, iteration: 1
[shiny, Outliers.Sens$Forced] INFO, Initialising filtered data columns for  Nitric_oxide 
[shiny, Outliers.Sens$Forced] INFO, Discarding sensor data for Warming for  Nitric_oxide 
[shiny, Outliers.Sens$Forced] INFO, Excluding sensor data outside temperature and RH validity ranges for  Nitric_oxide 
[shiny, Outliers.Sens$Forced] INFO, Excluding invalid sensor data for  Nitric_oxide 
[shiny, Outliers.Sens$Forced] INFO, initialising outlier sensor data for  Nitric_oxide 
[shiny, Outliers.Sens$Forced] INFO, Initialising filtered data columns for  Nitrogen_dioxide 
[shiny, Outliers.Sens$Forced] INFO, Discarding sensor data for Warming for  Nitrogen_dioxide 
[shiny, Outliers.Sens$Forced] INFO, Excluding sensor data outside temperature and RH validity ranges for  Nitrogen_dioxide 
[shiny, Outliers.Sens$Forced] INFO, Excluding invalid sensor data for  Nitrogen_dioxide 
[shiny, Outliers.Sens$Forced] INFO, initialising outlier sensor data for  Nitrogen_dioxide 
[shiny, Outliers.Sens$Forced] INFO, Initialising filtered data columns for  Ozone 
[shiny, Outliers.Sens$Forced] INFO, Discarding sensor data for Warming for  Ozone 
[shiny, Outliers.Sens$Forced] INFO, Excluding sensor data outside temperature and RH validity ranges for  Ozone 
[shiny, Outliers.Sens$Forced] INFO, Excluding invalid sensor data for  Ozone 
[shiny, Outliers.Sens$Forced] INFO, initialising outlier sensor data for  Ozone 
Called from: eval(expr, p)
debug at S:\Box Sync\AirSensEUR\Fieldtests\Shiny/app.R#5126: which(x < 0)
[shiny, ind.ref()] INFO, Initialising filtered reference data columns for  Ref.CO_ppm 
[shiny, ind.ref()] INFO, initialising outlier sensor data for  Ref.CO_ppm 
[shiny, ind.ref.out()] INFO, detecting row indexes of outliers in reference data for  Ref.CO_ppm 
[Shiny, ind.ref.out()] ERROR, Warning no reference values impossible to discard outliers
[shiny, ind.ref()] INFO, Initialising filtered reference data columns for  Ref.NO 
[shiny, ind.ref()] INFO, initialising outlier sensor data for  Ref.NO 
[shiny, ind.ref.out()] INFO, detecting row indexes of outliers in reference data for  Ref.NO 
[Shiny, ind.ref.out()] ERROR, Warning no reference values impossible to discard outliers
[shiny, ind.ref()] INFO, Initialising filtered reference data columns for  Ref.NO2 
[shiny, ind.ref()] INFO, initialising outlier sensor data for  Ref.NO2 
[shiny, ind.ref.out()] INFO, detecting row indexes of outliers in reference data for  Ref.NO2 
[Shiny, ind.ref.out()] ERROR, Warning no reference values impossible to discard outliers
[shiny, ind.ref()] INFO, Initialising filtered reference data columns for  Ref.O3 
[shiny, ind.ref()] INFO, initialising outlier sensor data for  Ref.O3 
[shiny, ind.ref.out()] INFO, detecting row indexes of outliers in reference data for  Ref.O3 
[Shiny, ind.ref.out()] ERROR, Warning no reference values impossible to discard outliers

-----------------------------------------------------------------------------------
[shiny, General.cal()] INFO, Outliers.Sens$Forced is : TRUE
[shiny, General.cal()] INFO, Outliers.Ref$Forced is : TRUE
[shiny, General.cal()] INFO, Conv$Forced is : TRUE
[shiny, General.cal()] INFO, Cal$Forced is : TRUE
-----------------------------------------------------------------------------------

-----------------------------------------------------------------------------------
[shiny, General.conv()] INFO, digital to volt conversion for all sensors on the shields
[shiny, Cal$Forced] INFO, there is no calibration function for sensors: COA4
-----------------------------------------------------------------------------------
Called from: eval(expr, p)
debug at S:\Box Sync\AirSensEUR\Fieldtests\Shiny/app.R#5126: which(x < 0)
[shiny, ind.ref()] INFO, Initialising filtered reference data columns for  Ref.CO_ppm 
[shiny, ind.ref()] INFO, initialising outlier sensor data for  Ref.CO_ppm 
[shiny, ind.ref.out()] INFO, detecting row indexes of outliers in reference data for  Ref.CO_ppm 
[Shiny, ind.ref.out()] ERROR, Warning no reference values impossible to discard outliers
[shiny, ind.ref()] INFO, Initialising filtered reference data columns for  Ref.NO 
[shiny, ind.ref()] INFO, initialising outlier sensor data for  Ref.NO 
[shiny, ind.ref.out()] INFO, detecting row indexes of outliers in reference data for  Ref.NO 
[Shiny, ind.ref.out()] ERROR, Warning no reference values impossible to discard outliers
[shiny, ind.ref()] INFO, Initialising filtered reference data columns for  Ref.NO2 
[shiny, ind.ref()] INFO, initialising outlier sensor data for  Ref.NO2 
[shiny, ind.ref.out()] INFO, detecting row indexes of outliers in reference data for  Ref.NO2 
[Shiny, ind.ref.out()] ERROR, Warning no reference values impossible to discard outliers
[shiny, ind.ref()] INFO, Initialising filtered reference data columns for  Ref.O3 
[shiny, ind.ref()] INFO, initialising outlier sensor data for  Ref.O3 
[shiny, ind.ref.out()] INFO, detecting row indexes of outliers in reference data for  Ref.O3 
[Shiny, ind.ref.out()] ERROR, Warning no reference values impossible to discard outliers

-----------------------------------------------------------------------------------
[shiny, General.cal()] INFO, Outliers.Sens$Forced is : TRUE
[shiny, General.cal()] INFO, Outliers.Ref$Forced is : TRUE
[shiny, General.cal()] INFO, Conv$Forced is : FALSE
[shiny, General.cal()] INFO, Cal$Forced is : TRUE
-----------------------------------------------------------------------------------
[shiny, Cal$Forced] INFO, there is no calibration function for sensors: COA4
-----------------------------------------------------------------------------------

-----------------------------------------------------------------------------------
[shiny, General.cal()] INFO, Outliers.Sens$Forced is : FALSE
[shiny, General.cal()] INFO, Outliers.Ref$Forced is : FALSE
[shiny, General.cal()] INFO, Conv$Forced is : FALSE
[shiny, General.cal()] INFO, Cal$Forced is : TRUE
-----------------------------------------------------------------------------------
[shiny, Cal$Forced] INFO, there is no calibration function for sensors: COA4
-----------------------------------------------------------------------------------

-----------------------------------------------------------------------------------
[shiny, General.cal()] INFO, Outliers.Sens$Forced is : FALSE
[shiny, General.cal()] INFO, Outliers.Ref$Forced is : FALSE
[shiny, General.cal()] INFO, Conv$Forced is : FALSE
[shiny, General.cal()] INFO, Cal$Forced is : FALSE
-----------------------------------------------------------------------------------
-----------------------------------------------------------------------------------
[shiny, Selected] INFO Starting log file S:/Box Sync/AirSensEUR/Fieldtests/Shiny/40458D/scriptsLog/console_2020-01-08.log
-----------------------------------------------------------------------------------
[ASEConfig.R] INFO 2017-12-07 Functions Config() and SETTIME transfered to Function4ASE.R to simplify maintenance
[ASEConfig.R] INFO 2017-12-07 SUGGESTION to manage the directories of ASE box instaed of file ASECOnfigxxxx.R
-----------------------------------------------------------------------------------
-----------------------------------------------------------------------------------
-----------------------------------------------------------------------------------
[CONFIG] Info, the config file S:/Box Sync/AirSensEUR/Fieldtests/Shiny/AirSensEUR15/General_data/AirSensEUR15_Servers.cfg for the configuration of servers exists
[CONFIG] Info, the config file S:/Box Sync/AirSensEUR/Fieldtests/Shiny/AirSensEUR15/General_data/AirSensEUR15.cfg for the configuration of AirSensEUR exists
-----------------------------------------------------------------------------------
-----------------------------------------------------------------------------------
[CONFIG] INFO, the file with covariates to plot S:/Box Sync/AirSensEUR/Fieldtests/Shiny/AirSensEUR15/General_data/AirSensEUR15_Covariates_COA4.cfg exists 
[CONFIG] INFO, the file with covariates to calibrate S:/Box Sync/AirSensEUR/Fieldtests/Shiny/AirSensEUR15/General_data/AirSensEUR15_CovMod_COA4.cfg exists 
[CONFIG] INFO, the file with covariates to plot S:/Box Sync/AirSensEUR/Fieldtests/Shiny/AirSensEUR15/General_data/AirSensEUR15_Covariates_NOB4.cfg exists 
[CONFIG] INFO, the file with covariates to calibrate S:/Box Sync/AirSensEUR/Fieldtests/Shiny/AirSensEUR15/General_data/AirSensEUR15_CovMod_NOB4.cfg exists 
[CONFIG] INFO, the file with covariates to plot S:/Box Sync/AirSensEUR/Fieldtests/Shiny/AirSensEUR15/General_data/AirSensEUR15_Covariates_NO2B43F.cfg exists 
[CONFIG] INFO, the file with covariates to calibrate S:/Box Sync/AirSensEUR/Fieldtests/Shiny/AirSensEUR15/General_data/AirSensEUR15_CovMod_NO2B43F.cfg exists 
[CONFIG] INFO, the file with covariates to plot S:/Box Sync/AirSensEUR/Fieldtests/Shiny/AirSensEUR15/General_data/AirSensEUR15_Covariates_OX_A431.cfg exists 
[CONFIG] INFO, the file with covariates to calibrate S:/Box Sync/AirSensEUR/Fieldtests/Shiny/AirSensEUR15/General_data/AirSensEUR15_CovMod_OX_A431.cfg exists 
-----------------------------------------------------------------------------------
-----------------------------------------------------------------------------------
-----------------------------------------------------------------------------------
-----------------------------------------------------------------------------------
-----------------------------------------------------------------------------------
[Check_Download] INFO, Checking 
S:/Box Sync/AirSensEUR/Fieldtests/Shiny/AirSensEUR15/General_data/airsenseur.db
S:/Box Sync/AirSensEUR/Fieldtests/Shiny/AirSensEUR15/General_data/General.csv
S:/Box Sync/AirSensEUR/Fieldtests/Shiny/AirSensEUR15/General_data/RefData.csv
S:/Box Sync/AirSensEUR/Fieldtests/Shiny/AirSensEUR15/General_data/SOSData.csv 
S:/Box Sync/AirSensEUR/Fieldtests/Shiny/AirSensEUR15/General_data/InfluxData.csv
 in S:/Box Sync/AirSensEUR/Fieldtests/Shiny/AirSensEUR15/General_data
[Check_Download] INFO, sensor data are going to be retrieved. Start date for data download: 2019-12-12 15:02:00
[Check_Download] INFO, reference data are going to be retrieved. Start new reference data at : 2019-12-12 07:20:00
[Check_Download] INFO, sensor data are going to be retrieved. Start date for data download: 2019-12-12 15:00:00
[Check_Download] INFO, S:/Box Sync/AirSensEUR/Fieldtests/Shiny/AirSensEUR15/General_data/SOSData.csv does not exist. It should be created, SOS sensor data should be retrieved.
[Check_Download] INFO, S:/Box Sync/AirSensEUR/Fieldtests/Shiny/AirSensEUR15/General_data/airsenseur.db exists.
[Check_Download] INFO, The database S:/Box Sync/AirSensEUR/Fieldtests/Shiny/AirSensEUR15/General_data/airsenseur.db includes the table AirSensEUR15 with the columns: time, altitude, boardTimeStamp, gpsTimestamp, latitude, longitude, sampleEvaluatedVal, sampleRawVal, channel, name
[Check_Download] INFO, SOS sensor data are going to be retrieved. Start date for data download: 2019-12-12 15:00:00
$Ref.Rdata.file
[1] "S:/Box Sync/AirSensEUR/Fieldtests/Shiny/AirSensEUR15/General_data/RefData.csv"

$Influx.Rdata.file
[1] "S:/Box Sync/AirSensEUR/Fieldtests/Shiny/AirSensEUR15/General_data/InfluxData.csv"

$SOS.file
[1] "S:/Box Sync/AirSensEUR/Fieldtests/Shiny/AirSensEUR15/General_data/SOSData.csv"

$General.Rdata.file
[1] "S:/Box Sync/AirSensEUR/Fieldtests/Shiny/AirSensEUR15/General_data/General.csv"

$airsenseur.db.file
[1] "S:/Box Sync/AirSensEUR/Fieldtests/Shiny/AirSensEUR15/General_data/airsenseur.db"

$WDinput
[1] "S:/Box Sync/AirSensEUR/Fieldtests/Shiny/AirSensEUR15/General_data"

$ExistFil.data.db
[1] TRUE

$Retrieve.data.db
[1] TRUE

$DateIN.db.prev
[1] "2019-11-06T09:56:00Z"

$DateEND.db.prev
[1] "2019-12-12T15:00:00Z"

$ExistFil.data.Ref
[1] TRUE

$Retrieve.data.Ref
[1] TRUE

$DateIN.Ref.prev
[1] "2019-11-06 UTC"

$DateEND.Ref.prev
[1] "2019-12-12 07:20:00 UTC"

$Var.Ref.prev
[1] "date"       "Ref.CO_ppm" "Ref.Temp"   "Ref.O3"     "Ref.NO2"    "Ref.NO"     "Ref.Long"   "Ref.Lat"   

$ExistFil.data.Influx
[1] TRUE

$Retrieve.data.Influx
[1] TRUE

$DateIN.Influx.prev
[1] "2019-11-06 09:56:00 UTC"

$DateEND.Influx.prev
[1] "2019-12-12 15:00:00 UTC"

$ExistFil.data.SOS
[1] FALSE

$Retrieve.data.SOS
[1] TRUE

$DateIN.SOS.prev
NULL

$DateEND.SOS.prev
NULL

$ExistFil.data.General
[1] TRUE

$Retrieve.data.General
[1] TRUE

$DateIN.General.prev
[1] "2019-11-06 09:58:00 UTC"

$DateEND.General.prev
[1] "2019-12-12 15:02:00 UTC"

-----------------------------------------------------------------------------------
-----------------------------------------------------------------------------------
[SETTIME] Info, the config file S:/Box Sync/AirSensEUR/Fieldtests/Shiny/AirSensEUR15/General_data/AirSensEUR15_SETTIME.cfg for the configuration of AirSensEUR exists
[SETTIME] INFO Saving the ASE_name_SETTIME.cfg with correct name of sensors.
-----------------------------------------------------------------------------------
-----------------------------------------------------------------------------------
[shiny] INFO creating the file system for data treatment at S:/Box Sync/AirSensEUR/Fieldtests/Shiny/AirSensEUR15  if it does not exist
[shiny, Selected] INFO Dir. already exists: S:/Box Sync/AirSensEUR/Fieldtests/Shiny/AirSensEUR15/Calibration
[shiny, Selected] INFO Dir. already exists: S:/Box Sync/AirSensEUR/Fieldtests/Shiny/AirSensEUR15/Drift
[shiny, Selected] INFO Dir. already exists: S:/Box Sync/AirSensEUR/Fieldtests/Shiny/AirSensEUR15/Estimated_coef
[shiny, Selected] INFO Dir. already exists: S:/Box Sync/AirSensEUR/Fieldtests/Shiny/AirSensEUR15/General_data
[shiny, Selected] INFO Dir. already exists: S:/Box Sync/AirSensEUR/Fieldtests/Shiny/AirSensEUR15/Models
[shiny, Selected] INFO Dir. already exists: S:/Box Sync/AirSensEUR/Fieldtests/Shiny/AirSensEUR15/Modelled_gas
[shiny, Selected] INFO Dir. already exists: S:/Box Sync/AirSensEUR/Fieldtests/Shiny/AirSensEUR15/Outliers
[shiny, Selected] INFO Dir. already exists: S:/Box Sync/AirSensEUR/Fieldtests/Shiny/AirSensEUR15/scriptsLog
[shiny, Selected] INFO Dir. already exists: S:/Box Sync/AirSensEUR/Fieldtests/Shiny/AirSensEUR15/SensorData
[shiny, Selected] INFO Dir. already exists: S:/Box Sync/AirSensEUR/Fieldtests/Shiny/AirSensEUR15/Retrieved_plots
[shiny, Selected] INFO Dir. already exists: S:/Box Sync/AirSensEUR/Fieldtests/Shiny/AirSensEUR15/Statistics
[shiny, Selected] INFO Dir. already exists: S:/Box Sync/AirSensEUR/Fieldtests/Shiny/AirSensEUR15/Verification_plots
-----------------------------------------------------------------------------------
[shiny, Selected] INFO Change the working directory to: S:/Box Sync/AirSensEUR/Fieldtests/Shiny/AirSensEUR15
[1] "Number of sink channels opened: 1. Closing opened channels"
