#######################
INFO [2020-08-21 12:34:29] [Auto.Cal] 40641B, sensor OX_A431_P1 fitting Linear.Robust models.
-----------------------
INFO [2020-08-21 12:34:30] [Auto.Cal] Comparing Linear.Robust models:
INFO [2020-08-21 12:34:30] Model : 40641B__OX_A431_P1__nA__Linear.Robust__20200119__20200124____.rdata
WARN [2020-08-21 12:34:30] [Compare_Models] General.csv for 40641B not loaded.
INFO [2020-08-21 12:34:31] Model : 40641B__OX_A431_P1__nA__Linear.Robust__20200120__20200125____.rdata
WARN [2020-08-21 12:34:31] [Compare_Models] General.csv for 40641B not loaded.
INFO [2020-08-21 12:34:31] Model : 40641B__OX_A431_P1__nA__Linear.Robust__20200121__20200126____.rdata
WARN [2020-08-21 12:34:31] [Compare_Models] General.csv for 40641B not loaded.
INFO [2020-08-21 12:34:31] Model : 40641B__OX_A431_P1__nA__Linear.Robust__20200122__20200127____.rdata
WARN [2020-08-21 12:34:31] [Compare_Models] General.csv for 40641B not loaded.
INFO [2020-08-21 12:34:32] Model : 40641B__OX_A431_P1__nA__Linear.Robust__20200123__20200128____.rdata
WARN [2020-08-21 12:34:32] [Compare_Models] General.csv for 40641B not loaded.
INFO [2020-08-21 12:34:32] Model : 40641B__OX_A431_P1__nA__Linear.Robust__20200124__20200129____.rdata
WARN [2020-08-21 12:34:32] [Compare_Models] General.csv for 40641B not loaded.
INFO [2020-08-21 12:34:32] Model : 40641B__OX_A431_P1__nA__Linear.Robust__20200125__20200130____.rdata
WARN [2020-08-21 12:34:32] [Compare_Models] General.csv for 40641B not loaded.
INFO [2020-08-21 12:34:33] Model : 40641B__OX_A431_P1__nA__Linear.Robust__20200126__20200131____.rdata
WARN [2020-08-21 12:34:33] [Compare_Models] General.csv for 40641B not loaded.
-----------------------
INFO [2020-08-21 12:34:33] [Auto.Cal] Creating calibration Median Model with the median of coefficients of the rolling Linear.Robust models.
INFO [2020-08-21 12:34:33] [Median_Model] ASE box 40641B, sensor  OX_A431_P1, creating rolling Linear.Robust models between 2020-01-19
and 2020-01-31 with median of coefficients of models.
# A tibble: 2 x 11
  term        estimate std.error statistic p.value tau                                                                             MAD conf.low conf.high `t value`   `Pr(>|t|)`
  <chr>          <dbl>     <dbl>     <dbl>   <dbl> <chr>                                                                         <dbl>    <dbl>     <dbl>     <dbl>        <dbl>
1 (Intercept)  -15.2      0.462      -218.       0 Median of coefficients of rolling calibration models with interval of 5 days 0.335   -15.7     -14.7      -33.0  0.0000000518
2 x             -0.456    0.0539     -135.       0 Median of coefficients of rolling calibration models with interval of 5 days 0.0338   -0.506    -0.406     -8.46 0.000149    
# A tibble: 1 x 7
  tau                                            logLik    AIC    BIC r.squared adj.r.squared  RMSE
  <chr>                                           <dbl>  <dbl>  <dbl>     <dbl>         <dbl> <dbl>
1 Median of coefficients of rolling calibration -46019. 92045. 92068.     0.559         0.559  4.21
-----------------------
INFO [2020-08-21 12:34:34] [Auto.Cal] Looking for significant covariates that could be added to the Linear.Robust calibration model:
INFO [2020-08-21 12:34:41] [List_Covariates] ASE box 40641B, sensor  OX_A431_P1, matrix of correlation between 2020-01-17 and 2020-01-30
INFO [2020-08-21 12:34:41] [Auto.Cal] the list of significant covariates that could be added to the Linear.Robust calibration model of OX_A431_P1 is:
              row.names OX_A431_P1_volt Ozone_modelled   Out.Ref.O3  Residuals
1:     NO2_B43F_P1_volt     0.412300263    0.412300263 0.0015629351 0.82454689
2:    Absolute_humidity     0.156225958    0.156225958 0.0144104953 0.18134749
3:                DRIFT     0.064736727    0.064736727 0.0097656326 0.05661714
4:        NO_B4_P1_volt     0.009741278    0.009741278 0.0003688374 0.03082735
5: Atmospheric_pressure     0.081177030    0.081177030 0.0245232633 0.04337071
-----------------------
INFO [2020-08-21 12:34:41] [Auto.Cal] Looking for covariate 1 to be added to the calibration function.
INFO [2020-08-21 12:34:41] [Auto.Cal] setting new First.covariates using the covariates correlated with residuals of the previous calibration model.
INFO [2020-08-21 12:34:41] [Auto.Cal] Adding the requested Relationships on top of the new First.covariates
INFO [2020-08-21 12:34:41] [Auto.Cal] request to drop parameter "DRIFT" from possible significant covariates
INFO [2020-08-21 12:34:41] [Auto.Cal] request to drop parameters 5310CAT_volt, OPCN3PM10_volt, Atmospheric_pressure, Relative_humidity_int from possible significant covariates
INFO [2020-08-21 12:34:41] [Auto.Cal] Possible ordered covariates: NO2_B43F_P1_volt, Absolute_humidity, NO_B4_P1_volt
-----------------------
INFO [2020-08-21 12:34:41] [Auto.Cal] Covariate "NO2_B43F_P1_volt" has a Variance Inflation factor of 1.00156687478179, lower than threshold: 10,
"NO2_B43F_P1_volt" does not show multicolinearity with other independent variables. It can be included into the calibration model.
-----------------------
-----------------------
INFO [2020-08-21 12:34:41] [Auto.Cal] Fitting calibration model with 1 covariate(s): NO2_B43F_P1_volt
-----------------------
INFO [2020-08-21 12:34:42] [Auto.Cal] Comparing rolling models.
INFO [2020-08-21 12:34:42] Model : 40641B__OX_A431_P1__nA__MultiLinear__20200119__20200124__NO2_B43F_P1_volt-1__.rdata
WARN [2020-08-21 12:34:42] [Compare_Models] General.csv for 40641B not loaded.
INFO [2020-08-21 12:34:43] Model : 40641B__OX_A431_P1__nA__MultiLinear__20200120__20200125__NO2_B43F_P1_volt-1__.rdata
WARN [2020-08-21 12:34:43] [Compare_Models] General.csv for 40641B not loaded.
INFO [2020-08-21 12:34:44] Model : 40641B__OX_A431_P1__nA__MultiLinear__20200121__20200126__NO2_B43F_P1_volt-1__.rdata
WARN [2020-08-21 12:34:44] [Compare_Models] General.csv for 40641B not loaded.
INFO [2020-08-21 12:34:44] Model : 40641B__OX_A431_P1__nA__MultiLinear__20200122__20200127__NO2_B43F_P1_volt-1__.rdata
WARN [2020-08-21 12:34:44] [Compare_Models] General.csv for 40641B not loaded.
INFO [2020-08-21 12:34:45] Model : 40641B__OX_A431_P1__nA__MultiLinear__20200123__20200128__NO2_B43F_P1_volt-1__.rdata
WARN [2020-08-21 12:34:45] [Compare_Models] General.csv for 40641B not loaded.
INFO [2020-08-21 12:34:45] Model : 40641B__OX_A431_P1__nA__MultiLinear__20200124__20200129__NO2_B43F_P1_volt-1__.rdata
WARN [2020-08-21 12:34:45] [Compare_Models] General.csv for 40641B not loaded.
INFO [2020-08-21 12:34:46] Model : 40641B__OX_A431_P1__nA__MultiLinear__20200125__20200130__NO2_B43F_P1_volt-1__.rdata
WARN [2020-08-21 12:34:46] [Compare_Models] General.csv for 40641B not loaded.
INFO [2020-08-21 12:34:47] Model : 40641B__OX_A431_P1__nA__MultiLinear__20200126__20200131__NO2_B43F_P1_volt-1__.rdata
WARN [2020-08-21 12:34:47] [Compare_Models] General.csv for 40641B not loaded.
-----------------------
INFO [2020-08-21 12:34:47] [Auto.Cal] Creating Median Model with the median of coefficents of rolling models.
-----------------------
INFO [2020-08-21 12:34:47] [Median_Model] ASE box 40641B, sensor  OX_A431_P1, creating rolling MultiLinear models between 2020-01-19
and 2020-01-31 with median of coefficients of models.
# A tibble: 3 x 11
  term             estimate std.error statistic p.value    MAD conf.low conf.high `t value`  `Pr(>|t|)` tau                                                                        
  <chr>               <dbl>     <dbl>     <dbl>   <dbl>  <dbl>    <dbl>     <dbl>     <dbl>       <dbl> <chr>                                                                      
1 (Intercept)         2.61     0.253       43.2       0 0.340     2.11      3.11       10.3 0.0000485   Median of coefficients of rolling calibration models with interval of 5 da~
2 x                  -0.371    0.0203    -424.        0 0.0257   -0.409    -0.333     -18.3 0.00000172  Median of coefficients of rolling calibration models with interval of 5 da~
3 NO2_B43F_P1_volt    0.958    0.0327     347.        0 0.0434    0.893     1.02       29.3 0.000000104 Median of coefficients of rolling calibration models with interval of 5 da~
# A tibble: 1 x 7
  r.squared adj.r.squared  logLik    AIC    BIC  nobs  RMSE
      <dbl>         <dbl>   <dbl>  <dbl>  <dbl> <int> <dbl>
1     0.951         0.951 -28379. 56766. 56797. 16105  1.41
-----------------------
INFO [2020-08-21 12:34:47] [Auto.Cal] The Akaike Information Criterion (AIC) of the current model is 56766.3283671527. It is lower than the AIC of the precedent model 92044.9040894169.
INFO [2020-08-21 12:34:47] [Auto.Cal] Adding of covariate NO2_B43F_P1_volt improves the fit of the calibration model.
-----------------------
INFO [2020-08-21 12:34:47] [Auto.Cal] Checking if any coefficient of model is not significant, except for the intercept
INFO [2020-08-21 12:34:47] [Auto.Cal] All coefficients of the calibration model with covariate(s) NO2_B43F_P1_volt are significantly different from 0
INFO [2020-08-21 12:34:47] [Auto.Cal] covariate: NO2_B43F_P1_volt is included into the model.
INFO [2020-08-21 12:34:55] [List_Covariates] ASE box 40641B, sensor  OX_A431_P1, matrix of correlation between 2020-01-17 and 2020-01-30
INFO [2020-08-21 12:34:55] [Auto.Cal] ordered list of covariates that are correlated with residuals of the current calibration model for OX_A431_P1
              row.names OX_A431_P1_volt Ozone_modelled   Out.Ref.O3   Residuals
1:    Absolute_humidity     0.156225958   0.0003316907 0.0144104953 0.114600993
2:                DRIFT     0.064736727   0.0005320425 0.0097656326 0.065320565
3: Atmospheric_pressure     0.081177030   0.0072234174 0.0245232633 0.049450640
4:        NO_B4_P1_volt     0.009741278   0.0011294523 0.0003688374 0.006334478
5:     NO2_B43F_P1_volt     0.412300263   0.0014161661 0.0015629351 0.001059628
-----------------------
INFO [2020-08-21 12:34:56] [Auto.Cal] Looking for covariate 2 to be added to the calibration function.
INFO [2020-08-21 12:34:56] [Auto.Cal] setting new First.covariates using the covariates correlated with residuals of the previous calibration model.
INFO [2020-08-21 12:34:56] [Auto.Cal] Adding the requested Relationships on top of the new First.covariates
INFO [2020-08-21 12:34:56] [Auto.Cal] request to drop parameter "DRIFT" from possible significant covariates
INFO [2020-08-21 12:34:56] [Auto.Cal] request to drop parameters 5310CAT_volt, OPCN3PM10_volt, Atmospheric_pressure, Relative_humidity_int from possible significant covariates
INFO [2020-08-21 12:34:56] [Auto.Cal] Possible ordered covariates: NO2_B43F_P1_volt, Absolute_humidity, NO_B4_P1_volt
-----------------------
INFO [2020-08-21 12:34:56] [Auto.Cal] Covariate "Absolute_humidity" has a Variance Inflation factor of 1.62635494147643, lower than threshold: 10,
"Absolute_humidity" does not show multicolinearity with other independent variables. It can be included into the calibration model.
-----------------------
-----------------------
INFO [2020-08-21 12:34:56] [Auto.Cal] Fitting calibration model with 2 covariate(s): NO2_B43F_P1_volt, Absolute_humidity
-----------------------
INFO [2020-08-21 12:34:57] [Auto.Cal] Comparing rolling models.
INFO [2020-08-21 12:34:57] Model : 40641B__OX_A431_P1__nA__MultiLinear__20200119__20200124__NO2_B43F_P1_volt-1&Absolute_humidity-1__.rdata
WARN [2020-08-21 12:34:57] [Compare_Models] General.csv for 40641B not loaded.
INFO [2020-08-21 12:34:57] Model : 40641B__OX_A431_P1__nA__MultiLinear__20200120__20200125__NO2_B43F_P1_volt-1&Absolute_humidity-1__.rdata
WARN [2020-08-21 12:34:57] [Compare_Models] General.csv for 40641B not loaded.
INFO [2020-08-21 12:34:58] Model : 40641B__OX_A431_P1__nA__MultiLinear__20200121__20200126__NO2_B43F_P1_volt-1&Absolute_humidity-1__.rdata
WARN [2020-08-21 12:34:58] [Compare_Models] General.csv for 40641B not loaded.
INFO [2020-08-21 12:34:59] Model : 40641B__OX_A431_P1__nA__MultiLinear__20200122__20200127__NO2_B43F_P1_volt-1&Absolute_humidity-1__.rdata
WARN [2020-08-21 12:34:59] [Compare_Models] General.csv for 40641B not loaded.
INFO [2020-08-21 12:34:59] Model : 40641B__OX_A431_P1__nA__MultiLinear__20200123__20200128__NO2_B43F_P1_volt-1&Absolute_humidity-1__.rdata
WARN [2020-08-21 12:34:59] [Compare_Models] General.csv for 40641B not loaded.
INFO [2020-08-21 12:35:00] Model : 40641B__OX_A431_P1__nA__MultiLinear__20200124__20200129__NO2_B43F_P1_volt-1&Absolute_humidity-1__.rdata
WARN [2020-08-21 12:35:00] [Compare_Models] General.csv for 40641B not loaded.
INFO [2020-08-21 12:35:00] Model : 40641B__OX_A431_P1__nA__MultiLinear__20200125__20200130__NO2_B43F_P1_volt-1&Absolute_humidity-1__.rdata
WARN [2020-08-21 12:35:00] [Compare_Models] General.csv for 40641B not loaded.
INFO [2020-08-21 12:35:01] Model : 40641B__OX_A431_P1__nA__MultiLinear__20200126__20200131__NO2_B43F_P1_volt-1&Absolute_humidity-1__.rdata
WARN [2020-08-21 12:35:01] [Compare_Models] General.csv for 40641B not loaded.
-----------------------
INFO [2020-08-21 12:35:02] [Auto.Cal] Creating Median Model with the median of coefficents of rolling models.
-----------------------
INFO [2020-08-21 12:35:02] [Median_Model] ASE box 40641B, sensor  OX_A431_P1, creating rolling MultiLinear models between 2020-01-19
and 2020-01-31 with median of coefficients of models.
# A tibble: 4 x 11
  term              estimate std.error statistic   p.value    MAD conf.low conf.high `t value` `Pr(>|t|)` tau                                                                      
  <chr>                <dbl>     <dbl>     <dbl>     <dbl>  <dbl>    <dbl>     <dbl>     <dbl>      <dbl> <chr>                                                                    
1 (Intercept)          0.389    0.814       21.8 1.70e-103 1.10     -1.24      2.01      0.478 0.650      Median of coefficients of rolling calibration models with interval of 5 ~
2 x                   -0.384    0.0235    -458.  0.        0.0315   -0.431    -0.338   -16.4   0.00000329 Median of coefficients of rolling calibration models with interval of 5 ~
3 NO2_B43F_P1_volt     1.08     0.0642     326.  0.        0.0703    0.975     1.18     16.8   0.00000283 Median of coefficients of rolling calibration models with interval of 5 ~
4 Absolute_humidity    1.04     0.440       55.0 0.        0.603     0.143     1.93      2.36  0.0563     Median of coefficients of rolling calibration models with interval of 5 ~
# A tibble: 1 x 7
  r.squared adj.r.squared  logLik    AIC    BIC  nobs  RMSE
      <dbl>         <dbl>   <dbl>  <dbl>  <dbl> <int> <dbl>
1     0.957         0.957 -26115. 52240. 52278. 15440  1.31
-----------------------
INFO [2020-08-21 12:35:02] [Auto.Cal] The Akaike Information Criterion (AIC) of the current model is 52240.2355496661. It is lower than the AIC of the precedent model 56766.3283671527.
INFO [2020-08-21 12:35:02] [Auto.Cal] Adding of covariate Absolute_humidity improves the fit of the calibration model.
-----------------------
INFO [2020-08-21 12:35:02] [Auto.Cal] Checking if any coefficient of model is not significant, except for the intercept
INFO [2020-08-21 12:35:02] [Auto.Cal] All coefficients of the calibration model with covariate(s) NO2_B43F_P1_volt, Absolute_humidity are significantly different from 0
INFO [2020-08-21 12:35:02] [Auto.Cal] covariate: Absolute_humidity is included into the model.
INFO [2020-08-21 12:35:09] [List_Covariates] ASE box 40641B, sensor  OX_A431_P1, matrix of correlation between 2020-01-17 and 2020-01-30
INFO [2020-08-21 12:35:09] [Auto.Cal] ordered list of covariates that are correlated with residuals of the current calibration model for OX_A431_P1
              row.names OX_A431_P1_volt Ozone_modelled   Out.Ref.O3   Residuals
1: Atmospheric_pressure     0.081177030    0.048826697 0.0245232633 0.069951608
2:        NO_B4_P1_volt     0.009741278    0.002691630 0.0003688374 0.029931802
3:    Absolute_humidity     0.156225958    0.026232426 0.0144104953 0.029207424
4:                DRIFT     0.064736727    0.020377666 0.0097656326 0.023255963
5:     NO2_B43F_P1_volt     0.412300263    0.004299699 0.0015629351 0.003313176
-----------------------
INFO [2020-08-21 12:35:09] [Auto.Cal] Looking for covariate 3 to be added to the calibration function.
INFO [2020-08-21 12:35:09] [Auto.Cal] setting new First.covariates using the covariates correlated with residuals of the previous calibration model.
INFO [2020-08-21 12:35:09] [Auto.Cal] Adding the requested Relationships on top of the new First.covariates
INFO [2020-08-21 12:35:09] [Auto.Cal] request to drop parameter "DRIFT" from possible significant covariates
INFO [2020-08-21 12:35:09] [Auto.Cal] request to drop parameters 5310CAT_volt, OPCN3PM10_volt, Atmospheric_pressure, Relative_humidity_int from possible significant covariates
INFO [2020-08-21 12:35:09] [Auto.Cal] Possible ordered covariates: NO2_B43F_P1_volt, Absolute_humidity, NO_B4_P1_volt
-----------------------
INFO [2020-08-21 12:35:10] [Auto.Cal] Covariate "NO_B4_P1_volt" has a Variance Inflation factor of 1.08398683264731, lower than threshold: 10,
"NO_B4_P1_volt" does not show multicolinearity with other independent variables. It can be included into the calibration model.
-----------------------
-----------------------
INFO [2020-08-21 12:35:10] [Auto.Cal] Fitting calibration model with 3 covariate(s): NO2_B43F_P1_volt, Absolute_humidity, NO_B4_P1_volt
-----------------------
INFO [2020-08-21 12:35:11] [Auto.Cal] Comparing rolling models.
INFO [2020-08-21 12:35:11] Model : 40641B__OX_A431_P1__nA__MultiLinear__20200119__20200124__NO2_B43F_P1_volt-1&Absolute_humidity-1&NO_B4_P1_volt-1__.rdata
WARN [2020-08-21 12:35:11] [Compare_Models] General.csv for 40641B not loaded.
INFO [2020-08-21 12:35:12] Model : 40641B__OX_A431_P1__nA__MultiLinear__20200120__20200125__NO2_B43F_P1_volt-1&Absolute_humidity-1&NO_B4_P1_volt-1__.rdata
WARN [2020-08-21 12:35:12] [Compare_Models] General.csv for 40641B not loaded.
INFO [2020-08-21 12:35:12] Model : 40641B__OX_A431_P1__nA__MultiLinear__20200121__20200126__NO2_B43F_P1_volt-1&Absolute_humidity-1&NO_B4_P1_volt-1__.rdata
WARN [2020-08-21 12:35:12] [Compare_Models] General.csv for 40641B not loaded.
INFO [2020-08-21 12:35:13] Model : 40641B__OX_A431_P1__nA__MultiLinear__20200122__20200127__NO2_B43F_P1_volt-1&Absolute_humidity-1&NO_B4_P1_volt-1__.rdata
WARN [2020-08-21 12:35:13] [Compare_Models] General.csv for 40641B not loaded.
INFO [2020-08-21 12:35:13] Model : 40641B__OX_A431_P1__nA__MultiLinear__20200123__20200128__NO2_B43F_P1_volt-1&Absolute_humidity-1&NO_B4_P1_volt-1__.rdata
WARN [2020-08-21 12:35:13] [Compare_Models] General.csv for 40641B not loaded.
INFO [2020-08-21 12:35:14] Model : 40641B__OX_A431_P1__nA__MultiLinear__20200124__20200129__NO2_B43F_P1_volt-1&Absolute_humidity-1&NO_B4_P1_volt-1__.rdata
WARN [2020-08-21 12:35:14] [Compare_Models] General.csv for 40641B not loaded.
INFO [2020-08-21 12:35:15] Model : 40641B__OX_A431_P1__nA__MultiLinear__20200125__20200130__NO2_B43F_P1_volt-1&Absolute_humidity-1&NO_B4_P1_volt-1__.rdata
WARN [2020-08-21 12:35:15] [Compare_Models] General.csv for 40641B not loaded.
INFO [2020-08-21 12:35:16] Model : 40641B__OX_A431_P1__nA__MultiLinear__20200126__20200131__NO2_B43F_P1_volt-1&Absolute_humidity-1&NO_B4_P1_volt-1__.rdata
WARN [2020-08-21 12:35:16] [Compare_Models] General.csv for 40641B not loaded.
-----------------------
INFO [2020-08-21 12:35:16] [Auto.Cal] Creating Median Model with the median of coefficents of rolling models.
-----------------------
INFO [2020-08-21 12:35:16] [Median_Model] ASE box 40641B, sensor  OX_A431_P1, creating rolling MultiLinear models between 2020-01-19
and 2020-01-31 with median of coefficients of models.
# A tibble: 5 x 11
  term              estimate std.error statistic  p.value     MAD conf.low conf.high `t value` `Pr(>|t|)` tau                                                                      
  <chr>                <dbl>     <dbl>     <dbl>    <dbl>   <dbl>    <dbl>     <dbl>     <dbl>      <dbl> <chr>                                                                    
1 (Intercept)         0.103     0.829       12.4 4.13e-35 0.988    -1.36      1.57       0.124 0.905      Median of coefficients of rolling calibration models with interval of 5 ~
2 x                  -0.386     0.0249    -464.  0.       0.0320   -0.433    -0.338    -15.5   0.00000452 Median of coefficients of rolling calibration models with interval of 5 ~
3 NO2_B43F_P1_volt    1.09      0.0633     323.  0.       0.0778    0.971     1.20      17.1   0.00000252 Median of coefficients of rolling calibration models with interval of 5 ~
4 Absolute_humidity   1.08      0.402       58.6 0.       0.578     0.221     1.93       2.68  0.0365     Median of coefficients of rolling calibration models with interval of 5 ~
5 NO_B4_P1_volt       0.0161    0.0112      20.6 3.77e-93 0.00369   0.0107    0.0216     1.45  0.198      Median of coefficients of rolling calibration models with interval of 5 ~
# A tibble: 1 x 7
  r.squared adj.r.squared  logLik    AIC    BIC  nobs  RMSE
      <dbl>         <dbl>   <dbl>  <dbl>  <dbl> <int> <dbl>
1     0.958         0.958 -26016. 52043. 52089. 15440  1.30
-----------------------
INFO [2020-08-21 12:35:16] [Auto.Cal] The Akaike Information Criterion (AIC) of the current model is 52043.1984821206. It is lower than the AIC of the precedent model 52240.2355496661.
INFO [2020-08-21 12:35:16] [Auto.Cal] Adding of covariate NO_B4_P1_volt improves the fit of the calibration model.
-----------------------
INFO [2020-08-21 12:35:16] [Auto.Cal] Checking if any coefficient of model is not significant, except for the intercept
WARN [2020-08-21 12:35:16] [Auto.Cal] The coefficient of parameter(s) (Intercept) and NO_B4_P1_volt of the current model is(are) not significantly different from 0.
WARN [2020-08-21 12:35:16] [Auto.Cal] The calibration model resulting from adding covariate NO_B4_P1_volt is not valid.
WARN [2020-08-21 12:35:16] [Auto.Cal] Either parameters are unstable when rolling the calibration models or it/they does not influence significantly the sensor responses. Looking for other covariates.

WARN [2020-08-21 12:35:17] [Auto.Cal] NO_B4_P1_volt is discarded from the list of possible covariates because AIC is not improved using it or coefficients of model shows rolling variability.
-----------------------
INFO [2020-08-21 12:35:17] [Auto.Cal] Looking for covariate 3 to be added to the calibration function.
INFO [2020-08-21 12:35:17] [Auto.Cal] Possible ordered covariates: NO2_B43F_P1_volt, Absolute_humidity
INFO [2020-08-21 12:35:17] [Auto.Cal] There are no more covariates to be added to the calibration model.
