#######################
INFO [2020-08-21 11:35:32] [Auto.Cal] 40641B, sensor CO_A4_P1 fitting Linear.Robust models.
-----------------------
INFO [2020-08-21 11:35:33] [Auto.Cal] Comparing Linear.Robust models:
INFO [2020-08-21 11:35:33] Model : 40641B__CO_A4_P1__nA__Linear.Robust__20200119__20200122____.rdata
WARN [2020-08-21 11:35:33] [Compare_Models] General.csv for 40641B not loaded.
INFO [2020-08-21 11:35:33] Model : 40641B__CO_A4_P1__nA__Linear.Robust__20200120__20200123____.rdata
WARN [2020-08-21 11:35:33] [Compare_Models] General.csv for 40641B not loaded.
INFO [2020-08-21 11:35:34] Model : 40641B__CO_A4_P1__nA__Linear.Robust__20200121__20200124____.rdata
WARN [2020-08-21 11:35:34] [Compare_Models] General.csv for 40641B not loaded.
INFO [2020-08-21 11:35:34] Model : 40641B__CO_A4_P1__nA__Linear.Robust__20200122__20200125____.rdata
WARN [2020-08-21 11:35:34] [Compare_Models] General.csv for 40641B not loaded.
INFO [2020-08-21 11:35:35] Model : 40641B__CO_A4_P1__nA__Linear.Robust__20200123__20200126____.rdata
WARN [2020-08-21 11:35:35] [Compare_Models] General.csv for 40641B not loaded.
INFO [2020-08-21 11:35:35] Model : 40641B__CO_A4_P1__nA__Linear.Robust__20200124__20200127____.rdata
WARN [2020-08-21 11:35:35] [Compare_Models] General.csv for 40641B not loaded.
INFO [2020-08-21 11:35:35] Model : 40641B__CO_A4_P1__nA__Linear.Robust__20200125__20200128____.rdata
WARN [2020-08-21 11:35:35] [Compare_Models] General.csv for 40641B not loaded.
INFO [2020-08-21 11:35:36] Model : 40641B__CO_A4_P1__nA__Linear.Robust__20200126__20200129____.rdata
WARN [2020-08-21 11:35:36] [Compare_Models] General.csv for 40641B not loaded.
INFO [2020-08-21 11:35:36] Model : 40641B__CO_A4_P1__nA__Linear.Robust__20200127__20200130____.rdata
WARN [2020-08-21 11:35:36] [Compare_Models] General.csv for 40641B not loaded.
INFO [2020-08-21 11:35:37] Model : 40641B__CO_A4_P1__nA__Linear.Robust__20200128__20200131____.rdata
WARN [2020-08-21 11:35:37] [Compare_Models] General.csv for 40641B not loaded.
-----------------------
INFO [2020-08-21 11:35:37] [Auto.Cal] Creating calibration Median Model with the median of coefficients of the rolling Linear.Robust models.
INFO [2020-08-21 11:35:37] [Median_Model] ASE box 40641B, sensor    CO_A4_P1, creating rolling Linear.Robust models between 2020-01-19
and 2020-01-31 with median of coefficients of models.
# A tibble: 2 x 11
  term        estimate std.error statistic p.value tau                                                                            MAD conf.low conf.high `t value`   `Pr(>|t|)`
  <chr>          <dbl>     <dbl>     <dbl>   <dbl> <chr>                                                                        <dbl>    <dbl>     <dbl>     <dbl>        <dbl>
1 (Intercept)    -37.0      5.91     -149.       0 Median of coefficients of rolling calibration models with interval of 3 days  4.79    -44.1     -29.9     -6.26 0.000243    
2 x              228.      10.2       389.       0 Median of coefficients of rolling calibration models with interval of 3 days  8.76    215.      241.      22.3  0.0000000173
# A tibble: 1 x 7
  tau                                            logLik    AIC    BIC r.squared adj.r.squared  RMSE
  <chr>                                           <dbl>  <dbl>  <dbl>     <dbl>         <dbl> <dbl>
1 Median of coefficients of rolling calibration -37892. 75791. 75812.     0.954         0.954  10.4
-----------------------
INFO [2020-08-21 11:35:37] [Auto.Cal] Looking for significant covariates that could be added to the Linear.Robust calibration model:
INFO [2020-08-21 11:35:48] [List_Covariates] ASE box 40641B, sensor    CO_A4_P1, matrix of correlation between 2020-01-17 and 2020-01-31
INFO [2020-08-21 11:35:48] [Auto.Cal] the list of significant covariates that could be added to the Linear.Robust calibration model of CO_A4_P1 is:
          row.names CO_A4_P1_volt Carbon_monoxide_modelled Out.Ref.CO_ppm  Residuals
1: NO2_B43F_P1_volt   0.038177170              0.038177170    0.030353394 0.09317926
2:    NO_B4_P1_volt   0.004339713              0.004339713    0.044928342 0.10563224
3:            DRIFT   0.011450984              0.011450984    0.007102118 0.01122334
-----------------------
INFO [2020-08-21 11:35:48] [Auto.Cal] Looking for covariate 1 to be added to the calibration function.
INFO [2020-08-21 11:35:48] [Auto.Cal] setting new First.covariates using the covariates correlated with residuals of the previous calibration model.
INFO [2020-08-21 11:35:48] [Auto.Cal] request to drop parameters NO2_B43F_P1_volt from possible significant covariates
INFO [2020-08-21 11:35:48] [Auto.Cal] Possible ordered covariates: NO_B4_P1_volt, DRIFT
-----------------------
INFO [2020-08-21 11:35:48] [Auto.Cal] Covariate "NO_B4_P1_volt" has a Variance Inflation factor of 1.02197002553216, lower than threshold: 10,
"NO_B4_P1_volt" does not show multicolinearity with other independent variables. It can be included into the calibration model.
-----------------------
-----------------------
INFO [2020-08-21 11:35:48] [Auto.Cal] Fitting calibration model with 1 covariate(s): NO_B4_P1_volt
-----------------------
INFO [2020-08-21 11:35:49] [Auto.Cal] Comparing rolling models.
INFO [2020-08-21 11:35:49] Model : 40641B__CO_A4_P1__nA__MultiLinear__20200119__20200122__NO_B4_P1_volt-1__.rdata
WARN [2020-08-21 11:35:49] [Compare_Models] General.csv for 40641B not loaded.
INFO [2020-08-21 11:35:50] Model : 40641B__CO_A4_P1__nA__MultiLinear__20200120__20200123__NO_B4_P1_volt-1__.rdata
WARN [2020-08-21 11:35:50] [Compare_Models] General.csv for 40641B not loaded.
INFO [2020-08-21 11:35:51] Model : 40641B__CO_A4_P1__nA__MultiLinear__20200121__20200124__NO_B4_P1_volt-1__.rdata
WARN [2020-08-21 11:35:51] [Compare_Models] General.csv for 40641B not loaded.
INFO [2020-08-21 11:35:51] Model : 40641B__CO_A4_P1__nA__MultiLinear__20200122__20200125__NO_B4_P1_volt-1__.rdata
WARN [2020-08-21 11:35:51] [Compare_Models] General.csv for 40641B not loaded.
INFO [2020-08-21 11:35:52] Model : 40641B__CO_A4_P1__nA__MultiLinear__20200123__20200126__NO_B4_P1_volt-1__.rdata
WARN [2020-08-21 11:35:52] [Compare_Models] General.csv for 40641B not loaded.
INFO [2020-08-21 11:35:53] Model : 40641B__CO_A4_P1__nA__MultiLinear__20200124__20200127__NO_B4_P1_volt-1__.rdata
WARN [2020-08-21 11:35:53] [Compare_Models] General.csv for 40641B not loaded.
INFO [2020-08-21 11:35:53] Model : 40641B__CO_A4_P1__nA__MultiLinear__20200125__20200128__NO_B4_P1_volt-1__.rdata
WARN [2020-08-21 11:35:53] [Compare_Models] General.csv for 40641B not loaded.
INFO [2020-08-21 11:35:54] Model : 40641B__CO_A4_P1__nA__MultiLinear__20200126__20200129__NO_B4_P1_volt-1__.rdata
WARN [2020-08-21 11:35:54] [Compare_Models] General.csv for 40641B not loaded.
INFO [2020-08-21 11:35:55] Model : 40641B__CO_A4_P1__nA__MultiLinear__20200127__20200130__NO_B4_P1_volt-1__.rdata
WARN [2020-08-21 11:35:55] [Compare_Models] General.csv for 40641B not loaded.
INFO [2020-08-21 11:35:55] Model : 40641B__CO_A4_P1__nA__MultiLinear__20200128__20200131__NO_B4_P1_volt-1__.rdata
WARN [2020-08-21 11:35:55] [Compare_Models] General.csv for 40641B not loaded.
-----------------------
INFO [2020-08-21 11:35:56] [Auto.Cal] Creating Median Model with the median of coefficents of rolling models.
-----------------------
INFO [2020-08-21 11:35:56] [Median_Model] ASE box 40641B, sensor    CO_A4_P1, creating rolling MultiLinear models between 2020-01-19
and 2020-01-31 with median of coefficients of models.
# A tibble: 3 x 11
  term          estimate std.error statistic   p.value   MAD conf.low conf.high `t value`    `Pr(>|t|)` tau                                                                        
  <chr>            <dbl>     <dbl>     <dbl>     <dbl> <dbl>    <dbl>     <dbl>     <dbl>         <dbl> <chr>                                                                      
1 (Intercept)    -29.4       7.17      -79.4 0.        8.42   -41.9    -16.9        -4.10 0.00342       Median of coefficients of rolling calibration models with interval of 3 da~
2 x              223.        8.03      505.  0.        4.00   217.     229.         27.8  0.00000000305 Median of coefficients of rolling calibration models with interval of 3 da~
3 NO_B4_P1_volt   -0.348     0.222     -31.5 3.30e-208 0.196   -0.638   -0.0584     -1.57 0.156         Median of coefficients of rolling calibration models with interval of 3 da~
# A tibble: 1 x 7
  r.squared adj.r.squared  logLik    AIC    BIC  nobs  RMSE
      <dbl>         <dbl>   <dbl>  <dbl>  <dbl> <int> <dbl>
1     0.962         0.962 -36977. 73961. 73990. 10064  9.54
-----------------------
INFO [2020-08-21 11:35:56] [Auto.Cal] The Akaike Information Criterion (AIC) of the current model is 73961.3054067819. It is lower than the AIC of the precedent model 75790.597673221.
INFO [2020-08-21 11:35:56] [Auto.Cal] Adding of covariate NO_B4_P1_volt improves the fit of the calibration model.
-----------------------
INFO [2020-08-21 11:35:56] [Auto.Cal] Checking if any coefficient of model is not significant, except for the intercept
WARN [2020-08-21 11:35:56] [Auto.Cal] The coefficient of parameter(s) NO_B4_P1_volt of the current model is(are) not significantly different from 0.
WARN [2020-08-21 11:35:56] [Auto.Cal] The calibration model resulting from adding covariate NO_B4_P1_volt is not valid.
WARN [2020-08-21 11:35:56] [Auto.Cal] Either parameters are unstable when rolling the calibration models or it/they does not influence significantly the sensor responses. Looking for other covariates.

WARN [2020-08-21 11:35:56] [Auto.Cal] NO_B4_P1_volt is discarded from the list of possible covariates because AIC is not improved using it or coefficients of model shows rolling variability.
-----------------------
INFO [2020-08-21 11:35:56] [Auto.Cal] Looking for covariate 1 to be added to the calibration function.
INFO [2020-08-21 11:35:56] [Auto.Cal] Possible ordered covariates: DRIFT
-----------------------
INFO [2020-08-21 11:35:56] [Auto.Cal] Covariate "DRIFT" has a Variance Inflation factor of 1.01576247608169, lower than threshold: 10,
"DRIFT" does not show multicolinearity with other independent variables. It can be included into the calibration model.
-----------------------
-----------------------
INFO [2020-08-21 11:35:56] [Auto.Cal] Fitting calibration model with 1 covariate(s): DRIFT
-----------------------
INFO [2020-08-21 11:35:57] [Auto.Cal] Comparing rolling models.
INFO [2020-08-21 11:35:57] Model : 40641B__CO_A4_P1__nA__MultiLinear__20200119__20200122__DRIFT-1__.rdata
WARN [2020-08-21 11:35:57] [Compare_Models] General.csv for 40641B not loaded.
WARN [2020-08-21 11:35:58] [Meas_Function] "DRIFT" is(are) not numeric. Converting to numeric.
INFO [2020-08-21 11:36:00] Model : 40641B__CO_A4_P1__nA__MultiLinear__20200120__20200123__DRIFT-1__.rdata
WARN [2020-08-21 11:36:00] [Compare_Models] General.csv for 40641B not loaded.
WARN [2020-08-21 11:36:00] [Meas_Function] "DRIFT" is(are) not numeric. Converting to numeric.
INFO [2020-08-21 11:36:02] Model : 40641B__CO_A4_P1__nA__MultiLinear__20200121__20200124__DRIFT-1__.rdata
WARN [2020-08-21 11:36:02] [Compare_Models] General.csv for 40641B not loaded.
WARN [2020-08-21 11:36:02] [Meas_Function] "DRIFT" is(are) not numeric. Converting to numeric.
INFO [2020-08-21 11:36:04] Model : 40641B__CO_A4_P1__nA__MultiLinear__20200122__20200125__DRIFT-1__.rdata
WARN [2020-08-21 11:36:04] [Compare_Models] General.csv for 40641B not loaded.
WARN [2020-08-21 11:36:05] [Meas_Function] "DRIFT" is(are) not numeric. Converting to numeric.
INFO [2020-08-21 11:36:07] Model : 40641B__CO_A4_P1__nA__MultiLinear__20200123__20200126__DRIFT-1__.rdata
WARN [2020-08-21 11:36:07] [Compare_Models] General.csv for 40641B not loaded.
WARN [2020-08-21 11:36:07] [Meas_Function] "DRIFT" is(are) not numeric. Converting to numeric.
INFO [2020-08-21 11:36:09] Model : 40641B__CO_A4_P1__nA__MultiLinear__20200124__20200127__DRIFT-1__.rdata
WARN [2020-08-21 11:36:09] [Compare_Models] General.csv for 40641B not loaded.
WARN [2020-08-21 11:36:09] [Meas_Function] "DRIFT" is(are) not numeric. Converting to numeric.
INFO [2020-08-21 11:36:12] Model : 40641B__CO_A4_P1__nA__MultiLinear__20200125__20200128__DRIFT-1__.rdata
WARN [2020-08-21 11:36:12] [Compare_Models] General.csv for 40641B not loaded.
WARN [2020-08-21 11:36:12] [Meas_Function] "DRIFT" is(are) not numeric. Converting to numeric.
INFO [2020-08-21 11:36:14] Model : 40641B__CO_A4_P1__nA__MultiLinear__20200126__20200129__DRIFT-1__.rdata
WARN [2020-08-21 11:36:14] [Compare_Models] General.csv for 40641B not loaded.
WARN [2020-08-21 11:36:15] [Meas_Function] "DRIFT" is(are) not numeric. Converting to numeric.
INFO [2020-08-21 11:36:17] Model : 40641B__CO_A4_P1__nA__MultiLinear__20200127__20200130__DRIFT-1__.rdata
WARN [2020-08-21 11:36:17] [Compare_Models] General.csv for 40641B not loaded.
WARN [2020-08-21 11:36:17] [Meas_Function] "DRIFT" is(are) not numeric. Converting to numeric.
INFO [2020-08-21 11:36:20] Model : 40641B__CO_A4_P1__nA__MultiLinear__20200128__20200131__DRIFT-1__.rdata
WARN [2020-08-21 11:36:20] [Compare_Models] General.csv for 40641B not loaded.
WARN [2020-08-21 11:36:20] [Meas_Function] "DRIFT" is(are) not numeric. Converting to numeric.
-----------------------
INFO [2020-08-21 11:36:22] [Auto.Cal] Creating Median Model with the median of coefficents of rolling models.
-----------------------
INFO [2020-08-21 11:36:22] [Median_Model] ASE box 40641B, sensor    CO_A4_P1, creating rolling MultiLinear models between 2020-01-19
and 2020-01-31 with median of coefficients of models.
# A tibble: 3 x 11
  term        estimate std.error statistic  p.value   MAD conf.low conf.high `t value`   `Pr(>|t|)` tau                                                                         
  <chr>          <dbl>     <dbl>     <dbl>    <dbl> <dbl>    <dbl>     <dbl>     <dbl>        <dbl> <chr>                                                                       
1 (Intercept)  -43.9       26.8    -132.   0.       17.1    -69.2     -18.6     -1.64  0.140        Median of coefficients of rolling calibration models with interval of 3 days
2 x            228.        11.0     482.   0.        7.14   218.      239.      20.8   0.0000000302 Median of coefficients of rolling calibration models with interval of 3 days
3 DRIFT          0.733      3.65      7.65 2.17e-14  3.44    -4.36      5.83     0.201 0.846        Median of coefficients of rolling calibration models with interval of 3 days
# A tibble: 1 x 7
  r.squared adj.r.squared  logLik    AIC    BIC  nobs  RMSE
      <dbl>         <dbl>   <dbl>  <dbl>  <dbl> <int> <dbl>
1     0.955         0.955 -37805. 75618. 75646. 10064  10.4
-----------------------
INFO [2020-08-21 11:36:22] [Auto.Cal] The Akaike Information Criterion (AIC) of the current model is 75617.5814124893. It is lower than the AIC of the precedent model 75790.597673221.
INFO [2020-08-21 11:36:22] [Auto.Cal] Adding of covariate DRIFT improves the fit of the calibration model.
-----------------------
INFO [2020-08-21 11:36:22] [Auto.Cal] Checking if any coefficient of model is not significant, except for the intercept
WARN [2020-08-21 11:36:22] [Auto.Cal] The coefficient of parameter(s) (Intercept) and DRIFT of the current model is(are) not significantly different from 0.
WARN [2020-08-21 11:36:22] [Auto.Cal] The calibration model resulting from adding covariate DRIFT is not valid.
WARN [2020-08-21 11:36:22] [Auto.Cal] Either parameters are unstable when rolling the calibration models or it/they does not influence significantly the sensor responses. Looking for other covariates.

WARN [2020-08-21 11:36:22] [Auto.Cal] DRIFT is discarded from the list of possible covariates because AIC is not improved using it or coefficients of model shows rolling variability.
-----------------------
INFO [2020-08-21 11:36:22] [Auto.Cal] Looking for covariate 1 to be added to the calibration function.
INFO [2020-08-21 11:36:22] [Auto.Cal] Possible ordered covariates: 
INFO [2020-08-21 11:36:22] [Auto.Cal] There are no more covariates to be added to the calibration model.
