#######################
INFO [2020-08-21 12:47:29] [Auto.Cal] 40641B, sensor NO_B4_P1 fitting exp_kT_NoC models.
-----------------------
INFO [2020-08-21 12:47:30] [Auto.Cal] Comparing Linear.Robust models:
INFO [2020-08-21 12:47:30] Model : 40641B__NO_B4_P1__nA__exp_kT_NoC__20200119__20200122__Temperature-1__.rdata
WARN [2020-08-21 12:47:30] [Compare_Models] General.csv for 40641B not loaded.
INFO [2020-08-21 12:47:30] Model : 40641B__NO_B4_P1__nA__exp_kT_NoC__20200120__20200123__Temperature-1__.rdata
WARN [2020-08-21 12:47:30] [Compare_Models] General.csv for 40641B not loaded.
INFO [2020-08-21 12:47:31] Model : 40641B__NO_B4_P1__nA__exp_kT_NoC__20200121__20200124__Temperature-1__.rdata
WARN [2020-08-21 12:47:31] [Compare_Models] General.csv for 40641B not loaded.
INFO [2020-08-21 12:47:32] Model : 40641B__NO_B4_P1__nA__exp_kT_NoC__20200122__20200125__Temperature-1__.rdata
WARN [2020-08-21 12:47:32] [Compare_Models] General.csv for 40641B not loaded.
INFO [2020-08-21 12:47:32] Model : 40641B__NO_B4_P1__nA__exp_kT_NoC__20200123__20200126__Temperature-1__.rdata
WARN [2020-08-21 12:47:32] [Compare_Models] General.csv for 40641B not loaded.
INFO [2020-08-21 12:47:33] Model : 40641B__NO_B4_P1__nA__exp_kT_NoC__20200124__20200127__Temperature-1__.rdata
WARN [2020-08-21 12:47:33] [Compare_Models] General.csv for 40641B not loaded.
INFO [2020-08-21 12:47:33] Model : 40641B__NO_B4_P1__nA__exp_kT_NoC__20200125__20200128__Temperature-1__.rdata
WARN [2020-08-21 12:47:33] [Compare_Models] General.csv for 40641B not loaded.
INFO [2020-08-21 12:47:34] Model : 40641B__NO_B4_P1__nA__exp_kT_NoC__20200126__20200129__Temperature-1__.rdata
WARN [2020-08-21 12:47:34] [Compare_Models] General.csv for 40641B not loaded.
INFO [2020-08-21 12:47:34] Model : 40641B__NO_B4_P1__nA__exp_kT_NoC__20200127__20200130__Temperature-1__.rdata
WARN [2020-08-21 12:47:34] [Compare_Models] General.csv for 40641B not loaded.
INFO [2020-08-21 12:47:35] Model : 40641B__NO_B4_P1__nA__exp_kT_NoC__20200128__20200131__Temperature-1__.rdata
WARN [2020-08-21 12:47:35] [Compare_Models] General.csv for 40641B not loaded.
-----------------------
INFO [2020-08-21 12:47:36] [Auto.Cal] Creating calibration Median Model with the median of coefficients of the rolling Linear.Robust models.
INFO [2020-08-21 12:47:36] [Median_Model] ASE box 40641B, sensor    NO_B4_P1, creating rolling exp_kT_NoC models between 2020-01-19
and 2020-01-31 with median of coefficients of models.
# A tibble: 3 x 11
  term                   estimate std.error statistic p.value    MAD conf.low conf.high `t value`   `Pr(>|t|)` tau                                                                 
  <chr>                     <dbl>     <dbl>     <dbl>   <dbl>  <dbl>    <dbl>     <dbl>     <dbl>        <dbl> <chr>                                                               
1 a0.(Intercept)           7.70     1.32         261.       0 1.08     6.10       9.29       5.84 0.000386     Median of coefficients of rolling calibration models with interval ~
2 a1.x                     0.580    0.0312       402.       0 0.0243   0.544      0.616     18.6  0.0000000728 Median of coefficients of rolling calibration models with interval ~
3 k.get(name.Temperatur~   0.0991   0.00983      227.       0 0.0106   0.0833     0.115     10.1  0.00000804   Median of coefficients of rolling calibration models with interval ~
# A tibble: 1 x 9
  isConv       finTol  logLik    AIC    BIC  nobs r.squared adj.r.squared  RMSE
  <lgl>         <dbl>   <dbl>  <dbl>  <dbl> <int>     <dbl>         <dbl> <dbl>
1 TRUE   0.0000000149 -35379. 70766. 70797. 15439     0.907         0.907  2.39
-----------------------
INFO [2020-08-21 12:47:36] [Auto.Cal] Looking for significant covariates that could be added to the Linear.Robust calibration model:
INFO [2020-08-21 12:47:43] [List_Covariates] ASE box 40641B, sensor    NO_B4_P1, matrix of correlation between 2020-01-19 and 2020-07-14
INFO [2020-08-21 12:47:43] [Auto.Cal] there are no covariates to add to the calibration mode for sensor NO_B4_P1.
INFO [2020-08-21 12:47:44] [Auto.Cal] It is not necessary or not requested to add other covariates to the calibration model.
