#######################
INFO [2020-08-18 13:14:00] [Auto.Cal] 40642E, sensor SHT31HE fitting Linear.Robust models.
-----------------------
INFO [2020-08-18 13:14:01] [Auto.Cal] Comparing Linear.Robust models:
INFO [2020-08-18 13:14:01] Model : 40642E__SHT31HE__percent__Linear.Robust__20200117__20200120____.rdata
WARN [2020-08-18 13:14:01] [Compare_Models] General.csv for 40642E not loaded.
INFO [2020-08-18 13:14:02] Model : 40642E__SHT31HE__percent__Linear.Robust__20200118__20200121____.rdata
WARN [2020-08-18 13:14:02] [Compare_Models] General.csv for 40642E not loaded.
INFO [2020-08-18 13:14:02] Model : 40642E__SHT31HE__percent__Linear.Robust__20200119__20200122____.rdata
WARN [2020-08-18 13:14:02] [Compare_Models] General.csv for 40642E not loaded.
INFO [2020-08-18 13:14:02] Model : 40642E__SHT31HE__percent__Linear.Robust__20200120__20200123____.rdata
WARN [2020-08-18 13:14:03] [Compare_Models] General.csv for 40642E not loaded.
INFO [2020-08-18 13:14:03] Model : 40642E__SHT31HE__percent__Linear.Robust__20200121__20200124____.rdata
WARN [2020-08-18 13:14:03] [Compare_Models] General.csv for 40642E not loaded.
INFO [2020-08-18 13:14:03] Model : 40642E__SHT31HE__percent__Linear.Robust__20200122__20200125____.rdata
WARN [2020-08-18 13:14:03] [Compare_Models] General.csv for 40642E not loaded.
INFO [2020-08-18 13:14:04] Model : 40642E__SHT31HE__percent__Linear.Robust__20200123__20200126____.rdata
WARN [2020-08-18 13:14:04] [Compare_Models] General.csv for 40642E not loaded.
INFO [2020-08-18 13:14:04] Model : 40642E__SHT31HE__percent__Linear.Robust__20200124__20200127____.rdata
WARN [2020-08-18 13:14:04] [Compare_Models] General.csv for 40642E not loaded.
INFO [2020-08-18 13:14:04] Model : 40642E__SHT31HE__percent__Linear.Robust__20200125__20200128____.rdata
WARN [2020-08-18 13:14:04] [Compare_Models] General.csv for 40642E not loaded.
INFO [2020-08-18 13:14:05] Model : 40642E__SHT31HE__percent__Linear.Robust__20200126__20200129____.rdata
WARN [2020-08-18 13:14:05] [Compare_Models] General.csv for 40642E not loaded.
INFO [2020-08-18 13:14:05] Model : 40642E__SHT31HE__percent__Linear.Robust__20200127__20200130____.rdata
WARN [2020-08-18 13:14:05] [Compare_Models] General.csv for 40642E not loaded.
INFO [2020-08-18 13:14:05] Model : 40642E__SHT31HE__percent__Linear.Robust__20200128__20200131____.rdata
WARN [2020-08-18 13:14:05] [Compare_Models] General.csv for 40642E not loaded.
-----------------------
INFO [2020-08-18 13:14:06] [Auto.Cal] Creating calibration Median Model with the median of coefficients of the rolling Linear.Robust models.
INFO [2020-08-18 13:14:06] [Median_Model] ASE box 40642E, sensor     SHT31HE, creating rolling Linear.Robust models between 2020-01-17
and 2020-01-31 with median of coefficients of models.
# A tibble: 2 x 11
  term       estimate std.error statistic p.value tau                                                            MAD conf.low conf.high `t value` `Pr(>|t|)`
  <chr>         <dbl>     <dbl>     <dbl>   <dbl> <chr>                                                        <dbl>    <dbl>     <dbl>     <dbl>      <dbl>
1 (Intercep~    5.53     2.88        41.7       0 Median of coefficients of rolling calibration models with ~ 1.86      2.77      8.28       1.92   8.44e- 2
2 x             0.813    0.0275     491.        0 Median of coefficients of rolling calibration models with ~ 0.0278    0.772     0.855     29.6    4.59e-11
# A tibble: 1 x 7
  tau                                            logLik     AIC     BIC r.squared adj.r.squared  RMSE
  <chr>                                           <dbl>   <dbl>   <dbl>     <dbl>         <dbl> <dbl>
1 Median of coefficients of rolling calibration -54546. 109098. 109121.     0.910         0.910  4.54
-----------------------
INFO [2020-08-18 13:14:06] [Auto.Cal] Looking for significant covariates that could be added to the Linear.Robust calibration model:
INFO [2020-08-18 13:14:11] [List_Covariates] ASE box 40642E, sensor     SHT31HE, matrix of correlation between 2020-01-05 and 2020-04-08
INFO [2020-08-18 13:14:11] [Auto.Cal] the list of significant covariates that could be added to the Linear.Robust calibration model of SHT31HE is:
           row.names SHT31HE_volt Relative_humidity_modelled Out.Ref.RH  Residuals
1:             DRIFT   0.01019784                 0.01019784 0.00353251 0.04567962
2: Absolute_humidity   0.02663771                 0.02663771 0.01288657 0.02080496
-----------------------
INFO [2020-08-18 13:14:11] [Auto.Cal] Looking for covariate 1 to be added to the calibration function.
INFO [2020-08-18 13:14:11] [Auto.Cal] request to drop parameter "DRIFT" from significant covariates
INFO [2020-08-18 13:14:11] [Auto.Cal] request to drop parameters ending with "_modelled" from significant covariates
INFO [2020-08-18 13:14:11] [Auto.Cal] request to drop parameters NO2_B43F_P1_volt, OX_A431_P1_volt, OPCN3PM10, 5310CAT, NO_B4_P1, D300, CO_A4_P1 from significant covariates
-----------------------
INFO [2020-08-18 13:14:11] [Auto.Cal] Covariate "Absolute_humidity" has a Variance Inflation factor of 1.01503113039376, lower than threshold: 10,
"Absolute_humidity" does not show multicolinearity with other dependent variables. It can be included into the MultiLinear calibration model.
-----------------------
-----------------------
INFO [2020-08-18 13:14:11] [Auto.Cal] Fitting calibration model with 1 covariate(s): Absolute_humidity
-----------------------
INFO [2020-08-18 13:14:13] [Auto.Cal] Comparing rolling models.
INFO [2020-08-18 13:14:13] Model : 40642E__SHT31HE__percent__MultiLinear__20200117__20200120__Absolute_humidity-1__.rdata
WARN [2020-08-18 13:14:13] [Compare_Models] General.csv for 40642E not loaded.
INFO [2020-08-18 13:14:13] Model : 40642E__SHT31HE__percent__MultiLinear__20200118__20200121__Absolute_humidity-1__.rdata
WARN [2020-08-18 13:14:13] [Compare_Models] General.csv for 40642E not loaded.
INFO [2020-08-18 13:14:14] Model : 40642E__SHT31HE__percent__MultiLinear__20200119__20200122__Absolute_humidity-1__.rdata
WARN [2020-08-18 13:14:14] [Compare_Models] General.csv for 40642E not loaded.
INFO [2020-08-18 13:14:14] Model : 40642E__SHT31HE__percent__MultiLinear__20200120__20200123__Absolute_humidity-1__.rdata
WARN [2020-08-18 13:14:14] [Compare_Models] General.csv for 40642E not loaded.
INFO [2020-08-18 13:14:15] Model : 40642E__SHT31HE__percent__MultiLinear__20200121__20200124__Absolute_humidity-1__.rdata
WARN [2020-08-18 13:14:15] [Compare_Models] General.csv for 40642E not loaded.
INFO [2020-08-18 13:14:16] Model : 40642E__SHT31HE__percent__MultiLinear__20200122__20200125__Absolute_humidity-1__.rdata
WARN [2020-08-18 13:14:16] [Compare_Models] General.csv for 40642E not loaded.
INFO [2020-08-18 13:14:16] Model : 40642E__SHT31HE__percent__MultiLinear__20200123__20200126__Absolute_humidity-1__.rdata
WARN [2020-08-18 13:14:16] [Compare_Models] General.csv for 40642E not loaded.
INFO [2020-08-18 13:14:17] Model : 40642E__SHT31HE__percent__MultiLinear__20200124__20200127__Absolute_humidity-1__.rdata
WARN [2020-08-18 13:14:17] [Compare_Models] General.csv for 40642E not loaded.
INFO [2020-08-18 13:14:17] Model : 40642E__SHT31HE__percent__MultiLinear__20200125__20200128__Absolute_humidity-1__.rdata
WARN [2020-08-18 13:14:17] [Compare_Models] General.csv for 40642E not loaded.
INFO [2020-08-18 13:14:18] Model : 40642E__SHT31HE__percent__MultiLinear__20200126__20200129__Absolute_humidity-1__.rdata
WARN [2020-08-18 13:14:18] [Compare_Models] General.csv for 40642E not loaded.
INFO [2020-08-18 13:14:18] Model : 40642E__SHT31HE__percent__MultiLinear__20200127__20200130__Absolute_humidity-1__.rdata
WARN [2020-08-18 13:14:18] [Compare_Models] General.csv for 40642E not loaded.
INFO [2020-08-18 13:14:19] Model : 40642E__SHT31HE__percent__MultiLinear__20200128__20200131__Absolute_humidity-1__.rdata
WARN [2020-08-18 13:14:19] [Compare_Models] General.csv for 40642E not loaded.
-----------------------
INFO [2020-08-18 13:14:19] [Auto.Cal] Creating Median Model with the median of coefficents of rolling models.
-----------------------
INFO [2020-08-18 13:14:19] [Median_Model] ASE box 40642E, sensor     SHT31HE, creating rolling MultiLinear models between 2020-01-17
and 2020-01-31 with median of coefficients of models.
# A tibble: 3 x 11
  term          estimate std.error statistic   p.value    MAD conf.low conf.high `t value`   `Pr(>|t|)` tau                                                 
  <chr>            <dbl>     <dbl>     <dbl>     <dbl>  <dbl>    <dbl>     <dbl>     <dbl>        <dbl> <chr>                                               
1 (Intercept)      4.32     6.07        37.0 1.64e-288 7.37   -6.60       15.3       0.712      4.92e-1 Median of coefficients of rolling calibration model~
2 x                0.806    0.0376     463.  0.        0.0384  0.749       0.863    21.4        1.10e-9 Median of coefficients of rolling calibration model~
3 Absolute_hum~    0.960    0.867       22.8 9.13e-114 0.642   0.00838     1.91      1.11       2.94e-1 Median of coefficients of rolling calibration model~
# A tibble: 1 x 7
  r.squared adj.r.squared  logLik     AIC     BIC  nobs  RMSE
      <dbl>         <dbl>   <dbl>   <dbl>   <dbl> <int> <dbl>
1     0.914         0.914 -54124. 108256. 108287. 18606  4.44
-----------------------
INFO [2020-08-18 13:14:20] [Auto.Cal] The Akaike Information Criterion (AIC) of the current model is 108255.62584103. It is lower than the AIC of the precedent model 109097.831538424.
INFO [2020-08-18 13:14:20] [Auto.Cal] Adding of covariate Absolute_humidity improves the fit of the calibration model.
-----------------------
INFO [2020-08-18 13:14:20] [Auto.Cal] Checking if any parameter of model is not significant, except for the intercept
WARN [2020-08-18 13:14:20] [Auto.Cal] The coefficient of parameter(s) (Intercept) and Absolute_humidity of the current model is(are) not significantly different from 0.
WARN [2020-08-18 13:14:20] [Auto.Cal] The calibration model resulting from adding covariate Absolute_humidity is not valid.
WARN [2020-08-18 13:14:20] [Auto.Cal] Either parameters are unstable when rolling the calibration models or it/they does not influence significantly the sensor responses. Looking for other covariates.

WARN [2020-08-18 13:14:20] [Auto.Cal] Absolute_humidity is discarded from the significant covariates because AIC is not improved using it or coefficients of model shows rolling variability.
-----------------------
INFO [2020-08-18 13:14:20] [Auto.Cal] Looking for covariate 1 to be added to the calibration function.
INFO [2020-08-18 13:14:20] [Auto.Cal] request to drop parameter "DRIFT" from significant covariates
INFO [2020-08-18 13:14:20] [Auto.Cal] request to drop parameters ending with "_modelled" from significant covariates
INFO [2020-08-18 13:14:20] [Auto.Cal] request to drop parameters NO2_B43F_P1_volt, OX_A431_P1_volt, OPCN3PM10, 5310CAT, NO_B4_P1, D300, CO_A4_P1 from significant covariates
INFO [2020-08-18 13:14:20] [Auto.Cal] There are no more covariates to be added to the calibration model.
