#######################
INFO [2020-08-21 14:52:02] [Auto.Cal] 4065ED, sensor SHT31TE fitting Linear.Robust models.
-----------------------
INFO [2020-08-21 14:52:05] [Auto.Cal] Comparing Linear.Robust models:
INFO [2020-08-21 14:52:05] Model : 4065ED__SHT31TE__Celsius__Linear.Robust__20200117__20200120____.rdata
WARN [2020-08-21 14:52:05] [Compare_Models] General.csv for 4065ED not loaded.
INFO [2020-08-21 14:52:05] Model : 4065ED__SHT31TE__Celsius__Linear.Robust__20200118__20200121____.rdata
WARN [2020-08-21 14:52:05] [Compare_Models] General.csv for 4065ED not loaded.
INFO [2020-08-21 14:52:06] Model : 4065ED__SHT31TE__Celsius__Linear.Robust__20200119__20200122____.rdata
WARN [2020-08-21 14:52:06] [Compare_Models] General.csv for 4065ED not loaded.
INFO [2020-08-21 14:52:06] Model : 4065ED__SHT31TE__Celsius__Linear.Robust__20200120__20200123____.rdata
WARN [2020-08-21 14:52:06] [Compare_Models] General.csv for 4065ED not loaded.
INFO [2020-08-21 14:52:07] Model : 4065ED__SHT31TE__Celsius__Linear.Robust__20200121__20200124____.rdata
WARN [2020-08-21 14:52:07] [Compare_Models] General.csv for 4065ED not loaded.
INFO [2020-08-21 14:52:07] Model : 4065ED__SHT31TE__Celsius__Linear.Robust__20200122__20200125____.rdata
WARN [2020-08-21 14:52:08] [Compare_Models] General.csv for 4065ED not loaded.
INFO [2020-08-21 14:52:08] Model : 4065ED__SHT31TE__Celsius__Linear.Robust__20200123__20200126____.rdata
WARN [2020-08-21 14:52:08] [Compare_Models] General.csv for 4065ED not loaded.
INFO [2020-08-21 14:52:09] Model : 4065ED__SHT31TE__Celsius__Linear.Robust__20200124__20200127____.rdata
WARN [2020-08-21 14:52:09] [Compare_Models] General.csv for 4065ED not loaded.
INFO [2020-08-21 14:52:09] Model : 4065ED__SHT31TE__Celsius__Linear.Robust__20200125__20200128____.rdata
WARN [2020-08-21 14:52:09] [Compare_Models] General.csv for 4065ED not loaded.
INFO [2020-08-21 14:52:10] Model : 4065ED__SHT31TE__Celsius__Linear.Robust__20200126__20200129____.rdata
WARN [2020-08-21 14:52:10] [Compare_Models] General.csv for 4065ED not loaded.
INFO [2020-08-21 14:52:10] Model : 4065ED__SHT31TE__Celsius__Linear.Robust__20200127__20200130____.rdata
WARN [2020-08-21 14:52:10] [Compare_Models] General.csv for 4065ED not loaded.
INFO [2020-08-21 14:52:12] Model : 4065ED__SHT31TE__Celsius__Linear.Robust__20200128__20200131____.rdata
WARN [2020-08-21 14:52:12] [Compare_Models] General.csv for 4065ED not loaded.
-----------------------
INFO [2020-08-21 14:52:12] [Auto.Cal] Creating calibration Median Model with the median of coefficients of the rolling Linear.Robust models.
INFO [2020-08-21 14:52:12] [Median_Model] ASE box 4065ED, sensor     SHT31TE, creating rolling Linear.Robust models between 2020-01-17
and 2020-01-31 with median of coefficients of models.
# A tibble: 2 x 11
  term        estimate std.error statistic p.value tau                                                                             MAD conf.low conf.high `t value` `Pr(>|t|)`
  <chr>          <dbl>     <dbl>     <dbl>   <dbl> <chr>                                                                         <dbl>    <dbl>     <dbl>     <dbl>      <dbl>
1 (Intercept)     2.13    0.112       649.       0 Median of coefficients of rolling calibration models with interval of 3 days 0.0537     2.05      2.21      19.0   3.61e- 9
2 x               1.07    0.0212     1130.       0 Median of coefficients of rolling calibration models with interval of 3 days 0.0132     1.06      1.09      50.8   2.11e-13
# A tibble: 1 x 7
  tau                                            logLik    AIC    BIC r.squared adj.r.squared  RMSE
  <chr>                                           <dbl>  <dbl>  <dbl>     <dbl>         <dbl> <dbl>
1 Median of coefficients of rolling calibration -26426. 52857. 52881.     0.955         0.955  1.00
-----------------------
INFO [2020-08-21 14:52:13] [Auto.Cal] Looking for significant covariates that could be added to the Linear.Robust calibration model:
INFO [2020-08-21 14:52:17] [List_Covariates] ASE box 4065ED, sensor     SHT31TE, matrix of correlation between 2020-01-17 and 2020-01-30
INFO [2020-08-21 14:52:17] [Auto.Cal] there are no covariates to add to the calibration mode for sensor SHT31TE.
INFO [2020-08-21 14:52:17] [Auto.Cal] It is not necessary or not requested to add other covariates to the calibration model.
