#######################
INFO [2020-08-21 12:49:19] [Auto.Cal] 4065ED, sensor NO_B4_P1 fitting exp_kT_NoC models.
-----------------------
INFO [2020-08-21 12:49:21] [Auto.Cal] Comparing Linear.Robust models:
INFO [2020-08-21 12:49:21] Model : 4065ED__NO_B4_P1__nA__exp_kT_NoC__20200119__20200122__Temperature-1__.rdata
WARN [2020-08-21 12:49:21] [Compare_Models] General.csv for 4065ED not loaded.
INFO [2020-08-21 12:49:21] Model : 4065ED__NO_B4_P1__nA__exp_kT_NoC__20200120__20200123__Temperature-1__.rdata
WARN [2020-08-21 12:49:21] [Compare_Models] General.csv for 4065ED not loaded.
INFO [2020-08-21 12:49:22] Model : 4065ED__NO_B4_P1__nA__exp_kT_NoC__20200121__20200124__Temperature-1__.rdata
WARN [2020-08-21 12:49:22] [Compare_Models] General.csv for 4065ED not loaded.
INFO [2020-08-21 12:49:22] Model : 4065ED__NO_B4_P1__nA__exp_kT_NoC__20200122__20200125__Temperature-1__.rdata
WARN [2020-08-21 12:49:22] [Compare_Models] General.csv for 4065ED not loaded.
INFO [2020-08-21 12:49:23] Model : 4065ED__NO_B4_P1__nA__exp_kT_NoC__20200123__20200126__Temperature-1__.rdata
WARN [2020-08-21 12:49:23] [Compare_Models] General.csv for 4065ED not loaded.
INFO [2020-08-21 12:49:23] Model : 4065ED__NO_B4_P1__nA__exp_kT_NoC__20200124__20200127__Temperature-1__.rdata
WARN [2020-08-21 12:49:23] [Compare_Models] General.csv for 4065ED not loaded.
INFO [2020-08-21 12:49:24] Model : 4065ED__NO_B4_P1__nA__exp_kT_NoC__20200125__20200128__Temperature-1__.rdata
WARN [2020-08-21 12:49:24] [Compare_Models] General.csv for 4065ED not loaded.
INFO [2020-08-21 12:49:24] Model : 4065ED__NO_B4_P1__nA__exp_kT_NoC__20200126__20200129__Temperature-1__.rdata
WARN [2020-08-21 12:49:24] [Compare_Models] General.csv for 4065ED not loaded.
INFO [2020-08-21 12:49:25] Model : 4065ED__NO_B4_P1__nA__exp_kT_NoC__20200127__20200130__Temperature-1__.rdata
WARN [2020-08-21 12:49:25] [Compare_Models] General.csv for 4065ED not loaded.
INFO [2020-08-21 12:49:26] Model : 4065ED__NO_B4_P1__nA__exp_kT_NoC__20200128__20200131__Temperature-1__.rdata
WARN [2020-08-21 12:49:26] [Compare_Models] General.csv for 4065ED not loaded.
-----------------------
INFO [2020-08-21 12:49:26] [Auto.Cal] Creating calibration Median Model with the median of coefficients of the rolling Linear.Robust models.
INFO [2020-08-21 12:49:26] [Median_Model] ASE box 4065ED, sensor    NO_B4_P1, creating rolling exp_kT_NoC models between 2020-01-19
and 2020-01-31 with median of coefficients of models.
# A tibble: 3 x 11
  term                   estimate std.error statistic p.value     MAD conf.low conf.high `t value`  `Pr(>|t|)` tau                                                                 
  <chr>                     <dbl>     <dbl>     <dbl>   <dbl>   <dbl>    <dbl>     <dbl>     <dbl>       <dbl> <chr>                                                               
1 a0.(Intercept)            7.59    1.03         285.       0 0.603     6.70       8.49       7.37     7.84e-5 Median of coefficients of rolling calibration models with interval ~
2 a1.x                      0.595   0.0250       449.       0 0.0233    0.561      0.630     23.8      1.03e-8 Median of coefficients of rolling calibration models with interval ~
3 k.get(name.Temperatur~    0.104   0.00788      299.       0 0.00554   0.0955     0.112     13.2      1.06e-6 Median of coefficients of rolling calibration models with interval ~
# A tibble: 1 x 9
  isConv       finTol  logLik    AIC    BIC  nobs r.squared adj.r.squared  RMSE
  <lgl>         <dbl>   <dbl>  <dbl>  <dbl> <int>     <dbl>         <dbl> <dbl>
1 TRUE   0.0000000149 -36539. 73087. 73117. 16102     0.925         0.925  2.34
-----------------------
INFO [2020-08-21 12:49:26] [Auto.Cal] Looking for significant covariates that could be added to the Linear.Robust calibration model:
INFO [2020-08-21 12:49:32] [List_Covariates] ASE box 4065ED, sensor    NO_B4_P1, matrix of correlation between 2020-01-18 and 2020-01-30
INFO [2020-08-21 12:49:32] [Auto.Cal] there are no covariates to add to the calibration mode for sensor NO_B4_P1.
INFO [2020-08-21 12:49:32] [Auto.Cal] It is not necessary or not requested to add other covariates to the calibration model.
