#######################
INFO [2020-08-18 13:16:05] [Auto.Cal] 4065ED, sensor SHT31HE fitting Linear.Robust models.
-----------------------
INFO [2020-08-18 13:16:07] [Auto.Cal] Comparing Linear.Robust models:
INFO [2020-08-18 13:16:07] Model : 4065ED__SHT31HE__percent__Linear.Robust__20200117__20200120____.rdata
WARN [2020-08-18 13:16:07] [Compare_Models] General.csv for 4065ED not loaded.
INFO [2020-08-18 13:16:07] Model : 4065ED__SHT31HE__percent__Linear.Robust__20200118__20200121____.rdata
WARN [2020-08-18 13:16:07] [Compare_Models] General.csv for 4065ED not loaded.
INFO [2020-08-18 13:16:07] Model : 4065ED__SHT31HE__percent__Linear.Robust__20200119__20200122____.rdata
WARN [2020-08-18 13:16:07] [Compare_Models] General.csv for 4065ED not loaded.
INFO [2020-08-18 13:16:07] Model : 4065ED__SHT31HE__percent__Linear.Robust__20200120__20200123____.rdata
WARN [2020-08-18 13:16:07] [Compare_Models] General.csv for 4065ED not loaded.
INFO [2020-08-18 13:16:08] Model : 4065ED__SHT31HE__percent__Linear.Robust__20200121__20200124____.rdata
WARN [2020-08-18 13:16:08] [Compare_Models] General.csv for 4065ED not loaded.
INFO [2020-08-18 13:16:08] Model : 4065ED__SHT31HE__percent__Linear.Robust__20200122__20200125____.rdata
WARN [2020-08-18 13:16:08] [Compare_Models] General.csv for 4065ED not loaded.
INFO [2020-08-18 13:16:08] Model : 4065ED__SHT31HE__percent__Linear.Robust__20200123__20200126____.rdata
WARN [2020-08-18 13:16:08] [Compare_Models] General.csv for 4065ED not loaded.
INFO [2020-08-18 13:16:09] Model : 4065ED__SHT31HE__percent__Linear.Robust__20200124__20200127____.rdata
WARN [2020-08-18 13:16:09] [Compare_Models] General.csv for 4065ED not loaded.
INFO [2020-08-18 13:16:09] Model : 4065ED__SHT31HE__percent__Linear.Robust__20200125__20200128____.rdata
WARN [2020-08-18 13:16:09] [Compare_Models] General.csv for 4065ED not loaded.
INFO [2020-08-18 13:16:09] Model : 4065ED__SHT31HE__percent__Linear.Robust__20200126__20200129____.rdata
WARN [2020-08-18 13:16:09] [Compare_Models] General.csv for 4065ED not loaded.
INFO [2020-08-18 13:16:10] Model : 4065ED__SHT31HE__percent__Linear.Robust__20200127__20200130____.rdata
WARN [2020-08-18 13:16:10] [Compare_Models] General.csv for 4065ED not loaded.
INFO [2020-08-18 13:16:10] Model : 4065ED__SHT31HE__percent__Linear.Robust__20200128__20200131____.rdata
WARN [2020-08-18 13:16:10] [Compare_Models] General.csv for 4065ED not loaded.
-----------------------
INFO [2020-08-18 13:16:10] [Auto.Cal] Creating calibration Median Model with the median of coefficients of the rolling Linear.Robust models.
INFO [2020-08-18 13:16:10] [Median_Model] ASE box 4065ED, sensor     SHT31HE, creating rolling Linear.Robust models between 2020-01-17
and 2020-01-31 with median of coefficients of models.
# A tibble: 2 x 11
  term       estimate std.error statistic p.value tau                                                            MAD conf.low conf.high `t value` `Pr(>|t|)`
  <chr>         <dbl>     <dbl>     <dbl>   <dbl> <chr>                                                        <dbl>    <dbl>     <dbl>     <dbl>      <dbl>
1 (Intercep~    2.72     2.17        27.7       0 Median of coefficients of rolling calibration models with ~ 1.76      0.107     5.33       1.25   2.39e- 1
2 x             0.867    0.0234     632.        0 Median of coefficients of rolling calibration models with ~ 0.0193    0.838     0.896     37.1    4.82e-12
# A tibble: 1 x 7
  tau                                            logLik     AIC     BIC r.squared adj.r.squared  RMSE
  <chr>                                           <dbl>   <dbl>   <dbl>     <dbl>         <dbl> <dbl>
1 Median of coefficients of rolling calibration -52111. 104227. 104251.     0.938         0.938  3.98
-----------------------
INFO [2020-08-18 13:16:11] [Auto.Cal] Looking for significant covariates that could be added to the Linear.Robust calibration model:
INFO [2020-08-18 13:16:12] [List_Covariates] ASE box 4065ED, sensor     SHT31HE, matrix of correlation between 2020-01-17 and 2020-01-30
INFO [2020-08-18 13:16:13] [Auto.Cal] the list of significant covariates that could be added to the Linear.Robust calibration model of SHT31HE is:
   row.names SHT31HE_volt Relative_humidity_modelled  Out.Ref.RH  Residuals
1:     DRIFT   0.00788127                 0.00788127 0.003546778 0.03790989
-----------------------
INFO [2020-08-18 13:16:13] [Auto.Cal] Looking for covariate 1 to be added to the calibration function.
INFO [2020-08-18 13:16:13] [Auto.Cal] request to drop parameter "DRIFT" from significant covariates
INFO [2020-08-18 13:16:13] [Auto.Cal] There are no more covariates to be added to the calibration model.
