#######################
INFO [2020-08-18 13:11:09] [Auto.Cal] 4065ED, sensor BMP280 fitting Linear.Robust models.
-----------------------
INFO [2020-08-18 13:11:11] [Auto.Cal] Comparing Linear.Robust models:
INFO [2020-08-18 13:11:11] Model : 4065ED__BMP280__hPa__Linear.Robust__20200117__20200120____.rdata
WARN [2020-08-18 13:11:11] [Compare_Models] General.csv for 4065ED not loaded.
INFO [2020-08-18 13:11:11] Model : 4065ED__BMP280__hPa__Linear.Robust__20200118__20200121____.rdata
WARN [2020-08-18 13:11:11] [Compare_Models] General.csv for 4065ED not loaded.
INFO [2020-08-18 13:11:12] Model : 4065ED__BMP280__hPa__Linear.Robust__20200119__20200122____.rdata
WARN [2020-08-18 13:11:12] [Compare_Models] General.csv for 4065ED not loaded.
INFO [2020-08-18 13:11:12] Model : 4065ED__BMP280__hPa__Linear.Robust__20200120__20200123____.rdata
WARN [2020-08-18 13:11:12] [Compare_Models] General.csv for 4065ED not loaded.
INFO [2020-08-18 13:11:12] Model : 4065ED__BMP280__hPa__Linear.Robust__20200121__20200124____.rdata
WARN [2020-08-18 13:11:12] [Compare_Models] General.csv for 4065ED not loaded.
INFO [2020-08-18 13:11:12] Model : 4065ED__BMP280__hPa__Linear.Robust__20200122__20200125____.rdata
WARN [2020-08-18 13:11:13] [Compare_Models] General.csv for 4065ED not loaded.
INFO [2020-08-18 13:11:13] Model : 4065ED__BMP280__hPa__Linear.Robust__20200123__20200126____.rdata
WARN [2020-08-18 13:11:13] [Compare_Models] General.csv for 4065ED not loaded.
INFO [2020-08-18 13:11:13] Model : 4065ED__BMP280__hPa__Linear.Robust__20200124__20200127____.rdata
WARN [2020-08-18 13:11:13] [Compare_Models] General.csv for 4065ED not loaded.
INFO [2020-08-18 13:11:13] Model : 4065ED__BMP280__hPa__Linear.Robust__20200125__20200128____.rdata
WARN [2020-08-18 13:11:13] [Compare_Models] General.csv for 4065ED not loaded.
INFO [2020-08-18 13:11:14] Model : 4065ED__BMP280__hPa__Linear.Robust__20200126__20200129____.rdata
WARN [2020-08-18 13:11:14] [Compare_Models] General.csv for 4065ED not loaded.
INFO [2020-08-18 13:11:14] Model : 4065ED__BMP280__hPa__Linear.Robust__20200127__20200130____.rdata
WARN [2020-08-18 13:11:14] [Compare_Models] General.csv for 4065ED not loaded.
INFO [2020-08-18 13:11:14] Model : 4065ED__BMP280__hPa__Linear.Robust__20200128__20200131____.rdata
WARN [2020-08-18 13:11:15] [Compare_Models] General.csv for 4065ED not loaded.
-----------------------
INFO [2020-08-18 13:11:15] [Auto.Cal] Creating calibration Median Model with the median of coefficients of the rolling Linear.Robust models.
INFO [2020-08-18 13:11:15] [Median_Model] ASE box 4065ED, sensor      BMP280, creating rolling Linear.Robust models between 2020-01-17
and 2020-01-31 with median of coefficients of models.
# A tibble: 2 x 11
  term       estimate std.error statistic p.value tau                                                            MAD conf.low conf.high `t value` `Pr(>|t|)`
  <chr>         <dbl>     <dbl>     <dbl>   <dbl> <chr>                                                        <dbl>    <dbl>     <dbl>     <dbl>      <dbl>
1 (Intercep~    -6.50   12.9        -9.61       0 Median of coefficients of rolling calibration models with~ 12.0     -24.3       11.3     -0.505   6.24e- 1
2 x              1.01    0.0129   3719.         0 Median of coefficients of rolling calibration models with~  0.0122    0.990      1.03    78.3     2.82e-15
# A tibble: 1 x 7
  tau                                           logLik    AIC    BIC r.squared adj.r.squared  RMSE
  <chr>                                          <dbl>  <dbl>  <dbl>     <dbl>         <dbl> <dbl>
1 Median of coefficients of rolling calibration  1660. -3314. -3290.     0.999         0.999 0.221
-----------------------
INFO [2020-08-18 13:11:15] [Auto.Cal] Looking for significant covariates that could be added to the Linear.Robust calibration model:
INFO [2020-08-18 13:11:17] [List_Covariates] ASE box 4065ED, sensor      BMP280, matrix of correlation between 2020-01-17 and 2020-01-30
INFO [2020-08-18 13:11:17] [Auto.Cal] the list of significant covariates that could be added to the Linear.Robust calibration model of BMP280 is:
                row.names  BMP280_volt Atmospheric_pressure_modelled Out.Ref.Press  Residuals
 1: Relative_humidity_int 6.334405e-02                  6.334405e-02  7.082723e-02 0.81326007
 2:     Relative_humidity 3.878874e-02                  3.878874e-02  4.479164e-02 0.78286948
 3:            Td_deficit 3.539861e-02                  3.539861e-02  4.115700e-02 0.74707242
 4:       OX_A431_P1_volt 8.550972e-02                  8.550972e-02  7.597933e-02 0.49773347
 5:          5310CAT_volt 1.987045e-05                  1.987045e-05  8.104018e-05 0.38021766
 6:         CO_A4_P1_volt 1.851788e-02                  1.851788e-02  1.498062e-02 0.35519499
 7:       Temperature_int 1.527985e-01                  1.527985e-01  1.390919e-01 0.41572171
 8:           Temperature 1.510680e-01                  1.510680e-01  1.380180e-01 0.38494173
 9:      NO2_B43F_P1_volt 1.246834e-01                  1.246834e-01  1.174331e-01 0.15843458
10:             D300_volt 1.991815e-01                  1.991815e-01  1.882281e-01 0.22744014
11:        OPCN3PM10_volt 5.220721e-03                  5.220721e-03  5.569739e-03 0.03202801
12:         NO_B4_P1_volt 3.299468e-04                  3.299468e-04  4.792268e-04 0.02609150
-----------------------
INFO [2020-08-18 13:11:17] [Auto.Cal] Looking for covariate 1 to be added to the calibration function.
INFO [2020-08-18 13:11:17] [Auto.Cal] request to drop parameter "DRIFT" from significant covariates
INFO [2020-08-18 13:11:17] [Auto.Cal] request to drop parameters ending with "_modelled" from significant covariates
INFO [2020-08-18 13:11:17] [Auto.Cal] request to drop parameters NO2_B43F_P1_volt, OX_A431_P1_volt, OPCN3PM10, 5310CAT, NO_B4_P1, D300, CO_A4_P1 from significant covariates
-----------------------
INFO [2020-08-18 13:11:17] [Auto.Cal] Covariate "Relative_humidity_int" has a Variance Inflation factor of 1.07896714868288, lower than threshold: 10,
"Relative_humidity_int" does not show multicolinearity with other dependent variables. It can be included into the MultiLinear calibration model.
-----------------------
-----------------------
INFO [2020-08-18 13:11:17] [Auto.Cal] Fitting calibration model with 1 covariate(s): Relative_humidity_int
-----------------------
INFO [2020-08-18 13:11:19] [Auto.Cal] Comparing rolling models.
INFO [2020-08-18 13:11:19] Model : 4065ED__BMP280__hPa__MultiLinear__20200117__20200120__Relative_humidity_int-1__.rdata
WARN [2020-08-18 13:11:19] [Compare_Models] General.csv for 4065ED not loaded.
INFO [2020-08-18 13:11:19] Model : 4065ED__BMP280__hPa__MultiLinear__20200118__20200121__Relative_humidity_int-1__.rdata
WARN [2020-08-18 13:11:19] [Compare_Models] General.csv for 4065ED not loaded.
INFO [2020-08-18 13:11:20] Model : 4065ED__BMP280__hPa__MultiLinear__20200119__20200122__Relative_humidity_int-1__.rdata
WARN [2020-08-18 13:11:20] [Compare_Models] General.csv for 4065ED not loaded.
INFO [2020-08-18 13:11:21] Model : 4065ED__BMP280__hPa__MultiLinear__20200120__20200123__Relative_humidity_int-1__.rdata
WARN [2020-08-18 13:11:21] [Compare_Models] General.csv for 4065ED not loaded.
INFO [2020-08-18 13:11:21] Model : 4065ED__BMP280__hPa__MultiLinear__20200121__20200124__Relative_humidity_int-1__.rdata
WARN [2020-08-18 13:11:21] [Compare_Models] General.csv for 4065ED not loaded.
INFO [2020-08-18 13:11:22] Model : 4065ED__BMP280__hPa__MultiLinear__20200122__20200125__Relative_humidity_int-1__.rdata
WARN [2020-08-18 13:11:22] [Compare_Models] General.csv for 4065ED not loaded.
INFO [2020-08-18 13:11:22] Model : 4065ED__BMP280__hPa__MultiLinear__20200123__20200126__Relative_humidity_int-1__.rdata
WARN [2020-08-18 13:11:22] [Compare_Models] General.csv for 4065ED not loaded.
INFO [2020-08-18 13:11:22] Model : 4065ED__BMP280__hPa__MultiLinear__20200124__20200127__Relative_humidity_int-1__.rdata
WARN [2020-08-18 13:11:23] [Compare_Models] General.csv for 4065ED not loaded.
INFO [2020-08-18 13:11:23] Model : 4065ED__BMP280__hPa__MultiLinear__20200125__20200128__Relative_humidity_int-1__.rdata
WARN [2020-08-18 13:11:23] [Compare_Models] General.csv for 4065ED not loaded.
INFO [2020-08-18 13:11:23] Model : 4065ED__BMP280__hPa__MultiLinear__20200126__20200129__Relative_humidity_int-1__.rdata
WARN [2020-08-18 13:11:23] [Compare_Models] General.csv for 4065ED not loaded.
INFO [2020-08-18 13:11:24] Model : 4065ED__BMP280__hPa__MultiLinear__20200127__20200130__Relative_humidity_int-1__.rdata
WARN [2020-08-18 13:11:24] [Compare_Models] General.csv for 4065ED not loaded.
INFO [2020-08-18 13:11:24] Model : 4065ED__BMP280__hPa__MultiLinear__20200128__20200131__Relative_humidity_int-1__.rdata
WARN [2020-08-18 13:11:24] [Compare_Models] General.csv for 4065ED not loaded.
-----------------------
INFO [2020-08-18 13:11:25] [Auto.Cal] Creating Median Model with the median of coefficents of rolling models.
-----------------------
INFO [2020-08-18 13:11:25] [Median_Model] ASE box 4065ED, sensor      BMP280, creating rolling MultiLinear models between 2020-01-17
and 2020-01-31 with median of coefficients of models.
# A tibble: 3 x 11
  term             estimate std.error statistic p.value      MAD conf.low conf.high `t value` `Pr(>|t|)` tau                                                
  <chr>               <dbl>     <dbl>     <dbl>   <dbl>    <dbl>    <dbl>     <dbl>     <dbl>      <dbl> <chr>                                              
1 (Intercept)       -7.29    1.99         -108.       0 1.77      -9.92     -4.66       -3.67   4.33e- 3 Median of coefficients of rolling calibration mode~
2 x                  1.01    0.00198     13957.       0 0.00178    1.00      1.01      509.     2.13e-23 Median of coefficients of rolling calibration mode~
3 Relative_humidi~   0.0158  0.000291      276.       0 0.000376   0.0153    0.0164     54.5    1.05e-13 Median of coefficients of rolling calibration mode~
# A tibble: 1 x 7
  r.squared adj.r.squared logLik     AIC     BIC  nobs   RMSE
      <dbl>         <dbl>  <dbl>   <dbl>   <dbl> <int>  <dbl>
1      1.00          1.00 17891. -35773. -35742. 18604 0.0925
-----------------------
INFO [2020-08-18 13:11:25] [Auto.Cal] The Akaike Information Criterion (AIC) of the current model is -35773.3663801807. It is lower than the AIC of the precedent model -3313.80819802893.
INFO [2020-08-18 13:11:25] [Auto.Cal] Adding of covariate Relative_humidity_int improves the fit of the calibration model.
-----------------------
INFO [2020-08-18 13:11:25] [Auto.Cal] Checking if any parameter of model is not significant, except for the intercept
INFO [2020-08-18 13:11:25] [Auto.Cal] All parameters of the calibration model with covariate(s) Relative_humidity_int are significantly different from 0
INFO [2020-08-18 13:11:27] [List_Covariates] ASE box 4065ED, sensor      BMP280, matrix of correlation between 2020-01-17 and 2020-01-30
INFO [2020-08-18 13:11:27] [Auto.Cal] the list of significant covariates that could be added to the Linear.Robust calibration model of BMP280 is:
        row.names  BMP280_volt Atmospheric_pressure_modelled Out.Ref.Press   Residuals
1:   5310CAT_volt 1.987045e-05                  6.816241e-05  8.104018e-05 0.006471005
2: OPCN3PM10_volt 5.220721e-03                  5.659247e-03  5.569739e-03 0.007947770
-----------------------
INFO [2020-08-18 13:11:28] [Auto.Cal] Looking for covariate 2 to be added to the calibration function.
INFO [2020-08-18 13:11:28] [Auto.Cal] request to drop parameter "DRIFT" from significant covariates
INFO [2020-08-18 13:11:28] [Auto.Cal] request to drop parameters ending with "_modelled" from significant covariates
INFO [2020-08-18 13:11:28] [Auto.Cal] request to drop parameters NO2_B43F_P1_volt, OX_A431_P1_volt, OPCN3PM10, 5310CAT, NO_B4_P1, D300, CO_A4_P1 from significant covariates
INFO [2020-08-18 13:11:28] [Auto.Cal] There are no more covariates to be added to the calibration model.
