#######################
INFO [2020-08-17 16:43:42] [Auto.Cal] 4065ED, sensor 5310CAT fitting Linear.Robust models.
-----------------------
INFO [2020-08-17 16:43:43] [Auto.Cal] Comparing Linear.Robust models:
INFO [2020-08-17 16:43:43] Model : 4065ED__5310CAT__ug.m-3__Linear.Robust__20200117__20200120____.rdata
WARN [2020-08-17 16:43:43] [Compare_Models] General.csv for 4065ED not loaded.
INFO [2020-08-17 16:43:44] Model : 4065ED__5310CAT__ug.m-3__Linear.Robust__20200118__20200121____.rdata
WARN [2020-08-17 16:43:44] [Compare_Models] General.csv for 4065ED not loaded.
INFO [2020-08-17 16:43:44] Model : 4065ED__5310CAT__ug.m-3__Linear.Robust__20200119__20200122____.rdata
WARN [2020-08-17 16:43:44] [Compare_Models] General.csv for 4065ED not loaded.
INFO [2020-08-17 16:43:44] Model : 4065ED__5310CAT__ug.m-3__Linear.Robust__20200120__20200123____.rdata
WARN [2020-08-17 16:43:44] [Compare_Models] General.csv for 4065ED not loaded.
INFO [2020-08-17 16:43:45] Model : 4065ED__5310CAT__ug.m-3__Linear.Robust__20200121__20200124____.rdata
WARN [2020-08-17 16:43:45] [Compare_Models] General.csv for 4065ED not loaded.
INFO [2020-08-17 16:43:46] Model : 4065ED__5310CAT__ug.m-3__Linear.Robust__20200122__20200125____.rdata
WARN [2020-08-17 16:43:46] [Compare_Models] General.csv for 4065ED not loaded.
INFO [2020-08-17 16:43:46] Model : 4065ED__5310CAT__ug.m-3__Linear.Robust__20200123__20200126____.rdata
WARN [2020-08-17 16:43:46] [Compare_Models] General.csv for 4065ED not loaded.
INFO [2020-08-17 16:43:46] Model : 4065ED__5310CAT__ug.m-3__Linear.Robust__20200124__20200127____.rdata
WARN [2020-08-17 16:43:46] [Compare_Models] General.csv for 4065ED not loaded.
INFO [2020-08-17 16:43:47] Model : 4065ED__5310CAT__ug.m-3__Linear.Robust__20200125__20200128____.rdata
WARN [2020-08-17 16:43:47] [Compare_Models] General.csv for 4065ED not loaded.
INFO [2020-08-17 16:43:47] Model : 4065ED__5310CAT__ug.m-3__Linear.Robust__20200126__20200129____.rdata
WARN [2020-08-17 16:43:47] [Compare_Models] General.csv for 4065ED not loaded.
INFO [2020-08-17 16:43:47] Model : 4065ED__5310CAT__ug.m-3__Linear.Robust__20200127__20200130____.rdata
WARN [2020-08-17 16:43:47] [Compare_Models] General.csv for 4065ED not loaded.
INFO [2020-08-17 16:43:48] Model : 4065ED__5310CAT__ug.m-3__Linear.Robust__20200128__20200131____.rdata
WARN [2020-08-17 16:43:48] [Compare_Models] General.csv for 4065ED not loaded.
-----------------------
INFO [2020-08-17 16:43:48] [Auto.Cal] Creating calibration Median Model with the median of coefficients of the rolling Linear.Robust models.
INFO [2020-08-17 16:43:48] [Median_Model] ASE box 4065ED, sensor     5310CAT, creating rolling Linear.Robust models between 2020-01-17
and 2020-01-31 with median of coefficients of models.
# A tibble: 2 x 11
  term       estimate std.error statistic      p.value tau                                                              MAD conf.low conf.high `t value`  `Pr(>|t|)`
  <chr>         <dbl>     <dbl>     <dbl>        <dbl> <chr>                                                          <dbl>    <dbl>     <dbl>     <dbl>       <dbl>
1 (Intercep~    -1.31     3.97       5.38 0.0000000761 Median of coefficients of rolling calibration models with int~ 4.54     -8.05      5.42    -0.331     7.48e-1
2 x              1.78     0.127    315.   0            Median of coefficients of rolling calibration models with int~ 0.118     1.60      1.95    14.0       6.69e-8
# A tibble: 1 x 7
  tau                                            logLik     AIC     BIC r.squared adj.r.squared  RMSE
  <chr>                                           <dbl>   <dbl>   <dbl>     <dbl>         <dbl> <dbl>
1 Median of coefficients of rolling calibration -62183. 124373. 124396.     0.877         0.877  11.9
-----------------------
INFO [2020-08-17 16:43:48] [Auto.Cal] Looking for significant covariates that could be added to the Linear.Robust calibration model:
INFO [2020-08-17 16:43:53] [List_Covariates] ASE box 4065ED, sensor     5310CAT, matrix of correlation between 2020-01-17 and 2020-01-30
INFO [2020-08-17 16:43:53] [Auto.Cal] the list of significant covariates that could be added to the Linear.Robust calibration model of 5310CAT is:
           row.names 5310CAT_volt PM10_PMSCal_modelled Out.Ref.PM10  Residuals
1:  NO2_B43F_P1_volt  0.036583305          0.036583305  0.001555009 0.15935870
2:   Temperature_int  0.287864574          0.287864574  0.135283969 0.20332015
3:       Temperature  0.291044720          0.291044720  0.137047309 0.20407202
4: Absolute_humidity  0.002486332          0.002486332  0.039873053 0.05593390
5:     NO_B4_P1_volt  0.002421565          0.002421565  0.023303427 0.03932563
-----------------------
INFO [2020-08-17 16:43:53] [Auto.Cal] Looking for covariate 1 to be added to the calibration function.
INFO [2020-08-17 16:43:53] [Auto.Cal] request to drop parameter "DRIFT" from significant covariates
INFO [2020-08-17 16:43:53] [Auto.Cal] request to drop parameters ending with "_modelled" from significant covariates
INFO [2020-08-17 16:43:53] [Auto.Cal] request to drop parameters NO2_B43F_P1_volt, OX_A431_P1_volt from significant covariates
-----------------------
INFO [2020-08-17 16:43:53] [Auto.Cal] Covariate "Temperature_int" has a Variance Inflation factor of 1.13992687611381, lower than threshold: 10,
"Temperature_int" does not show multicolinearity with other dependent variables. It can be included into the MultiLinear calibration model.
-----------------------
-----------------------
INFO [2020-08-17 16:43:54] [Auto.Cal] Fitting calibration model with 1 covariate(s): Temperature_int
-----------------------
INFO [2020-08-17 16:43:55] [Auto.Cal] Comparing rolling models.
INFO [2020-08-17 16:43:55] Model : 4065ED__5310CAT__ug.m-3__MultiLinear__20200117__20200120__Temperature_int-1__.rdata
WARN [2020-08-17 16:43:55] [Compare_Models] General.csv for 4065ED not loaded.
INFO [2020-08-17 16:43:55] Model : 4065ED__5310CAT__ug.m-3__MultiLinear__20200118__20200121__Temperature_int-1__.rdata
WARN [2020-08-17 16:43:55] [Compare_Models] General.csv for 4065ED not loaded.
INFO [2020-08-17 16:43:56] Model : 4065ED__5310CAT__ug.m-3__MultiLinear__20200119__20200122__Temperature_int-1__.rdata
WARN [2020-08-17 16:43:56] [Compare_Models] General.csv for 4065ED not loaded.
INFO [2020-08-17 16:43:56] Model : 4065ED__5310CAT__ug.m-3__MultiLinear__20200120__20200123__Temperature_int-1__.rdata
WARN [2020-08-17 16:43:56] [Compare_Models] General.csv for 4065ED not loaded.
INFO [2020-08-17 16:43:57] Model : 4065ED__5310CAT__ug.m-3__MultiLinear__20200121__20200124__Temperature_int-1__.rdata
WARN [2020-08-17 16:43:57] [Compare_Models] General.csv for 4065ED not loaded.
INFO [2020-08-17 16:43:57] Model : 4065ED__5310CAT__ug.m-3__MultiLinear__20200122__20200125__Temperature_int-1__.rdata
WARN [2020-08-17 16:43:57] [Compare_Models] General.csv for 4065ED not loaded.
INFO [2020-08-17 16:43:58] Model : 4065ED__5310CAT__ug.m-3__MultiLinear__20200123__20200126__Temperature_int-1__.rdata
WARN [2020-08-17 16:43:58] [Compare_Models] General.csv for 4065ED not loaded.
INFO [2020-08-17 16:43:58] Model : 4065ED__5310CAT__ug.m-3__MultiLinear__20200124__20200127__Temperature_int-1__.rdata
WARN [2020-08-17 16:43:58] [Compare_Models] General.csv for 4065ED not loaded.
INFO [2020-08-17 16:43:59] Model : 4065ED__5310CAT__ug.m-3__MultiLinear__20200125__20200128__Temperature_int-1__.rdata
WARN [2020-08-17 16:43:59] [Compare_Models] General.csv for 4065ED not loaded.
INFO [2020-08-17 16:43:59] Model : 4065ED__5310CAT__ug.m-3__MultiLinear__20200126__20200129__Temperature_int-1__.rdata
WARN [2020-08-17 16:43:59] [Compare_Models] General.csv for 4065ED not loaded.
INFO [2020-08-17 16:44:00] Model : 4065ED__5310CAT__ug.m-3__MultiLinear__20200127__20200130__Temperature_int-1__.rdata
WARN [2020-08-17 16:44:00] [Compare_Models] General.csv for 4065ED not loaded.
INFO [2020-08-17 16:44:00] Model : 4065ED__5310CAT__ug.m-3__MultiLinear__20200128__20200131__Temperature_int-1__.rdata
WARN [2020-08-17 16:44:00] [Compare_Models] General.csv for 4065ED not loaded.
-----------------------
INFO [2020-08-17 16:44:01] [Auto.Cal] Creating Median Model with the median of coefficents of rolling models.
-----------------------
INFO [2020-08-17 16:44:01] [Median_Model] ASE box 4065ED, sensor     5310CAT, creating rolling MultiLinear models between 2020-01-17
and 2020-01-31 with median of coefficients of models.
# A tibble: 3 x 11
  term           estimate std.error statistic p.value    MAD conf.low conf.high `t value` `Pr(>|t|)` tau                                                            
  <chr>             <dbl>     <dbl>     <dbl>   <dbl>  <dbl>    <dbl>     <dbl>     <dbl>      <dbl> <chr>                                                          
1 (Intercept)       24.8      8.29       86.5       0 5.34      16.9      32.7       2.99 0.0135     Median of coefficients of rolling calibration models with inte~
2 x                  1.49     0.142     368.        0 0.0900     1.35      1.62     10.5  0.00000106 Median of coefficients of rolling calibration models with inte~
3 Temperature_i~    -1.68     0.667     -89.0       0 0.367     -2.22     -1.13     -2.51 0.0307     Median of coefficients of rolling calibration models with inte~
# A tibble: 1 x 7
  r.squared adj.r.squared  logLik     AIC     BIC  nobs  RMSE
      <dbl>         <dbl>   <dbl>   <dbl>   <dbl> <int> <dbl>
1     0.921         0.921 -58703. 117413. 117444. 15956  9.58
-----------------------
INFO [2020-08-17 16:44:01] [Auto.Cal] The Akaike Information Criterion (AIC) of the current model is 117413.219652782. It is lower than the AIC of the precedent model 124372.939000419.
INFO [2020-08-17 16:44:01] [Auto.Cal] Adding of covariate Temperature_int improves the fit of the calibration model.
-----------------------
INFO [2020-08-17 16:44:01] [Auto.Cal] Checking if any parameter of model is not significant, except for the intercept
INFO [2020-08-17 16:44:01] [Auto.Cal] All parameters of the calibration model with covariate(s) Temperature_int are significantly different from 0
INFO [2020-08-17 16:44:03] [List_Covariates] ASE box 4065ED, sensor     5310CAT, matrix of correlation between 2020-01-17 and 2020-01-30
INFO [2020-08-17 16:44:03] [Auto.Cal] the list of significant covariates that could be added to the Linear.Robust calibration model of 5310CAT is:
           row.names 5310CAT_volt PM10_PMSCal_modelled Out.Ref.PM10   Residuals
1: Absolute_humidity  0.002486332           0.02941982  0.039873053 0.053731045
2:  NO2_B43F_P1_volt  0.036583305           0.00134473  0.001555009 0.008819176
-----------------------
INFO [2020-08-17 16:44:03] [Auto.Cal] Looking for covariate 2 to be added to the calibration function.
INFO [2020-08-17 16:44:03] [Auto.Cal] request to drop parameter "DRIFT" from significant covariates
INFO [2020-08-17 16:44:03] [Auto.Cal] request to drop parameters ending with "_modelled" from significant covariates
INFO [2020-08-17 16:44:03] [Auto.Cal] request to drop parameters NO2_B43F_P1_volt, OX_A431_P1_volt from significant covariates
-----------------------
INFO [2020-08-17 16:44:03] [Auto.Cal] Covariate "Absolute_humidity" has a Variance Inflation factor of 1.72738600758351, lower than threshold: 10,
"Absolute_humidity" does not show multicolinearity with other dependent variables. It can be included into the MultiLinear calibration model.
-----------------------
-----------------------
INFO [2020-08-17 16:44:03] [Auto.Cal] Fitting calibration model with 2 covariate(s): Temperature_int, Absolute_humidity
-----------------------
INFO [2020-08-17 16:44:05] [Auto.Cal] Comparing rolling models.
INFO [2020-08-17 16:44:05] Model : 4065ED__5310CAT__ug.m-3__MultiLinear__20200117__20200120__Temperature_int-1&Absolute_humidity-1__.rdata
WARN [2020-08-17 16:44:05] [Compare_Models] General.csv for 4065ED not loaded.
INFO [2020-08-17 16:44:05] Model : 4065ED__5310CAT__ug.m-3__MultiLinear__20200118__20200121__Temperature_int-1&Absolute_humidity-1__.rdata
WARN [2020-08-17 16:44:05] [Compare_Models] General.csv for 4065ED not loaded.
INFO [2020-08-17 16:44:06] Model : 4065ED__5310CAT__ug.m-3__MultiLinear__20200119__20200122__Temperature_int-1&Absolute_humidity-1__.rdata
WARN [2020-08-17 16:44:06] [Compare_Models] General.csv for 4065ED not loaded.
INFO [2020-08-17 16:44:06] Model : 4065ED__5310CAT__ug.m-3__MultiLinear__20200120__20200123__Temperature_int-1&Absolute_humidity-1__.rdata
WARN [2020-08-17 16:44:06] [Compare_Models] General.csv for 4065ED not loaded.
INFO [2020-08-17 16:44:07] Model : 4065ED__5310CAT__ug.m-3__MultiLinear__20200121__20200124__Temperature_int-1&Absolute_humidity-1__.rdata
WARN [2020-08-17 16:44:07] [Compare_Models] General.csv for 4065ED not loaded.
INFO [2020-08-17 16:44:07] Model : 4065ED__5310CAT__ug.m-3__MultiLinear__20200122__20200125__Temperature_int-1&Absolute_humidity-1__.rdata
WARN [2020-08-17 16:44:07] [Compare_Models] General.csv for 4065ED not loaded.
INFO [2020-08-17 16:44:08] Model : 4065ED__5310CAT__ug.m-3__MultiLinear__20200123__20200126__Temperature_int-1&Absolute_humidity-1__.rdata
WARN [2020-08-17 16:44:08] [Compare_Models] General.csv for 4065ED not loaded.
INFO [2020-08-17 16:44:08] Model : 4065ED__5310CAT__ug.m-3__MultiLinear__20200124__20200127__Temperature_int-1&Absolute_humidity-1__.rdata
WARN [2020-08-17 16:44:08] [Compare_Models] General.csv for 4065ED not loaded.
INFO [2020-08-17 16:44:09] Model : 4065ED__5310CAT__ug.m-3__MultiLinear__20200125__20200128__Temperature_int-1&Absolute_humidity-1__.rdata
WARN [2020-08-17 16:44:09] [Compare_Models] General.csv for 4065ED not loaded.
INFO [2020-08-17 16:44:09] Model : 4065ED__5310CAT__ug.m-3__MultiLinear__20200126__20200129__Temperature_int-1&Absolute_humidity-1__.rdata
WARN [2020-08-17 16:44:09] [Compare_Models] General.csv for 4065ED not loaded.
INFO [2020-08-17 16:44:10] Model : 4065ED__5310CAT__ug.m-3__MultiLinear__20200127__20200130__Temperature_int-1&Absolute_humidity-1__.rdata
WARN [2020-08-17 16:44:10] [Compare_Models] General.csv for 4065ED not loaded.
INFO [2020-08-17 16:44:10] Model : 4065ED__5310CAT__ug.m-3__MultiLinear__20200128__20200131__Temperature_int-1&Absolute_humidity-1__.rdata
WARN [2020-08-17 16:44:10] [Compare_Models] General.csv for 4065ED not loaded.
-----------------------
INFO [2020-08-17 16:44:11] [Auto.Cal] Creating Median Model with the median of coefficents of rolling models.
-----------------------
INFO [2020-08-17 16:44:11] [Median_Model] ASE box 4065ED, sensor     5310CAT, creating rolling MultiLinear models between 2020-01-17
and 2020-01-31 with median of coefficients of models.
# A tibble: 4 x 11
  term            estimate std.error statistic   p.value     MAD conf.low conf.high `t value` `Pr(>|t|)` tau                                                        
  <chr>              <dbl>     <dbl>     <dbl>     <dbl>   <dbl>    <dbl>     <dbl>     <dbl>      <dbl> <chr>                                                      
1 (Intercept)        17.7     22.8        44.4 0.        20.8      -13.1      48.6      0.780  0.454     Median of coefficients of rolling calibration models with ~
2 x                   1.48     0.228     318.  0.         0.0382     1.42      1.53     6.47   0.0000713 Median of coefficients of rolling calibration models with ~
3 Temperature_int    -2.05     1.79      -92.4 0.         0.707     -3.10     -1.00    -1.15   0.279     Median of coefficients of rolling calibration models with ~
4 Absolute_humid~     2.53     8.29       33.1 5.24e-233  6.93      -7.74     12.8      0.306  0.766     Median of coefficients of rolling calibration models with ~
# A tibble: 1 x 7
  r.squared adj.r.squared  logLik     AIC     BIC  nobs  RMSE
      <dbl>         <dbl>   <dbl>   <dbl>   <dbl> <int> <dbl>
1     0.923         0.923 -58459. 116927. 116966. 15956  9.44
-----------------------
INFO [2020-08-17 16:44:11] [Auto.Cal] The Akaike Information Criterion (AIC) of the current model is 116927.363074391. It is lower than the AIC of the precedent model 117413.219652782.
INFO [2020-08-17 16:44:11] [Auto.Cal] Adding of covariate Absolute_humidity improves the fit of the calibration model.
-----------------------
INFO [2020-08-17 16:44:11] [Auto.Cal] Checking if any parameter of model is not significant, except for the intercept
WARN [2020-08-17 16:44:11] [Auto.Cal] The coefficient of parameter(s) (Intercept) and Temperature_int and Absolute_humidity of the current model is(are) not significantly different from 0.
WARN [2020-08-17 16:44:11] [Auto.Cal] The calibration model resulting from adding covariate Absolute_humidity is not valid.
WARN [2020-08-17 16:44:11] [Auto.Cal] Either parameters are unstable when rolling the calibration models or it/they does not influence significantly the sensor responses. Looking for other covariates.

WARN [2020-08-17 16:44:11] [Auto.Cal] Absolute_humidity is discarded from the significant covariates because AIC is not improved using it or coefficients of model shows rolling variability.
-----------------------
INFO [2020-08-17 16:44:11] [Auto.Cal] Looking for covariate 2 to be added to the calibration function.
INFO [2020-08-17 16:44:11] [Auto.Cal] request to drop parameter "DRIFT" from significant covariates
INFO [2020-08-17 16:44:11] [Auto.Cal] request to drop parameters ending with "_modelled" from significant covariates
INFO [2020-08-17 16:44:11] [Auto.Cal] request to drop parameters NO2_B43F_P1_volt, OX_A431_P1_volt from significant covariates
INFO [2020-08-17 16:44:11] [Auto.Cal] There are no more covariates to be added to the calibration model.
