#######################
INFO [2020-08-21 12:29:20] [Auto.Cal] 4065ED, sensor NO2_B43F_P1 fitting Linear.Robust models.
ASE box 4065ED, sensor NO2_B43F_P1, S:\Box Sync\AirSensEUR\Fieldtests\Shiny/ASE_Boxes/4065ED/Models/4065ED__NO2_B43F_P1__nA__Linear.Robust__20200117__20200122____.rdata exists
ASE box 4065ED, sensor NO2_B43F_P1, S:\Box Sync\AirSensEUR\Fieldtests\Shiny/ASE_Boxes/4065ED/Models/4065ED__NO2_B43F_P1__nA__Linear.Robust__20200118__20200123____.rdata exists
ASE box 4065ED, sensor NO2_B43F_P1, S:\Box Sync\AirSensEUR\Fieldtests\Shiny/ASE_Boxes/4065ED/Models/4065ED__NO2_B43F_P1__nA__Linear.Robust__20200119__20200124____.rdata exists
ASE box 4065ED, sensor NO2_B43F_P1, S:\Box Sync\AirSensEUR\Fieldtests\Shiny/ASE_Boxes/4065ED/Models/4065ED__NO2_B43F_P1__nA__Linear.Robust__20200120__20200125____.rdata exists
ASE box 4065ED, sensor NO2_B43F_P1, S:\Box Sync\AirSensEUR\Fieldtests\Shiny/ASE_Boxes/4065ED/Models/4065ED__NO2_B43F_P1__nA__Linear.Robust__20200121__20200126____.rdata exists
ASE box 4065ED, sensor NO2_B43F_P1, S:\Box Sync\AirSensEUR\Fieldtests\Shiny/ASE_Boxes/4065ED/Models/4065ED__NO2_B43F_P1__nA__Linear.Robust__20200122__20200127____.rdata exists
ASE box 4065ED, sensor NO2_B43F_P1, S:\Box Sync\AirSensEUR\Fieldtests\Shiny/ASE_Boxes/4065ED/Models/4065ED__NO2_B43F_P1__nA__Linear.Robust__20200123__20200128____.rdata exists
ASE box 4065ED, sensor NO2_B43F_P1, S:\Box Sync\AirSensEUR\Fieldtests\Shiny/ASE_Boxes/4065ED/Models/4065ED__NO2_B43F_P1__nA__Linear.Robust__20200124__20200129____.rdata exists
ASE box 4065ED, sensor NO2_B43F_P1, S:\Box Sync\AirSensEUR\Fieldtests\Shiny/ASE_Boxes/4065ED/Models/4065ED__NO2_B43F_P1__nA__Linear.Robust__20200125__20200130____.rdata exists
ASE box 4065ED, sensor NO2_B43F_P1, S:\Box Sync\AirSensEUR\Fieldtests\Shiny/ASE_Boxes/4065ED/Models/4065ED__NO2_B43F_P1__nA__Linear.Robust__20200126__20200131____.rdata exists
-----------------------
INFO [2020-08-21 12:29:20] [Auto.Cal] Comparing Linear.Robust models:
INFO [2020-08-21 12:29:20] Model : 4065ED__NO2_B43F_P1__nA__Linear.Robust__20200117__20200122____.rdata
WARN [2020-08-21 12:29:20] [Compare_Models] General.csv for 4065ED not loaded.
INFO [2020-08-21 12:29:20] Model : 4065ED__NO2_B43F_P1__nA__Linear.Robust__20200118__20200123____.rdata
WARN [2020-08-21 12:29:20] [Compare_Models] General.csv for 4065ED not loaded.
INFO [2020-08-21 12:29:21] Model : 4065ED__NO2_B43F_P1__nA__Linear.Robust__20200119__20200124____.rdata
WARN [2020-08-21 12:29:21] [Compare_Models] General.csv for 4065ED not loaded.
INFO [2020-08-21 12:29:21] Model : 4065ED__NO2_B43F_P1__nA__Linear.Robust__20200120__20200125____.rdata
WARN [2020-08-21 12:29:21] [Compare_Models] General.csv for 4065ED not loaded.
INFO [2020-08-21 12:29:21] Model : 4065ED__NO2_B43F_P1__nA__Linear.Robust__20200121__20200126____.rdata
WARN [2020-08-21 12:29:21] [Compare_Models] General.csv for 4065ED not loaded.
INFO [2020-08-21 12:29:22] Model : 4065ED__NO2_B43F_P1__nA__Linear.Robust__20200122__20200127____.rdata
WARN [2020-08-21 12:29:22] [Compare_Models] General.csv for 4065ED not loaded.
INFO [2020-08-21 12:29:22] Model : 4065ED__NO2_B43F_P1__nA__Linear.Robust__20200123__20200128____.rdata
WARN [2020-08-21 12:29:22] [Compare_Models] General.csv for 4065ED not loaded.
INFO [2020-08-21 12:29:23] Model : 4065ED__NO2_B43F_P1__nA__Linear.Robust__20200124__20200129____.rdata
WARN [2020-08-21 12:29:23] [Compare_Models] General.csv for 4065ED not loaded.
INFO [2020-08-21 12:29:23] Model : 4065ED__NO2_B43F_P1__nA__Linear.Robust__20200125__20200130____.rdata
WARN [2020-08-21 12:29:23] [Compare_Models] General.csv for 4065ED not loaded.
INFO [2020-08-21 12:29:23] Model : 4065ED__NO2_B43F_P1__nA__Linear.Robust__20200126__20200131____.rdata
WARN [2020-08-21 12:29:23] [Compare_Models] General.csv for 4065ED not loaded.
-----------------------
INFO [2020-08-21 12:29:24] [Auto.Cal] Creating calibration Median Model with the median of coefficients of the rolling Linear.Robust models.
INFO [2020-08-21 12:29:24] [Median_Model] ASE box 4065ED, sensor NO2_B43F_P1, creating rolling Linear.Robust models between 2020-01-17
and 2020-01-31 with median of coefficients of models.
# A tibble: 2 x 11
  term        estimate std.error statistic p.value tau                                                                             MAD conf.low conf.high `t value` `Pr(>|t|)`
  <chr>          <dbl>     <dbl>     <dbl>   <dbl> <chr>                                                                         <dbl>    <dbl>     <dbl>     <dbl>      <dbl>
1 (Intercept)  -24.6      2.91      -262.        0 Median of coefficients of rolling calibration models with interval of 5 days 4.21    -30.8     -18.4       -8.46  0.0000291
2 x             -0.318    0.0878     -52.5       0 Median of coefficients of rolling calibration models with interval of 5 days 0.0883   -0.449    -0.187     -3.62  0.00676  
# A tibble: 1 x 7
  tau                                            logLik    AIC    BIC r.squared adj.r.squared  RMSE
  <chr>                                           <dbl>  <dbl>  <dbl>     <dbl>         <dbl> <dbl>
1 Median of coefficients of rolling calibration -48185. 96376. 96399.     0.136         0.136  4.16
-----------------------
INFO [2020-08-21 12:29:24] [Auto.Cal] Looking for significant covariates that could be added to the Linear.Robust calibration model:
INFO [2020-08-21 12:29:26] [List_Covariates] ASE box 4065ED, sensor NO2_B43F_P1, matrix of correlation between 2020-01-17 and 2020-01-30
INFO [2020-08-21 12:29:26] [Auto.Cal] the list of significant covariates that could be added to the Linear.Robust calibration model of NO2_B43F_P1 is:
                row.names NO2_B43F_P1_volt Nitrogen_dioxide_modelled Out.Ref.NO2  Residuals
 1:       Temperature_int       0.55183484                0.55183484 0.020144659 0.81477683
 2:       OX_A431_P1_volt       0.59315003                0.59315003 0.003754940 0.79545419
 3:           Temperature       0.51652786                0.51652786 0.031708960 0.80248406
 4:     Absolute_humidity       0.37120724                0.37120724 0.001250428 0.42763646
 5:             D300_volt       0.15657295                0.15657295 0.166820595 0.44515224
 6:     Relative_humidity       0.13283977                0.13283977 0.043895179 0.27149511
 7:  Atmospheric_pressure       0.12468343                0.12468343 0.027919024 0.23337739
 8:            Td_deficit       0.11244350                0.11244350 0.064533462 0.26389158
 9: Relative_humidity_int       0.12135304                0.12135304 0.019745071 0.21727134
10:         CO_A4_P1_volt       0.06236730                0.06236730 0.150381493 0.24926970
11:                 DRIFT       0.03054275                0.03054275 0.011090627 0.06654872
12:          5310CAT_volt       0.03658330                0.03658330 0.144241445 0.18132234
13:         NO_B4_P1_volt       0.07503319                0.07503319 0.040309435 0.04037156
-----------------------
INFO [2020-08-21 12:29:27] [Auto.Cal] Looking for covariate 1 to be added to the calibration function.
INFO [2020-08-21 12:29:27] [Auto.Cal] setting new First.covariates using the covariates correlated with residuals of the previous calibration model.
INFO [2020-08-21 12:29:27] [Auto.Cal] Adding the requested Relationships on top of the new First.covariates
INFO [2020-08-21 12:29:27] [Auto.Cal] request to drop parameter "DRIFT" from possible significant covariates
INFO [2020-08-21 12:29:27] [Auto.Cal] request to drop parameters 5310CAT_volt, OPCN3PM10_volt, Atmospheric_pressure, Relative_humidity_int from possible significant covariates
INFO [2020-08-21 12:29:27] [Auto.Cal] Possible ordered covariates: Temperature_int, Absolute_humidity, OX_A431_P1_volt, Temperature, D300_volt, Relative_humidity, Td_deficit, CO_A4_P1_volt, NO_B4_P1_volt
-----------------------
INFO [2020-08-21 12:29:27] [Auto.Cal] Covariate "Temperature_int" has a Variance Inflation factor of 1.01954371389697, lower than threshold: 7.5,
"Temperature_int" does not show multicolinearity with other independent variables. It can be included into the calibration model.
-----------------------
-----------------------
INFO [2020-08-21 12:29:27] [Auto.Cal] Fitting calibration model with 1 covariate(s): Temperature_int
-----------------------
INFO [2020-08-21 12:29:28] [Auto.Cal] Comparing rolling models.
INFO [2020-08-21 12:29:28] Model : 4065ED__NO2_B43F_P1__nA__MultiLinear__20200117__20200122__Temperature_int-1__.rdata
WARN [2020-08-21 12:29:28] [Compare_Models] General.csv for 4065ED not loaded.
INFO [2020-08-21 12:29:29] Model : 4065ED__NO2_B43F_P1__nA__MultiLinear__20200118__20200123__Temperature_int-1__.rdata
WARN [2020-08-21 12:29:29] [Compare_Models] General.csv for 4065ED not loaded.
INFO [2020-08-21 12:29:29] Model : 4065ED__NO2_B43F_P1__nA__MultiLinear__20200119__20200124__Temperature_int-1__.rdata
WARN [2020-08-21 12:29:29] [Compare_Models] General.csv for 4065ED not loaded.
INFO [2020-08-21 12:29:30] Model : 4065ED__NO2_B43F_P1__nA__MultiLinear__20200120__20200125__Temperature_int-1__.rdata
WARN [2020-08-21 12:29:30] [Compare_Models] General.csv for 4065ED not loaded.
INFO [2020-08-21 12:29:30] Model : 4065ED__NO2_B43F_P1__nA__MultiLinear__20200121__20200126__Temperature_int-1__.rdata
WARN [2020-08-21 12:29:30] [Compare_Models] General.csv for 4065ED not loaded.
INFO [2020-08-21 12:29:31] Model : 4065ED__NO2_B43F_P1__nA__MultiLinear__20200122__20200127__Temperature_int-1__.rdata
WARN [2020-08-21 12:29:31] [Compare_Models] General.csv for 4065ED not loaded.
INFO [2020-08-21 12:29:32] Model : 4065ED__NO2_B43F_P1__nA__MultiLinear__20200123__20200128__Temperature_int-1__.rdata
WARN [2020-08-21 12:29:32] [Compare_Models] General.csv for 4065ED not loaded.
INFO [2020-08-21 12:29:32] Model : 4065ED__NO2_B43F_P1__nA__MultiLinear__20200124__20200129__Temperature_int-1__.rdata
WARN [2020-08-21 12:29:32] [Compare_Models] General.csv for 4065ED not loaded.
INFO [2020-08-21 12:29:33] Model : 4065ED__NO2_B43F_P1__nA__MultiLinear__20200125__20200130__Temperature_int-1__.rdata
WARN [2020-08-21 12:29:33] [Compare_Models] General.csv for 4065ED not loaded.
INFO [2020-08-21 12:29:33] Model : 4065ED__NO2_B43F_P1__nA__MultiLinear__20200126__20200131__Temperature_int-1__.rdata
WARN [2020-08-21 12:29:33] [Compare_Models] General.csv for 4065ED not loaded.
-----------------------
INFO [2020-08-21 12:29:34] [Auto.Cal] Creating Median Model with the median of coefficents of rolling models.
-----------------------
INFO [2020-08-21 12:29:34] [Median_Model] ASE box 4065ED, sensor NO2_B43F_P1, creating rolling MultiLinear models between 2020-01-17
and 2020-01-31 with median of coefficients of models.
# A tibble: 3 x 11
  term            estimate std.error statistic p.value    MAD conf.low conf.high `t value` `Pr(>|t|)` tau                                                                         
  <chr>              <dbl>     <dbl>     <dbl>   <dbl>  <dbl>    <dbl>     <dbl>     <dbl>      <dbl> <chr>                                                                       
1 (Intercept)      -18.9      0.486      -501.       0 0.612   -19.8     -18.0       -38.9   2.12e-10 Median of coefficients of rolling calibration models with interval of 5 days
2 x                 -0.352    0.0250     -189.       0 0.0147   -0.374    -0.331     -14.1   6.31e- 7 Median of coefficients of rolling calibration models with interval of 5 days
3 Temperature_int   -0.756    0.0350     -275.       0 0.0465   -0.825    -0.687     -21.6   2.22e- 8 Median of coefficients of rolling calibration models with interval of 5 days
# A tibble: 1 x 7
  r.squared adj.r.squared  logLik    AIC    BIC  nobs  RMSE
      <dbl>         <dbl>   <dbl>  <dbl>  <dbl> <int> <dbl>
1     0.850         0.850 -33368. 66745. 66776. 16942  1.73
-----------------------
INFO [2020-08-21 12:29:34] [Auto.Cal] The Akaike Information Criterion (AIC) of the current model is 66744.711471162. It is lower than the AIC of the precedent model 96375.5413411151.
INFO [2020-08-21 12:29:34] [Auto.Cal] Adding of covariate Temperature_int improves the fit of the calibration model.
-----------------------
INFO [2020-08-21 12:29:34] [Auto.Cal] Checking if any coefficient of model is not significant, except for the intercept
INFO [2020-08-21 12:29:34] [Auto.Cal] All coefficients of the calibration model with covariate(s) Temperature_int are significantly different from 0
INFO [2020-08-21 12:29:34] [Auto.Cal] covariate: Temperature_int is included into the model.
INFO [2020-08-21 12:29:36] [List_Covariates] ASE box 4065ED, sensor NO2_B43F_P1, matrix of correlation between 2020-01-17 and 2020-01-30
INFO [2020-08-21 12:29:36] [Auto.Cal] ordered list of covariates that are correlated with residuals of the current calibration model for NO2_B43F_P1
               row.names NO2_B43F_P1_volt Nitrogen_dioxide_modelled Out.Ref.NO2  Residuals
1:     Absolute_humidity       0.37120724              1.117204e-01 0.001250428 0.27457029
2:  Atmospheric_pressure       0.12468343              5.195922e-03 0.027919024 0.13288201
3: Relative_humidity_int       0.12135304              7.815703e-02 0.019745071 0.08559610
4:       OX_A431_P1_volt       0.59315003              3.584538e-03 0.003754940 0.03535298
5:     Relative_humidity       0.13283977              1.060033e-01 0.043895179 0.07510271
6:                 DRIFT       0.03054275              2.713214e-06 0.011090627 0.02747746
7:            Td_deficit       0.11244350              1.351821e-01 0.064533462 0.07964146
-----------------------
INFO [2020-08-21 12:29:37] [Auto.Cal] Looking for covariate 2 to be added to the calibration function.
INFO [2020-08-21 12:29:37] [Auto.Cal] setting new First.covariates using the covariates correlated with residuals of the previous calibration model.
INFO [2020-08-21 12:29:37] [Auto.Cal] Adding the requested Relationships on top of the new First.covariates
INFO [2020-08-21 12:29:37] [Auto.Cal] request to drop parameter "DRIFT" from possible significant covariates
INFO [2020-08-21 12:29:37] [Auto.Cal] request to drop parameters 5310CAT_volt, OPCN3PM10_volt, Atmospheric_pressure, Relative_humidity_int from possible significant covariates
INFO [2020-08-21 12:29:37] [Auto.Cal] Possible ordered covariates: Temperature_int, Absolute_humidity, OX_A431_P1_volt, Relative_humidity, Td_deficit
-----------------------
INFO [2020-08-21 12:29:37] [Auto.Cal] Covariate "Absolute_humidity" has a Variance Inflation factor of 1.33725336904822, lower than threshold: 7.5,
"Absolute_humidity" does not show multicolinearity with other independent variables. It can be included into the calibration model.
-----------------------
-----------------------
INFO [2020-08-21 12:29:37] [Auto.Cal] Fitting calibration model with 2 covariate(s): Temperature_int, Absolute_humidity
-----------------------
INFO [2020-08-21 12:29:38] [Auto.Cal] Comparing rolling models.
INFO [2020-08-21 12:29:38] Model : 4065ED__NO2_B43F_P1__nA__MultiLinear__20200117__20200122__Temperature_int-1&Absolute_humidity-1__.rdata
WARN [2020-08-21 12:29:38] [Compare_Models] General.csv for 4065ED not loaded.
INFO [2020-08-21 12:29:39] Model : 4065ED__NO2_B43F_P1__nA__MultiLinear__20200118__20200123__Temperature_int-1&Absolute_humidity-1__.rdata
WARN [2020-08-21 12:29:39] [Compare_Models] General.csv for 4065ED not loaded.
INFO [2020-08-21 12:29:39] Model : 4065ED__NO2_B43F_P1__nA__MultiLinear__20200119__20200124__Temperature_int-1&Absolute_humidity-1__.rdata
WARN [2020-08-21 12:29:39] [Compare_Models] General.csv for 4065ED not loaded.
INFO [2020-08-21 12:29:40] Model : 4065ED__NO2_B43F_P1__nA__MultiLinear__20200120__20200125__Temperature_int-1&Absolute_humidity-1__.rdata
WARN [2020-08-21 12:29:40] [Compare_Models] General.csv for 4065ED not loaded.
INFO [2020-08-21 12:29:40] Model : 4065ED__NO2_B43F_P1__nA__MultiLinear__20200121__20200126__Temperature_int-1&Absolute_humidity-1__.rdata
WARN [2020-08-21 12:29:40] [Compare_Models] General.csv for 4065ED not loaded.
INFO [2020-08-21 12:29:41] Model : 4065ED__NO2_B43F_P1__nA__MultiLinear__20200122__20200127__Temperature_int-1&Absolute_humidity-1__.rdata
WARN [2020-08-21 12:29:41] [Compare_Models] General.csv for 4065ED not loaded.
INFO [2020-08-21 12:29:42] Model : 4065ED__NO2_B43F_P1__nA__MultiLinear__20200123__20200128__Temperature_int-1&Absolute_humidity-1__.rdata
WARN [2020-08-21 12:29:42] [Compare_Models] General.csv for 4065ED not loaded.
INFO [2020-08-21 12:29:42] Model : 4065ED__NO2_B43F_P1__nA__MultiLinear__20200124__20200129__Temperature_int-1&Absolute_humidity-1__.rdata
WARN [2020-08-21 12:29:42] [Compare_Models] General.csv for 4065ED not loaded.
INFO [2020-08-21 12:29:43] Model : 4065ED__NO2_B43F_P1__nA__MultiLinear__20200125__20200130__Temperature_int-1&Absolute_humidity-1__.rdata
WARN [2020-08-21 12:29:43] [Compare_Models] General.csv for 4065ED not loaded.
INFO [2020-08-21 12:29:43] Model : 4065ED__NO2_B43F_P1__nA__MultiLinear__20200126__20200131__Temperature_int-1&Absolute_humidity-1__.rdata
WARN [2020-08-21 12:29:43] [Compare_Models] General.csv for 4065ED not loaded.
-----------------------
INFO [2020-08-21 12:29:44] [Auto.Cal] Creating Median Model with the median of coefficents of rolling models.
-----------------------
INFO [2020-08-21 12:29:44] [Median_Model] ASE box 4065ED, sensor NO2_B43F_P1, creating rolling MultiLinear models between 2020-01-17
and 2020-01-31 with median of coefficients of models.
# A tibble: 4 x 11
  term              estimate std.error statistic p.value    MAD conf.low conf.high `t value`   `Pr(>|t|)` tau                                                                      
  <chr>                <dbl>     <dbl>     <dbl>   <dbl>  <dbl>    <dbl>     <dbl>     <dbl>        <dbl> <chr>                                                                    
1 (Intercept)        -14.6      1.51      -285.        0 1.42    -16.7     -12.5       -9.67 0.0000109    Median of coefficients of rolling calibration models with interval of 5 ~
2 x                   -0.347    0.0175    -215.        0 0.0153   -0.369    -0.324    -19.8  0.0000000438 Median of coefficients of rolling calibration models with interval of 5 ~
3 Temperature_int     -0.638    0.0539    -243.        0 0.0704   -0.742    -0.533    -11.8  0.00000239   Median of coefficients of rolling calibration models with interval of 5 ~
4 Absolute_humidity   -1.19     0.383      -86.9       0 0.294    -1.63     -0.758     -3.12 0.0142       Median of coefficients of rolling calibration models with interval of 5 ~
# A tibble: 1 x 7
  r.squared adj.r.squared  logLik    AIC    BIC  nobs  RMSE
      <dbl>         <dbl>   <dbl>  <dbl>  <dbl> <int> <dbl>
1     0.895         0.895 -30291. 60593. 60632. 16942  1.45
-----------------------
INFO [2020-08-21 12:29:44] [Auto.Cal] The Akaike Information Criterion (AIC) of the current model is 60592.8371531981. It is lower than the AIC of the precedent model 66744.711471162.
INFO [2020-08-21 12:29:44] [Auto.Cal] Adding of covariate Absolute_humidity improves the fit of the calibration model.
-----------------------
INFO [2020-08-21 12:29:44] [Auto.Cal] Checking if any coefficient of model is not significant, except for the intercept
INFO [2020-08-21 12:29:44] [Auto.Cal] All coefficients of the calibration model with covariate(s) Temperature_int, Absolute_humidity are significantly different from 0
INFO [2020-08-21 12:29:44] [Auto.Cal] covariate: Absolute_humidity is included into the model.
INFO [2020-08-21 12:29:47] [List_Covariates] ASE box 4065ED, sensor NO2_B43F_P1, matrix of correlation between 2020-01-17 and 2020-01-30
INFO [2020-08-21 12:29:47] [Auto.Cal] ordered list of covariates that are correlated with residuals of the current calibration model for NO2_B43F_P1
         row.names NO2_B43F_P1_volt Nitrogen_dioxide_modelled Out.Ref.NO2  Residuals
1: OX_A431_P1_volt          0.59315               0.007108607  0.00375494 0.06837962
-----------------------
INFO [2020-08-21 12:29:47] [Auto.Cal] Looking for covariate 3 to be added to the calibration function.
INFO [2020-08-21 12:29:47] [Auto.Cal] setting new First.covariates using the covariates correlated with residuals of the previous calibration model.
INFO [2020-08-21 12:29:47] [Auto.Cal] Adding the requested Relationships on top of the new First.covariates
INFO [2020-08-21 12:29:47] [Auto.Cal] request to drop parameters 5310CAT_volt, OPCN3PM10_volt, Atmospheric_pressure, Relative_humidity_int from possible significant covariates
INFO [2020-08-21 12:29:47] [Auto.Cal] Possible ordered covariates: Temperature_int, Absolute_humidity, OX_A431_P1_volt
-----------------------
WARN [2020-08-21 12:29:48] [Auto.Cal] Covariate OX_A431_P1_volt has a Variance Inflation factor of 9.18142791946269, higher than threshold: 7.5,
OX_A431_P1_volt does suffer from multicolinearity with other dependent variables. It cannot be included into the MultiLinear calibration model.
-----------------------
WARN [2020-08-21 12:29:48] [Auto.Cal] There are no more covariates to be added to the calibration model
-----------------------
INFO [2020-08-21 12:29:48] [Auto.Cal] There are no more covariates to be added to the calibration model.
