#######################
INFO [2020-08-21 14:51:00] [Auto.Cal] 4065D0, sensor SHT31TE fitting Linear.Robust models.
-----------------------
INFO [2020-08-21 14:51:02] [Auto.Cal] Comparing Linear.Robust models:
INFO [2020-08-21 14:51:02] Model : 4065D0__SHT31TE__Celsius__Linear.Robust__20200117__20200120____.rdata
WARN [2020-08-21 14:51:02] [Compare_Models] General.csv for 4065D0 not loaded.
INFO [2020-08-21 14:51:03] Model : 4065D0__SHT31TE__Celsius__Linear.Robust__20200118__20200121____.rdata
WARN [2020-08-21 14:51:03] [Compare_Models] General.csv for 4065D0 not loaded.
INFO [2020-08-21 14:51:03] Model : 4065D0__SHT31TE__Celsius__Linear.Robust__20200119__20200122____.rdata
WARN [2020-08-21 14:51:03] [Compare_Models] General.csv for 4065D0 not loaded.
INFO [2020-08-21 14:51:04] Model : 4065D0__SHT31TE__Celsius__Linear.Robust__20200120__20200123____.rdata
WARN [2020-08-21 14:51:04] [Compare_Models] General.csv for 4065D0 not loaded.
INFO [2020-08-21 14:51:04] Model : 4065D0__SHT31TE__Celsius__Linear.Robust__20200121__20200124____.rdata
WARN [2020-08-21 14:51:04] [Compare_Models] General.csv for 4065D0 not loaded.
INFO [2020-08-21 14:51:05] Model : 4065D0__SHT31TE__Celsius__Linear.Robust__20200122__20200125____.rdata
WARN [2020-08-21 14:51:05] [Compare_Models] General.csv for 4065D0 not loaded.
INFO [2020-08-21 14:51:06] Model : 4065D0__SHT31TE__Celsius__Linear.Robust__20200123__20200126____.rdata
WARN [2020-08-21 14:51:06] [Compare_Models] General.csv for 4065D0 not loaded.
INFO [2020-08-21 14:51:07] Model : 4065D0__SHT31TE__Celsius__Linear.Robust__20200124__20200127____.rdata
WARN [2020-08-21 14:51:07] [Compare_Models] General.csv for 4065D0 not loaded.
INFO [2020-08-21 14:51:07] Model : 4065D0__SHT31TE__Celsius__Linear.Robust__20200125__20200128____.rdata
WARN [2020-08-21 14:51:07] [Compare_Models] General.csv for 4065D0 not loaded.
INFO [2020-08-21 14:51:08] Model : 4065D0__SHT31TE__Celsius__Linear.Robust__20200126__20200129____.rdata
WARN [2020-08-21 14:51:08] [Compare_Models] General.csv for 4065D0 not loaded.
INFO [2020-08-21 14:51:08] Model : 4065D0__SHT31TE__Celsius__Linear.Robust__20200127__20200130____.rdata
WARN [2020-08-21 14:51:08] [Compare_Models] General.csv for 4065D0 not loaded.
INFO [2020-08-21 14:51:09] Model : 4065D0__SHT31TE__Celsius__Linear.Robust__20200128__20200131____.rdata
WARN [2020-08-21 14:51:09] [Compare_Models] General.csv for 4065D0 not loaded.
-----------------------
INFO [2020-08-21 14:51:09] [Auto.Cal] Creating calibration Median Model with the median of coefficients of the rolling Linear.Robust models.
INFO [2020-08-21 14:51:10] [Median_Model] ASE box 4065D0, sensor     SHT31TE, creating rolling Linear.Robust models between 2020-01-17
and 2020-01-31 with median of coefficients of models.
# A tibble: 2 x 11
  term        estimate std.error statistic p.value tau                                                                             MAD conf.low conf.high `t value` `Pr(>|t|)`
  <chr>          <dbl>     <dbl>     <dbl>   <dbl> <chr>                                                                         <dbl>    <dbl>     <dbl>     <dbl>      <dbl>
1 (Intercept)    3.24     0.145       662.       0 Median of coefficients of rolling calibration models with interval of 3 days 0.0564    3.15      3.32       22.3   7.53e-10
2 x              0.922    0.0191      682.       0 Median of coefficients of rolling calibration models with interval of 3 days 0.0163    0.898     0.946      48.4   3.41e-13
# A tibble: 1 x 7
  tau                                            logLik    AIC    BIC r.squared adj.r.squared  RMSE
  <chr>                                           <dbl>  <dbl>  <dbl>     <dbl>         <dbl> <dbl>
1 Median of coefficients of rolling calibration -26534. 53073. 53096.     0.936         0.936  1.05
-----------------------
INFO [2020-08-21 14:51:10] [Auto.Cal] Looking for significant covariates that could be added to the Linear.Robust calibration model:
INFO [2020-08-21 14:51:15] [List_Covariates] ASE box 4065D0, sensor     SHT31TE, matrix of correlation between 2020-01-17 and 2020-01-30
INFO [2020-08-21 14:51:15] [Auto.Cal] there are no covariates to add to the calibration mode for sensor SHT31TE.
INFO [2020-08-21 14:51:15] [Auto.Cal] It is not necessary or not requested to add other covariates to the calibration model.
