#######################
INFO [2020-08-21 12:48:12] [Auto.Cal] 4065D0, sensor NO_B4_P1 fitting exp_kT_NoC models.
-----------------------
INFO [2020-08-21 12:48:13] [Auto.Cal] Comparing Linear.Robust models:
INFO [2020-08-21 12:48:13] Model : 4065D0__NO_B4_P1__nA__exp_kT_NoC__20200119__20200122__Temperature-1__.rdata
WARN [2020-08-21 12:48:13] [Compare_Models] General.csv for 4065D0 not loaded.
INFO [2020-08-21 12:48:14] Model : 4065D0__NO_B4_P1__nA__exp_kT_NoC__20200120__20200123__Temperature-1__.rdata
WARN [2020-08-21 12:48:14] [Compare_Models] General.csv for 4065D0 not loaded.
INFO [2020-08-21 12:48:14] Model : 4065D0__NO_B4_P1__nA__exp_kT_NoC__20200121__20200124__Temperature-1__.rdata
WARN [2020-08-21 12:48:14] [Compare_Models] General.csv for 4065D0 not loaded.
INFO [2020-08-21 12:48:15] Model : 4065D0__NO_B4_P1__nA__exp_kT_NoC__20200122__20200125__Temperature-1__.rdata
WARN [2020-08-21 12:48:15] [Compare_Models] General.csv for 4065D0 not loaded.
INFO [2020-08-21 12:48:16] Model : 4065D0__NO_B4_P1__nA__exp_kT_NoC__20200123__20200126__Temperature-1__.rdata
WARN [2020-08-21 12:48:16] [Compare_Models] General.csv for 4065D0 not loaded.
INFO [2020-08-21 12:48:16] Model : 4065D0__NO_B4_P1__nA__exp_kT_NoC__20200124__20200127__Temperature-1__.rdata
WARN [2020-08-21 12:48:16] [Compare_Models] General.csv for 4065D0 not loaded.
INFO [2020-08-21 12:48:17] Model : 4065D0__NO_B4_P1__nA__exp_kT_NoC__20200125__20200128__Temperature-1__.rdata
WARN [2020-08-21 12:48:17] [Compare_Models] General.csv for 4065D0 not loaded.
INFO [2020-08-21 12:48:17] Model : 4065D0__NO_B4_P1__nA__exp_kT_NoC__20200126__20200129__Temperature-1__.rdata
WARN [2020-08-21 12:48:17] [Compare_Models] General.csv for 4065D0 not loaded.
INFO [2020-08-21 12:48:18] Model : 4065D0__NO_B4_P1__nA__exp_kT_NoC__20200127__20200130__Temperature-1__.rdata
WARN [2020-08-21 12:48:18] [Compare_Models] General.csv for 4065D0 not loaded.
INFO [2020-08-21 12:48:18] Model : 4065D0__NO_B4_P1__nA__exp_kT_NoC__20200128__20200131__Temperature-1__.rdata
WARN [2020-08-21 12:48:18] [Compare_Models] General.csv for 4065D0 not loaded.
-----------------------
INFO [2020-08-21 12:48:19] [Auto.Cal] Creating calibration Median Model with the median of coefficients of the rolling Linear.Robust models.
INFO [2020-08-21 12:48:19] [Median_Model] ASE box 4065D0, sensor    NO_B4_P1, creating rolling exp_kT_NoC models between 2020-01-19
and 2020-01-31 with median of coefficients of models.
# A tibble: 3 x 11
  term                   estimate std.error statistic p.value    MAD conf.low conf.high `t value`  `Pr(>|t|)` tau                                                                  
  <chr>                     <dbl>     <dbl>     <dbl>   <dbl>  <dbl>    <dbl>     <dbl>     <dbl>       <dbl> <chr>                                                                
1 a0.(Intercept)           7.23     1.46         211.       0 1.26     5.36       9.09       4.96 0.00110     Median of coefficients of rolling calibration models with interval o~
2 a1.x                     0.593    0.0333       345.       0 0.0333   0.544      0.642     17.8  0.000000101 Median of coefficients of rolling calibration models with interval o~
3 k.get(name.Temperatur~   0.0958   0.00965      195.       0 0.0133   0.0761     0.116      9.93 0.00000891  Median of coefficients of rolling calibration models with interval o~
# A tibble: 1 x 9
  isConv       finTol  logLik    AIC    BIC  nobs r.squared adj.r.squared  RMSE
  <lgl>         <dbl>   <dbl>  <dbl>  <dbl> <int>     <dbl>         <dbl> <dbl>
1 TRUE   0.0000000149 -38827. 77663. 77693. 15580     0.876         0.876  2.92
-----------------------
INFO [2020-08-21 12:48:19] [Auto.Cal] Looking for significant covariates that could be added to the Linear.Robust calibration model:
INFO [2020-08-21 12:48:26] [List_Covariates] ASE box 4065D0, sensor    NO_B4_P1, matrix of correlation between 2020-01-17 and 2020-01-30
INFO [2020-08-21 12:48:26] [Auto.Cal] there are no covariates to add to the calibration mode for sensor NO_B4_P1.
INFO [2020-08-21 12:48:26] [Auto.Cal] It is not necessary or not requested to add other covariates to the calibration model.
