#######################
INFO [2020-08-21 11:51:21] [Auto.Cal] 4065D0, sensor D300 fitting Linear.Robust models.
-----------------------
INFO [2020-08-21 11:51:22] [Auto.Cal] Comparing Linear.Robust models:
INFO [2020-08-21 11:51:22] Model : 4065D0__D300__ppm__Linear.Robust__20200117__20200120____.rdata
WARN [2020-08-21 11:51:22] [Compare_Models] General.csv for 4065D0 not loaded.
INFO [2020-08-21 11:51:22] Model : 4065D0__D300__ppm__Linear.Robust__20200118__20200121____.rdata
WARN [2020-08-21 11:51:22] [Compare_Models] General.csv for 4065D0 not loaded.
INFO [2020-08-21 11:51:22] Model : 4065D0__D300__ppm__Linear.Robust__20200119__20200122____.rdata
WARN [2020-08-21 11:51:22] [Compare_Models] General.csv for 4065D0 not loaded.
INFO [2020-08-21 11:51:23] Model : 4065D0__D300__ppm__Linear.Robust__20200120__20200123____.rdata
WARN [2020-08-21 11:51:23] [Compare_Models] General.csv for 4065D0 not loaded.
INFO [2020-08-21 11:51:23] Model : 4065D0__D300__ppm__Linear.Robust__20200121__20200124____.rdata
WARN [2020-08-21 11:51:23] [Compare_Models] General.csv for 4065D0 not loaded.
INFO [2020-08-21 11:51:24] Model : 4065D0__D300__ppm__Linear.Robust__20200122__20200125____.rdata
WARN [2020-08-21 11:51:24] [Compare_Models] General.csv for 4065D0 not loaded.
INFO [2020-08-21 11:51:24] Model : 4065D0__D300__ppm__Linear.Robust__20200123__20200126____.rdata
WARN [2020-08-21 11:51:24] [Compare_Models] General.csv for 4065D0 not loaded.
INFO [2020-08-21 11:51:24] Model : 4065D0__D300__ppm__Linear.Robust__20200124__20200127____.rdata
WARN [2020-08-21 11:51:24] [Compare_Models] General.csv for 4065D0 not loaded.
INFO [2020-08-21 11:51:25] Model : 4065D0__D300__ppm__Linear.Robust__20200125__20200128____.rdata
WARN [2020-08-21 11:51:25] [Compare_Models] General.csv for 4065D0 not loaded.
INFO [2020-08-21 11:51:25] Model : 4065D0__D300__ppm__Linear.Robust__20200126__20200129____.rdata
WARN [2020-08-21 11:51:25] [Compare_Models] General.csv for 4065D0 not loaded.
INFO [2020-08-21 11:51:25] Model : 4065D0__D300__ppm__Linear.Robust__20200127__20200130____.rdata
WARN [2020-08-21 11:51:25] [Compare_Models] General.csv for 4065D0 not loaded.
INFO [2020-08-21 11:51:26] Model : 4065D0__D300__ppm__Linear.Robust__20200128__20200131____.rdata
WARN [2020-08-21 11:51:26] [Compare_Models] General.csv for 4065D0 not loaded.
-----------------------
INFO [2020-08-21 11:51:26] [Auto.Cal] Creating calibration Median Model with the median of coefficients of the rolling Linear.Robust models.
INFO [2020-08-21 11:51:26] [Median_Model] ASE box 4065D0, sensor        D300, creating rolling Linear.Robust models between 2020-01-17
and 2020-01-31 with median of coefficients of models.
# A tibble: 2 x 11
  term        estimate std.error statistic p.value tau                                                                              MAD conf.low conf.high `t value` `Pr(>|t|)`
  <chr>          <dbl>     <dbl>     <dbl>   <dbl> <chr>                                                                          <dbl>    <dbl>     <dbl>     <dbl>      <dbl>
1 (Intercept)  -466.     215.        -14.9       0 Median of coefficients of rolling calibration models with interval of 3 days 238.     -819.     -113.       -2.16    0.0558 
2 x               1.76     0.459      28.6       0 Median of coefficients of rolling calibration models with interval of 3 days   0.468     1.06      2.45      3.83    0.00331
# A tibble: 1 x 7
  tau                                            logLik    AIC    BIC r.squared adj.r.squared  RMSE
  <chr>                                           <dbl>  <dbl>  <dbl>     <dbl>         <dbl> <dbl>
1 Median of coefficients of rolling calibration -13341. 26688. 26706.     0.387         0.387  31.2
-----------------------
INFO [2020-08-21 11:51:26] [Auto.Cal] Looking for significant covariates that could be added to the Linear.Robust calibration model:
INFO [2020-08-21 11:51:32] [List_Covariates] ASE box 4065D0, sensor        D300, matrix of correlation between 2020-01-17 and 2020-01-30
INFO [2020-08-21 11:51:33] [Auto.Cal] the list of significant covariates that could be added to the Linear.Robust calibration model of D300 is:
              row.names D300_volt Carbon_dioxide_modelled Out.Ref.CO2 Residuals
1:    Absolute_humidity 0.3556762               0.3556762 0.009570657 0.4817954
2: Atmospheric_pressure 0.3222958               0.3222958 0.001190402 0.4608301
3:                DRIFT 0.1983646               0.1983646 0.064718644 0.3425561
4:     NO2_B43F_P1_volt 0.1614388               0.1614388 0.005845769 0.2792295
5:      Temperature_int 0.6140054               0.6140054 0.261498595 0.3268082
6:          Temperature 0.6246547               0.6246547 0.267438877 0.3326026
-----------------------
INFO [2020-08-21 11:51:33] [Auto.Cal] Looking for covariate 1 to be added to the calibration function.
INFO [2020-08-21 11:51:33] [Auto.Cal] setting new First.covariates using the covariates correlated with residuals of the previous calibration model.
INFO [2020-08-21 11:51:33] [Auto.Cal] request to drop parameter "DRIFT" from possible significant covariates
INFO [2020-08-21 11:51:33] [Auto.Cal] request to drop parameters 5310CAT_volt, OPCN3PM10_volt, NO_B4_P1, NO2_B43F_P1_volt, OX_A431_P1_volt from possible significant covariates
INFO [2020-08-21 11:51:33] [Auto.Cal] Possible ordered covariates: Absolute_humidity, Atmospheric_pressure, Temperature_int, Temperature
-----------------------
INFO [2020-08-21 11:51:33] [Auto.Cal] Covariate "Absolute_humidity" has a Variance Inflation factor of 1.00700732289808, lower than threshold: 10,
"Absolute_humidity" does not show multicolinearity with other independent variables. It can be included into the calibration model.
-----------------------
-----------------------
INFO [2020-08-21 11:51:33] [Auto.Cal] Fitting calibration model with 1 covariate(s): Absolute_humidity
-----------------------
INFO [2020-08-21 11:51:34] [Auto.Cal] Comparing rolling models.
INFO [2020-08-21 11:51:34] Model : 4065D0__D300__ppm__MultiLinear__20200117__20200120__Absolute_humidity-1__.rdata
WARN [2020-08-21 11:51:34] [Compare_Models] General.csv for 4065D0 not loaded.
INFO [2020-08-21 11:51:34] Model : 4065D0__D300__ppm__MultiLinear__20200118__20200121__Absolute_humidity-1__.rdata
WARN [2020-08-21 11:51:34] [Compare_Models] General.csv for 4065D0 not loaded.
INFO [2020-08-21 11:51:35] Model : 4065D0__D300__ppm__MultiLinear__20200119__20200122__Absolute_humidity-1__.rdata
WARN [2020-08-21 11:51:35] [Compare_Models] General.csv for 4065D0 not loaded.
INFO [2020-08-21 11:51:35] Model : 4065D0__D300__ppm__MultiLinear__20200120__20200123__Absolute_humidity-1__.rdata
WARN [2020-08-21 11:51:35] [Compare_Models] General.csv for 4065D0 not loaded.
INFO [2020-08-21 11:51:36] Model : 4065D0__D300__ppm__MultiLinear__20200121__20200124__Absolute_humidity-1__.rdata
WARN [2020-08-21 11:51:36] [Compare_Models] General.csv for 4065D0 not loaded.
INFO [2020-08-21 11:51:36] Model : 4065D0__D300__ppm__MultiLinear__20200122__20200125__Absolute_humidity-1__.rdata
WARN [2020-08-21 11:51:36] [Compare_Models] General.csv for 4065D0 not loaded.
INFO [2020-08-21 11:51:37] Model : 4065D0__D300__ppm__MultiLinear__20200123__20200126__Absolute_humidity-1__.rdata
WARN [2020-08-21 11:51:37] [Compare_Models] General.csv for 4065D0 not loaded.
INFO [2020-08-21 11:51:37] Model : 4065D0__D300__ppm__MultiLinear__20200124__20200127__Absolute_humidity-1__.rdata
WARN [2020-08-21 11:51:37] [Compare_Models] General.csv for 4065D0 not loaded.
INFO [2020-08-21 11:51:38] Model : 4065D0__D300__ppm__MultiLinear__20200125__20200128__Absolute_humidity-1__.rdata
WARN [2020-08-21 11:51:38] [Compare_Models] General.csv for 4065D0 not loaded.
INFO [2020-08-21 11:51:38] Model : 4065D0__D300__ppm__MultiLinear__20200126__20200129__Absolute_humidity-1__.rdata
WARN [2020-08-21 11:51:39] [Compare_Models] General.csv for 4065D0 not loaded.
INFO [2020-08-21 11:51:39] Model : 4065D0__D300__ppm__MultiLinear__20200127__20200130__Absolute_humidity-1__.rdata
WARN [2020-08-21 11:51:39] [Compare_Models] General.csv for 4065D0 not loaded.
INFO [2020-08-21 11:51:40] Model : 4065D0__D300__ppm__MultiLinear__20200128__20200131__Absolute_humidity-1__.rdata
WARN [2020-08-21 11:51:40] [Compare_Models] General.csv for 4065D0 not loaded.
-----------------------
INFO [2020-08-21 11:51:41] [Auto.Cal] Creating Median Model with the median of coefficents of rolling models.
-----------------------
INFO [2020-08-21 11:51:41] [Median_Model] ASE box 4065D0, sensor        D300, creating rolling MultiLinear models between 2020-01-17
and 2020-01-31 with median of coefficients of models.
# A tibble: 3 x 11
  term              estimate std.error statistic  p.value     MAD conf.low conf.high `t value` `Pr(>|t|)` tau                                                                      
  <chr>                <dbl>     <dbl>     <dbl>    <dbl>   <dbl>    <dbl>     <dbl>     <dbl>      <dbl> <chr>                                                                    
1 (Intercept)        -263.     258.        -21.7 1.91e-96 275.    -670.       145.       -1.02     0.333  Median of coefficients of rolling calibration models with interval of 3 ~
2 x                     1.48     0.501      58.6 0.         0.489    0.752      2.20      2.94     0.0147 Median of coefficients of rolling calibration models with interval of 3 ~
3 Absolute_humidity   -28.9     11.2       -51.9 0.         9.24   -42.6      -15.2      -2.59     0.0269 Median of coefficients of rolling calibration models with interval of 3 ~
# A tibble: 1 x 7
  r.squared adj.r.squared  logLik    AIC    BIC  nobs  RMSE
      <dbl>         <dbl>   <dbl>  <dbl>  <dbl> <int> <dbl>
1    -0.561        -0.562 -14187. 28381. 28405.  2664  49.7
WARN [2020-08-21 11:51:41] [Auto.Cal] The Akaike information criterion (AIC) of the current model 28381.1937405685 is not lower that the AIC of the precedent model 26688.1577751579.
WARN [2020-08-21 11:51:41] [Auto.Cal] Adding of covariate Absolute_humidity does not improve the fitting of calibration model. Looking for other covariates.
WARN [2020-08-21 11:51:41] [Auto.Cal] Absolute_humidity is discarded from the list of possible covariates because AIC is not improved using it or coefficients of model shows rolling variability.
-----------------------
INFO [2020-08-21 11:51:41] [Auto.Cal] Looking for covariate 1 to be added to the calibration function.
INFO [2020-08-21 11:51:41] [Auto.Cal] Possible ordered covariates: Atmospheric_pressure, Temperature_int, Temperature
-----------------------
INFO [2020-08-21 11:51:41] [Auto.Cal] Covariate "Atmospheric_pressure" has a Variance Inflation factor of 1.00170863005447, lower than threshold: 10,
"Atmospheric_pressure" does not show multicolinearity with other independent variables. It can be included into the calibration model.
-----------------------
-----------------------
INFO [2020-08-21 11:51:41] [Auto.Cal] Fitting calibration model with 1 covariate(s): Atmospheric_pressure
-----------------------
INFO [2020-08-21 11:51:42] [Auto.Cal] Comparing rolling models.
INFO [2020-08-21 11:51:42] Model : 4065D0__D300__ppm__MultiLinear__20200117__20200120__Atmospheric_pressure-1__.rdata
WARN [2020-08-21 11:51:42] [Compare_Models] General.csv for 4065D0 not loaded.
INFO [2020-08-21 11:51:42] Model : 4065D0__D300__ppm__MultiLinear__20200118__20200121__Atmospheric_pressure-1__.rdata
WARN [2020-08-21 11:51:42] [Compare_Models] General.csv for 4065D0 not loaded.
INFO [2020-08-21 11:51:43] Model : 4065D0__D300__ppm__MultiLinear__20200119__20200122__Atmospheric_pressure-1__.rdata
WARN [2020-08-21 11:51:43] [Compare_Models] General.csv for 4065D0 not loaded.
INFO [2020-08-21 11:51:43] Model : 4065D0__D300__ppm__MultiLinear__20200120__20200123__Atmospheric_pressure-1__.rdata
WARN [2020-08-21 11:51:43] [Compare_Models] General.csv for 4065D0 not loaded.
INFO [2020-08-21 11:51:44] Model : 4065D0__D300__ppm__MultiLinear__20200121__20200124__Atmospheric_pressure-1__.rdata
WARN [2020-08-21 11:51:44] [Compare_Models] General.csv for 4065D0 not loaded.
INFO [2020-08-21 11:51:44] Model : 4065D0__D300__ppm__MultiLinear__20200122__20200125__Atmospheric_pressure-1__.rdata
WARN [2020-08-21 11:51:44] [Compare_Models] General.csv for 4065D0 not loaded.
INFO [2020-08-21 11:51:45] Model : 4065D0__D300__ppm__MultiLinear__20200123__20200126__Atmospheric_pressure-1__.rdata
WARN [2020-08-21 11:51:45] [Compare_Models] General.csv for 4065D0 not loaded.
INFO [2020-08-21 11:51:46] Model : 4065D0__D300__ppm__MultiLinear__20200124__20200127__Atmospheric_pressure-1__.rdata
WARN [2020-08-21 11:51:46] [Compare_Models] General.csv for 4065D0 not loaded.
INFO [2020-08-21 11:51:46] Model : 4065D0__D300__ppm__MultiLinear__20200125__20200128__Atmospheric_pressure-1__.rdata
WARN [2020-08-21 11:51:46] [Compare_Models] General.csv for 4065D0 not loaded.
INFO [2020-08-21 11:51:47] Model : 4065D0__D300__ppm__MultiLinear__20200126__20200129__Atmospheric_pressure-1__.rdata
WARN [2020-08-21 11:51:47] [Compare_Models] General.csv for 4065D0 not loaded.
INFO [2020-08-21 11:51:47] Model : 4065D0__D300__ppm__MultiLinear__20200127__20200130__Atmospheric_pressure-1__.rdata
WARN [2020-08-21 11:51:47] [Compare_Models] General.csv for 4065D0 not loaded.
INFO [2020-08-21 11:51:48] Model : 4065D0__D300__ppm__MultiLinear__20200128__20200131__Atmospheric_pressure-1__.rdata
WARN [2020-08-21 11:51:48] [Compare_Models] General.csv for 4065D0 not loaded.
-----------------------
INFO [2020-08-21 11:51:48] [Auto.Cal] Creating Median Model with the median of coefficents of rolling models.
-----------------------
INFO [2020-08-21 11:51:48] [Median_Model] ASE box 4065D0, sensor        D300, creating rolling MultiLinear models between 2020-01-17
and 2020-01-31 with median of coefficients of models.
# A tibble: 3 x 11
  term                estimate std.error statistic p.value      MAD  conf.low conf.high `t value` `Pr(>|t|)` tau                                                                   
  <chr>                  <dbl>     <dbl>     <dbl>   <dbl>    <dbl>     <dbl>     <dbl>     <dbl>      <dbl> <chr>                                                                 
1 (Intercept)         -3382.    1185.        -54.2       0 1399.    -5455.     -1308.       -2.85  0.0171    Median of coefficients of rolling calibration models with interval of~
2 x                       1.70     0.246      62.6       0    0.158     1.46       1.93      6.91  0.0000414 Median of coefficients of rolling calibration models with interval of~
3 Atmospheric_pressu~     2.97     1.22       47.7       0    1.50      0.753      5.19      2.44  0.0347    Median of coefficients of rolling calibration models with interval of~
# A tibble: 1 x 7
  r.squared adj.r.squared  logLik    AIC    BIC  nobs  RMSE
      <dbl>         <dbl>   <dbl>  <dbl>  <dbl> <int> <dbl>
1    -0.324        -0.325 -13968. 27944. 27967.  2664  45.8
WARN [2020-08-21 11:51:48] [Auto.Cal] The Akaike information criterion (AIC) of the current model 27943.8524056162 is not lower that the AIC of the precedent model 26688.1577751579.
WARN [2020-08-21 11:51:48] [Auto.Cal] Adding of covariate Atmospheric_pressure does not improve the fitting of calibration model. Looking for other covariates.
WARN [2020-08-21 11:51:49] [Auto.Cal] Atmospheric_pressure is discarded from the list of possible covariates because AIC is not improved using it or coefficients of model shows rolling variability.
-----------------------
INFO [2020-08-21 11:51:49] [Auto.Cal] Looking for covariate 1 to be added to the calibration function.
INFO [2020-08-21 11:51:49] [Auto.Cal] Possible ordered covariates: Temperature_int, Temperature
-----------------------
INFO [2020-08-21 11:51:49] [Auto.Cal] Covariate "Temperature_int" has a Variance Inflation factor of 1.33061128248092, lower than threshold: 10,
"Temperature_int" does not show multicolinearity with other independent variables. It can be included into the calibration model.
-----------------------
-----------------------
INFO [2020-08-21 11:51:49] [Auto.Cal] Fitting calibration model with 1 covariate(s): Temperature_int
-----------------------
INFO [2020-08-21 11:51:49] [Auto.Cal] Comparing rolling models.
INFO [2020-08-21 11:51:49] Model : 4065D0__D300__ppm__MultiLinear__20200117__20200120__Temperature_int-1__.rdata
WARN [2020-08-21 11:51:50] [Compare_Models] General.csv for 4065D0 not loaded.
INFO [2020-08-21 11:51:50] Model : 4065D0__D300__ppm__MultiLinear__20200118__20200121__Temperature_int-1__.rdata
WARN [2020-08-21 11:51:50] [Compare_Models] General.csv for 4065D0 not loaded.
INFO [2020-08-21 11:51:51] Model : 4065D0__D300__ppm__MultiLinear__20200119__20200122__Temperature_int-1__.rdata
WARN [2020-08-21 11:51:51] [Compare_Models] General.csv for 4065D0 not loaded.
INFO [2020-08-21 11:51:51] Model : 4065D0__D300__ppm__MultiLinear__20200120__20200123__Temperature_int-1__.rdata
WARN [2020-08-21 11:51:51] [Compare_Models] General.csv for 4065D0 not loaded.
INFO [2020-08-21 11:51:52] Model : 4065D0__D300__ppm__MultiLinear__20200121__20200124__Temperature_int-1__.rdata
WARN [2020-08-21 11:51:52] [Compare_Models] General.csv for 4065D0 not loaded.
INFO [2020-08-21 11:51:52] Model : 4065D0__D300__ppm__MultiLinear__20200122__20200125__Temperature_int-1__.rdata
WARN [2020-08-21 11:51:52] [Compare_Models] General.csv for 4065D0 not loaded.
INFO [2020-08-21 11:51:53] Model : 4065D0__D300__ppm__MultiLinear__20200123__20200126__Temperature_int-1__.rdata
WARN [2020-08-21 11:51:53] [Compare_Models] General.csv for 4065D0 not loaded.
INFO [2020-08-21 11:51:53] Model : 4065D0__D300__ppm__MultiLinear__20200124__20200127__Temperature_int-1__.rdata
WARN [2020-08-21 11:51:53] [Compare_Models] General.csv for 4065D0 not loaded.
INFO [2020-08-21 11:51:54] Model : 4065D0__D300__ppm__MultiLinear__20200125__20200128__Temperature_int-1__.rdata
WARN [2020-08-21 11:51:54] [Compare_Models] General.csv for 4065D0 not loaded.
INFO [2020-08-21 11:51:54] Model : 4065D0__D300__ppm__MultiLinear__20200126__20200129__Temperature_int-1__.rdata
WARN [2020-08-21 11:51:54] [Compare_Models] General.csv for 4065D0 not loaded.
INFO [2020-08-21 11:51:55] Model : 4065D0__D300__ppm__MultiLinear__20200127__20200130__Temperature_int-1__.rdata
WARN [2020-08-21 11:51:55] [Compare_Models] General.csv for 4065D0 not loaded.
INFO [2020-08-21 11:51:55] Model : 4065D0__D300__ppm__MultiLinear__20200128__20200131__Temperature_int-1__.rdata
WARN [2020-08-21 11:51:55] [Compare_Models] General.csv for 4065D0 not loaded.
-----------------------
INFO [2020-08-21 11:51:56] [Auto.Cal] Creating Median Model with the median of coefficents of rolling models.
-----------------------
INFO [2020-08-21 11:51:56] [Median_Model] ASE box 4065D0, sensor        D300, creating rolling MultiLinear models between 2020-01-17
and 2020-01-31 with median of coefficients of models.
# A tibble: 3 x 11
  term            estimate std.error statistic   p.value     MAD conf.low conf.high `t value` `Pr(>|t|)` tau                                                                       
  <chr>              <dbl>     <dbl>     <dbl>     <dbl>   <dbl>    <dbl>     <dbl>     <dbl>      <dbl> <chr>                                                                     
1 (Intercept)      -86.5     189.       0.0280 9.78e-  1 191.    -370.       197.      -0.457    0.657   Median of coefficients of rolling calibration models with interval of 3 d~
2 x                  0.982     0.396   29.0    1.17e-160   0.413    0.370      1.59     2.48     0.0324  Median of coefficients of rolling calibration models with interval of 3 d~
3 Temperature_int   -6.40      1.83   -53.9    0.          1.31    -8.34      -4.46    -3.50     0.00575 Median of coefficients of rolling calibration models with interval of 3 d~
# A tibble: 1 x 7
  r.squared adj.r.squared  logLik    AIC    BIC  nobs  RMSE
      <dbl>         <dbl>   <dbl>  <dbl>  <dbl> <int> <dbl>
1     0.621         0.621 -12302. 24612. 24635.  2664  24.5
-----------------------
INFO [2020-08-21 11:51:56] [Auto.Cal] The Akaike Information Criterion (AIC) of the current model is 24611.5389515662. It is lower than the AIC of the precedent model 26688.1577751579.
INFO [2020-08-21 11:51:56] [Auto.Cal] Adding of covariate Temperature_int improves the fit of the calibration model.
-----------------------
INFO [2020-08-21 11:51:56] [Auto.Cal] Checking if any coefficient of model is not significant, except for the intercept
INFO [2020-08-21 11:51:56] [Auto.Cal] All coefficients of the calibration model with covariate(s) Temperature_int are significantly different from 0
INFO [2020-08-21 11:51:56] [Auto.Cal] covariate: Temperature_int is included into the model.
INFO [2020-08-21 11:52:02] [List_Covariates] ASE box 4065D0, sensor        D300, matrix of correlation between 2020-01-17 and 2020-01-30
INFO [2020-08-21 11:52:02] [Auto.Cal] ordered list of covariates that are correlated with residuals of the current calibration model for D300
              row.names  D300_volt Carbon_dioxide_modelled Out.Ref.CO2  Residuals
1: Atmospheric_pressure 0.32229578               0.2598718 0.001190402 0.22948938
2:                DRIFT 0.19836457               0.2168024 0.064718644 0.25113519
3:    Absolute_humidity 0.35567619               0.1207291 0.009570657 0.08497713
4:        NO_B4_P1_volt 0.04396469               0.1896102 0.075794017 0.10484931
-----------------------
INFO [2020-08-21 11:52:03] [Auto.Cal] Looking for covariate 2 to be added to the calibration function.
INFO [2020-08-21 11:52:03] [Auto.Cal] setting new First.covariates using the covariates correlated with residuals of the previous calibration model.
INFO [2020-08-21 11:52:03] [Auto.Cal] request to drop parameter "DRIFT" from possible significant covariates
INFO [2020-08-21 11:52:03] [Auto.Cal] request to drop parameters 5310CAT_volt, OPCN3PM10_volt, NO_B4_P1, NO2_B43F_P1_volt, OX_A431_P1_volt from possible significant covariates
INFO [2020-08-21 11:52:03] [Auto.Cal] dropped covariates (already used or VIF or AIC or coefficients): Absolute_humidity, Atmospheric_pressure
INFO [2020-08-21 11:52:03] [Auto.Cal] Possible ordered covariates: Temperature_int
INFO [2020-08-21 11:52:03] [Auto.Cal] There are no more covariates to be added to the calibration model.
