#######################
INFO [2020-08-21 11:38:53] [Auto.Cal] 4065D0, sensor CO_A4_P1 fitting Linear.Robust models.
-----------------------
INFO [2020-08-21 11:38:55] [Auto.Cal] Comparing Linear.Robust models:
INFO [2020-08-21 11:38:55] Model : 4065D0__CO_A4_P1__nA__Linear.Robust__20200119__20200122____.rdata
WARN [2020-08-21 11:38:55] [Compare_Models] General.csv for 4065D0 not loaded.
INFO [2020-08-21 11:38:55] Model : 4065D0__CO_A4_P1__nA__Linear.Robust__20200120__20200123____.rdata
WARN [2020-08-21 11:38:55] [Compare_Models] General.csv for 4065D0 not loaded.
INFO [2020-08-21 11:38:55] Model : 4065D0__CO_A4_P1__nA__Linear.Robust__20200121__20200124____.rdata
WARN [2020-08-21 11:38:55] [Compare_Models] General.csv for 4065D0 not loaded.
INFO [2020-08-21 11:38:56] Model : 4065D0__CO_A4_P1__nA__Linear.Robust__20200122__20200125____.rdata
WARN [2020-08-21 11:38:56] [Compare_Models] General.csv for 4065D0 not loaded.
INFO [2020-08-21 11:38:56] Model : 4065D0__CO_A4_P1__nA__Linear.Robust__20200123__20200126____.rdata
WARN [2020-08-21 11:38:56] [Compare_Models] General.csv for 4065D0 not loaded.
INFO [2020-08-21 11:38:56] Model : 4065D0__CO_A4_P1__nA__Linear.Robust__20200124__20200127____.rdata
WARN [2020-08-21 11:38:56] [Compare_Models] General.csv for 4065D0 not loaded.
INFO [2020-08-21 11:38:57] Model : 4065D0__CO_A4_P1__nA__Linear.Robust__20200125__20200128____.rdata
WARN [2020-08-21 11:38:57] [Compare_Models] General.csv for 4065D0 not loaded.
INFO [2020-08-21 11:38:57] Model : 4065D0__CO_A4_P1__nA__Linear.Robust__20200126__20200129____.rdata
WARN [2020-08-21 11:38:57] [Compare_Models] General.csv for 4065D0 not loaded.
INFO [2020-08-21 11:38:57] Model : 4065D0__CO_A4_P1__nA__Linear.Robust__20200127__20200130____.rdata
WARN [2020-08-21 11:38:57] [Compare_Models] General.csv for 4065D0 not loaded.
INFO [2020-08-21 11:38:58] Model : 4065D0__CO_A4_P1__nA__Linear.Robust__20200128__20200131____.rdata
WARN [2020-08-21 11:38:58] [Compare_Models] General.csv for 4065D0 not loaded.
-----------------------
INFO [2020-08-21 11:38:58] [Auto.Cal] Creating calibration Median Model with the median of coefficients of the rolling Linear.Robust models.
INFO [2020-08-21 11:38:58] [Median_Model] ASE box 4065D0, sensor    CO_A4_P1, creating rolling Linear.Robust models between 2020-01-19
and 2020-01-31 with median of coefficients of models.
# A tibble: 2 x 11
  term        estimate std.error statistic p.value tau                                                                            MAD conf.low conf.high `t value`   `Pr(>|t|)`
  <chr>          <dbl>     <dbl>     <dbl>   <dbl> <chr>                                                                        <dbl>    <dbl>     <dbl>     <dbl>        <dbl>
1 (Intercept)    -29.3      7.18     -158.       0 Median of coefficients of rolling calibration models with interval of 3 days  7.29    -40.1     -18.5     -4.08 0.00353     
2 x              211.      10.2       826.       0 Median of coefficients of rolling calibration models with interval of 3 days 10.3     195.      226.      20.7  0.0000000309
# A tibble: 1 x 7
  tau                                            logLik     AIC     BIC r.squared adj.r.squared  RMSE
  <chr>                                           <dbl>   <dbl>   <dbl>     <dbl>         <dbl> <dbl>
1 Median of coefficients of rolling calibration -64293. 128592. 128615.     0.962         0.962  12.3
-----------------------
INFO [2020-08-21 11:38:59] [Auto.Cal] Looking for significant covariates that could be added to the Linear.Robust calibration model:
INFO [2020-08-21 11:39:07] [List_Covariates] ASE box 4065D0, sensor    CO_A4_P1, matrix of correlation between 2020-02-19 and 2020-03-27
INFO [2020-08-21 11:39:07] [Auto.Cal] the list of significant covariates that could be added to the Linear.Robust calibration model of CO_A4_P1 is:
       row.names CO_A4_P1_volt Carbon_monoxide_modelled Out.Ref.CO_ppm  Residuals
1: NO_B4_P1_volt    0.02396665               0.02396665     0.05021549 0.07016218
-----------------------
INFO [2020-08-21 11:39:08] [Auto.Cal] Looking for covariate 1 to be added to the calibration function.
INFO [2020-08-21 11:39:08] [Auto.Cal] setting new First.covariates using the covariates correlated with residuals of the previous calibration model.
INFO [2020-08-21 11:39:08] [Auto.Cal] request to drop parameters NO2_B43F_P1_volt from possible significant covariates
INFO [2020-08-21 11:39:08] [Auto.Cal] Possible ordered covariates: NO_B4_P1_volt
-----------------------
INFO [2020-08-21 11:39:08] [Auto.Cal] Covariate "NO_B4_P1_volt" has a Variance Inflation factor of 1.05286479370834, lower than threshold: 10,
"NO_B4_P1_volt" does not show multicolinearity with other independent variables. It can be included into the calibration model.
-----------------------
-----------------------
INFO [2020-08-21 11:39:08] [Auto.Cal] Fitting calibration model with 1 covariate(s): NO_B4_P1_volt
-----------------------
INFO [2020-08-21 11:39:09] [Auto.Cal] Comparing rolling models.
INFO [2020-08-21 11:39:09] Model : 4065D0__CO_A4_P1__nA__MultiLinear__20200119__20200122__NO_B4_P1_volt-1__.rdata
WARN [2020-08-21 11:39:09] [Compare_Models] General.csv for 4065D0 not loaded.
INFO [2020-08-21 11:39:09] Model : 4065D0__CO_A4_P1__nA__MultiLinear__20200120__20200123__NO_B4_P1_volt-1__.rdata
WARN [2020-08-21 11:39:09] [Compare_Models] General.csv for 4065D0 not loaded.
INFO [2020-08-21 11:39:10] Model : 4065D0__CO_A4_P1__nA__MultiLinear__20200121__20200124__NO_B4_P1_volt-1__.rdata
WARN [2020-08-21 11:39:10] [Compare_Models] General.csv for 4065D0 not loaded.
INFO [2020-08-21 11:39:11] Model : 4065D0__CO_A4_P1__nA__MultiLinear__20200122__20200125__NO_B4_P1_volt-1__.rdata
WARN [2020-08-21 11:39:11] [Compare_Models] General.csv for 4065D0 not loaded.
INFO [2020-08-21 11:39:11] Model : 4065D0__CO_A4_P1__nA__MultiLinear__20200123__20200126__NO_B4_P1_volt-1__.rdata
WARN [2020-08-21 11:39:11] [Compare_Models] General.csv for 4065D0 not loaded.
INFO [2020-08-21 11:39:12] Model : 4065D0__CO_A4_P1__nA__MultiLinear__20200124__20200127__NO_B4_P1_volt-1__.rdata
WARN [2020-08-21 11:39:12] [Compare_Models] General.csv for 4065D0 not loaded.
INFO [2020-08-21 11:39:13] Model : 4065D0__CO_A4_P1__nA__MultiLinear__20200125__20200128__NO_B4_P1_volt-1__.rdata
WARN [2020-08-21 11:39:13] [Compare_Models] General.csv for 4065D0 not loaded.
INFO [2020-08-21 11:39:13] Model : 4065D0__CO_A4_P1__nA__MultiLinear__20200126__20200129__NO_B4_P1_volt-1__.rdata
WARN [2020-08-21 11:39:13] [Compare_Models] General.csv for 4065D0 not loaded.
INFO [2020-08-21 11:39:14] Model : 4065D0__CO_A4_P1__nA__MultiLinear__20200127__20200130__NO_B4_P1_volt-1__.rdata
WARN [2020-08-21 11:39:14] [Compare_Models] General.csv for 4065D0 not loaded.
INFO [2020-08-21 11:39:15] Model : 4065D0__CO_A4_P1__nA__MultiLinear__20200128__20200131__NO_B4_P1_volt-1__.rdata
WARN [2020-08-21 11:39:15] [Compare_Models] General.csv for 4065D0 not loaded.
-----------------------
INFO [2020-08-21 11:39:15] [Auto.Cal] Creating Median Model with the median of coefficents of rolling models.
-----------------------
INFO [2020-08-21 11:39:15] [Median_Model] ASE box 4065D0, sensor    CO_A4_P1, creating rolling MultiLinear models between 2020-01-19
and 2020-01-31 with median of coefficients of models.
# A tibble: 3 x 11
  term          estimate std.error statistic   p.value   MAD conf.low  conf.high `t value`    `Pr(>|t|)` tau                                                                       
  <chr>            <dbl>     <dbl>     <dbl>     <dbl> <dbl>    <dbl>      <dbl>     <dbl>         <dbl> <chr>                                                                     
1 (Intercept)    -25.4       6.68      -73.1 0.        8.46   -38.0   -12.9          -3.81 0.00517       Median of coefficients of rolling calibration models with interval of 3 d~
2 x              212.        7.55      662.  0.        3.16   207.    216.           28.0  0.00000000283 Median of coefficients of rolling calibration models with interval of 3 d~
3 NO_B4_P1_volt   -0.277     0.152     -31.3 1.75e-209 0.187   -0.554   0.000976     -1.81 0.107         Median of coefficients of rolling calibration models with interval of 3 d~
# A tibble: 1 x 7
  r.squared adj.r.squared  logLik     AIC     BIC  nobs  RMSE
      <dbl>         <dbl>   <dbl>   <dbl>   <dbl> <int> <dbl>
1     0.964         0.964 -63756. 127519. 127550. 16381  11.9
-----------------------
INFO [2020-08-21 11:39:16] [Auto.Cal] The Akaike Information Criterion (AIC) of the current model is 127519.054923362. It is lower than the AIC of the precedent model 128591.997306966.
INFO [2020-08-21 11:39:16] [Auto.Cal] Adding of covariate NO_B4_P1_volt improves the fit of the calibration model.
-----------------------
INFO [2020-08-21 11:39:16] [Auto.Cal] Checking if any coefficient of model is not significant, except for the intercept
WARN [2020-08-21 11:39:16] [Auto.Cal] The coefficient of parameter(s) NO_B4_P1_volt of the current model is(are) not significantly different from 0.
WARN [2020-08-21 11:39:16] [Auto.Cal] The calibration model resulting from adding covariate NO_B4_P1_volt is not valid.
WARN [2020-08-21 11:39:16] [Auto.Cal] Either parameters are unstable when rolling the calibration models or it/they does not influence significantly the sensor responses. Looking for other covariates.

WARN [2020-08-21 11:39:16] [Auto.Cal] NO_B4_P1_volt is discarded from the list of possible covariates because AIC is not improved using it or coefficients of model shows rolling variability.
-----------------------
INFO [2020-08-21 11:39:16] [Auto.Cal] Looking for covariate 1 to be added to the calibration function.
INFO [2020-08-21 11:39:16] [Auto.Cal] Possible ordered covariates: 
INFO [2020-08-21 11:39:16] [Auto.Cal] There are no more covariates to be added to the calibration model.
