#######################
INFO [2020-08-17 16:56:57] [Auto.Cal] 4065D0, sensor OPCN3PM10 fitting Linear.Robust models.
-----------------------
INFO [2020-08-17 16:56:58] [Auto.Cal] Comparing Linear.Robust models:
INFO [2020-08-17 16:56:58] Model : 4065D0__OPCN3PM10__ug.m-3__Linear.Robust__20200117__20200120____.rdata
WARN [2020-08-17 16:56:58] [Compare_Models] General.csv for 4065D0 not loaded.
INFO [2020-08-17 16:56:59] Model : 4065D0__OPCN3PM10__ug.m-3__Linear.Robust__20200118__20200121____.rdata
WARN [2020-08-17 16:56:59] [Compare_Models] General.csv for 4065D0 not loaded.
INFO [2020-08-17 16:56:59] Model : 4065D0__OPCN3PM10__ug.m-3__Linear.Robust__20200119__20200122____.rdata
WARN [2020-08-17 16:56:59] [Compare_Models] General.csv for 4065D0 not loaded.
INFO [2020-08-17 16:56:59] Model : 4065D0__OPCN3PM10__ug.m-3__Linear.Robust__20200120__20200123____.rdata
WARN [2020-08-17 16:56:59] [Compare_Models] General.csv for 4065D0 not loaded.
INFO [2020-08-17 16:57:00] Model : 4065D0__OPCN3PM10__ug.m-3__Linear.Robust__20200121__20200124____.rdata
WARN [2020-08-17 16:57:00] [Compare_Models] General.csv for 4065D0 not loaded.
INFO [2020-08-17 16:57:00] Model : 4065D0__OPCN3PM10__ug.m-3__Linear.Robust__20200122__20200125____.rdata
WARN [2020-08-17 16:57:00] [Compare_Models] General.csv for 4065D0 not loaded.
INFO [2020-08-17 16:57:01] Model : 4065D0__OPCN3PM10__ug.m-3__Linear.Robust__20200123__20200126____.rdata
WARN [2020-08-17 16:57:01] [Compare_Models] General.csv for 4065D0 not loaded.
INFO [2020-08-17 16:57:01] Model : 4065D0__OPCN3PM10__ug.m-3__Linear.Robust__20200124__20200127____.rdata
WARN [2020-08-17 16:57:01] [Compare_Models] General.csv for 4065D0 not loaded.
INFO [2020-08-17 16:57:01] Model : 4065D0__OPCN3PM10__ug.m-3__Linear.Robust__20200125__20200128____.rdata
WARN [2020-08-17 16:57:01] [Compare_Models] General.csv for 4065D0 not loaded.
INFO [2020-08-17 16:57:02] Model : 4065D0__OPCN3PM10__ug.m-3__Linear.Robust__20200126__20200129____.rdata
WARN [2020-08-17 16:57:02] [Compare_Models] General.csv for 4065D0 not loaded.
INFO [2020-08-17 16:57:02] Model : 4065D0__OPCN3PM10__ug.m-3__Linear.Robust__20200127__20200130____.rdata
WARN [2020-08-17 16:57:02] [Compare_Models] General.csv for 4065D0 not loaded.
INFO [2020-08-17 16:57:02] Model : 4065D0__OPCN3PM10__ug.m-3__Linear.Robust__20200128__20200131____.rdata
WARN [2020-08-17 16:57:02] [Compare_Models] General.csv for 4065D0 not loaded.
-----------------------
INFO [2020-08-17 16:57:03] [Auto.Cal] Creating calibration Median Model with the median of coefficients of the rolling Linear.Robust models.
INFO [2020-08-17 16:57:03] [Median_Model] ASE box 4065D0, sensor   OPCN3PM10, creating rolling Linear.Robust models between 2020-01-17
and 2020-01-31 with median of coefficients of models.
# A tibble: 2 x 11
  term        estimate std.error statistic p.value tau                                                                   MAD conf.low conf.high `t value` `Pr(>|t|)`
  <chr>          <dbl>     <dbl>     <dbl>   <dbl> <chr>                                                               <dbl>    <dbl>     <dbl>     <dbl>      <dbl>
1 (Intercept)   -4.43     11.1       -10.9       0 Median of coefficients of rolling calibration models with interval~ 7.44   -15.5        6.59    -0.399     0.698 
2 x              0.624     0.307     130.        0 Median of coefficients of rolling calibration models with interval~ 0.283    0.203      1.04     2.03      0.0701
# A tibble: 1 x 7
  tau                                            logLik    AIC    BIC r.squared adj.r.squared  RMSE
  <chr>                                           <dbl>  <dbl>  <dbl>     <dbl>         <dbl> <dbl>
1 Median of coefficients of rolling calibration -36501. 73007. 73029.     0.499         0.499  8.29
-----------------------
INFO [2020-08-17 16:57:03] [Auto.Cal] Looking for significant covariates that could be added to the Linear.Robust calibration model:
INFO [2020-08-17 16:57:09] [List_Covariates] ASE box 4065D0, sensor   OPCN3PM10, matrix of correlation between 2020-01-17 and 2020-01-30
INFO [2020-08-17 16:57:09] [Auto.Cal] the list of significant covariates that could be added to the Linear.Robust calibration model of OPCN3PM10 is:
           row.names OPCN3PM10_volt Particulate_Matter_10_modelled Out.Ref.PM10  Residuals
1:  NO2_B43F_P1_volt   7.700272e-02                   7.700272e-02  0.004901405 0.01375498
2: Absolute_humidity   6.626363e-05                   6.626363e-05  0.014146614 0.01819499
-----------------------
INFO [2020-08-17 16:57:10] [Auto.Cal] Looking for covariate 1 to be added to the calibration function.
INFO [2020-08-17 16:57:10] [Auto.Cal] request to drop parameter "DRIFT" from significant covariates
INFO [2020-08-17 16:57:10] [Auto.Cal] request to drop parameters ending with "_modelled" from significant covariates
INFO [2020-08-17 16:57:10] [Auto.Cal] request to drop parameters NO2_B43F_P1_volt, OX_A431_P1_volt from significant covariates
-----------------------
INFO [2020-08-17 16:57:10] [Auto.Cal] Covariate "Absolute_humidity" has a Variance Inflation factor of 1.08783721681802, lower than threshold: 10,
"Absolute_humidity" does not show multicolinearity with other dependent variables. It can be included into the MultiLinear calibration model.
-----------------------
-----------------------
INFO [2020-08-17 16:57:10] [Auto.Cal] Fitting calibration model with 1 covariate(s): Absolute_humidity
-----------------------
INFO [2020-08-17 16:57:11] [Auto.Cal] Comparing rolling models.
INFO [2020-08-17 16:57:11] Model : 4065D0__OPCN3PM10__ug.m-3__MultiLinear__20200117__20200120__Absolute_humidity-1__.rdata
WARN [2020-08-17 16:57:11] [Compare_Models] General.csv for 4065D0 not loaded.
INFO [2020-08-17 16:57:11] Model : 4065D0__OPCN3PM10__ug.m-3__MultiLinear__20200118__20200121__Absolute_humidity-1__.rdata
WARN [2020-08-17 16:57:11] [Compare_Models] General.csv for 4065D0 not loaded.
INFO [2020-08-17 16:57:12] Model : 4065D0__OPCN3PM10__ug.m-3__MultiLinear__20200119__20200122__Absolute_humidity-1__.rdata
WARN [2020-08-17 16:57:12] [Compare_Models] General.csv for 4065D0 not loaded.
INFO [2020-08-17 16:57:12] Model : 4065D0__OPCN3PM10__ug.m-3__MultiLinear__20200120__20200123__Absolute_humidity-1__.rdata
WARN [2020-08-17 16:57:12] [Compare_Models] General.csv for 4065D0 not loaded.
INFO [2020-08-17 16:57:13] Model : 4065D0__OPCN3PM10__ug.m-3__MultiLinear__20200121__20200124__Absolute_humidity-1__.rdata
WARN [2020-08-17 16:57:13] [Compare_Models] General.csv for 4065D0 not loaded.
INFO [2020-08-17 16:57:13] Model : 4065D0__OPCN3PM10__ug.m-3__MultiLinear__20200122__20200125__Absolute_humidity-1__.rdata
WARN [2020-08-17 16:57:13] [Compare_Models] General.csv for 4065D0 not loaded.
INFO [2020-08-17 16:57:14] Model : 4065D0__OPCN3PM10__ug.m-3__MultiLinear__20200123__20200126__Absolute_humidity-1__.rdata
WARN [2020-08-17 16:57:14] [Compare_Models] General.csv for 4065D0 not loaded.
INFO [2020-08-17 16:57:14] Model : 4065D0__OPCN3PM10__ug.m-3__MultiLinear__20200124__20200127__Absolute_humidity-1__.rdata
WARN [2020-08-17 16:57:14] [Compare_Models] General.csv for 4065D0 not loaded.
INFO [2020-08-17 16:57:15] Model : 4065D0__OPCN3PM10__ug.m-3__MultiLinear__20200125__20200128__Absolute_humidity-1__.rdata
WARN [2020-08-17 16:57:15] [Compare_Models] General.csv for 4065D0 not loaded.
INFO [2020-08-17 16:57:15] Model : 4065D0__OPCN3PM10__ug.m-3__MultiLinear__20200126__20200129__Absolute_humidity-1__.rdata
WARN [2020-08-17 16:57:15] [Compare_Models] General.csv for 4065D0 not loaded.
INFO [2020-08-17 16:57:16] Model : 4065D0__OPCN3PM10__ug.m-3__MultiLinear__20200127__20200130__Absolute_humidity-1__.rdata
WARN [2020-08-17 16:57:16] [Compare_Models] General.csv for 4065D0 not loaded.
INFO [2020-08-17 16:57:16] Model : 4065D0__OPCN3PM10__ug.m-3__MultiLinear__20200128__20200131__Absolute_humidity-1__.rdata
WARN [2020-08-17 16:57:16] [Compare_Models] General.csv for 4065D0 not loaded.
-----------------------
INFO [2020-08-17 16:57:17] [Auto.Cal] Creating Median Model with the median of coefficents of rolling models.
-----------------------
INFO [2020-08-17 16:57:17] [Median_Model] ASE box 4065D0, sensor   OPCN3PM10, creating rolling MultiLinear models between 2020-01-17
and 2020-01-31 with median of coefficients of models.
# A tibble: 3 x 11
  term            estimate std.error statistic   p.value    MAD conf.low conf.high `t value` `Pr(>|t|)` tau                                                         
  <chr>              <dbl>     <dbl>     <dbl>     <dbl>  <dbl>    <dbl>     <dbl>     <dbl>      <dbl> <chr>                                                       
1 (Intercept)        5.30     30.0        8.84 1.15e- 18 11.2   -11.3        21.9      0.177      0.863 Median of coefficients of rolling calibration models with i~
2 x                  0.814     0.477    119.   0.         0.527   0.0336      1.60     1.71       0.119 Median of coefficients of rolling calibration models with i~
3 Absolute_humid~   -3.41      5.62     -21.8  8.51e-103  3.71   -8.92        2.09    -0.607      0.557 Median of coefficients of rolling calibration models with i~
# A tibble: 1 x 7
  r.squared adj.r.squared  logLik    AIC    BIC  nobs  RMSE
      <dbl>         <dbl>   <dbl>  <dbl>  <dbl> <int> <dbl>
1     0.542         0.542 -34646. 69301. 69329.  9264  8.00
-----------------------
INFO [2020-08-17 16:57:17] [Auto.Cal] The Akaike Information Criterion (AIC) of the current model is 69300.8024291953. It is lower than the AIC of the precedent model 73007.0305994815.
INFO [2020-08-17 16:57:17] [Auto.Cal] Adding of covariate Absolute_humidity improves the fit of the calibration model.
-----------------------
INFO [2020-08-17 16:57:17] [Auto.Cal] Checking if any parameter of model is not significant, except for the intercept
WARN [2020-08-17 16:57:17] [Auto.Cal] The coefficient of parameter(s) (Intercept) and x and Absolute_humidity of the current model is(are) not significantly different from 0.
WARN [2020-08-17 16:57:17] [Auto.Cal] The calibration model resulting from adding covariate Absolute_humidity is not valid.
WARN [2020-08-17 16:57:17] [Auto.Cal] Either parameters are unstable when rolling the calibration models or it/they does not influence significantly the sensor responses. Looking for other covariates.

WARN [2020-08-17 16:57:17] [Auto.Cal] Absolute_humidity is discarded from the significant covariates because AIC is not improved using it or coefficients of model shows rolling variability.
-----------------------
INFO [2020-08-17 16:57:17] [Auto.Cal] Looking for covariate 1 to be added to the calibration function.
INFO [2020-08-17 16:57:17] [Auto.Cal] request to drop parameter "DRIFT" from significant covariates
INFO [2020-08-17 16:57:17] [Auto.Cal] request to drop parameters ending with "_modelled" from significant covariates
INFO [2020-08-17 16:57:17] [Auto.Cal] request to drop parameters NO2_B43F_P1_volt, OX_A431_P1_volt from significant covariates
INFO [2020-08-17 16:57:17] [Auto.Cal] There are no more covariates to be added to the calibration model.
