#######################
INFO [2020-08-21 12:49:40] [Auto.Cal] 40816F, sensor NO_B4_P1 fitting exp_kT_NoC models.
-----------------------
INFO [2020-08-21 12:49:41] [Auto.Cal] Comparing Linear.Robust models:
INFO [2020-08-21 12:49:41] Model : 40816F__NO_B4_P1__nA__exp_kT_NoC__20200119__20200122__Temperature-1__.rdata
WARN [2020-08-21 12:49:41] [Compare_Models] General.csv for 40816F not loaded.
INFO [2020-08-21 12:49:42] Model : 40816F__NO_B4_P1__nA__exp_kT_NoC__20200120__20200123__Temperature-1__.rdata
WARN [2020-08-21 12:49:42] [Compare_Models] General.csv for 40816F not loaded.
INFO [2020-08-21 12:49:42] Model : 40816F__NO_B4_P1__nA__exp_kT_NoC__20200121__20200124__Temperature-1__.rdata
WARN [2020-08-21 12:49:42] [Compare_Models] General.csv for 40816F not loaded.
INFO [2020-08-21 12:49:43] Model : 40816F__NO_B4_P1__nA__exp_kT_NoC__20200122__20200125__Temperature-1__.rdata
WARN [2020-08-21 12:49:43] [Compare_Models] General.csv for 40816F not loaded.
INFO [2020-08-21 12:49:44] Model : 40816F__NO_B4_P1__nA__exp_kT_NoC__20200123__20200126__Temperature-1__.rdata
WARN [2020-08-21 12:49:44] [Compare_Models] General.csv for 40816F not loaded.
INFO [2020-08-21 12:49:44] Model : 40816F__NO_B4_P1__nA__exp_kT_NoC__20200124__20200127__Temperature-1__.rdata
WARN [2020-08-21 12:49:44] [Compare_Models] General.csv for 40816F not loaded.
INFO [2020-08-21 12:49:45] Model : 40816F__NO_B4_P1__nA__exp_kT_NoC__20200125__20200128__Temperature-1__.rdata
WARN [2020-08-21 12:49:45] [Compare_Models] General.csv for 40816F not loaded.
INFO [2020-08-21 12:49:45] Model : 40816F__NO_B4_P1__nA__exp_kT_NoC__20200126__20200129__Temperature-1__.rdata
WARN [2020-08-21 12:49:45] [Compare_Models] General.csv for 40816F not loaded.
INFO [2020-08-21 12:49:46] Model : 40816F__NO_B4_P1__nA__exp_kT_NoC__20200127__20200130__Temperature-1__.rdata
WARN [2020-08-21 12:49:46] [Compare_Models] General.csv for 40816F not loaded.
INFO [2020-08-21 12:49:46] Model : 40816F__NO_B4_P1__nA__exp_kT_NoC__20200128__20200131__Temperature-1__.rdata
WARN [2020-08-21 12:49:46] [Compare_Models] General.csv for 40816F not loaded.
-----------------------
INFO [2020-08-21 12:49:47] [Auto.Cal] Creating calibration Median Model with the median of coefficients of the rolling Linear.Robust models.
INFO [2020-08-21 12:49:47] [Median_Model] ASE box 40816F, sensor    NO_B4_P1, creating rolling exp_kT_NoC models between 2020-01-19
and 2020-01-31 with median of coefficients of models.
# A tibble: 3 x 11
  term                   estimate std.error statistic p.value     MAD conf.low conf.high `t value`  `Pr(>|t|)` tau                                                                 
  <chr>                     <dbl>     <dbl>     <dbl>   <dbl>   <dbl>    <dbl>     <dbl>     <dbl>       <dbl> <chr>                                                               
1 a0.(Intercept)            6.32    1.47         232.       0 0.567      5.48      7.16       4.31 0.00259     Median of coefficients of rolling calibration models with interval ~
2 a1.x                      0.622   0.0360       384.       0 0.0241     0.587     0.658     17.3  0.000000127 Median of coefficients of rolling calibration models with interval ~
3 k.get(name.Temperatur~    0.113   0.00989      283.       0 0.00182    0.110     0.116     11.4  0.00000308  Median of coefficients of rolling calibration models with interval ~
# A tibble: 1 x 9
  isConv       finTol  logLik    AIC    BIC  nobs r.squared adj.r.squared  RMSE
  <lgl>         <dbl>   <dbl>  <dbl>  <dbl> <int>     <dbl>         <dbl> <dbl>
1 TRUE   0.0000000149 -39924. 79857. 79888. 16110     0.906         0.905  2.88
-----------------------
INFO [2020-08-21 12:49:47] [Auto.Cal] Looking for significant covariates that could be added to the Linear.Robust calibration model:
INFO [2020-08-21 12:49:50] [List_Covariates] ASE box 40816F, sensor    NO_B4_P1, matrix of correlation between 2020-01-21 and 2020-01-30
INFO [2020-08-21 12:49:50] [Auto.Cal] there are no covariates to add to the calibration mode for sensor NO_B4_P1.
INFO [2020-08-21 12:49:50] [Auto.Cal] It is not necessary or not requested to add other covariates to the calibration model.
