#######################
INFO [2020-08-17 16:58:30] [Auto.Cal] 40816F, sensor OPCN3PM10 fitting Linear.Robust models.
-----------------------
INFO [2020-08-17 16:58:31] [Auto.Cal] Comparing Linear.Robust models:
INFO [2020-08-17 16:58:31] Model : 40816F__OPCN3PM10__ug.m-3__Linear.Robust__20200117__20200120____.rdata
WARN [2020-08-17 16:58:31] [Compare_Models] General.csv for 40816F not loaded.
INFO [2020-08-17 16:58:31] Model : 40816F__OPCN3PM10__ug.m-3__Linear.Robust__20200118__20200121____.rdata
WARN [2020-08-17 16:58:31] [Compare_Models] General.csv for 40816F not loaded.
INFO [2020-08-17 16:58:32] Model : 40816F__OPCN3PM10__ug.m-3__Linear.Robust__20200119__20200122____.rdata
WARN [2020-08-17 16:58:32] [Compare_Models] General.csv for 40816F not loaded.
INFO [2020-08-17 16:58:32] Model : 40816F__OPCN3PM10__ug.m-3__Linear.Robust__20200120__20200123____.rdata
WARN [2020-08-17 16:58:32] [Compare_Models] General.csv for 40816F not loaded.
INFO [2020-08-17 16:58:32] Model : 40816F__OPCN3PM10__ug.m-3__Linear.Robust__20200121__20200124____.rdata
WARN [2020-08-17 16:58:32] [Compare_Models] General.csv for 40816F not loaded.
INFO [2020-08-17 16:58:33] Model : 40816F__OPCN3PM10__ug.m-3__Linear.Robust__20200122__20200125____.rdata
WARN [2020-08-17 16:58:33] [Compare_Models] General.csv for 40816F not loaded.
INFO [2020-08-17 16:58:33] Model : 40816F__OPCN3PM10__ug.m-3__Linear.Robust__20200123__20200126____.rdata
WARN [2020-08-17 16:58:33] [Compare_Models] General.csv for 40816F not loaded.
INFO [2020-08-17 16:58:33] Model : 40816F__OPCN3PM10__ug.m-3__Linear.Robust__20200124__20200127____.rdata
WARN [2020-08-17 16:58:33] [Compare_Models] General.csv for 40816F not loaded.
INFO [2020-08-17 16:58:34] Model : 40816F__OPCN3PM10__ug.m-3__Linear.Robust__20200125__20200128____.rdata
WARN [2020-08-17 16:58:34] [Compare_Models] General.csv for 40816F not loaded.
INFO [2020-08-17 16:58:34] Model : 40816F__OPCN3PM10__ug.m-3__Linear.Robust__20200126__20200129____.rdata
WARN [2020-08-17 16:58:34] [Compare_Models] General.csv for 40816F not loaded.
INFO [2020-08-17 16:58:35] Model : 40816F__OPCN3PM10__ug.m-3__Linear.Robust__20200127__20200130____.rdata
WARN [2020-08-17 16:58:35] [Compare_Models] General.csv for 40816F not loaded.
INFO [2020-08-17 16:58:35] Model : 40816F__OPCN3PM10__ug.m-3__Linear.Robust__20200128__20200131____.rdata
WARN [2020-08-17 16:58:35] [Compare_Models] General.csv for 40816F not loaded.
-----------------------
INFO [2020-08-17 16:58:35] [Auto.Cal] Creating calibration Median Model with the median of coefficients of the rolling Linear.Robust models.
INFO [2020-08-17 16:58:35] [Median_Model] ASE box 40816F, sensor   OPCN3PM10, creating rolling Linear.Robust models between 2020-01-17
and 2020-01-31 with median of coefficients of models.
# A tibble: 2 x 11
  term        estimate std.error statistic p.value tau                                                                   MAD conf.low conf.high `t value` `Pr(>|t|)`
  <chr>          <dbl>     <dbl>     <dbl>   <dbl> <chr>                                                               <dbl>    <dbl>     <dbl>     <dbl>      <dbl>
1 (Intercept)   -8.09     33.6       -21.2       0 Median of coefficients of rolling calibration models with interva~ 13.5    -28.1       11.9     -0.241      0.815
2 x              0.998     0.840     120.        0 Median of coefficients of rolling calibration models with interva~  0.484    0.280      1.72     1.19       0.263
# A tibble: 1 x 7
  tau                                            logLik     AIC     BIC r.squared adj.r.squared  RMSE
  <chr>                                           <dbl>   <dbl>   <dbl>     <dbl>         <dbl> <dbl>
1 Median of coefficients of rolling calibration -59353. 118713. 118735.     0.267         0.267  50.1
-----------------------
INFO [2020-08-17 16:58:36] [Auto.Cal] Looking for significant covariates that could be added to the Linear.Robust calibration model:
INFO [2020-08-17 16:58:37] [List_Covariates] ASE box 40816F, sensor   OPCN3PM10, matrix of correlation between 2020-01-17 and 2020-01-30
INFO [2020-08-17 16:58:38] [Auto.Cal] the list of significant covariates that could be added to the Linear.Robust calibration model of OPCN3PM10 is:
                  row.names OPCN3PM10_volt Particulate_Matter_10_modelled Out.Ref.PM10   Residuals
1: Carbon_monoxide_modelled   0.2928144412                   0.2928144412   0.24328851 0.585175172
2:            NO_B4_P1_volt   0.0004007009                   0.0004007009   0.00355925 0.003879185
-----------------------
INFO [2020-08-17 16:58:38] [Auto.Cal] Looking for covariate 1 to be added to the calibration function.
INFO [2020-08-17 16:58:38] [Auto.Cal] request to drop parameter "DRIFT" from significant covariates
INFO [2020-08-17 16:58:38] [Auto.Cal] request to drop parameters ending with "_modelled" from significant covariates
INFO [2020-08-17 16:58:38] [Auto.Cal] request to drop parameters NO2_B43F_P1_volt, OX_A431_P1_volt from significant covariates
-----------------------
INFO [2020-08-17 16:58:38] [Auto.Cal] Covariate "NO_B4_P1_volt" has a Variance Inflation factor of 1.00799527792873, lower than threshold: 10,
"NO_B4_P1_volt" does not show multicolinearity with other dependent variables. It can be included into the MultiLinear calibration model.
-----------------------
-----------------------
INFO [2020-08-17 16:58:38] [Auto.Cal] Fitting calibration model with 1 covariate(s): NO_B4_P1_volt
-----------------------
INFO [2020-08-17 16:58:39] [Auto.Cal] Comparing rolling models.
INFO [2020-08-17 16:58:39] Model : 40816F__OPCN3PM10__ug.m-3__MultiLinear__20200117__20200120__NO_B4_P1_volt-1__.rdata
WARN [2020-08-17 16:58:39] [Compare_Models] General.csv for 40816F not loaded.
INFO [2020-08-17 16:58:39] Model : 40816F__OPCN3PM10__ug.m-3__MultiLinear__20200118__20200121__NO_B4_P1_volt-1__.rdata
WARN [2020-08-17 16:58:40] [Compare_Models] General.csv for 40816F not loaded.
INFO [2020-08-17 16:58:40] Model : 40816F__OPCN3PM10__ug.m-3__MultiLinear__20200119__20200122__NO_B4_P1_volt-1__.rdata
WARN [2020-08-17 16:58:40] [Compare_Models] General.csv for 40816F not loaded.
INFO [2020-08-17 16:58:40] Model : 40816F__OPCN3PM10__ug.m-3__MultiLinear__20200120__20200123__NO_B4_P1_volt-1__.rdata
WARN [2020-08-17 16:58:40] [Compare_Models] General.csv for 40816F not loaded.
INFO [2020-08-17 16:58:41] Model : 40816F__OPCN3PM10__ug.m-3__MultiLinear__20200121__20200124__NO_B4_P1_volt-1__.rdata
WARN [2020-08-17 16:58:41] [Compare_Models] General.csv for 40816F not loaded.
INFO [2020-08-17 16:58:41] Model : 40816F__OPCN3PM10__ug.m-3__MultiLinear__20200122__20200125__NO_B4_P1_volt-1__.rdata
WARN [2020-08-17 16:58:41] [Compare_Models] General.csv for 40816F not loaded.
INFO [2020-08-17 16:58:42] Model : 40816F__OPCN3PM10__ug.m-3__MultiLinear__20200123__20200126__NO_B4_P1_volt-1__.rdata
WARN [2020-08-17 16:58:42] [Compare_Models] General.csv for 40816F not loaded.
INFO [2020-08-17 16:58:42] Model : 40816F__OPCN3PM10__ug.m-3__MultiLinear__20200124__20200127__NO_B4_P1_volt-1__.rdata
WARN [2020-08-17 16:58:42] [Compare_Models] General.csv for 40816F not loaded.
INFO [2020-08-17 16:58:43] Model : 40816F__OPCN3PM10__ug.m-3__MultiLinear__20200125__20200128__NO_B4_P1_volt-1__.rdata
WARN [2020-08-17 16:58:43] [Compare_Models] General.csv for 40816F not loaded.
INFO [2020-08-17 16:58:44] Model : 40816F__OPCN3PM10__ug.m-3__MultiLinear__20200126__20200129__NO_B4_P1_volt-1__.rdata
WARN [2020-08-17 16:58:44] [Compare_Models] General.csv for 40816F not loaded.
INFO [2020-08-17 16:58:44] Model : 40816F__OPCN3PM10__ug.m-3__MultiLinear__20200127__20200130__NO_B4_P1_volt-1__.rdata
WARN [2020-08-17 16:58:44] [Compare_Models] General.csv for 40816F not loaded.
INFO [2020-08-17 16:58:45] Model : 40816F__OPCN3PM10__ug.m-3__MultiLinear__20200128__20200131__NO_B4_P1_volt-1__.rdata
WARN [2020-08-17 16:58:45] [Compare_Models] General.csv for 40816F not loaded.
-----------------------
INFO [2020-08-17 16:58:45] [Auto.Cal] Creating Median Model with the median of coefficents of rolling models.
-----------------------
INFO [2020-08-17 16:58:46] [Median_Model] ASE box 40816F, sensor   OPCN3PM10, creating rolling MultiLinear models between 2020-01-17
and 2020-01-31 with median of coefficients of models.
# A tibble: 3 x 11
  term         estimate std.error statistic  p.value    MAD conf.low conf.high `t value` `Pr(>|t|)` tau                                                             
  <chr>           <dbl>     <dbl>     <dbl>    <dbl>  <dbl>    <dbl>     <dbl>     <dbl>      <dbl> <chr>                                                           
1 (Intercept)  -16.1        46.4      -10.2 1.58e-24 22.8    -49.9       17.6    -0.347       0.736 Median of coefficients of rolling calibration models with inter~
2 x              1.99        1.24      89.0 0.        1.65    -0.460      4.45    1.60        0.140 Median of coefficients of rolling calibration models with inter~
3 NO_B4_P1_vo~   0.0195      1.43     -10.9 1.06e-27  0.762   -1.11       1.15    0.0136      0.989 Median of coefficients of rolling calibration models with inter~
# A tibble: 1 x 7
  r.squared adj.r.squared  logLik     AIC     BIC  nobs  RMSE
      <dbl>         <dbl>   <dbl>   <dbl>   <dbl> <int> <dbl>
1     0.402         0.402 -53338. 106684. 106713. 10119  47.1
-----------------------
INFO [2020-08-17 16:58:46] [Auto.Cal] The Akaike Information Criterion (AIC) of the current model is 106683.691690647. It is lower than the AIC of the precedent model 118712.889601743.
INFO [2020-08-17 16:58:46] [Auto.Cal] Adding of covariate NO_B4_P1_volt improves the fit of the calibration model.
-----------------------
INFO [2020-08-17 16:58:46] [Auto.Cal] Checking if any parameter of model is not significant, except for the intercept
WARN [2020-08-17 16:58:46] [Auto.Cal] The coefficient of parameter(s) (Intercept) and x and NO_B4_P1_volt of the current model is(are) not significantly different from 0.
WARN [2020-08-17 16:58:46] [Auto.Cal] The calibration model resulting from adding covariate NO_B4_P1_volt is not valid.
WARN [2020-08-17 16:58:46] [Auto.Cal] Either parameters are unstable when rolling the calibration models or it/they does not influence significantly the sensor responses. Looking for other covariates.

WARN [2020-08-17 16:58:46] [Auto.Cal] NO_B4_P1_volt is discarded from the significant covariates because AIC is not improved using it or coefficients of model shows rolling variability.
-----------------------
INFO [2020-08-17 16:58:46] [Auto.Cal] Looking for covariate 1 to be added to the calibration function.
INFO [2020-08-17 16:58:46] [Auto.Cal] request to drop parameter "DRIFT" from significant covariates
INFO [2020-08-17 16:58:46] [Auto.Cal] request to drop parameters ending with "_modelled" from significant covariates
INFO [2020-08-17 16:58:46] [Auto.Cal] request to drop parameters NO2_B43F_P1_volt, OX_A431_P1_volt from significant covariates
INFO [2020-08-17 16:58:46] [Auto.Cal] There are no more covariates to be added to the calibration model.
