#######################
INFO [2020-08-21 12:47:10] [Auto.Cal] 406414, sensor NO_B4_P1 fitting exp_kT_NoC models.
-----------------------
INFO [2020-08-21 12:47:11] [Auto.Cal] Comparing Linear.Robust models:
INFO [2020-08-21 12:47:11] Model : 406414__NO_B4_P1__nA__exp_kT_NoC__20200119__20200122__Temperature-1__.rdata
WARN [2020-08-21 12:47:11] [Compare_Models] General.csv for 406414 not loaded.
INFO [2020-08-21 12:47:12] Model : 406414__NO_B4_P1__nA__exp_kT_NoC__20200120__20200123__Temperature-1__.rdata
WARN [2020-08-21 12:47:12] [Compare_Models] General.csv for 406414 not loaded.
INFO [2020-08-21 12:47:12] Model : 406414__NO_B4_P1__nA__exp_kT_NoC__20200121__20200124__Temperature-1__.rdata
WARN [2020-08-21 12:47:12] [Compare_Models] General.csv for 406414 not loaded.
INFO [2020-08-21 12:47:13] Model : 406414__NO_B4_P1__nA__exp_kT_NoC__20200122__20200125__Temperature-1__.rdata
WARN [2020-08-21 12:47:13] [Compare_Models] General.csv for 406414 not loaded.
INFO [2020-08-21 12:47:13] Model : 406414__NO_B4_P1__nA__exp_kT_NoC__20200123__20200126__Temperature-1__.rdata
WARN [2020-08-21 12:47:13] [Compare_Models] General.csv for 406414 not loaded.
INFO [2020-08-21 12:47:13] Model : 406414__NO_B4_P1__nA__exp_kT_NoC__20200124__20200127__Temperature-1__.rdata
WARN [2020-08-21 12:47:13] [Compare_Models] General.csv for 406414 not loaded.
INFO [2020-08-21 12:47:14] Model : 406414__NO_B4_P1__nA__exp_kT_NoC__20200125__20200128__Temperature-1__.rdata
WARN [2020-08-21 12:47:14] [Compare_Models] General.csv for 406414 not loaded.
INFO [2020-08-21 12:47:14] Model : 406414__NO_B4_P1__nA__exp_kT_NoC__20200126__20200129__Temperature-1__.rdata
WARN [2020-08-21 12:47:14] [Compare_Models] General.csv for 406414 not loaded.
INFO [2020-08-21 12:47:15] Model : 406414__NO_B4_P1__nA__exp_kT_NoC__20200127__20200130__Temperature-1__.rdata
WARN [2020-08-21 12:47:15] [Compare_Models] General.csv for 406414 not loaded.
INFO [2020-08-21 12:47:15] Model : 406414__NO_B4_P1__nA__exp_kT_NoC__20200128__20200131__Temperature-1__.rdata
WARN [2020-08-21 12:47:15] [Compare_Models] General.csv for 406414 not loaded.
-----------------------
INFO [2020-08-21 12:47:16] [Auto.Cal] Creating calibration Median Model with the median of coefficients of the rolling Linear.Robust models.
INFO [2020-08-21 12:47:16] [Median_Model] ASE box 406414, sensor    NO_B4_P1, creating rolling exp_kT_NoC models between 2020-01-19
and 2020-01-31 with median of coefficients of models.
# A tibble: 3 x 11
  term                   estimate std.error statistic p.value    MAD conf.low conf.high `t value`   `Pr(>|t|)` tau                                                                 
  <chr>                     <dbl>     <dbl>     <dbl>   <dbl>  <dbl>    <dbl>     <dbl>     <dbl>        <dbl> <chr>                                                               
1 a0.(Intercept)            5.19     1.29        211.       0 1.07     3.61       6.77       4.02 0.00384      Median of coefficients of rolling calibration models with interval ~
2 a1.x                      0.601    0.0287      428.       0 0.0295   0.558      0.645     20.9  0.0000000286 Median of coefficients of rolling calibration models with interval ~
3 k.get(name.Temperatur~    0.109    0.0116      275.       0 0.0126   0.0904     0.128      9.37 0.0000137    Median of coefficients of rolling calibration models with interval ~
# A tibble: 1 x 9
  isConv       finTol  logLik    AIC    BIC  nobs r.squared adj.r.squared  RMSE
  <lgl>         <dbl>   <dbl>  <dbl>  <dbl> <int>     <dbl>         <dbl> <dbl>
1 TRUE   0.0000000149 -38142. 76293. 76324. 16069     0.913         0.913  2.60
-----------------------
INFO [2020-08-21 12:47:17] [Auto.Cal] Looking for significant covariates that could be added to the Linear.Robust calibration model:
INFO [2020-08-21 12:47:18] [List_Covariates] ASE box 406414, sensor    NO_B4_P1, matrix of correlation between 2020-01-18 and 2020-01-30
INFO [2020-08-21 12:47:18] [Auto.Cal] there are no covariates to add to the calibration mode for sensor NO_B4_P1.
INFO [2020-08-21 12:47:18] [Auto.Cal] It is not necessary or not requested to add other covariates to the calibration model.
