#######################
INFO [2020-08-21 14:49:57] [Auto.Cal] 406414, sensor SHT31TE fitting Linear.Robust models.
-----------------------
INFO [2020-08-21 14:49:59] [Auto.Cal] Comparing Linear.Robust models:
INFO [2020-08-21 14:49:59] Model : 406414__SHT31TE__Celsius__Linear.Robust__20200117__20200120____.rdata
WARN [2020-08-21 14:49:59] [Compare_Models] General.csv for 406414 not loaded.
INFO [2020-08-21 14:50:00] Model : 406414__SHT31TE__Celsius__Linear.Robust__20200118__20200121____.rdata
WARN [2020-08-21 14:50:00] [Compare_Models] General.csv for 406414 not loaded.
INFO [2020-08-21 14:50:00] Model : 406414__SHT31TE__Celsius__Linear.Robust__20200119__20200122____.rdata
WARN [2020-08-21 14:50:00] [Compare_Models] General.csv for 406414 not loaded.
INFO [2020-08-21 14:50:01] Model : 406414__SHT31TE__Celsius__Linear.Robust__20200120__20200123____.rdata
WARN [2020-08-21 14:50:01] [Compare_Models] General.csv for 406414 not loaded.
INFO [2020-08-21 14:50:01] Model : 406414__SHT31TE__Celsius__Linear.Robust__20200121__20200124____.rdata
WARN [2020-08-21 14:50:01] [Compare_Models] General.csv for 406414 not loaded.
INFO [2020-08-21 14:50:02] Model : 406414__SHT31TE__Celsius__Linear.Robust__20200122__20200125____.rdata
WARN [2020-08-21 14:50:02] [Compare_Models] General.csv for 406414 not loaded.
INFO [2020-08-21 14:50:02] Model : 406414__SHT31TE__Celsius__Linear.Robust__20200123__20200126____.rdata
WARN [2020-08-21 14:50:02] [Compare_Models] General.csv for 406414 not loaded.
INFO [2020-08-21 14:50:03] Model : 406414__SHT31TE__Celsius__Linear.Robust__20200124__20200127____.rdata
WARN [2020-08-21 14:50:03] [Compare_Models] General.csv for 406414 not loaded.
INFO [2020-08-21 14:50:03] Model : 406414__SHT31TE__Celsius__Linear.Robust__20200125__20200128____.rdata
WARN [2020-08-21 14:50:03] [Compare_Models] General.csv for 406414 not loaded.
INFO [2020-08-21 14:50:04] Model : 406414__SHT31TE__Celsius__Linear.Robust__20200126__20200129____.rdata
WARN [2020-08-21 14:50:04] [Compare_Models] General.csv for 406414 not loaded.
INFO [2020-08-21 14:50:04] Model : 406414__SHT31TE__Celsius__Linear.Robust__20200127__20200130____.rdata
WARN [2020-08-21 14:50:04] [Compare_Models] General.csv for 406414 not loaded.
INFO [2020-08-21 14:50:05] Model : 406414__SHT31TE__Celsius__Linear.Robust__20200128__20200131____.rdata
WARN [2020-08-21 14:50:05] [Compare_Models] General.csv for 406414 not loaded.
-----------------------
INFO [2020-08-21 14:50:06] [Auto.Cal] Creating calibration Median Model with the median of coefficients of the rolling Linear.Robust models.
INFO [2020-08-21 14:50:06] [Median_Model] ASE box 406414, sensor     SHT31TE, creating rolling Linear.Robust models between 2020-01-17
and 2020-01-31 with median of coefficients of models.
# A tibble: 2 x 11
  term        estimate std.error statistic p.value tau                                                                             MAD conf.low conf.high `t value` `Pr(>|t|)`
  <chr>          <dbl>     <dbl>     <dbl>   <dbl> <chr>                                                                         <dbl>    <dbl>     <dbl>     <dbl>      <dbl>
1 (Intercept)     2.88    0.359       642.       0 Median of coefficients of rolling calibration models with interval of 3 days 0.194      2.59      3.17      8.01   1.16e- 5
2 x               1.06    0.0411      805.       0 Median of coefficients of rolling calibration models with interval of 3 days 0.0141     1.04      1.09     25.9    1.69e-10
# A tibble: 1 x 7
  tau                                            logLik    AIC    BIC r.squared adj.r.squared  RMSE
  <chr>                                           <dbl>  <dbl>  <dbl>     <dbl>         <dbl> <dbl>
1 Median of coefficients of rolling calibration -30932. 61871. 61894.     0.934         0.934  1.27
-----------------------
INFO [2020-08-21 14:50:07] [Auto.Cal] Looking for significant covariates that could be added to the Linear.Robust calibration model:
INFO [2020-08-21 14:50:10] [List_Covariates] ASE box 406414, sensor     SHT31TE, matrix of correlation between 2020-01-17 and 2020-07-27
INFO [2020-08-21 14:50:10] [Auto.Cal] there are no covariates to add to the calibration mode for sensor SHT31TE.
INFO [2020-08-21 14:50:10] [Auto.Cal] It is not necessary or not requested to add other covariates to the calibration model.
