#######################
INFO [2020-08-21 10:02:22] [Auto.Cal] 406414, sensor BMP280 fitting Linear.Robust models.
-----------------------
INFO [2020-08-21 10:02:24] [Auto.Cal] Comparing Linear.Robust models:
INFO [2020-08-21 10:02:24] Model : 406414__BMP280__hPa__Linear.Robust__20200117__20200120____.rdata
WARN [2020-08-21 10:02:24] [Compare_Models] General.csv for 406414 not loaded.
INFO [2020-08-21 10:02:24] Model : 406414__BMP280__hPa__Linear.Robust__20200118__20200121____.rdata
WARN [2020-08-21 10:02:24] [Compare_Models] General.csv for 406414 not loaded.
INFO [2020-08-21 10:02:24] Model : 406414__BMP280__hPa__Linear.Robust__20200119__20200122____.rdata
WARN [2020-08-21 10:02:24] [Compare_Models] General.csv for 406414 not loaded.
INFO [2020-08-21 10:02:25] Model : 406414__BMP280__hPa__Linear.Robust__20200120__20200123____.rdata
WARN [2020-08-21 10:02:25] [Compare_Models] General.csv for 406414 not loaded.
INFO [2020-08-21 10:02:25] Model : 406414__BMP280__hPa__Linear.Robust__20200121__20200124____.rdata
WARN [2020-08-21 10:02:25] [Compare_Models] General.csv for 406414 not loaded.
INFO [2020-08-21 10:02:26] Model : 406414__BMP280__hPa__Linear.Robust__20200122__20200125____.rdata
WARN [2020-08-21 10:02:26] [Compare_Models] General.csv for 406414 not loaded.
INFO [2020-08-21 10:02:26] Model : 406414__BMP280__hPa__Linear.Robust__20200123__20200126____.rdata
WARN [2020-08-21 10:02:26] [Compare_Models] General.csv for 406414 not loaded.
INFO [2020-08-21 10:02:27] Model : 406414__BMP280__hPa__Linear.Robust__20200124__20200127____.rdata
WARN [2020-08-21 10:02:27] [Compare_Models] General.csv for 406414 not loaded.
INFO [2020-08-21 10:02:27] Model : 406414__BMP280__hPa__Linear.Robust__20200125__20200128____.rdata
WARN [2020-08-21 10:02:27] [Compare_Models] General.csv for 406414 not loaded.
INFO [2020-08-21 10:02:27] Model : 406414__BMP280__hPa__Linear.Robust__20200126__20200129____.rdata
WARN [2020-08-21 10:02:27] [Compare_Models] General.csv for 406414 not loaded.
INFO [2020-08-21 10:02:28] Model : 406414__BMP280__hPa__Linear.Robust__20200127__20200130____.rdata
WARN [2020-08-21 10:02:28] [Compare_Models] General.csv for 406414 not loaded.
INFO [2020-08-21 10:02:28] Model : 406414__BMP280__hPa__Linear.Robust__20200128__20200131____.rdata
WARN [2020-08-21 10:02:28] [Compare_Models] General.csv for 406414 not loaded.
-----------------------
INFO [2020-08-21 10:02:29] [Auto.Cal] Creating calibration Median Model with the median of coefficients of the rolling Linear.Robust models.
INFO [2020-08-21 10:02:29] [Median_Model] ASE box 406414, sensor      BMP280, creating rolling Linear.Robust models between 2020-01-17
and 2020-01-31 with median of coefficients of models.
# A tibble: 2 x 11
  term        estimate std.error statistic p.value tau                                                                              MAD conf.low conf.high `t value` `Pr(>|t|)`
  <chr>          <dbl>     <dbl>     <dbl>   <dbl> <chr>                                                                          <dbl>    <dbl>     <dbl>     <dbl>      <dbl>
1 (Intercept)    -5.63   12.8        -11.8       0 Median of coefficients of rolling calibration models with interval of 3 days 14.2     -26.7       15.4     -0.439   6.70e- 1
2 x               1.01    0.0128    3811.        0 Median of coefficients of rolling calibration models with interval of 3 days  0.0142    0.986      1.03    78.5     2.76e-15
# A tibble: 1 x 7
  tau                                           logLik    AIC    BIC r.squared adj.r.squared  RMSE
  <chr>                                          <dbl>  <dbl>  <dbl>     <dbl>         <dbl> <dbl>
1 Median of coefficients of rolling calibration  1870. -3734. -3710.     0.999         0.999 0.219
-----------------------
INFO [2020-08-21 10:02:29] [Auto.Cal] Looking for significant covariates that could be added to the Linear.Robust calibration model:
INFO [2020-08-21 10:02:30] [List_Covariates] ASE box 406414, sensor      BMP280, matrix of correlation between 2020-01-17 and 2020-07-27
INFO [2020-08-21 10:02:31] [Auto.Cal] the list of significant covariates that could be added to the Linear.Robust calibration model of BMP280 is:
                   row.names  BMP280_volt Atmospheric_pressure_modelled Out.Ref.Press   Residuals
 1:        Relative_humidity 0.0505154382                  0.0505154382  0.0588649230 0.789198751
 2:    Relative_humidity_int 0.0711955671                  0.0711955672  0.0811227735 0.800409252
 3:               Td_deficit 0.0390784866                  0.0390784867  0.0463411115 0.751243716
 4:          OX_A431_P1_volt 0.0366274015                  0.0366274015  0.0303821672 0.497428547
 5:          Temperature_int 0.1287690300                  0.1287690301  0.1168580536 0.495246550
 6:            CO_A4_P1_volt 0.0169846027                  0.0169846027  0.0131609983 0.381110049
 7:              Temperature 0.1221453723                  0.1221453724  0.1107708544 0.473419707
 8:             5310CAT_volt 0.0050161152                  0.0050161152  0.0036703452 0.219458529
 9:         NO2_B43F_P1_volt 0.0008124352                  0.0008124352  0.0003667285 0.132695270
10:            NO_B4_P1_volt 0.0173744115                  0.0173744115  0.0179662275 0.029605001
11: Carbon_monoxide_modelled 0.4601478975                  0.4601478974  0.2902895937 0.297853189
12:           OPCN3PM10_volt 0.0255044804                  0.0255044804  0.0067302707 0.007578186
-----------------------
INFO [2020-08-21 10:02:31] [Auto.Cal] Looking for covariate 1 to be added to the calibration function.
INFO [2020-08-21 10:02:31] [Auto.Cal] setting new First.covariates using the covariates correlated with residuals of the previous calibration model.
INFO [2020-08-21 10:02:31] [Auto.Cal] request to drop parameters ending with "_modelled" from possible significant covariates
INFO [2020-08-21 10:02:31] [Auto.Cal] request to drop parameters NO2_B43F_P1_volt, OX_A431_P1_volt, OPCN3PM10, 5310CAT, NO_B4_P1, D300, CO_A4_P1 from possible significant covariates
INFO [2020-08-21 10:02:31] [Auto.Cal] Possible ordered covariates: Relative_humidity, Relative_humidity_int, Td_deficit, Temperature_int, Temperature
-----------------------
INFO [2020-08-21 10:02:31] [Auto.Cal] Covariate "Relative_humidity" has a Variance Inflation factor of 1.06300416410037, lower than threshold: 10,
"Relative_humidity" does not show multicolinearity with other independent variables. It can be included into the calibration model.
-----------------------
-----------------------
INFO [2020-08-21 10:02:31] [Auto.Cal] Fitting calibration model with 1 covariate(s): Relative_humidity
-----------------------
INFO [2020-08-21 10:02:33] [Auto.Cal] Comparing rolling models.
INFO [2020-08-21 10:02:33] Model : 406414__BMP280__hPa__MultiLinear__20200117__20200120__Relative_humidity-1__.rdata
WARN [2020-08-21 10:02:34] [Compare_Models] General.csv for 406414 not loaded.
INFO [2020-08-21 10:02:34] Model : 406414__BMP280__hPa__MultiLinear__20200118__20200121__Relative_humidity-1__.rdata
WARN [2020-08-21 10:02:34] [Compare_Models] General.csv for 406414 not loaded.
INFO [2020-08-21 10:02:35] Model : 406414__BMP280__hPa__MultiLinear__20200119__20200122__Relative_humidity-1__.rdata
WARN [2020-08-21 10:02:35] [Compare_Models] General.csv for 406414 not loaded.
INFO [2020-08-21 10:02:35] Model : 406414__BMP280__hPa__MultiLinear__20200120__20200123__Relative_humidity-1__.rdata
WARN [2020-08-21 10:02:35] [Compare_Models] General.csv for 406414 not loaded.
INFO [2020-08-21 10:02:36] Model : 406414__BMP280__hPa__MultiLinear__20200121__20200124__Relative_humidity-1__.rdata
WARN [2020-08-21 10:02:36] [Compare_Models] General.csv for 406414 not loaded.
INFO [2020-08-21 10:02:36] Model : 406414__BMP280__hPa__MultiLinear__20200122__20200125__Relative_humidity-1__.rdata
WARN [2020-08-21 10:02:36] [Compare_Models] General.csv for 406414 not loaded.
INFO [2020-08-21 10:02:37] Model : 406414__BMP280__hPa__MultiLinear__20200123__20200126__Relative_humidity-1__.rdata
WARN [2020-08-21 10:02:37] [Compare_Models] General.csv for 406414 not loaded.
INFO [2020-08-21 10:02:38] Model : 406414__BMP280__hPa__MultiLinear__20200124__20200127__Relative_humidity-1__.rdata
WARN [2020-08-21 10:02:38] [Compare_Models] General.csv for 406414 not loaded.
INFO [2020-08-21 10:02:38] Model : 406414__BMP280__hPa__MultiLinear__20200125__20200128__Relative_humidity-1__.rdata
WARN [2020-08-21 10:02:38] [Compare_Models] General.csv for 406414 not loaded.
INFO [2020-08-21 10:02:39] Model : 406414__BMP280__hPa__MultiLinear__20200126__20200129__Relative_humidity-1__.rdata
WARN [2020-08-21 10:02:39] [Compare_Models] General.csv for 406414 not loaded.
INFO [2020-08-21 10:02:39] Model : 406414__BMP280__hPa__MultiLinear__20200127__20200130__Relative_humidity-1__.rdata
WARN [2020-08-21 10:02:39] [Compare_Models] General.csv for 406414 not loaded.
INFO [2020-08-21 10:02:40] Model : 406414__BMP280__hPa__MultiLinear__20200128__20200131__Relative_humidity-1__.rdata
WARN [2020-08-21 10:02:40] [Compare_Models] General.csv for 406414 not loaded.
-----------------------
INFO [2020-08-21 10:02:41] [Auto.Cal] Creating Median Model with the median of coefficents of rolling models.
-----------------------
INFO [2020-08-21 10:02:41] [Median_Model] ASE box 406414, sensor      BMP280, creating rolling MultiLinear models between 2020-01-17
and 2020-01-31 with median of coefficients of models.
# A tibble: 3 x 11
  term              estimate std.error statistic p.value      MAD conf.low conf.high `t value` `Pr(>|t|)` tau                                                                         
  <chr>                <dbl>     <dbl>     <dbl>   <dbl>    <dbl>    <dbl>     <dbl>     <dbl>      <dbl> <chr>                                                                       
1 (Intercept)        -7.78    3.38         -101.       0 3.26     -12.6      -2.95       -2.30   4.40e- 2 Median of coefficients of rolling calibration models with interval of 3 days
2 x                   1.01    0.00335     13217.       0 0.00328    1.00      1.01      301.     4.06e-21 Median of coefficients of rolling calibration models with interval of 3 days
3 Relative_humidity   0.0124  0.000491      263.       0 0.000443   0.0117    0.0131     25.2    2.19e-10 Median of coefficients of rolling calibration models with interval of 3 days
# A tibble: 1 x 7
  r.squared adj.r.squared logLik     AIC     BIC  nobs  RMSE
      <dbl>         <dbl>  <dbl>   <dbl>   <dbl> <int> <dbl>
1      1.00          1.00 16010. -32012. -31981. 18700 0.103
-----------------------
INFO [2020-08-21 10:02:41] [Auto.Cal] The Akaike Information Criterion (AIC) of the current model is -32012.3022280854. It is lower than the AIC of the precedent model -3733.58694135176.
INFO [2020-08-21 10:02:41] [Auto.Cal] Adding of covariate Relative_humidity improves the fit of the calibration model.
-----------------------
INFO [2020-08-21 10:02:41] [Auto.Cal] Checking if any coefficient of model is not significant, except for the intercept
INFO [2020-08-21 10:02:41] [Auto.Cal] All coefficients of the calibration model with covariate(s) Relative_humidity are significantly different from 0
INFO [2020-08-21 10:02:41] [Auto.Cal] covariate: Relative_humidity is included into the model.
INFO [2020-08-21 10:02:42] [List_Covariates] ASE box 406414, sensor      BMP280, matrix of correlation between 2020-01-17 and 2020-07-27
INFO [2020-08-21 10:02:43] [Auto.Cal] ordered list of covariates that are correlated with residuals of the current calibration model for BMP280
          row.names  BMP280_volt Atmospheric_pressure_modelled Out.Ref.Press  Residuals
1: NO2_B43F_P1_volt 0.0008124352                  0.0003111093  0.0003667285 0.07478067
2:     5310CAT_volt 0.0050161152                  0.0038236111  0.0036703452 0.01011277
3:  OX_A431_P1_volt 0.0366274015                  0.0313810758  0.0303821672 0.03603649
-----------------------
INFO [2020-08-21 10:02:43] [Auto.Cal] Looking for covariate 2 to be added to the calibration function.
INFO [2020-08-21 10:02:43] [Auto.Cal] setting new First.covariates using the covariates correlated with residuals of the previous calibration model.
INFO [2020-08-21 10:02:43] [Auto.Cal] request to drop parameters NO2_B43F_P1_volt, OX_A431_P1_volt, OPCN3PM10, 5310CAT, NO_B4_P1, D300, CO_A4_P1 from possible significant covariates
INFO [2020-08-21 10:02:43] [Auto.Cal] Possible ordered covariates: Relative_humidity
INFO [2020-08-21 10:02:43] [Auto.Cal] There are no more covariates to be added to the calibration model.
