#######################
INFO [2020-08-21 12:33:55] [Auto.Cal] 406414, sensor OX_A431_P1 fitting Linear.Robust models.
-----------------------
INFO [2020-08-21 12:33:56] [Auto.Cal] Comparing Linear.Robust models:
INFO [2020-08-21 12:33:56] Model : 406414__OX_A431_P1__nA__Linear.Robust__20200119__20200124____.rdata
WARN [2020-08-21 12:33:56] [Compare_Models] General.csv for 406414 not loaded.
INFO [2020-08-21 12:33:56] Model : 406414__OX_A431_P1__nA__Linear.Robust__20200120__20200125____.rdata
WARN [2020-08-21 12:33:56] [Compare_Models] General.csv for 406414 not loaded.
INFO [2020-08-21 12:33:57] Model : 406414__OX_A431_P1__nA__Linear.Robust__20200121__20200126____.rdata
WARN [2020-08-21 12:33:57] [Compare_Models] General.csv for 406414 not loaded.
INFO [2020-08-21 12:33:57] Model : 406414__OX_A431_P1__nA__Linear.Robust__20200122__20200127____.rdata
WARN [2020-08-21 12:33:57] [Compare_Models] General.csv for 406414 not loaded.
INFO [2020-08-21 12:33:57] Model : 406414__OX_A431_P1__nA__Linear.Robust__20200123__20200128____.rdata
WARN [2020-08-21 12:33:57] [Compare_Models] General.csv for 406414 not loaded.
INFO [2020-08-21 12:33:58] Model : 406414__OX_A431_P1__nA__Linear.Robust__20200124__20200129____.rdata
WARN [2020-08-21 12:33:58] [Compare_Models] General.csv for 406414 not loaded.
INFO [2020-08-21 12:33:58] Model : 406414__OX_A431_P1__nA__Linear.Robust__20200125__20200130____.rdata
WARN [2020-08-21 12:33:58] [Compare_Models] General.csv for 406414 not loaded.
INFO [2020-08-21 12:33:58] Model : 406414__OX_A431_P1__nA__Linear.Robust__20200126__20200131____.rdata
WARN [2020-08-21 12:33:58] [Compare_Models] General.csv for 406414 not loaded.
-----------------------
INFO [2020-08-21 12:33:59] [Auto.Cal] Creating calibration Median Model with the median of coefficients of the rolling Linear.Robust models.
INFO [2020-08-21 12:33:59] [Median_Model] ASE box 406414, sensor  OX_A431_P1, creating rolling Linear.Robust models between 2020-01-19
and 2020-01-31 with median of coefficients of models.
# A tibble: 2 x 11
  term        estimate std.error statistic p.value tau                                                                             MAD conf.low conf.high `t value`  `Pr(>|t|)`
  <chr>          <dbl>     <dbl>     <dbl>   <dbl> <chr>                                                                         <dbl>    <dbl>     <dbl>     <dbl>       <dbl>
1 (Intercept)  -10.4      0.420      -197.       0 Median of coefficients of rolling calibration models with interval of 5 days 0.325   -10.9      -9.96     -24.9  0.000000278
2 x             -0.351    0.0399     -133.       0 Median of coefficients of rolling calibration models with interval of 5 days 0.0164   -0.375    -0.327     -8.81 0.000119   
# A tibble: 1 x 7
  tau                                            logLik    AIC    BIC r.squared adj.r.squared  RMSE
  <chr>                                           <dbl>  <dbl>  <dbl>     <dbl>         <dbl> <dbl>
1 Median of coefficients of rolling calibration -43442. 86889. 86912.     0.474         0.474  3.58
-----------------------
INFO [2020-08-21 12:33:59] [Auto.Cal] Looking for significant covariates that could be added to the Linear.Robust calibration model:
INFO [2020-08-21 12:34:01] [List_Covariates] ASE box 406414, sensor  OX_A431_P1, matrix of correlation between 2020-01-17 and 2020-01-30
INFO [2020-08-21 12:34:01] [Auto.Cal] the list of significant covariates that could be added to the Linear.Robust calibration model of OX_A431_P1 is:
              row.names OX_A431_P1_volt Ozone_modelled  Out.Ref.O3   Residuals
1:    Absolute_humidity     0.092374605    0.092374605 0.015843670 0.064938323
2:        NO_B4_P1_volt     0.010229972    0.010229972 0.001309877 0.008875638
3:                DRIFT     0.027252259    0.027252259 0.009718181 0.009422073
4:     NO2_B43F_P1_volt     0.015510645    0.015510645 0.533527811 0.524554491
5:       OPCN3PM10_volt     0.007900243    0.007900243 0.015548718 0.001768926
6: Atmospheric_pressure     0.037841400    0.037841400 0.026247050 0.003738753
-----------------------
INFO [2020-08-21 12:34:01] [Auto.Cal] Looking for covariate 1 to be added to the calibration function.
INFO [2020-08-21 12:34:01] [Auto.Cal] setting new First.covariates using the covariates correlated with residuals of the previous calibration model.
INFO [2020-08-21 12:34:01] [Auto.Cal] Adding the requested Relationships on top of the new First.covariates
INFO [2020-08-21 12:34:01] [Auto.Cal] request to drop parameter "DRIFT" from possible significant covariates
INFO [2020-08-21 12:34:01] [Auto.Cal] request to drop parameters 5310CAT_volt, OPCN3PM10_volt, Atmospheric_pressure, Relative_humidity_int from possible significant covariates
INFO [2020-08-21 12:34:01] [Auto.Cal] Possible ordered covariates: NO2_B43F_P1_volt, Absolute_humidity, NO_B4_P1_volt
-----------------------
INFO [2020-08-21 12:34:01] [Auto.Cal] Covariate "NO2_B43F_P1_volt" has a Variance Inflation factor of 2.1437162906646, lower than threshold: 10,
"NO2_B43F_P1_volt" does not show multicolinearity with other independent variables. It can be included into the calibration model.
-----------------------
-----------------------
INFO [2020-08-21 12:34:01] [Auto.Cal] Fitting calibration model with 1 covariate(s): NO2_B43F_P1_volt
-----------------------
INFO [2020-08-21 12:34:02] [Auto.Cal] Comparing rolling models.
INFO [2020-08-21 12:34:02] Model : 406414__OX_A431_P1__nA__MultiLinear__20200119__20200124__NO2_B43F_P1_volt-1__.rdata
WARN [2020-08-21 12:34:02] [Compare_Models] General.csv for 406414 not loaded.
INFO [2020-08-21 12:34:03] Model : 406414__OX_A431_P1__nA__MultiLinear__20200120__20200125__NO2_B43F_P1_volt-1__.rdata
WARN [2020-08-21 12:34:03] [Compare_Models] General.csv for 406414 not loaded.
INFO [2020-08-21 12:34:03] Model : 406414__OX_A431_P1__nA__MultiLinear__20200121__20200126__NO2_B43F_P1_volt-1__.rdata
WARN [2020-08-21 12:34:03] [Compare_Models] General.csv for 406414 not loaded.
INFO [2020-08-21 12:34:04] Model : 406414__OX_A431_P1__nA__MultiLinear__20200122__20200127__NO2_B43F_P1_volt-1__.rdata
WARN [2020-08-21 12:34:04] [Compare_Models] General.csv for 406414 not loaded.
INFO [2020-08-21 12:34:04] Model : 406414__OX_A431_P1__nA__MultiLinear__20200123__20200128__NO2_B43F_P1_volt-1__.rdata
WARN [2020-08-21 12:34:04] [Compare_Models] General.csv for 406414 not loaded.
INFO [2020-08-21 12:34:05] Model : 406414__OX_A431_P1__nA__MultiLinear__20200124__20200129__NO2_B43F_P1_volt-1__.rdata
WARN [2020-08-21 12:34:05] [Compare_Models] General.csv for 406414 not loaded.
INFO [2020-08-21 12:34:05] Model : 406414__OX_A431_P1__nA__MultiLinear__20200125__20200130__NO2_B43F_P1_volt-1__.rdata
WARN [2020-08-21 12:34:05] [Compare_Models] General.csv for 406414 not loaded.
INFO [2020-08-21 12:34:05] Model : 406414__OX_A431_P1__nA__MultiLinear__20200126__20200131__NO2_B43F_P1_volt-1__.rdata
WARN [2020-08-21 12:34:05] [Compare_Models] General.csv for 406414 not loaded.
-----------------------
INFO [2020-08-21 12:34:06] [Auto.Cal] Creating Median Model with the median of coefficents of rolling models.
-----------------------
INFO [2020-08-21 12:34:06] [Median_Model] ASE box 406414, sensor  OX_A431_P1, creating rolling MultiLinear models between 2020-01-19
and 2020-01-31 with median of coefficients of models.
# A tibble: 3 x 11
  term             estimate std.error statistic  p.value    MAD conf.low conf.high `t value` `Pr(>|t|)` tau                                                                        
  <chr>               <dbl>     <dbl>     <dbl>    <dbl>  <dbl>    <dbl>     <dbl>     <dbl>      <dbl> <chr>                                                                      
1 (Intercept)         0.622    1.55       -8.46 3.01e-17 1.07     -0.968     2.21      0.401  0.702     Median of coefficients of rolling calibration models with interval of 5 da~
2 x                  -0.555    0.0505   -284.   0.       0.0624   -0.647    -0.462   -11.0    0.0000337 Median of coefficients of rolling calibration models with interval of 5 da~
3 NO2_B43F_P1_volt    1.29     0.197     180.   0.       0.131     1.09      1.48      6.52   0.000620  Median of coefficients of rolling calibration models with interval of 5 da~
# A tibble: 1 x 7
  r.squared adj.r.squared  logLik    AIC    BIC  nobs  RMSE
      <dbl>         <dbl>   <dbl>  <dbl>  <dbl> <int> <dbl>
1     0.831         0.831 -34278. 68565. 68595. 16115  2.03
-----------------------
INFO [2020-08-21 12:34:06] [Auto.Cal] The Akaike Information Criterion (AIC) of the current model is 68564.727378445. It is lower than the AIC of the precedent model 86889.2811700182.
INFO [2020-08-21 12:34:06] [Auto.Cal] Adding of covariate NO2_B43F_P1_volt improves the fit of the calibration model.
-----------------------
INFO [2020-08-21 12:34:06] [Auto.Cal] Checking if any coefficient of model is not significant, except for the intercept
INFO [2020-08-21 12:34:06] [Auto.Cal] All coefficients of the calibration model with covariate(s) NO2_B43F_P1_volt are significantly different from 0
INFO [2020-08-21 12:34:06] [Auto.Cal] covariate: NO2_B43F_P1_volt is included into the model.
INFO [2020-08-21 12:34:08] [List_Covariates] ASE box 406414, sensor  OX_A431_P1, matrix of correlation between 2020-01-17 and 2020-01-30
INFO [2020-08-21 12:34:08] [Auto.Cal] ordered list of covariates that are correlated with residuals of the current calibration model for OX_A431_P1
              row.names OX_A431_P1_volt Ozone_modelled  Out.Ref.O3    Residuals
1:        NO_B4_P1_volt     0.010229972    0.009749526 0.001309877 5.543992e-02
2:                DRIFT     0.027252259    0.009353473 0.009718181 7.595207e-07
3:       OPCN3PM10_volt     0.007900243    0.016211104 0.015548718 9.800654e-04
4:    Absolute_humidity     0.092374605    0.016395466 0.015843670 2.142857e-04
5: Atmospheric_pressure     0.037841400    0.025353150 0.026247050 3.746056e-05
-----------------------
INFO [2020-08-21 12:34:08] [Auto.Cal] Looking for covariate 2 to be added to the calibration function.
INFO [2020-08-21 12:34:08] [Auto.Cal] setting new First.covariates using the covariates correlated with residuals of the previous calibration model.
INFO [2020-08-21 12:34:08] [Auto.Cal] Adding the requested Relationships on top of the new First.covariates
INFO [2020-08-21 12:34:08] [Auto.Cal] request to drop parameter "DRIFT" from possible significant covariates
INFO [2020-08-21 12:34:08] [Auto.Cal] request to drop parameters 5310CAT_volt, OPCN3PM10_volt, Atmospheric_pressure, Relative_humidity_int from possible significant covariates
INFO [2020-08-21 12:34:08] [Auto.Cal] Possible ordered covariates: NO2_B43F_P1_volt, NO_B4_P1_volt, Absolute_humidity
-----------------------
INFO [2020-08-21 12:34:08] [Auto.Cal] Covariate "NO_B4_P1_volt" has a Variance Inflation factor of 1.00257152379026, lower than threshold: 10,
"NO_B4_P1_volt" does not show multicolinearity with other independent variables. It can be included into the calibration model.
-----------------------
-----------------------
INFO [2020-08-21 12:34:08] [Auto.Cal] Fitting calibration model with 2 covariate(s): NO2_B43F_P1_volt, NO_B4_P1_volt
-----------------------
INFO [2020-08-21 12:34:10] [Auto.Cal] Comparing rolling models.
INFO [2020-08-21 12:34:10] Model : 406414__OX_A431_P1__nA__MultiLinear__20200119__20200124__NO2_B43F_P1_volt-1&NO_B4_P1_volt-1__.rdata
WARN [2020-08-21 12:34:10] [Compare_Models] General.csv for 406414 not loaded.
INFO [2020-08-21 12:34:10] Model : 406414__OX_A431_P1__nA__MultiLinear__20200120__20200125__NO2_B43F_P1_volt-1&NO_B4_P1_volt-1__.rdata
WARN [2020-08-21 12:34:10] [Compare_Models] General.csv for 406414 not loaded.
INFO [2020-08-21 12:34:10] Model : 406414__OX_A431_P1__nA__MultiLinear__20200121__20200126__NO2_B43F_P1_volt-1&NO_B4_P1_volt-1__.rdata
WARN [2020-08-21 12:34:10] [Compare_Models] General.csv for 406414 not loaded.
INFO [2020-08-21 12:34:11] Model : 406414__OX_A431_P1__nA__MultiLinear__20200122__20200127__NO2_B43F_P1_volt-1&NO_B4_P1_volt-1__.rdata
WARN [2020-08-21 12:34:11] [Compare_Models] General.csv for 406414 not loaded.
INFO [2020-08-21 12:34:11] Model : 406414__OX_A431_P1__nA__MultiLinear__20200123__20200128__NO2_B43F_P1_volt-1&NO_B4_P1_volt-1__.rdata
WARN [2020-08-21 12:34:11] [Compare_Models] General.csv for 406414 not loaded.
INFO [2020-08-21 12:34:12] Model : 406414__OX_A431_P1__nA__MultiLinear__20200124__20200129__NO2_B43F_P1_volt-1&NO_B4_P1_volt-1__.rdata
WARN [2020-08-21 12:34:12] [Compare_Models] General.csv for 406414 not loaded.
INFO [2020-08-21 12:34:12] Model : 406414__OX_A431_P1__nA__MultiLinear__20200125__20200130__NO2_B43F_P1_volt-1&NO_B4_P1_volt-1__.rdata
WARN [2020-08-21 12:34:12] [Compare_Models] General.csv for 406414 not loaded.
INFO [2020-08-21 12:34:13] Model : 406414__OX_A431_P1__nA__MultiLinear__20200126__20200131__NO2_B43F_P1_volt-1&NO_B4_P1_volt-1__.rdata
WARN [2020-08-21 12:34:13] [Compare_Models] General.csv for 406414 not loaded.
-----------------------
INFO [2020-08-21 12:34:13] [Auto.Cal] Creating Median Model with the median of coefficents of rolling models.
-----------------------
INFO [2020-08-21 12:34:13] [Median_Model] ASE box 406414, sensor  OX_A431_P1, creating rolling MultiLinear models between 2020-01-19
and 2020-01-31 with median of coefficients of models.
# A tibble: 4 x 11
  term             estimate std.error statistic   p.value    MAD conf.low conf.high `t value` `Pr(>|t|)` tau                                                                       
  <chr>               <dbl>     <dbl>     <dbl>     <dbl>  <dbl>    <dbl>     <dbl>     <dbl>      <dbl> <chr>                                                                     
1 (Intercept)        0.985     0.898       7.94 2.17e- 15 0.719   -0.0818    2.05       1.10   0.315     Median of coefficients of rolling calibration models with interval of 5 d~
2 x                 -0.555     0.0512   -292.   0.        0.0629  -0.649    -0.462    -10.9    0.0000363 Median of coefficients of rolling calibration models with interval of 5 d~
3 NO2_B43F_P1_volt   1.28      0.174     186.   0.        0.138    1.08      1.49       7.36   0.000321  Median of coefficients of rolling calibration models with interval of 5 d~
4 NO_B4_P1_volt     -0.0302    0.0324    -30.8  7.65e-202 0.0484  -0.102     0.0415    -0.933  0.387     Median of coefficients of rolling calibration models with interval of 5 d~
# A tibble: 1 x 7
  r.squared adj.r.squared  logLik    AIC    BIC  nobs  RMSE
      <dbl>         <dbl>   <dbl>  <dbl>  <dbl> <int> <dbl>
1     0.835         0.835 -34110. 68230. 68268. 16112  2.01
-----------------------
INFO [2020-08-21 12:34:13] [Auto.Cal] The Akaike Information Criterion (AIC) of the current model is 68229.738463577. It is lower than the AIC of the precedent model 68564.727378445.
INFO [2020-08-21 12:34:13] [Auto.Cal] Adding of covariate NO_B4_P1_volt improves the fit of the calibration model.
-----------------------
INFO [2020-08-21 12:34:13] [Auto.Cal] Checking if any coefficient of model is not significant, except for the intercept
WARN [2020-08-21 12:34:13] [Auto.Cal] The coefficient of parameter(s) (Intercept) and NO_B4_P1_volt of the current model is(are) not significantly different from 0.
WARN [2020-08-21 12:34:13] [Auto.Cal] The calibration model resulting from adding covariate NO_B4_P1_volt is not valid.
WARN [2020-08-21 12:34:13] [Auto.Cal] Either parameters are unstable when rolling the calibration models or it/they does not influence significantly the sensor responses. Looking for other covariates.

WARN [2020-08-21 12:34:13] [Auto.Cal] NO_B4_P1_volt is discarded from the list of possible covariates because AIC is not improved using it or coefficients of model shows rolling variability.
-----------------------
INFO [2020-08-21 12:34:14] [Auto.Cal] Looking for covariate 2 to be added to the calibration function.
INFO [2020-08-21 12:34:14] [Auto.Cal] Possible ordered covariates: NO2_B43F_P1_volt, Absolute_humidity
-----------------------
INFO [2020-08-21 12:34:14] [Auto.Cal] Covariate "Absolute_humidity" has a Variance Inflation factor of 1.12820986769044, lower than threshold: 10,
"Absolute_humidity" does not show multicolinearity with other independent variables. It can be included into the calibration model.
-----------------------
-----------------------
INFO [2020-08-21 12:34:14] [Auto.Cal] Fitting calibration model with 2 covariate(s): NO2_B43F_P1_volt, Absolute_humidity
-----------------------
INFO [2020-08-21 12:34:15] [Auto.Cal] Comparing rolling models.
INFO [2020-08-21 12:34:15] Model : 406414__OX_A431_P1__nA__MultiLinear__20200119__20200124__NO2_B43F_P1_volt-1&Absolute_humidity-1__.rdata
WARN [2020-08-21 12:34:15] [Compare_Models] General.csv for 406414 not loaded.
INFO [2020-08-21 12:34:15] Model : 406414__OX_A431_P1__nA__MultiLinear__20200120__20200125__NO2_B43F_P1_volt-1&Absolute_humidity-1__.rdata
WARN [2020-08-21 12:34:15] [Compare_Models] General.csv for 406414 not loaded.
INFO [2020-08-21 12:34:16] Model : 406414__OX_A431_P1__nA__MultiLinear__20200121__20200126__NO2_B43F_P1_volt-1&Absolute_humidity-1__.rdata
WARN [2020-08-21 12:34:16] [Compare_Models] General.csv for 406414 not loaded.
INFO [2020-08-21 12:34:16] Model : 406414__OX_A431_P1__nA__MultiLinear__20200122__20200127__NO2_B43F_P1_volt-1&Absolute_humidity-1__.rdata
WARN [2020-08-21 12:34:16] [Compare_Models] General.csv for 406414 not loaded.
INFO [2020-08-21 12:34:17] Model : 406414__OX_A431_P1__nA__MultiLinear__20200123__20200128__NO2_B43F_P1_volt-1&Absolute_humidity-1__.rdata
WARN [2020-08-21 12:34:17] [Compare_Models] General.csv for 406414 not loaded.
INFO [2020-08-21 12:34:17] Model : 406414__OX_A431_P1__nA__MultiLinear__20200124__20200129__NO2_B43F_P1_volt-1&Absolute_humidity-1__.rdata
WARN [2020-08-21 12:34:17] [Compare_Models] General.csv for 406414 not loaded.
INFO [2020-08-21 12:34:18] Model : 406414__OX_A431_P1__nA__MultiLinear__20200125__20200130__NO2_B43F_P1_volt-1&Absolute_humidity-1__.rdata
WARN [2020-08-21 12:34:18] [Compare_Models] General.csv for 406414 not loaded.
INFO [2020-08-21 12:34:18] Model : 406414__OX_A431_P1__nA__MultiLinear__20200126__20200131__NO2_B43F_P1_volt-1&Absolute_humidity-1__.rdata
WARN [2020-08-21 12:34:18] [Compare_Models] General.csv for 406414 not loaded.
-----------------------
INFO [2020-08-21 12:34:18] [Auto.Cal] Creating Median Model with the median of coefficents of rolling models.
-----------------------
INFO [2020-08-21 12:34:19] [Median_Model] ASE box 406414, sensor  OX_A431_P1, creating rolling MultiLinear models between 2020-01-19
and 2020-01-31 with median of coefficients of models.
# A tibble: 4 x 11
  term              estimate std.error statistic  p.value    MAD conf.low conf.high `t value` `Pr(>|t|)` tau                                                                       
  <chr>                <dbl>     <dbl>     <dbl>    <dbl>  <dbl>    <dbl>     <dbl>     <dbl>      <dbl> <chr>                                                                     
1 (Intercept)        -0.685     2.54      -0.329 7.43e- 1 1.89     -3.48      2.11    -0.270   0.797     Median of coefficients of rolling calibration models with interval of 5 d~
2 x                  -0.554     0.0579  -267.    0.       0.0796   -0.672    -0.435   -9.56    0.0000747 Median of coefficients of rolling calibration models with interval of 5 d~
3 NO2_B43F_P1_volt    1.31      0.197    168.    0.       0.0883    1.17      1.44     6.62    0.000571  Median of coefficients of rolling calibration models with interval of 5 d~
4 Absolute_humidity  -0.0322    0.520     -9.46  3.43e-21 0.413    -0.644     0.580   -0.0620  0.953     Median of coefficients of rolling calibration models with interval of 5 d~
# A tibble: 1 x 7
  r.squared adj.r.squared  logLik    AIC    BIC  nobs  RMSE
      <dbl>         <dbl>   <dbl>  <dbl>  <dbl> <int> <dbl>
1     0.716         0.716 -38395. 76801. 76839. 16081  2.63
WARN [2020-08-21 12:34:19] [Auto.Cal] The Akaike information criterion (AIC) of the current model 76800.7061023019 is not lower that the AIC of the precedent model 68564.727378445.
WARN [2020-08-21 12:34:19] [Auto.Cal] Adding of covariate Absolute_humidity does not improve the fitting of calibration model. Looking for other covariates.
WARN [2020-08-21 12:34:19] [Auto.Cal] Absolute_humidity is discarded from the list of possible covariates because AIC is not improved using it or coefficients of model shows rolling variability.
-----------------------
INFO [2020-08-21 12:34:19] [Auto.Cal] Looking for covariate 2 to be added to the calibration function.
INFO [2020-08-21 12:34:19] [Auto.Cal] Possible ordered covariates: NO2_B43F_P1_volt
INFO [2020-08-21 12:34:19] [Auto.Cal] There are no more covariates to be added to the calibration model.
