#######################
INFO [2020-08-21 11:52:11] [Auto.Cal] 4065E0, sensor D300 fitting Linear.Robust models.
-----------------------
INFO [2020-08-21 11:52:12] [Auto.Cal] Comparing Linear.Robust models:
INFO [2020-08-21 11:52:12] Model : 4065E0__D300__ppm__Linear.Robust__20200117__20200120____.rdata
WARN [2020-08-21 11:52:12] [Compare_Models] General.csv for 4065E0 not loaded.
INFO [2020-08-21 11:52:12] Model : 4065E0__D300__ppm__Linear.Robust__20200118__20200121____.rdata
WARN [2020-08-21 11:52:12] [Compare_Models] General.csv for 4065E0 not loaded.
INFO [2020-08-21 11:52:13] Model : 4065E0__D300__ppm__Linear.Robust__20200119__20200122____.rdata
WARN [2020-08-21 11:52:13] [Compare_Models] General.csv for 4065E0 not loaded.
INFO [2020-08-21 11:52:13] Model : 4065E0__D300__ppm__Linear.Robust__20200120__20200123____.rdata
WARN [2020-08-21 11:52:13] [Compare_Models] General.csv for 4065E0 not loaded.
INFO [2020-08-21 11:52:13] Model : 4065E0__D300__ppm__Linear.Robust__20200121__20200124____.rdata
WARN [2020-08-21 11:52:13] [Compare_Models] General.csv for 4065E0 not loaded.
INFO [2020-08-21 11:52:13] Model : 4065E0__D300__ppm__Linear.Robust__20200122__20200125____.rdata
WARN [2020-08-21 11:52:14] [Compare_Models] General.csv for 4065E0 not loaded.
INFO [2020-08-21 11:52:14] Model : 4065E0__D300__ppm__Linear.Robust__20200123__20200126____.rdata
WARN [2020-08-21 11:52:14] [Compare_Models] General.csv for 4065E0 not loaded.
INFO [2020-08-21 11:52:14] Model : 4065E0__D300__ppm__Linear.Robust__20200124__20200127____.rdata
WARN [2020-08-21 11:52:14] [Compare_Models] General.csv for 4065E0 not loaded.
INFO [2020-08-21 11:52:14] Model : 4065E0__D300__ppm__Linear.Robust__20200125__20200128____.rdata
WARN [2020-08-21 11:52:15] [Compare_Models] General.csv for 4065E0 not loaded.
INFO [2020-08-21 11:52:15] Model : 4065E0__D300__ppm__Linear.Robust__20200126__20200129____.rdata
WARN [2020-08-21 11:52:15] [Compare_Models] General.csv for 4065E0 not loaded.
INFO [2020-08-21 11:52:15] Model : 4065E0__D300__ppm__Linear.Robust__20200127__20200130____.rdata
WARN [2020-08-21 11:52:15] [Compare_Models] General.csv for 4065E0 not loaded.
INFO [2020-08-21 11:52:16] Model : 4065E0__D300__ppm__Linear.Robust__20200128__20200131____.rdata
WARN [2020-08-21 11:52:16] [Compare_Models] General.csv for 4065E0 not loaded.
-----------------------
INFO [2020-08-21 11:52:16] [Auto.Cal] Creating calibration Median Model with the median of coefficients of the rolling Linear.Robust models.
INFO [2020-08-21 11:52:16] [Median_Model] ASE box 4065E0, sensor        D300, creating rolling Linear.Robust models between 2020-01-17
and 2020-01-31 with median of coefficients of models.
# A tibble: 2 x 11
  term        estimate std.error statistic p.value tau                                                                              MAD conf.low conf.high `t value` `Pr(>|t|)`
  <chr>          <dbl>     <dbl>     <dbl>   <dbl> <chr>                                                                          <dbl>    <dbl>     <dbl>     <dbl>      <dbl>
1 (Intercept)  -672.     260.        -13.9       0 Median of coefficients of rolling calibration models with interval of 3 days 296.    -1111.     -233.       -2.59    0.0271 
2 x               2.27     0.556      24.6       0 Median of coefficients of rolling calibration models with interval of 3 days   0.585     1.40      3.13      4.07    0.00224
# A tibble: 1 x 7
  tau                                            logLik    AIC    BIC r.squared adj.r.squared  RMSE
  <chr>                                           <dbl>  <dbl>  <dbl>     <dbl>         <dbl> <dbl>
1 Median of coefficients of rolling calibration -13269. 26545. 26563.     0.371         0.371  35.6
-----------------------
INFO [2020-08-21 11:52:16] [Auto.Cal] Looking for significant covariates that could be added to the Linear.Robust calibration model:
INFO [2020-08-21 11:52:22] [List_Covariates] ASE box 4065E0, sensor        D300, matrix of correlation between 2020-01-17 and 2020-01-28
INFO [2020-08-21 11:52:23] [Auto.Cal] the list of significant covariates that could be added to the Linear.Robust calibration model of D300 is:
              row.names   D300_volt Carbon_dioxide_modelled  Out.Ref.CO2  Residuals
1:    Absolute_humidity 0.169747961             0.169747961 6.469712e-06 0.34884240
2: Atmospheric_pressure 0.068562557             0.068562557 1.559531e-02 0.29761053
3:     NO2_B43F_P1_volt 0.105844949             0.105844949 1.912992e-04 0.22776988
4:                DRIFT 0.010737786             0.010737786 1.151471e-01 0.25055714
5:          Temperature 0.788615307             0.788615307 2.647791e-01 0.36333415
6:      Temperature_int 0.763098448             0.763098448 2.604296e-01 0.34821292
7:        NO_B4_P1_volt 0.001656765             0.001656765 2.619503e-02 0.04808759
-----------------------
INFO [2020-08-21 11:52:23] [Auto.Cal] Looking for covariate 1 to be added to the calibration function.
INFO [2020-08-21 11:52:23] [Auto.Cal] setting new First.covariates using the covariates correlated with residuals of the previous calibration model.
INFO [2020-08-21 11:52:23] [Auto.Cal] request to drop parameter "DRIFT" from possible significant covariates
INFO [2020-08-21 11:52:23] [Auto.Cal] request to drop parameters 5310CAT_volt, OPCN3PM10_volt, NO_B4_P1, NO2_B43F_P1_volt, OX_A431_P1_volt from possible significant covariates
INFO [2020-08-21 11:52:23] [Auto.Cal] Possible ordered covariates: Absolute_humidity, Atmospheric_pressure, Temperature, Temperature_int
-----------------------
INFO [2020-08-21 11:52:23] [Auto.Cal] Covariate "Absolute_humidity" has a Variance Inflation factor of 1.00029460781741, lower than threshold: 10,
"Absolute_humidity" does not show multicolinearity with other independent variables. It can be included into the calibration model.
-----------------------
-----------------------
INFO [2020-08-21 11:52:23] [Auto.Cal] Fitting calibration model with 1 covariate(s): Absolute_humidity
-----------------------
INFO [2020-08-21 11:52:24] [Auto.Cal] Comparing rolling models.
INFO [2020-08-21 11:52:24] Model : 4065E0__D300__ppm__MultiLinear__20200117__20200120__Absolute_humidity-1__.rdata
WARN [2020-08-21 11:52:24] [Compare_Models] General.csv for 4065E0 not loaded.
INFO [2020-08-21 11:52:24] Model : 4065E0__D300__ppm__MultiLinear__20200118__20200121__Absolute_humidity-1__.rdata
WARN [2020-08-21 11:52:24] [Compare_Models] General.csv for 4065E0 not loaded.
INFO [2020-08-21 11:52:25] Model : 4065E0__D300__ppm__MultiLinear__20200119__20200122__Absolute_humidity-1__.rdata
WARN [2020-08-21 11:52:25] [Compare_Models] General.csv for 4065E0 not loaded.
INFO [2020-08-21 11:52:25] Model : 4065E0__D300__ppm__MultiLinear__20200120__20200123__Absolute_humidity-1__.rdata
WARN [2020-08-21 11:52:25] [Compare_Models] General.csv for 4065E0 not loaded.
INFO [2020-08-21 11:52:26] Model : 4065E0__D300__ppm__MultiLinear__20200121__20200124__Absolute_humidity-1__.rdata
WARN [2020-08-21 11:52:26] [Compare_Models] General.csv for 4065E0 not loaded.
INFO [2020-08-21 11:52:26] Model : 4065E0__D300__ppm__MultiLinear__20200122__20200125__Absolute_humidity-1__.rdata
WARN [2020-08-21 11:52:26] [Compare_Models] General.csv for 4065E0 not loaded.
INFO [2020-08-21 11:52:27] Model : 4065E0__D300__ppm__MultiLinear__20200123__20200126__Absolute_humidity-1__.rdata
WARN [2020-08-21 11:52:27] [Compare_Models] General.csv for 4065E0 not loaded.
INFO [2020-08-21 11:52:27] Model : 4065E0__D300__ppm__MultiLinear__20200124__20200127__Absolute_humidity-1__.rdata
WARN [2020-08-21 11:52:27] [Compare_Models] General.csv for 4065E0 not loaded.
INFO [2020-08-21 11:52:28] Model : 4065E0__D300__ppm__MultiLinear__20200125__20200128__Absolute_humidity-1__.rdata
WARN [2020-08-21 11:52:28] [Compare_Models] General.csv for 4065E0 not loaded.
INFO [2020-08-21 11:52:28] Model : 4065E0__D300__ppm__MultiLinear__20200126__20200129__Absolute_humidity-1__.rdata
WARN [2020-08-21 11:52:29] [Compare_Models] General.csv for 4065E0 not loaded.
INFO [2020-08-21 11:52:29] Model : 4065E0__D300__ppm__MultiLinear__20200127__20200130__Absolute_humidity-1__.rdata
WARN [2020-08-21 11:52:29] [Compare_Models] General.csv for 4065E0 not loaded.
INFO [2020-08-21 11:52:30] Model : 4065E0__D300__ppm__MultiLinear__20200128__20200131__Absolute_humidity-1__.rdata
WARN [2020-08-21 11:52:30] [Compare_Models] General.csv for 4065E0 not loaded.
-----------------------
INFO [2020-08-21 11:52:30] [Auto.Cal] Creating Median Model with the median of coefficents of rolling models.
-----------------------
INFO [2020-08-21 11:52:30] [Median_Model] ASE box 4065E0, sensor        D300, creating rolling MultiLinear models between 2020-01-17
and 2020-01-31 with median of coefficients of models.
# A tibble: 3 x 11
  term              estimate std.error statistic   p.value     MAD conf.low conf.high `t value` `Pr(>|t|)` tau                                                                     
  <chr>                <dbl>     <dbl>     <dbl>     <dbl>   <dbl>    <dbl>     <dbl>     <dbl>      <dbl> <chr>                                                                   
1 (Intercept)        -333.     221.        -25.2 1.85e-125 331.     -823.      158.       -1.50    0.164   Median of coefficients of rolling calibration models with interval of 3~
2 x                     1.96     0.458      54.8 0.          0.561     1.13      2.79      4.28    0.00162 Median of coefficients of rolling calibration models with interval of 3~
3 Absolute_humidity   -33.7     20.0       -38.9 1.64e-261  18.3     -60.9      -6.53     -1.69    0.122   Median of coefficients of rolling calibration models with interval of 3~
# A tibble: 1 x 7
  r.squared adj.r.squared  logLik    AIC    BIC  nobs  RMSE
      <dbl>         <dbl>   <dbl>  <dbl>  <dbl> <int> <dbl>
1     -1.20         -1.20 -14836. 29680. 29704.  2642  66.5
WARN [2020-08-21 11:52:30] [Auto.Cal] The Akaike information criterion (AIC) of the current model 29680.1270233107 is not lower that the AIC of the precedent model 26544.9451363905.
WARN [2020-08-21 11:52:30] [Auto.Cal] Adding of covariate Absolute_humidity does not improve the fitting of calibration model. Looking for other covariates.
WARN [2020-08-21 11:52:31] [Auto.Cal] Absolute_humidity is discarded from the list of possible covariates because AIC is not improved using it or coefficients of model shows rolling variability.
-----------------------
INFO [2020-08-21 11:52:31] [Auto.Cal] Looking for covariate 1 to be added to the calibration function.
INFO [2020-08-21 11:52:31] [Auto.Cal] Possible ordered covariates: Atmospheric_pressure, Temperature, Temperature_int
-----------------------
INFO [2020-08-21 11:52:31] [Auto.Cal] Covariate "Atmospheric_pressure" has a Variance Inflation factor of 1.01812944482118, lower than threshold: 10,
"Atmospheric_pressure" does not show multicolinearity with other independent variables. It can be included into the calibration model.
-----------------------
-----------------------
INFO [2020-08-21 11:52:31] [Auto.Cal] Fitting calibration model with 1 covariate(s): Atmospheric_pressure
-----------------------
INFO [2020-08-21 11:52:31] [Auto.Cal] Comparing rolling models.
INFO [2020-08-21 11:52:31] Model : 4065E0__D300__ppm__MultiLinear__20200117__20200120__Atmospheric_pressure-1__.rdata
WARN [2020-08-21 11:52:31] [Compare_Models] General.csv for 4065E0 not loaded.
INFO [2020-08-21 11:52:32] Model : 4065E0__D300__ppm__MultiLinear__20200118__20200121__Atmospheric_pressure-1__.rdata
WARN [2020-08-21 11:52:32] [Compare_Models] General.csv for 4065E0 not loaded.
INFO [2020-08-21 11:52:32] Model : 4065E0__D300__ppm__MultiLinear__20200119__20200122__Atmospheric_pressure-1__.rdata
WARN [2020-08-21 11:52:33] [Compare_Models] General.csv for 4065E0 not loaded.
INFO [2020-08-21 11:52:33] Model : 4065E0__D300__ppm__MultiLinear__20200120__20200123__Atmospheric_pressure-1__.rdata
WARN [2020-08-21 11:52:33] [Compare_Models] General.csv for 4065E0 not loaded.
INFO [2020-08-21 11:52:34] Model : 4065E0__D300__ppm__MultiLinear__20200121__20200124__Atmospheric_pressure-1__.rdata
WARN [2020-08-21 11:52:34] [Compare_Models] General.csv for 4065E0 not loaded.
INFO [2020-08-21 11:52:34] Model : 4065E0__D300__ppm__MultiLinear__20200122__20200125__Atmospheric_pressure-1__.rdata
WARN [2020-08-21 11:52:34] [Compare_Models] General.csv for 4065E0 not loaded.
INFO [2020-08-21 11:52:35] Model : 4065E0__D300__ppm__MultiLinear__20200123__20200126__Atmospheric_pressure-1__.rdata
WARN [2020-08-21 11:52:35] [Compare_Models] General.csv for 4065E0 not loaded.
INFO [2020-08-21 11:52:35] Model : 4065E0__D300__ppm__MultiLinear__20200124__20200127__Atmospheric_pressure-1__.rdata
WARN [2020-08-21 11:52:35] [Compare_Models] General.csv for 4065E0 not loaded.
INFO [2020-08-21 11:52:36] Model : 4065E0__D300__ppm__MultiLinear__20200125__20200128__Atmospheric_pressure-1__.rdata
WARN [2020-08-21 11:52:36] [Compare_Models] General.csv for 4065E0 not loaded.
INFO [2020-08-21 11:52:36] Model : 4065E0__D300__ppm__MultiLinear__20200126__20200129__Atmospheric_pressure-1__.rdata
WARN [2020-08-21 11:52:36] [Compare_Models] General.csv for 4065E0 not loaded.
INFO [2020-08-21 11:52:37] Model : 4065E0__D300__ppm__MultiLinear__20200127__20200130__Atmospheric_pressure-1__.rdata
WARN [2020-08-21 11:52:37] [Compare_Models] General.csv for 4065E0 not loaded.
INFO [2020-08-21 11:52:37] Model : 4065E0__D300__ppm__MultiLinear__20200128__20200131__Atmospheric_pressure-1__.rdata
WARN [2020-08-21 11:52:37] [Compare_Models] General.csv for 4065E0 not loaded.
-----------------------
INFO [2020-08-21 11:52:38] [Auto.Cal] Creating Median Model with the median of coefficents of rolling models.
-----------------------
INFO [2020-08-21 11:52:38] [Median_Model] ASE box 4065E0, sensor        D300, creating rolling MultiLinear models between 2020-01-17
and 2020-01-31 with median of coefficients of models.
# A tibble: 3 x 11
  term                estimate std.error statistic   p.value       MAD conf.low conf.high `t value` `Pr(>|t|)` tau                                                                 
  <chr>                  <dbl>     <dbl>     <dbl>     <dbl>     <dbl>    <dbl>     <dbl>     <dbl>      <dbl> <chr>                                                               
1 (Intercept)         -3611.    1619.        -38.0 6.26e-252 1987.     -6.56e+3   -666.       -2.23   0.0498   Median of coefficients of rolling calibration models with interval ~
2 x                       2.25     0.456      54.9 0.           0.0840  2.13e+0      2.38      4.94   0.000591 Median of coefficients of rolling calibration models with interval ~
3 Atmospheric_pressu~     2.94     1.68       32.4 1.90e-194    1.80    2.79e-1      5.60      1.75   0.110    Median of coefficients of rolling calibration models with interval ~
# A tibble: 1 x 7
  r.squared adj.r.squared  logLik    AIC    BIC  nobs  RMSE
      <dbl>         <dbl>   <dbl>  <dbl>  <dbl> <int> <dbl>
1     0.536         0.535 -12784. 25576. 25600.  2642  30.6
-----------------------
INFO [2020-08-21 11:52:38] [Auto.Cal] The Akaike Information Criterion (AIC) of the current model is 25576.4252761335. It is lower than the AIC of the precedent model 26544.9451363905.
INFO [2020-08-21 11:52:38] [Auto.Cal] Adding of covariate Atmospheric_pressure improves the fit of the calibration model.
-----------------------
INFO [2020-08-21 11:52:38] [Auto.Cal] Checking if any coefficient of model is not significant, except for the intercept
WARN [2020-08-21 11:52:38] [Auto.Cal] The coefficient of parameter(s) Atmospheric_pressure of the current model is(are) not significantly different from 0.
WARN [2020-08-21 11:52:38] [Auto.Cal] The calibration model resulting from adding covariate Atmospheric_pressure is not valid.
WARN [2020-08-21 11:52:38] [Auto.Cal] Either parameters are unstable when rolling the calibration models or it/they does not influence significantly the sensor responses. Looking for other covariates.

WARN [2020-08-21 11:52:38] [Auto.Cal] Atmospheric_pressure is discarded from the list of possible covariates because AIC is not improved using it or coefficients of model shows rolling variability.
-----------------------
INFO [2020-08-21 11:52:38] [Auto.Cal] Looking for covariate 1 to be added to the calibration function.
INFO [2020-08-21 11:52:38] [Auto.Cal] Possible ordered covariates: Temperature, Temperature_int
-----------------------
INFO [2020-08-21 11:52:38] [Auto.Cal] Covariate "Temperature" has a Variance Inflation factor of 1.33273468242063, lower than threshold: 10,
"Temperature" does not show multicolinearity with other independent variables. It can be included into the calibration model.
-----------------------
-----------------------
INFO [2020-08-21 11:52:38] [Auto.Cal] Fitting calibration model with 1 covariate(s): Temperature
-----------------------
INFO [2020-08-21 11:52:39] [Auto.Cal] Comparing rolling models.
INFO [2020-08-21 11:52:39] Model : 4065E0__D300__ppm__MultiLinear__20200117__20200120__Temperature-1__.rdata
WARN [2020-08-21 11:52:39] [Compare_Models] General.csv for 4065E0 not loaded.
INFO [2020-08-21 11:52:40] Model : 4065E0__D300__ppm__MultiLinear__20200118__20200121__Temperature-1__.rdata
WARN [2020-08-21 11:52:40] [Compare_Models] General.csv for 4065E0 not loaded.
INFO [2020-08-21 11:52:40] Model : 4065E0__D300__ppm__MultiLinear__20200119__20200122__Temperature-1__.rdata
WARN [2020-08-21 11:52:40] [Compare_Models] General.csv for 4065E0 not loaded.
INFO [2020-08-21 11:52:41] Model : 4065E0__D300__ppm__MultiLinear__20200120__20200123__Temperature-1__.rdata
WARN [2020-08-21 11:52:41] [Compare_Models] General.csv for 4065E0 not loaded.
INFO [2020-08-21 11:52:41] Model : 4065E0__D300__ppm__MultiLinear__20200121__20200124__Temperature-1__.rdata
WARN [2020-08-21 11:52:41] [Compare_Models] General.csv for 4065E0 not loaded.
INFO [2020-08-21 11:52:42] Model : 4065E0__D300__ppm__MultiLinear__20200122__20200125__Temperature-1__.rdata
WARN [2020-08-21 11:52:42] [Compare_Models] General.csv for 4065E0 not loaded.
INFO [2020-08-21 11:52:42] Model : 4065E0__D300__ppm__MultiLinear__20200123__20200126__Temperature-1__.rdata
WARN [2020-08-21 11:52:42] [Compare_Models] General.csv for 4065E0 not loaded.
INFO [2020-08-21 11:52:43] Model : 4065E0__D300__ppm__MultiLinear__20200124__20200127__Temperature-1__.rdata
WARN [2020-08-21 11:52:43] [Compare_Models] General.csv for 4065E0 not loaded.
INFO [2020-08-21 11:52:43] Model : 4065E0__D300__ppm__MultiLinear__20200125__20200128__Temperature-1__.rdata
WARN [2020-08-21 11:52:44] [Compare_Models] General.csv for 4065E0 not loaded.
INFO [2020-08-21 11:52:44] Model : 4065E0__D300__ppm__MultiLinear__20200126__20200129__Temperature-1__.rdata
WARN [2020-08-21 11:52:44] [Compare_Models] General.csv for 4065E0 not loaded.
INFO [2020-08-21 11:52:45] Model : 4065E0__D300__ppm__MultiLinear__20200127__20200130__Temperature-1__.rdata
WARN [2020-08-21 11:52:45] [Compare_Models] General.csv for 4065E0 not loaded.
INFO [2020-08-21 11:52:45] Model : 4065E0__D300__ppm__MultiLinear__20200128__20200131__Temperature-1__.rdata
WARN [2020-08-21 11:52:45] [Compare_Models] General.csv for 4065E0 not loaded.
-----------------------
INFO [2020-08-21 11:52:46] [Auto.Cal] Creating Median Model with the median of coefficents of rolling models.
-----------------------
INFO [2020-08-21 11:52:46] [Median_Model] ASE box 4065E0, sensor        D300, creating rolling MultiLinear models between 2020-01-17
and 2020-01-31 with median of coefficients of models.
# A tibble: 3 x 11
  term        estimate std.error statistic   p.value     MAD conf.low conf.high `t value` `Pr(>|t|)` tau                                                                         
  <chr>          <dbl>     <dbl>     <dbl>     <dbl>   <dbl>    <dbl>     <dbl>     <dbl>      <dbl> <chr>                                                                       
1 (Intercept)   44.5     175.         4.89 1.07e-  6 149.    -176.       265.       0.255    0.804   Median of coefficients of rolling calibration models with interval of 3 days
2 x              0.757     0.367     29.7  1.88e-167   0.303    0.308      1.21     2.06     0.0659  Median of coefficients of rolling calibration models with interval of 3 days
3 Temperature   -8.89      2.22     -84.0  0.          2.41   -12.5       -5.31    -4.01     0.00249 Median of coefficients of rolling calibration models with interval of 3 days
# A tibble: 1 x 7
  r.squared adj.r.squared  logLik    AIC    BIC  nobs  RMSE
      <dbl>         <dbl>   <dbl>  <dbl>  <dbl> <int> <dbl>
1     0.832         0.831 -11445. 22898. 22921.  2642  18.4
-----------------------
INFO [2020-08-21 11:52:46] [Auto.Cal] The Akaike Information Criterion (AIC) of the current model is 22897.9403305804. It is lower than the AIC of the precedent model 26544.9451363905.
INFO [2020-08-21 11:52:46] [Auto.Cal] Adding of covariate Temperature improves the fit of the calibration model.
-----------------------
INFO [2020-08-21 11:52:46] [Auto.Cal] Checking if any coefficient of model is not significant, except for the intercept
INFO [2020-08-21 11:52:46] [Auto.Cal] All coefficients of the calibration model with covariate(s) Temperature are significantly different from 0
INFO [2020-08-21 11:52:46] [Auto.Cal] covariate: Temperature is included into the model.
INFO [2020-08-21 11:52:52] [List_Covariates] ASE box 4065E0, sensor        D300, matrix of correlation between 2020-01-17 and 2020-01-28
INFO [2020-08-21 11:52:53] [Auto.Cal] ordered list of covariates that are correlated with residuals of the current calibration model for D300
           row.names   D300_volt Carbon_dioxide_modelled  Out.Ref.CO2    Residuals
1:     NO_B4_P1_volt 0.001656765            0.1304774597 2.619503e-02 0.0960812774
2:  NO2_B43F_P1_volt 0.105844949            0.0150879330 1.912992e-04 0.0139995969
3: Absolute_humidity 0.169747961            0.0002934358 6.469712e-06 0.0002131603
-----------------------
INFO [2020-08-21 11:52:53] [Auto.Cal] Looking for covariate 2 to be added to the calibration function.
INFO [2020-08-21 11:52:53] [Auto.Cal] setting new First.covariates using the covariates correlated with residuals of the previous calibration model.
INFO [2020-08-21 11:52:53] [Auto.Cal] request to drop parameters 5310CAT_volt, OPCN3PM10_volt, NO_B4_P1, NO2_B43F_P1_volt, OX_A431_P1_volt from possible significant covariates
INFO [2020-08-21 11:52:53] [Auto.Cal] dropped covariates (already used or VIF or AIC or coefficients): Absolute_humidity, Atmospheric_pressure
INFO [2020-08-21 11:52:53] [Auto.Cal] Possible ordered covariates: Temperature
INFO [2020-08-21 11:52:53] [Auto.Cal] There are no more covariates to be added to the calibration model.
