#######################
INFO [2020-08-17 16:57:24] [Auto.Cal] 4065E0, sensor OPCN3PM10 fitting Linear.Robust models.
-----------------------
INFO [2020-08-17 16:57:25] [Auto.Cal] Comparing Linear.Robust models:
INFO [2020-08-17 16:57:25] Model : 4065E0__OPCN3PM10__ug.m-3__Linear.Robust__20200117__20200120____.rdata
WARN [2020-08-17 16:57:25] [Compare_Models] General.csv for 4065E0 not loaded.
INFO [2020-08-17 16:57:25] Model : 4065E0__OPCN3PM10__ug.m-3__Linear.Robust__20200118__20200121____.rdata
WARN [2020-08-17 16:57:25] [Compare_Models] General.csv for 4065E0 not loaded.
INFO [2020-08-17 16:57:26] Model : 4065E0__OPCN3PM10__ug.m-3__Linear.Robust__20200119__20200122____.rdata
WARN [2020-08-17 16:57:26] [Compare_Models] General.csv for 4065E0 not loaded.
INFO [2020-08-17 16:57:26] Model : 4065E0__OPCN3PM10__ug.m-3__Linear.Robust__20200120__20200123____.rdata
WARN [2020-08-17 16:57:26] [Compare_Models] General.csv for 4065E0 not loaded.
INFO [2020-08-17 16:57:26] Model : 4065E0__OPCN3PM10__ug.m-3__Linear.Robust__20200121__20200124____.rdata
WARN [2020-08-17 16:57:26] [Compare_Models] General.csv for 4065E0 not loaded.
INFO [2020-08-17 16:57:27] Model : 4065E0__OPCN3PM10__ug.m-3__Linear.Robust__20200122__20200125____.rdata
WARN [2020-08-17 16:57:27] [Compare_Models] General.csv for 4065E0 not loaded.
INFO [2020-08-17 16:57:27] Model : 4065E0__OPCN3PM10__ug.m-3__Linear.Robust__20200123__20200126____.rdata
WARN [2020-08-17 16:57:27] [Compare_Models] General.csv for 4065E0 not loaded.
INFO [2020-08-17 16:57:27] Model : 4065E0__OPCN3PM10__ug.m-3__Linear.Robust__20200124__20200127____.rdata
WARN [2020-08-17 16:57:27] [Compare_Models] General.csv for 4065E0 not loaded.
INFO [2020-08-17 16:57:28] Model : 4065E0__OPCN3PM10__ug.m-3__Linear.Robust__20200125__20200128____.rdata
WARN [2020-08-17 16:57:28] [Compare_Models] General.csv for 4065E0 not loaded.
INFO [2020-08-17 16:57:28] Model : 4065E0__OPCN3PM10__ug.m-3__Linear.Robust__20200126__20200129____.rdata
WARN [2020-08-17 16:57:28] [Compare_Models] General.csv for 4065E0 not loaded.
INFO [2020-08-17 16:57:28] Model : 4065E0__OPCN3PM10__ug.m-3__Linear.Robust__20200127__20200130____.rdata
WARN [2020-08-17 16:57:29] [Compare_Models] General.csv for 4065E0 not loaded.
INFO [2020-08-17 16:57:29] Model : 4065E0__OPCN3PM10__ug.m-3__Linear.Robust__20200128__20200131____.rdata
WARN [2020-08-17 16:57:29] [Compare_Models] General.csv for 4065E0 not loaded.
-----------------------
INFO [2020-08-17 16:57:29] [Auto.Cal] Creating calibration Median Model with the median of coefficients of the rolling Linear.Robust models.
INFO [2020-08-17 16:57:29] [Median_Model] ASE box 4065E0, sensor   OPCN3PM10, creating rolling Linear.Robust models between 2020-01-17
and 2020-01-31 with median of coefficients of models.
# A tibble: 2 x 11
  term        estimate std.error statistic p.value tau                                                                   MAD conf.low conf.high `t value` `Pr(>|t|)`
  <chr>          <dbl>     <dbl>     <dbl>   <dbl> <chr>                                                               <dbl>    <dbl>     <dbl>     <dbl>      <dbl>
1 (Intercept)   -16.6      40.2      -75.7       0 Median of coefficients of rolling calibration models with interva~ 25.3    -54.1       21.0     -0.412      0.689
2 x               1.09      1.11     113.        0 Median of coefficients of rolling calibration models with interva~  0.840   -0.152      2.34     0.986      0.347
# A tibble: 1 x 7
  tau                                            logLik     AIC     BIC r.squared adj.r.squared  RMSE
  <chr>                                           <dbl>   <dbl>   <dbl>     <dbl>         <dbl> <dbl>
1 Median of coefficients of rolling calibration -64311. 128628. 128650.     0.292         0.292  47.5
-----------------------
INFO [2020-08-17 16:57:30] [Auto.Cal] Looking for significant covariates that could be added to the Linear.Robust calibration model:
INFO [2020-08-17 16:57:36] [List_Covariates] ASE box 4065E0, sensor   OPCN3PM10, matrix of correlation between 2020-01-17 and 2020-01-28
INFO [2020-08-17 16:57:36] [Auto.Cal] the list of significant covariates that could be added to the Linear.Robust calibration model of OPCN3PM10 is:
          row.names OPCN3PM10_volt Particulate_Matter_10_modelled Out.Ref.PM10  Residuals
1: NO2_B43F_P1_volt    0.009782413                    0.009782413  0.022340743 0.04267358
2:    NO_B4_P1_volt    0.004320063                    0.004320063  0.009649776 0.01578969
-----------------------
INFO [2020-08-17 16:57:36] [Auto.Cal] Looking for covariate 1 to be added to the calibration function.
INFO [2020-08-17 16:57:36] [Auto.Cal] request to drop parameter "DRIFT" from significant covariates
INFO [2020-08-17 16:57:36] [Auto.Cal] request to drop parameters ending with "_modelled" from significant covariates
INFO [2020-08-17 16:57:36] [Auto.Cal] request to drop parameters NO2_B43F_P1_volt, OX_A431_P1_volt from significant covariates
-----------------------
INFO [2020-08-17 16:57:36] [Auto.Cal] Covariate "NO_B4_P1_volt" has a Variance Inflation factor of 1.00846179276403, lower than threshold: 10,
"NO_B4_P1_volt" does not show multicolinearity with other dependent variables. It can be included into the MultiLinear calibration model.
-----------------------
-----------------------
INFO [2020-08-17 16:57:36] [Auto.Cal] Fitting calibration model with 1 covariate(s): NO_B4_P1_volt
-----------------------
INFO [2020-08-17 16:57:37] [Auto.Cal] Comparing rolling models.
INFO [2020-08-17 16:57:37] Model : 4065E0__OPCN3PM10__ug.m-3__MultiLinear__20200117__20200120__NO_B4_P1_volt-1__.rdata
WARN [2020-08-17 16:57:37] [Compare_Models] General.csv for 4065E0 not loaded.
INFO [2020-08-17 16:57:38] Model : 4065E0__OPCN3PM10__ug.m-3__MultiLinear__20200118__20200121__NO_B4_P1_volt-1__.rdata
WARN [2020-08-17 16:57:38] [Compare_Models] General.csv for 4065E0 not loaded.
INFO [2020-08-17 16:57:39] Model : 4065E0__OPCN3PM10__ug.m-3__MultiLinear__20200119__20200122__NO_B4_P1_volt-1__.rdata
WARN [2020-08-17 16:57:39] [Compare_Models] General.csv for 4065E0 not loaded.
INFO [2020-08-17 16:57:39] Model : 4065E0__OPCN3PM10__ug.m-3__MultiLinear__20200120__20200123__NO_B4_P1_volt-1__.rdata
WARN [2020-08-17 16:57:39] [Compare_Models] General.csv for 4065E0 not loaded.
INFO [2020-08-17 16:57:40] Model : 4065E0__OPCN3PM10__ug.m-3__MultiLinear__20200121__20200124__NO_B4_P1_volt-1__.rdata
WARN [2020-08-17 16:57:40] [Compare_Models] General.csv for 4065E0 not loaded.
INFO [2020-08-17 16:57:40] Model : 4065E0__OPCN3PM10__ug.m-3__MultiLinear__20200122__20200125__NO_B4_P1_volt-1__.rdata
WARN [2020-08-17 16:57:40] [Compare_Models] General.csv for 4065E0 not loaded.
INFO [2020-08-17 16:57:41] Model : 4065E0__OPCN3PM10__ug.m-3__MultiLinear__20200123__20200126__NO_B4_P1_volt-1__.rdata
WARN [2020-08-17 16:57:41] [Compare_Models] General.csv for 4065E0 not loaded.
INFO [2020-08-17 16:57:42] Model : 4065E0__OPCN3PM10__ug.m-3__MultiLinear__20200124__20200127__NO_B4_P1_volt-1__.rdata
WARN [2020-08-17 16:57:42] [Compare_Models] General.csv for 4065E0 not loaded.
INFO [2020-08-17 16:57:42] Model : 4065E0__OPCN3PM10__ug.m-3__MultiLinear__20200125__20200128__NO_B4_P1_volt-1__.rdata
WARN [2020-08-17 16:57:42] [Compare_Models] General.csv for 4065E0 not loaded.
INFO [2020-08-17 16:57:43] Model : 4065E0__OPCN3PM10__ug.m-3__MultiLinear__20200126__20200129__NO_B4_P1_volt-1__.rdata
WARN [2020-08-17 16:57:43] [Compare_Models] General.csv for 4065E0 not loaded.
INFO [2020-08-17 16:57:43] Model : 4065E0__OPCN3PM10__ug.m-3__MultiLinear__20200127__20200130__NO_B4_P1_volt-1__.rdata
WARN [2020-08-17 16:57:43] [Compare_Models] General.csv for 4065E0 not loaded.
INFO [2020-08-17 16:57:44] Model : 4065E0__OPCN3PM10__ug.m-3__MultiLinear__20200128__20200131__NO_B4_P1_volt-1__.rdata
WARN [2020-08-17 16:57:44] [Compare_Models] General.csv for 4065E0 not loaded.
-----------------------
INFO [2020-08-17 16:57:44] [Auto.Cal] Creating Median Model with the median of coefficents of rolling models.
-----------------------
INFO [2020-08-17 16:57:44] [Median_Model] ASE box 4065E0, sensor   OPCN3PM10, creating rolling MultiLinear models between 2020-01-17
and 2020-01-31 with median of coefficients of models.
# A tibble: 3 x 11
  term         estimate std.error statistic  p.value    MAD  conf.low conf.high `t value` `Pr(>|t|)` tau                                                            
  <chr>           <dbl>     <dbl>     <dbl>    <dbl>  <dbl>     <dbl>     <dbl>     <dbl>      <dbl> <chr>                                                          
1 (Intercept)  -32.9       70.6       -5.63 1.83e- 8 52.5   -111.        44.9      -0.466      0.651 Median of coefficients of rolling calibration models with inte~
2 x              1.57       1.53      95.0  0.        1.08    -0.0353     3.17      1.02       0.331 Median of coefficients of rolling calibration models with inte~
3 NO_B4_P1_vo~   0.0913     0.423    -17.8  8.95e-70  0.420   -0.531      0.714     0.216      0.833 Median of coefficients of rolling calibration models with inte~
# A tibble: 1 x 7
  r.squared adj.r.squared  logLik     AIC     BIC  nobs  RMSE
      <dbl>         <dbl>   <dbl>   <dbl>   <dbl> <int> <dbl>
1     0.370         0.369 -59124. 118255. 118285. 11259  46.2
-----------------------
INFO [2020-08-17 16:57:45] [Auto.Cal] The Akaike Information Criterion (AIC) of the current model is 118255.45131752. It is lower than the AIC of the precedent model 128627.682793481.
INFO [2020-08-17 16:57:45] [Auto.Cal] Adding of covariate NO_B4_P1_volt improves the fit of the calibration model.
-----------------------
INFO [2020-08-17 16:57:45] [Auto.Cal] Checking if any parameter of model is not significant, except for the intercept
WARN [2020-08-17 16:57:45] [Auto.Cal] The coefficient of parameter(s) (Intercept) and x and NO_B4_P1_volt of the current model is(are) not significantly different from 0.
WARN [2020-08-17 16:57:45] [Auto.Cal] The calibration model resulting from adding covariate NO_B4_P1_volt is not valid.
WARN [2020-08-17 16:57:45] [Auto.Cal] Either parameters are unstable when rolling the calibration models or it/they does not influence significantly the sensor responses. Looking for other covariates.

WARN [2020-08-17 16:57:45] [Auto.Cal] NO_B4_P1_volt is discarded from the significant covariates because AIC is not improved using it or coefficients of model shows rolling variability.
-----------------------
INFO [2020-08-17 16:57:45] [Auto.Cal] Looking for covariate 1 to be added to the calibration function.
INFO [2020-08-17 16:57:45] [Auto.Cal] request to drop parameter "DRIFT" from significant covariates
INFO [2020-08-17 16:57:45] [Auto.Cal] request to drop parameters ending with "_modelled" from significant covariates
INFO [2020-08-17 16:57:45] [Auto.Cal] request to drop parameters NO2_B43F_P1_volt, OX_A431_P1_volt from significant covariates
INFO [2020-08-17 16:57:45] [Auto.Cal] There are no more covariates to be added to the calibration model.
