#######################
INFO [2020-08-21 14:51:21] [Auto.Cal] 4065E0, sensor SHT31TE fitting Linear.Robust models.
-----------------------
INFO [2020-08-21 14:51:24] [Auto.Cal] Comparing Linear.Robust models:
INFO [2020-08-21 14:51:24] Model : 4065E0__SHT31TE__Celsius__Linear.Robust__20200117__20200120____.rdata
WARN [2020-08-21 14:51:24] [Compare_Models] General.csv for 4065E0 not loaded.
INFO [2020-08-21 14:51:24] Model : 4065E0__SHT31TE__Celsius__Linear.Robust__20200118__20200121____.rdata
WARN [2020-08-21 14:51:24] [Compare_Models] General.csv for 4065E0 not loaded.
INFO [2020-08-21 14:51:25] Model : 4065E0__SHT31TE__Celsius__Linear.Robust__20200119__20200122____.rdata
WARN [2020-08-21 14:51:25] [Compare_Models] General.csv for 4065E0 not loaded.
INFO [2020-08-21 14:51:25] Model : 4065E0__SHT31TE__Celsius__Linear.Robust__20200120__20200123____.rdata
WARN [2020-08-21 14:51:25] [Compare_Models] General.csv for 4065E0 not loaded.
INFO [2020-08-21 14:51:26] Model : 4065E0__SHT31TE__Celsius__Linear.Robust__20200121__20200124____.rdata
WARN [2020-08-21 14:51:26] [Compare_Models] General.csv for 4065E0 not loaded.
INFO [2020-08-21 14:51:27] Model : 4065E0__SHT31TE__Celsius__Linear.Robust__20200122__20200125____.rdata
WARN [2020-08-21 14:51:27] [Compare_Models] General.csv for 4065E0 not loaded.
INFO [2020-08-21 14:51:28] Model : 4065E0__SHT31TE__Celsius__Linear.Robust__20200123__20200126____.rdata
WARN [2020-08-21 14:51:28] [Compare_Models] General.csv for 4065E0 not loaded.
INFO [2020-08-21 14:51:28] Model : 4065E0__SHT31TE__Celsius__Linear.Robust__20200124__20200127____.rdata
WARN [2020-08-21 14:51:28] [Compare_Models] General.csv for 4065E0 not loaded.
INFO [2020-08-21 14:51:29] Model : 4065E0__SHT31TE__Celsius__Linear.Robust__20200125__20200128____.rdata
WARN [2020-08-21 14:51:29] [Compare_Models] General.csv for 4065E0 not loaded.
INFO [2020-08-21 14:51:29] Model : 4065E0__SHT31TE__Celsius__Linear.Robust__20200126__20200129____.rdata
WARN [2020-08-21 14:51:29] [Compare_Models] General.csv for 4065E0 not loaded.
INFO [2020-08-21 14:51:30] Model : 4065E0__SHT31TE__Celsius__Linear.Robust__20200127__20200130____.rdata
WARN [2020-08-21 14:51:30] [Compare_Models] General.csv for 4065E0 not loaded.
INFO [2020-08-21 14:51:31] Model : 4065E0__SHT31TE__Celsius__Linear.Robust__20200128__20200131____.rdata
WARN [2020-08-21 14:51:31] [Compare_Models] General.csv for 4065E0 not loaded.
-----------------------
INFO [2020-08-21 14:51:31] [Auto.Cal] Creating calibration Median Model with the median of coefficients of the rolling Linear.Robust models.
INFO [2020-08-21 14:51:31] [Median_Model] ASE box 4065E0, sensor     SHT31TE, creating rolling Linear.Robust models between 2020-01-17
and 2020-01-31 with median of coefficients of models.
# A tibble: 2 x 11
  term        estimate std.error statistic p.value tau                                                                             MAD conf.low conf.high `t value`  `Pr(>|t|)`
  <chr>          <dbl>     <dbl>     <dbl>   <dbl> <chr>                                                                         <dbl>    <dbl>     <dbl>     <dbl>       <dbl>
1 (Intercept)    3.13     0.388       763.       0 Median of coefficients of rolling calibration models with interval of 3 days 0.103     2.98       3.29      8.06 0.0000110  
2 x              0.934    0.0797      833.       0 Median of coefficients of rolling calibration models with interval of 3 days 0.0498    0.860      1.01     11.7  0.000000366
# A tibble: 1 x 7
  tau                                            logLik    AIC    BIC r.squared adj.r.squared  RMSE
  <chr>                                           <dbl>  <dbl>  <dbl>     <dbl>         <dbl> <dbl>
1 Median of coefficients of rolling calibration -21151. 42307. 42330.     0.949         0.949 0.930
-----------------------
INFO [2020-08-21 14:51:32] [Auto.Cal] Looking for significant covariates that could be added to the Linear.Robust calibration model:
INFO [2020-08-21 14:51:37] [List_Covariates] ASE box 4065E0, sensor     SHT31TE, matrix of correlation between 2020-01-17 and 2020-01-28
INFO [2020-08-21 14:51:37] [Auto.Cal] there are no covariates to add to the calibration mode for sensor SHT31TE.
INFO [2020-08-21 14:51:37] [Auto.Cal] It is not necessary or not requested to add other covariates to the calibration model.
